[2016-11-20 17:11:51,615] [INFO] [base._load_session] -> No session loaded
[2016-11-20 17:11:51,630] [INFO] [graph.hash] -> hash of template HTTP_GET_MONKEY_2 is 1812954675086888121
[2016-11-20 17:11:51,630] [INFO] [graph.hash] -> hash of model is -4467975616178308160
[2016-11-20 17:11:51,644] [INFO] [base._start_message] -> 
                 --------------------------------------------------
                 Starting fuzzing session
                 Target: TcpTarget
                 UI: WebInterface listening on 0.0.0.0:26000
                 Log: ./kittylogs/kitty_20161120-171150.log

                 Total possible mutation count: 113
                 Fuzzing the mutation range: 0 to 112
                 --------------------------------------------------
                                 Happy hacking
                 --------------------------------------------------
            
[2016-11-20 17:11:51,645] [INFO] [base.start] -> Performing environment test
[2016-11-20 17:11:51,674] [INFO] [base._test_info] -> Current test: -1
[2016-11-20 17:11:51,678] [INFO] [server.transmit] -> request(87): 474554202f696d67732f6d6f6e6b65795f6c6f676f2e706e6720485454502f312e310d0a486f73743a203132372e302e302e ...
[2016-11-20 17:11:52,193] [INFO] [server._start] -> should keep running? True
[2016-11-20 17:11:52,226] [INFO] [base._test_info] -> Current test: 0
[2016-11-20 17:11:52,237] [INFO] [server.transmit] -> request(88): 474554202f696d67732f6d6f6e6b65795f6c6f676f2e706e6720485454502f312e310d0a486f73743a20203132372e302e30 ...
[2016-11-20 17:11:52,655] [INFO] [base._test_info] -> Current test: 1
[2016-11-20 17:11:52,659] [INFO] [server.transmit] -> request(96): 474554202f696d67732f6d6f6e6b65795f6c6f676f2e706e6720485454502f312e310d0a486f73743a202020202020202020 ...
[2016-11-20 17:11:53,592] [INFO] [base._test_info] -> Current test: 2
[2016-11-20 17:11:53,595] [INFO] [server.transmit] -> request(186): 474554202f696d67732f6d6f6e6b65795f6c6f676f2e706e6720485454502f312e310d0a486f73743a202020202020202020 ...
[2016-11-20 17:11:54,040] [INFO] [base._test_info] -> Current test: 3
[2016-11-20 17:11:54,046] [INFO] [server.transmit] -> request(88): 474554202f696d67732f6d6f6e6b65795f6c6f676f2e706e6720485454502f312e310d0a486f73743a20fe3132372e302e30 ...
[2016-11-20 17:11:54,988] [INFO] [base._test_info] -> Current test: 4
[2016-11-20 17:11:54,992] [INFO] [server.transmit] -> request(88): 474554202f696d67732f6d6f6e6b65795f6c6f676f2e706e6720485454502f312e310d0a486f73743a00203132372e302e30 ...
[2016-11-20 17:11:55,940] [INFO] [base._test_info] -> Current test: 6
[2016-11-20 17:11:55,943] [INFO] [server.transmit] -> request(88): 474554202f696d67732f6d6f6e6b65795f6c6f676f2e706e6720485454502f312e310d0a486f73743a20003132372e302e30 ...
[2016-11-20 17:11:56,874] [INFO] [base._test_info] -> Current test: 7
[2016-11-20 17:11:56,878] [INFO] [server.transmit] -> request(90): 474554202f696d67732f6d6f6e6b65795f6c6f676f2e706e6720485454502f312e310d0a486f73743a202020203132372e30 ...
[2016-11-20 17:11:57,827] [INFO] [base._test_info] -> Current test: 8
[2016-11-20 17:11:57,836] [INFO] [server.transmit] -> request(90): 474554202f696d67732f6d6f6e6b65795f6c6f676f2e706e6720485454502f312e310d0a486f73743a090909093132372e30 ...
[2016-11-20 17:11:58,262] [INFO] [base._test_info] -> Current test: 9
[2016-11-20 17:11:58,265] [INFO] [server.transmit] -> request(90): 474554202f696d67732f6d6f6e6b65795f6c6f676f2e706e6720485454502f312e310d0a486f73743a212121213132372e30 ...
[2016-11-20 17:11:59,220] [INFO] [base._test_info] -> Current test: 10
[2016-11-20 17:11:59,228] [INFO] [server.transmit] -> request(90): 474554202f696d67732f6d6f6e6b65795f6c6f676f2e706e6720485454502f312e310d0a486f73743a404040403132372e30 ...
[2016-11-20 17:12:00,171] [INFO] [base._test_info] -> Current test: 11
[2016-11-20 17:12:00,172] [INFO] [server.transmit] -> request(90): 474554202f696d67732f6d6f6e6b65795f6c6f676f2e706e6720485454502f312e310d0a486f73743a232323233132372e30 ...
[2016-11-20 17:12:01,115] [INFO] [base._test_info] -> Current test: 12
[2016-11-20 17:12:01,118] [INFO] [server.transmit] -> request(90): 474554202f696d67732f6d6f6e6b65795f6c6f676f2e706e6720485454502f312e310d0a486f73743a242424243132372e30 ...
[2016-11-20 17:12:02,075] [INFO] [base._test_info] -> Current test: 13
[2016-11-20 17:12:02,079] [INFO] [server.transmit] -> request(90): 474554202f696d67732f6d6f6e6b65795f6c6f676f2e706e6720485454502f312e310d0a486f73743a252525253132372e30 ...
[2016-11-20 17:12:03,039] [INFO] [base._test_info] -> Current test: 14
[2016-11-20 17:12:03,043] [INFO] [server.transmit] -> request(90): 474554202f696d67732f6d6f6e6b65795f6c6f676f2e706e6720485454502f312e310d0a486f73743a5e5e5e5e3132372e30 ...
[2016-11-20 17:12:03,982] [INFO] [base._test_info] -> Current test: 15
[2016-11-20 17:12:03,990] [INFO] [server.transmit] -> request(90): 474554202f696d67732f6d6f6e6b65795f6c6f676f2e706e6720485454502f312e310d0a486f73743a262626263132372e30 ...
[2016-11-20 17:12:04,937] [INFO] [base._test_info] -> Current test: 16
[2016-11-20 17:12:04,941] [INFO] [server.transmit] -> request(90): 474554202f696d67732f6d6f6e6b65795f6c6f676f2e706e6720485454502f312e310d0a486f73743a2a2a2a2a3132372e30 ...
[2016-11-20 17:12:05,895] [INFO] [base._test_info] -> Current test: 17
[2016-11-20 17:12:05,906] [INFO] [server.transmit] -> request(90): 474554202f696d67732f6d6f6e6b65795f6c6f676f2e706e6720485454502f312e310d0a486f73743a282828283132372e30 ...
[2016-11-20 17:12:06,329] [INFO] [base._test_info] -> Current test: 18
[2016-11-20 17:12:06,331] [INFO] [server.transmit] -> request(90): 474554202f696d67732f6d6f6e6b65795f6c6f676f2e706e6720485454502f312e310d0a486f73743a292929293132372e30 ...
[2016-11-20 17:12:07,278] [INFO] [base._test_info] -> Current test: 19
[2016-11-20 17:12:07,281] [INFO] [server.transmit] -> request(90): 474554202f696d67732f6d6f6e6b65795f6c6f676f2e706e6720485454502f312e310d0a486f73743a2d2d2d2d3132372e30 ...
[2016-11-20 17:12:08,235] [INFO] [base._test_info] -> Current test: 20
[2016-11-20 17:12:08,237] [INFO] [server.transmit] -> request(90): 474554202f696d67732f6d6f6e6b65795f6c6f676f2e706e6720485454502f312e310d0a486f73743a5f5f5f5f3132372e30 ...
[2016-11-20 17:12:09,186] [INFO] [base._test_info] -> Current test: 21
[2016-11-20 17:12:09,193] [INFO] [server.transmit] -> request(90): 474554202f696d67732f6d6f6e6b65795f6c6f676f2e706e6720485454502f312e310d0a486f73743a2b2b2b2b3132372e30 ...
[2016-11-20 17:12:10,144] [INFO] [base._test_info] -> Current test: 22
[2016-11-20 17:12:10,149] [INFO] [server.transmit] -> request(90): 474554202f696d67732f6d6f6e6b65795f6c6f676f2e706e6720485454502f312e310d0a486f73743a3d3d3d3d3132372e30 ...
[2016-11-20 17:12:11,096] [INFO] [base._test_info] -> Current test: 23
[2016-11-20 17:12:11,099] [INFO] [server.transmit] -> request(90): 474554202f696d67732f6d6f6e6b65795f6c6f676f2e706e6720485454502f312e310d0a486f73743a3a3a3a3a3132372e30 ...
[2016-11-20 17:12:12,065] [INFO] [base._test_info] -> Current test: 24
[2016-11-20 17:12:12,067] [INFO] [server.transmit] -> request(90): 474554202f696d67732f6d6f6e6b65795f6c6f676f2e706e6720485454502f312e310d0a486f73743a3b3b3b3b3132372e30 ...
[2016-11-20 17:12:13,017] [INFO] [base._test_info] -> Current test: 25
[2016-11-20 17:12:13,021] [INFO] [server.transmit] -> request(90): 474554202f696d67732f6d6f6e6b65795f6c6f676f2e706e6720485454502f312e310d0a486f73743a272727273132372e30 ...
[2016-11-20 17:12:13,450] [INFO] [base._test_info] -> Current test: 26
[2016-11-20 17:12:13,453] [INFO] [server.transmit] -> request(90): 474554202f696d67732f6d6f6e6b65795f6c6f676f2e706e6720485454502f312e310d0a486f73743a222222223132372e30 ...
[2016-11-20 17:12:14,396] [INFO] [base._test_info] -> Current test: 27
[2016-11-20 17:12:14,399] [INFO] [server.transmit] -> request(90): 474554202f696d67732f6d6f6e6b65795f6c6f676f2e706e6720485454502f312e310d0a486f73743a2f2f2f2f3132372e30 ...
[2016-11-20 17:12:15,347] [INFO] [base._test_info] -> Current test: 28
[2016-11-20 17:12:15,350] [INFO] [server.transmit] -> request(90): 474554202f696d67732f6d6f6e6b65795f6c6f676f2e706e6720485454502f312e310d0a486f73743a5c5c5c5c3132372e30 ...
[2016-11-20 17:12:16,292] [INFO] [base._test_info] -> Current test: 29
[2016-11-20 17:12:16,294] [INFO] [server.transmit] -> request(90): 474554202f696d67732f6d6f6e6b65795f6c6f676f2e706e6720485454502f312e310d0a486f73743a3f3f3f3f3132372e30 ...
[2016-11-20 17:12:17,236] [INFO] [base._test_info] -> Current test: 30
[2016-11-20 17:12:17,238] [INFO] [server.transmit] -> request(90): 474554202f696d67732f6d6f6e6b65795f6c6f676f2e706e6720485454502f312e310d0a486f73743a3c3c3c3c3132372e30 ...
[2016-11-20 17:12:18,175] [INFO] [base._test_info] -> Current test: 31
[2016-11-20 17:12:18,178] [INFO] [server.transmit] -> request(90): 474554202f696d67732f6d6f6e6b65795f6c6f676f2e706e6720485454502f312e310d0a486f73743a3e3e3e3e3132372e30 ...
[2016-11-20 17:12:19,131] [INFO] [base._test_info] -> Current test: 32
[2016-11-20 17:12:19,134] [INFO] [server.transmit] -> request(90): 474554202f696d67732f6d6f6e6b65795f6c6f676f2e706e6720485454502f312e310d0a486f73743a2e2e2e2e3132372e30 ...
[2016-11-20 17:12:20,040] [ERROR] [server._start] -> Error occurred while fuzzing: AttributeError("'WebInterface' object has no attribute '_server'",)
[2016-11-20 17:12:20,043] [ERROR] [server._start] -> Traceback (most recent call last):
  File "/usr/local/lib/python2.7/dist-packages/kitty/fuzzers/server.py", line 43, in _start
    self._run_sequence(sequence)
  File "/usr/local/lib/python2.7/dist-packages/kitty/fuzzers/server.py", line 75, in _run_sequence
    return self._post_test()
  File "/usr/local/lib/python2.7/dist-packages/kitty/fuzzers/base.py", line 356, in _post_test
    time.sleep(self.config.delay_secs)
  File "/usr/local/lib/python2.7/dist-packages/kitty/fuzzers/base.py", line 504, in _exit_now
    self.stop()
  File "/usr/local/lib/python2.7/dist-packages/kitty/fuzzers/base.py", line 440, in stop
    self.user_interface.stop()
  File "/usr/local/lib/python2.7/dist-packages/kitty/interfaces/base.py", line 101, in stop
    self._stop()
  File "/usr/local/lib/python2.7/dist-packages/kitty/interfaces/web.py", line 297, in _stop
    self._server.shutdown()
AttributeError: 'WebInterface' object has no attribute '_server'

[2016-11-20 17:12:20,043] [INFO] [base._end_message] -> 
                         --------------------------------------------------
                         Finished fuzzing session
                         Target: TcpTarget

                         Tested 33 mutations
                         Mutation range: 0 to 32
                         Failure count: 0
                         --------------------------------------------------
            
