[2016-11-18 14:25:30,888] [INFO] [base._load_session] -> No session loaded
[2016-11-18 14:25:30,889] [INFO] [graph.hash] -> hash of template HTTP_GET_REQUEST_V2 is 6872128941024784118
[2016-11-18 14:25:30,889] [INFO] [graph.hash] -> hash of model is -751990398120188604
[2016-11-18 14:25:30,889] [INFO] [base._start_message] -> 
                 --------------------------------------------------
                 Starting fuzzing session
                 Target: TcpTarget
                 UI: WebInterface listening on 0.0.0.0:26000
                 Log: ./kittylogs/kitty_20161118-142530.log

                 Total possible mutation count: 2402
                 Fuzzing the mutation range: 0 to 2401
                 --------------------------------------------------
                                 Happy hacking
                 --------------------------------------------------
            
[2016-11-18 14:25:30,889] [INFO] [base.start] -> Performing environment test
[2016-11-18 14:25:30,894] [INFO] [base._test_info] -> Current test: -1
[2016-11-18 14:25:30,894] [INFO] [server.transmit] -> request(326): 474554202f696e6465782e68746d6c20485454502f312e310d0a486f73743a203132372e302e302e313a383038380d0a5573 ...
[2016-11-18 14:25:31,397] [INFO] [server._start] -> should keep running? True
[2016-11-18 14:25:31,400] [INFO] [base._test_info] -> Current test: 0
[2016-11-18 14:25:31,401] [INFO] [server.transmit] -> request(326): 474554202f696e6465782e68746d6c20485454502f312e310d0a486f73743a203132372e302e302e313a383038380d0a5573 ...
[2016-11-18 14:25:32,309] [INFO] [base._test_info] -> Current test: 1
[2016-11-18 14:25:32,310] [INFO] [server.transmit] -> request(327): 48454144202f696e6465782e68746d6c20485454502f312e310d0a486f73743a203132372e302e302e313a383038380d0a55 ...
[2016-11-18 14:25:33,218] [INFO] [base._test_info] -> Current test: 2
[2016-11-18 14:25:33,218] [INFO] [server.transmit] -> request(327): 504f5354202f696e6465782e68746d6c20485454502f312e310d0a486f73743a203132372e302e302e313a383038380d0a55 ...
[2016-11-18 14:25:34,127] [INFO] [base._test_info] -> Current test: 3
[2016-11-18 14:25:34,128] [INFO] [server.transmit] -> request(326): 505554202f696e6465782e68746d6c20485454502f312e310d0a486f73743a203132372e302e302e313a383038380d0a5573 ...
[2016-11-18 14:25:35,039] [INFO] [base._test_info] -> Current test: 4
[2016-11-18 14:25:35,039] [INFO] [server.transmit] -> request(329): 44454c455445202f696e6465782e68746d6c20485454502f312e310d0a486f73743a203132372e302e302e313a383038380d ...
[2016-11-18 14:25:35,952] [INFO] [base._test_info] -> Current test: 5
[2016-11-18 14:25:35,953] [INFO] [server.transmit] -> request(328): 5452414345202f696e6465782e68746d6c20485454502f312e310d0a486f73743a203132372e302e302e313a383038380d0a ...
[2016-11-18 14:25:36,861] [INFO] [base._test_info] -> Current test: 6
[2016-11-18 14:25:36,861] [INFO] [server.transmit] -> request(330): 434f4e4e454354202f696e6465782e68746d6c20485454502f312e310d0a486f73743a203132372e302e302e313a38303838 ...
[2016-11-18 14:25:37,770] [INFO] [base._test_info] -> Current test: 7
[2016-11-18 14:25:37,771] [INFO] [server.transmit] -> request(337): 474554202f696e6465782e68746d6c2f696e6465782e68746d6c20485454502f312e310d0a486f73743a203132372e302e30 ...
[2016-11-18 14:25:38,678] [INFO] [base._test_info] -> Current test: 8
[2016-11-18 14:25:38,679] [INFO] [server.transmit] -> request(425): 474554202f696e6465782e68746d6c2f696e6465782e68746d6c2f696e6465782e68746d6c2f696e6465782e68746d6c2f69 ...
[2016-11-18 14:25:39,586] [INFO] [base._test_info] -> Current test: 9
[2016-11-18 14:25:39,587] [INFO] [server.transmit] -> request(1415): 474554202f696e6465782e68746d6c2f696e6465782e68746d6c2f696e6465782e68746d6c2f696e6465782e68746d6c2f69 ...
[2016-11-18 14:25:40,495] [INFO] [base._test_info] -> Current test: 10
[2016-11-18 14:25:40,496] [INFO] [server.transmit] -> request(327): 474554202f696e6465782e68746d6cfe20485454502f312e310d0a486f73743a203132372e302e302e313a383038380d0a55 ...
[2016-11-18 14:25:41,403] [INFO] [base._test_info] -> Current test: 11
[2016-11-18 14:25:41,403] [INFO] [server.transmit] -> request(327): 47455420002f696e6465782e68746d6c20485454502f312e310d0a486f73743a203132372e302e302e313a383038380d0a55 ...
[2016-11-18 14:25:42,311] [INFO] [base._test_info] -> Current test: 12
[2016-11-18 14:25:42,312] [INFO] [server.transmit] -> request(327): 474554202f696e646500782e68746d6c20485454502f312e310d0a486f73743a203132372e302e302e313a383038380d0a55 ...
[2016-11-18 14:25:43,220] [INFO] [base._test_info] -> Current test: 13
[2016-11-18 14:25:43,221] [INFO] [server.transmit] -> request(327): 474554202f696e6465782e68746d6c0020485454502f312e310d0a486f73743a203132372e302e302e313a383038380d0a55 ...
[2016-11-18 14:25:44,133] [INFO] [base._test_info] -> Current test: 14
[2016-11-18 14:25:44,134] [INFO] [server.transmit] -> request(315): 4745542020485454502f312e310d0a486f73743a203132372e302e302e313a383038380d0a557365722d4167656e743a204d ...
[2016-11-18 14:25:45,041] [INFO] [base._test_info] -> Current test: 15
[2016-11-18 14:25:45,042] [INFO] [server.transmit] -> request(2363): 4745542025732573257325732573257325732573257325732573257325732573257325732573257325732573257325732573 ...
[2016-11-18 14:25:45,950] [INFO] [base._test_info] -> Current test: 16
[2016-11-18 14:25:45,950] [INFO] [server.transmit] -> request(571): 4745542025732573257325732573257325732573257325732573257325732573257325732573257325732573257325732573 ...
[2016-11-18 14:25:46,861] [INFO] [base._test_info] -> Current test: 17
[2016-11-18 14:25:46,861] [INFO] [server.transmit] -> request(347): 47455420257325732573257325732573257325732573257325732573257325732573257320485454502f312e310d0a486f73 ...
