[2016-11-20 01:45:26,519] [INFO] [base._load_session] -> No session loaded
[2016-11-20 01:45:26,532] [INFO] [graph.hash] -> hash of template HTTP_POST_MONKEY_2 is 8693351558813882790
[2016-11-20 01:45:26,533] [INFO] [graph.hash] -> hash of model is -661762936701641008
[2016-11-20 01:45:26,552] [INFO] [base._start_message] -> 
                 --------------------------------------------------
                 Starting fuzzing session
                 Target: TcpTarget
                 UI: WebInterface listening on 0.0.0.0:26000
                 Log: ./kittylogs/kitty_20161120-014525.log

                 Total possible mutation count: 2415
                 Fuzzing the mutation range: 0 to 2414
                 --------------------------------------------------
                                 Happy hacking
                 --------------------------------------------------
            
[2016-11-20 01:45:26,554] [INFO] [base.start] -> Performing environment test
[2016-11-20 01:45:26,579] [INFO] [base._test_info] -> Current test: -1
[2016-11-20 01:45:26,581] [INFO] [server.transmit] -> request(314): 504f5354202f20485454502f312e310d0a486f73743a203132372e302e302e313a383038380d0a557365722d4167656e743a ...
[2016-11-20 01:45:27,120] [INFO] [server._start] -> should keep running? True
[2016-11-20 01:45:27,137] [INFO] [base._test_info] -> Current test: 0
[2016-11-20 01:45:27,139] [INFO] [server.transmit] -> request(318): 504f5354504f5354202f20485454502f312e310d0a486f73743a203132372e302e302e313a383038380d0a557365722d4167 ...
[2016-11-20 01:45:28,068] [INFO] [base._test_info] -> Current test: 1
[2016-11-20 01:45:28,072] [INFO] [server.transmit] -> request(350): 504f5354504f5354504f5354504f5354504f5354504f5354504f5354504f5354504f5354504f5354202f20485454502f312e ...
[2016-11-20 01:45:29,002] [INFO] [base._test_info] -> Current test: 2
[2016-11-20 01:45:29,004] [INFO] [server.transmit] -> request(710): 504f5354504f5354504f5354504f5354504f5354504f5354504f5354504f5354504f5354504f5354504f5354504f5354504f ...
[2016-11-20 01:45:29,933] [INFO] [base._test_info] -> Current test: 3
[2016-11-20 01:45:29,936] [INFO] [server.transmit] -> request(315): 504f5354fe202f20485454502f312e310d0a486f73743a203132372e302e302e313a383038380d0a557365722d4167656e74 ...
[2016-11-20 01:45:30,870] [INFO] [base._test_info] -> Current test: 4
[2016-11-20 01:45:30,888] [INFO] [server.transmit] -> request(315): 00504f5354202f20485454502f312e310d0a486f73743a203132372e302e302e313a383038380d0a557365722d4167656e74 ...
[2016-11-20 01:45:31,828] [INFO] [base._test_info] -> Current test: 5
[2016-11-20 01:45:31,832] [INFO] [server.transmit] -> request(315): 504f005354202f20485454502f312e310d0a486f73743a203132372e302e302e313a383038380d0a557365722d4167656e74 ...
[2016-11-20 01:45:32,770] [INFO] [base._test_info] -> Current test: 6
[2016-11-20 01:45:32,774] [INFO] [server.transmit] -> request(315): 504f535400202f20485454502f312e310d0a486f73743a203132372e302e302e313a383038380d0a557365722d4167656e74 ...
[2016-11-20 01:45:33,705] [INFO] [base._test_info] -> Current test: 7
[2016-11-20 01:45:33,713] [INFO] [server.transmit] -> request(310): 202f20485454502f312e310d0a486f73743a203132372e302e302e313a383038380d0a557365722d4167656e743a204d6f7a ...
[2016-11-20 01:45:34,660] [INFO] [base._test_info] -> Current test: 8
[2016-11-20 01:45:34,665] [INFO] [server.transmit] -> request(2358): 2573257325732573257325732573257325732573257325732573257325732573257325732573257325732573257325732573 ...
[2016-11-20 01:45:35,602] [INFO] [base._test_info] -> Current test: 9
[2016-11-20 01:45:35,604] [INFO] [server.transmit] -> request(566): 2573257325732573257325732573257325732573257325732573257325732573257325732573257325732573257325732573 ...
[2016-11-20 01:45:36,537] [INFO] [base._test_info] -> Current test: 10
[2016-11-20 01:45:36,540] [INFO] [server.transmit] -> request(342): 2573257325732573257325732573257325732573257325732573257325732573202f20485454502f312e310d0a486f73743a ...
[2016-11-20 01:45:37,473] [INFO] [base._test_info] -> Current test: 11
[2016-11-20 01:45:37,478] [INFO] [server.transmit] -> request(314): 25732573202f20485454502f312e310d0a486f73743a203132372e302e302e313a383038380d0a557365722d4167656e743a ...
[2016-11-20 01:45:38,446] [INFO] [base._test_info] -> Current test: 12
[2016-11-20 01:45:38,448] [INFO] [server.transmit] -> request(3382): 2525732525732525732525732525732525732525732525732525732525732525732525732525732525732525732525732525 ...
[2016-11-20 01:45:39,380] [INFO] [base._test_info] -> Current test: 13
[2016-11-20 01:45:39,386] [INFO] [server.transmit] -> request(694): 2525732525732525732525732525732525732525732525732525732525732525732525732525732525732525732525732525 ...
[2016-11-20 01:45:40,327] [INFO] [base._test_info] -> Current test: 14
[2016-11-20 01:45:40,330] [INFO] [server.transmit] -> request(358): 252573252573252573252573252573252573252573252573252573252573252573252573252573252573252573252573202f ...
[2016-11-20 01:45:41,264] [INFO] [base._test_info] -> Current test: 15
[2016-11-20 01:45:41,267] [INFO] [server.transmit] -> request(316): 252573252573202f20485454502f312e310d0a486f73743a203132372e302e302e313a383038380d0a557365722d4167656e ...
[2016-11-20 01:45:42,200] [INFO] [base._test_info] -> Current test: 16
[2016-11-20 01:45:42,204] [INFO] [server.transmit] -> request(4406): 2225732222257322222573222225732222257322222573222225732222257322222573222225732222257322222573222225 ...
[2016-11-20 01:45:43,154] [INFO] [base._test_info] -> Current test: 17
[2016-11-20 01:45:43,158] [INFO] [server.transmit] -> request(822): 2225732222257322222573222225732222257322222573222225732222257322222573222225732222257322222573222225 ...
[2016-11-20 01:45:44,090] [INFO] [base._test_info] -> Current test: 18
[2016-11-20 01:45:44,092] [INFO] [server.transmit] -> request(374): 2225732222257322222573222225732222257322222573222225732222257322222573222225732222257322222573222225 ...
[2016-11-20 01:45:45,030] [INFO] [base._test_info] -> Current test: 19
[2016-11-20 01:45:45,032] [INFO] [server.transmit] -> request(318): 2225732222257322202f20485454502f312e310d0a486f73743a203132372e302e302e313a383038380d0a557365722d4167 ...
[2016-11-20 01:45:45,960] [INFO] [base._test_info] -> Current test: 20
[2016-11-20 01:45:45,963] [INFO] [server.transmit] -> request(2358): 256e256e256e256e256e256e256e256e256e256e256e256e256e256e256e256e256e256e256e256e256e256e256e256e256e ...
[2016-11-20 01:45:46,899] [INFO] [base._test_info] -> Current test: 21
[2016-11-20 01:45:46,903] [INFO] [server.transmit] -> request(566): 256e256e256e256e256e256e256e256e256e256e256e256e256e256e256e256e256e256e256e256e256e256e256e256e256e ...
[2016-11-20 01:45:47,838] [INFO] [base._test_info] -> Current test: 22
[2016-11-20 01:45:47,840] [INFO] [server.transmit] -> request(342): 256e256e256e256e256e256e256e256e256e256e256e256e256e256e256e256e202f20485454502f312e310d0a486f73743a ...
[2016-11-20 01:45:48,774] [INFO] [base._test_info] -> Current test: 23
[2016-11-20 01:45:48,787] [INFO] [server.transmit] -> request(314): 256e256e202f20485454502f312e310d0a486f73743a203132372e302e302e313a383038380d0a557365722d4167656e743a ...
[2016-11-20 01:45:49,727] [INFO] [base._test_info] -> Current test: 24
[2016-11-20 01:45:49,731] [INFO] [server.transmit] -> request(3382): 25256e25256e25256e25256e25256e25256e25256e25256e25256e25256e25256e25256e25256e25256e25256e25256e2525 ...
[2016-11-20 01:45:50,675] [INFO] [base._test_info] -> Current test: 25
[2016-11-20 01:45:50,679] [INFO] [server.transmit] -> request(694): 25256e25256e25256e25256e25256e25256e25256e25256e25256e25256e25256e25256e25256e25256e25256e25256e2525 ...
[2016-11-20 01:45:51,615] [INFO] [base._test_info] -> Current test: 26
[2016-11-20 01:45:51,618] [INFO] [server.transmit] -> request(358): 25256e25256e25256e25256e25256e25256e25256e25256e25256e25256e25256e25256e25256e25256e25256e25256e202f ...
[2016-11-20 01:45:52,550] [INFO] [base._test_info] -> Current test: 27
[2016-11-20 01:45:52,555] [INFO] [server.transmit] -> request(316): 25256e25256e202f20485454502f312e310d0a486f73743a203132372e302e302e313a383038380d0a557365722d4167656e ...
[2016-11-20 01:45:53,506] [INFO] [base._test_info] -> Current test: 28
[2016-11-20 01:45:53,539] [INFO] [server.transmit] -> request(4406): 22256e2222256e2222256e2222256e2222256e2222256e2222256e2222256e2222256e2222256e2222256e2222256e222225 ...
[2016-11-20 01:45:53,985] [INFO] [base._test_info] -> Current test: 29
[2016-11-20 01:45:53,989] [INFO] [server.transmit] -> request(822): 22256e2222256e2222256e2222256e2222256e2222256e2222256e2222256e2222256e2222256e2222256e2222256e222225 ...
[2016-11-20 01:45:54,935] [INFO] [base._test_info] -> Current test: 30
[2016-11-20 01:45:54,940] [INFO] [server.transmit] -> request(374): 22256e2222256e2222256e2222256e2222256e2222256e2222256e2222256e2222256e2222256e2222256e2222256e222225 ...
[2016-11-20 01:45:55,907] [INFO] [base._test_info] -> Current test: 31
[2016-11-20 01:45:55,916] [INFO] [server.transmit] -> request(318): 22256e2222256e22202f20485454502f312e310d0a486f73743a203132372e302e302e313a383038380d0a557365722d4167 ...
[2016-11-20 01:45:56,872] [INFO] [base._test_info] -> Current test: 32
[2016-11-20 01:45:56,875] [INFO] [server.transmit] -> request(324): 252e31363730357525325c24686e202f20485454502f312e310d0a486f73743a203132372e302e302e313a383038380d0a55 ...
[2016-11-20 01:45:57,823] [INFO] [base._test_info] -> Current test: 33
[2016-11-20 01:45:57,829] [INFO] [server.transmit] -> request(2358): 0d0a0d0a0d0a0d0a0d0a0d0a0d0a0d0a0d0a0d0a0d0a0d0a0d0a0d0a0d0a0d0a0d0a0d0a0d0a0d0a0d0a0d0a0d0a0d0a0d0a ...
[2016-11-20 01:45:58,772] [INFO] [base._test_info] -> Current test: 34
[2016-11-20 01:45:58,776] [INFO] [server.transmit] -> request(566): 0d0a0d0a0d0a0d0a0d0a0d0a0d0a0d0a0d0a0d0a0d0a0d0a0d0a0d0a0d0a0d0a0d0a0d0a0d0a0d0a0d0a0d0a0d0a0d0a0d0a ...
[2016-11-20 01:45:59,719] [INFO] [base._test_info] -> Current test: 35
[2016-11-20 01:45:59,725] [INFO] [server.transmit] -> request(342): 0d0a0d0a0d0a0d0a0d0a0d0a0d0a0d0a0d0a0d0a0d0a0d0a0d0a0d0a0d0a0d0a202f20485454502f312e310d0a486f73743a ...
[2016-11-20 01:46:00,672] [INFO] [base._test_info] -> Current test: 36
[2016-11-20 01:46:00,676] [INFO] [server.transmit] -> request(314): 0d0a0d0a202f20485454502f312e310d0a486f73743a203132372e302e302e313a383038380d0a557365722d4167656e743a ...
[2016-11-20 01:46:01,622] [INFO] [base._test_info] -> Current test: 37
[2016-11-20 01:46:01,626] [INFO] [server.transmit] -> request(1334): 0a0a0a0a0a0a0a0a0a0a0a0a0a0a0a0a0a0a0a0a0a0a0a0a0a0a0a0a0a0a0a0a0a0a0a0a0a0a0a0a0a0a0a0a0a0a0a0a0a0a ...
[2016-11-20 01:46:02,569] [INFO] [base._test_info] -> Current test: 38
[2016-11-20 01:46:02,572] [INFO] [server.transmit] -> request(438): 0a0a0a0a0a0a0a0a0a0a0a0a0a0a0a0a0a0a0a0a0a0a0a0a0a0a0a0a0a0a0a0a0a0a0a0a0a0a0a0a0a0a0a0a0a0a0a0a0a0a ...
[2016-11-20 01:46:03,502] [INFO] [base._test_info] -> Current test: 39
[2016-11-20 01:46:03,504] [INFO] [server.transmit] -> request(326): 0a0a0a0a0a0a0a0a0a0a0a0a0a0a0a0a202f20485454502f312e310d0a486f73743a203132372e302e302e313a383038380d ...
[2016-11-20 01:46:04,441] [INFO] [base._test_info] -> Current test: 40
[2016-11-20 01:46:04,444] [INFO] [server.transmit] -> request(312): 0a0a202f20485454502f312e310d0a486f73743a203132372e302e302e313a383038380d0a557365722d4167656e743a204d ...
[2016-11-20 01:46:05,396] [INFO] [base._test_info] -> Current test: 41
[2016-11-20 01:46:05,400] [INFO] [server.transmit] -> request(4406): deadbeefdeadbeefdeadbeefdeadbeefdeadbeefdeadbeefdeadbeefdeadbeefdeadbeefdeadbeefdeadbeefdeadbeefdead ...
[2016-11-20 01:46:06,334] [INFO] [base._test_info] -> Current test: 42
[2016-11-20 01:46:06,341] [INFO] [server.transmit] -> request(822): deadbeefdeadbeefdeadbeefdeadbeefdeadbeefdeadbeefdeadbeefdeadbeefdeadbeefdeadbeefdeadbeefdeadbeefdead ...
[2016-11-20 01:46:07,299] [INFO] [base._test_info] -> Current test: 43
[2016-11-20 01:46:07,302] [INFO] [server.transmit] -> request(374): deadbeefdeadbeefdeadbeefdeadbeefdeadbeefdeadbeefdeadbeefdeadbeefdeadbeefdeadbeefdeadbeefdeadbeefdead ...
[2016-11-20 01:46:08,234] [INFO] [base._test_info] -> Current test: 44
[2016-11-20 01:46:08,238] [INFO] [server.transmit] -> request(318): deadbeefdeadbeef202f20485454502f312e310d0a486f73743a203132372e302e302e313a383038380d0a557365722d4167 ...
[2016-11-20 01:46:09,176] [INFO] [base._test_info] -> Current test: 45
[2016-11-20 01:46:09,182] [INFO] [server.transmit] -> request(327): 7c746f756368202f746d702f4b49545459202f20485454502f312e310d0a486f73743a203132372e302e302e313a38303838 ...
[2016-11-20 01:46:10,117] [INFO] [base._test_info] -> Current test: 46
[2016-11-20 01:46:10,120] [INFO] [server.transmit] -> request(328): 3b746f756368202f746d702f4b495454593b202f20485454502f312e310d0a486f73743a203132372e302e302e313a383038 ...
[2016-11-20 01:46:11,052] [INFO] [base._test_info] -> Current test: 47
[2016-11-20 01:46:11,055] [INFO] [server.transmit] -> request(324): 3b6c733e2f746d702f4b49545459202f20485454502f312e310d0a486f73743a203132372e302e302e313a383038380d0a55 ...
[2016-11-20 01:46:11,995] [INFO] [base._test_info] -> Current test: 48
[2016-11-20 01:46:11,999] [INFO] [server.transmit] -> request(339): 223b6c733e2f746d702f4b495454593b6c733e2f6465762f6e756c6c22202f20485454502f312e310d0a486f73743a203132 ...
[2016-11-20 01:46:12,947] [INFO] [base._test_info] -> Current test: 49
[2016-11-20 01:46:12,949] [INFO] [server.transmit] -> request(340): 273b6c733e2f746d702f4b495454593b6c733e272f6465762f6e756c6c27202f20485454502f312e310d0a486f73743a2031 ...
[2016-11-20 01:46:13,888] [INFO] [base._test_info] -> Current test: 50
[2016-11-20 01:46:13,890] [INFO] [server.transmit] -> request(325): 606c733e2f746d702f4b4954545960202f20485454502f312e310d0a486f73743a203132372e302e302e313a383038380d0a ...
[2016-11-20 01:46:14,817] [INFO] [base._test_info] -> Current test: 51
[2016-11-20 01:46:14,820] [INFO] [server.transmit] -> request(326): 20606c733e2f746d702f4b4954545960202f20485454502f312e310d0a486f73743a203132372e302e302e313a383038380d ...
[2016-11-20 01:46:15,751] [INFO] [base._test_info] -> Current test: 52
[2016-11-20 01:46:15,756] [INFO] [server.transmit] -> request(318): 7c6e6f7465706164202f20485454502f312e310d0a486f73743a203132372e302e302e313a383038380d0a557365722d4167 ...
[2016-11-20 01:46:16,709] [INFO] [base._test_info] -> Current test: 53
[2016-11-20 01:46:16,718] [INFO] [server.transmit] -> request(319): 3b6e6f74657061643b202f20485454502f312e310d0a486f73743a203132372e302e302e313a383038380d0a557365722d41 ...
[2016-11-20 01:46:17,676] [INFO] [base._test_info] -> Current test: 54
[2016-11-20 01:46:17,682] [INFO] [server.transmit] -> request(319): 0a6e6f74657061640a202f20485454502f312e310d0a486f73743a203132372e302e302e313a383038380d0a557365722d41 ...
[2016-11-20 01:46:18,629] [INFO] [base._test_info] -> Current test: 55
[2016-11-20 01:46:18,631] [INFO] [server.transmit] -> request(321): 27206f7220313d31202d2d202f20485454502f312e310d0a486f73743a203132372e302e302e313a383038380d0a55736572 ...
[2016-11-20 01:46:19,570] [INFO] [base._test_info] -> Current test: 56
[2016-11-20 01:46:19,574] [INFO] [server.transmit] -> request(327): 273b20646573632075736572733b202d2d202f20485454502f312e310d0a486f73743a203132372e302e302e313a38303838 ...
[2016-11-20 01:46:20,517] [INFO] [base._test_info] -> Current test: 57
[2016-11-20 01:46:20,520] [INFO] [server.transmit] -> request(351): 27206f7220757365726e616d65206973206e6f74204e554c4c206f7220757365726e616d65203d2027202f20485454502f31 ...
[2016-11-20 01:46:21,459] [INFO] [base._test_info] -> Current test: 58
[2016-11-20 01:46:21,469] [INFO] [server.transmit] -> request(382): 3120756e696f6e20616c6c2073656c65637420312c322c332c342c352c362c6e616d652066726f6d207379736f626a656374 ...
[2016-11-20 01:46:22,428] [INFO] [base._test_info] -> Current test: 59
[2016-11-20 01:46:22,435] [INFO] [server.transmit] -> request(321): 60206f72206031603d6031202f20485454502f312e310d0a486f73743a203132372e302e302e313a383038380d0a55736572 ...
[2016-11-20 01:46:23,379] [INFO] [base._test_info] -> Current test: 60
[2016-11-20 01:46:23,384] [INFO] [server.transmit] -> request(321): 27206f72202731273d2731202f20485454502f312e310d0a486f73743a203132372e302e302e313a383038380d0a55736572 ...
[2016-11-20 01:46:24,320] [INFO] [base._test_info] -> Current test: 61
[2016-11-20 01:46:24,323] [INFO] [server.transmit] -> request(312): 4141202f20485454502f312e310d0a486f73743a203132372e302e302e313a383038380d0a557365722d4167656e743a204d ...
[2016-11-20 01:46:25,257] [INFO] [base._test_info] -> Current test: 62
[2016-11-20 01:46:25,259] [INFO] [server.transmit] -> request(320): 41414141414141414141202f20485454502f312e310d0a486f73743a203132372e302e302e313a383038380d0a557365722d ...
[2016-11-20 01:46:26,189] [INFO] [base._test_info] -> Current test: 63
[2016-11-20 01:46:26,192] [INFO] [server.transmit] -> request(410): 4141414141414141414141414141414141414141414141414141414141414141414141414141414141414141414141414141 ...
[2016-11-20 01:46:27,138] [INFO] [base._test_info] -> Current test: 64
[2016-11-20 01:46:27,141] [INFO] [server.transmit] -> request(1310): 4141414141414141414141414141414141414141414141414141414141414141414141414141414141414141414141414141 ...
[2016-11-20 01:46:28,076] [INFO] [base._test_info] -> Current test: 65
[2016-11-20 01:46:28,081] [INFO] [server.transmit] -> request(5310): 4141414141414141414141414141414141414141414141414141414141414141414141414141414141414141414141414141 ...
[2016-11-20 01:46:29,025] [INFO] [base._test_info] -> Current test: 66
[2016-11-20 01:46:29,027] [INFO] [server.transmit] -> request(10310): 4141414141414141414141414141414141414141414141414141414141414141414141414141414141414141414141414141 ...
[2016-11-20 01:46:29,984] [INFO] [base._test_info] -> Current test: 67
[2016-11-20 01:46:29,989] [INFO] [server.transmit] -> request(321): 2f6574632f706173737764202f20485454502f312e310d0a486f73743a203132372e302e302e313a383038380d0a55736572 ...
[2016-11-20 01:46:30,926] [INFO] [base._test_info] -> Current test: 68
[2016-11-20 01:46:30,932] [INFO] [server.transmit] -> request(364): 2e2f2e2e2f2e2e2f2e2e2f2e2e2f2e2e2f2e2e2f2e2e2f2e2e2f2e2e2f2e2e2f2e2e2f2e2e2f2e2e2f2e2e2f6574632f7061 ...
[2016-11-20 01:46:31,862] [INFO] [base._test_info] -> Current test: 69
[2016-11-20 01:46:31,864] [INFO] [server.transmit] -> request(362): 2e2e2f2e2e2f2e2e2f2e2e2f2e2e2f2e2e2f2e2e2f2e2e2f2e2e2f2e2e2f2e2e2f2e2e2f2e2e2f2e2e2f6574632f70617373 ...
[2016-11-20 01:46:32,795] [INFO] [base._test_info] -> Current test: 70
[2016-11-20 01:46:32,802] [INFO] [server.transmit] -> request(323): 2f70726f632f637075696e666f202f20485454502f312e310d0a486f73743a203132372e302e302e313a383038380d0a5573 ...
[2016-11-20 01:46:33,740] [INFO] [base._test_info] -> Current test: 71
[2016-11-20 01:46:33,747] [INFO] [server.transmit] -> request(366): 2e2f2e2e2f2e2e2f2e2e2f2e2e2f2e2e2f2e2e2f2e2e2f2e2e2f2e2e2f2e2e2f2e2e2f2e2e2f2e2e2f2e2e2f70726f632f63 ...
[2016-11-20 01:46:34,720] [INFO] [base._test_info] -> Current test: 72
[2016-11-20 01:46:34,723] [INFO] [server.transmit] -> request(364): 2e2e2f2e2e2f2e2e2f2e2e2f2e2e2f2e2e2f2e2e2f2e2e2f2e2e2f2e2e2f2e2e2f2e2e2f2e2e2f2e2e2f70726f632f637075 ...
[2016-11-20 01:46:35,660] [INFO] [base._test_info] -> Current test: 73
[2016-11-20 01:46:35,696] [INFO] [server.transmit] -> request(320): 7e2f2e70726f66696c65202f20485454502f312e310d0a486f73743a203132372e302e302e313a383038380d0a557365722d ...
[2016-11-20 01:46:36,630] [INFO] [base._test_info] -> Current test: 74
[2016-11-20 01:46:36,633] [INFO] [server.transmit] -> request(324): 24484f4d452f2e70726f66696c65202f20485454502f312e310d0a486f73743a203132372e302e302e313a383038380d0a55 ...
[2016-11-20 01:46:37,575] [INFO] [base._test_info] -> Current test: 75
[2016-11-20 01:46:37,578] [INFO] [server.transmit] -> request(355): 2f2e2e2f2e2e2f2e2e2f2e2e2f2e2e2f2e2e2f2e2e2f2e2e2f2e2e2f2e2e2f2e2e2f2e2e2f626f6f742e696e69202f204854 ...
[2016-11-20 01:46:38,528] [INFO] [base._test_info] -> Current test: 76
[2016-11-20 01:46:38,531] [INFO] [server.transmit] -> request(1334): 2f5c2f5c2f5c2f5c2f5c2f5c2f5c2f5c2f5c2f5c2f5c2f5c2f5c2f5c2f5c2f5c2f5c2f5c2f5c2f5c2f5c2f5c2f5c2f5c2f5c ...
[2016-11-20 01:46:39,466] [INFO] [base._test_info] -> Current test: 77
[2016-11-20 01:46:39,470] [INFO] [server.transmit] -> request(438): 2f5c2f5c2f5c2f5c2f5c2f5c2f5c2f5c2f5c2f5c2f5c2f5c2f5c2f5c2f5c2f5c2f5c2f5c2f5c2f5c2f5c2f5c2f5c2f5c2f5c ...
[2016-11-20 01:46:40,426] [INFO] [base._test_info] -> Current test: 78
[2016-11-20 01:46:40,428] [INFO] [server.transmit] -> request(326): 2f5c2f5c2f5c2f5c2f5c2f5c2f5c2f5c202f20485454502f312e310d0a486f73743a203132372e302e302e313a383038380d ...
[2016-11-20 01:46:41,357] [INFO] [base._test_info] -> Current test: 79
[2016-11-20 01:46:41,363] [INFO] [server.transmit] -> request(1334): 2f2e2f2e2f2e2f2e2f2e2f2e2f2e2f2e2f2e2f2e2f2e2f2e2f2e2f2e2f2e2f2e2f2e2f2e2f2e2f2e2f2e2f2e2f2e2f2e2f2e ...
[2016-11-20 01:46:42,315] [INFO] [base._test_info] -> Current test: 80
[2016-11-20 01:46:42,319] [INFO] [server.transmit] -> request(438): 2f2e2f2e2f2e2f2e2f2e2f2e2f2e2f2e2f2e2f2e2f2e2f2e2f2e2f2e2f2e2f2e2f2e2f2e2f2e2f2e2f2e2f2e2f2e2f2e2f2e ...
[2016-11-20 01:46:43,251] [INFO] [base._test_info] -> Current test: 81
[2016-11-20 01:46:43,256] [INFO] [server.transmit] -> request(326): 2f2e2f2e2f2e2f2e2f2e2f2e2f2e2f2e202f20485454502f312e310d0a486f73743a203132372e302e302e313a383038380d ...
[2016-11-20 01:46:44,194] [INFO] [base._test_info] -> Current test: 82
[2016-11-20 01:46:44,199] [INFO] [server.transmit] -> request(339): 2140232425255e2324252324402324252424402324255e5e2a2a282829202f20485454502f312e310d0a486f73743a203132 ...
[2016-11-20 01:46:45,150] [INFO] [base._test_info] -> Current test: 83
[2016-11-20 01:46:45,152] [INFO] [server.transmit] -> request(335): 25303125303225303325303425306125306425306141445346202f20485454502f312e310d0a486f73743a203132372e302e ...
[2016-11-20 01:46:46,094] [INFO] [base._test_info] -> Current test: 84
[2016-11-20 01:46:46,098] [INFO] [server.transmit] -> request(336): 2530312530322530334025303425306125306425306141445346202f20485454502f312e310d0a486f73743a203132372e30 ...
[2016-11-20 01:46:47,054] [INFO] [base._test_info] -> Current test: 85
[2016-11-20 01:46:47,056] [INFO] [server.transmit] -> request(315): 2f2530302f202f20485454502f312e310d0a486f73743a203132372e302e302e313a383038380d0a557365722d4167656e74 ...
[2016-11-20 01:46:47,986] [INFO] [base._test_info] -> Current test: 86
[2016-11-20 01:46:47,988] [INFO] [server.transmit] -> request(314): 2530302f202f20485454502f312e310d0a486f73743a203132372e302e302e313a383038380d0a557365722d4167656e743a ...
[2016-11-20 01:46:48,920] [INFO] [base._test_info] -> Current test: 87
[2016-11-20 01:46:48,923] [INFO] [server.transmit] -> request(313): 253030202f20485454502f312e310d0a486f73743a203132372e302e302e313a383038380d0a557365722d4167656e743a20 ...
[2016-11-20 01:46:49,861] [INFO] [base._test_info] -> Current test: 88
[2016-11-20 01:46:49,863] [INFO] [server.transmit] -> request(316): 257530303030202f20485454502f312e310d0a486f73743a203132372e302e302e313a383038380d0a557365722d4167656e ...
[2016-11-20 01:46:50,789] [INFO] [base._test_info] -> Current test: 89
[2016-11-20 01:46:50,793] [INFO] [server.transmit] -> request(502): 25fef02501ff25fef02501ff25fef02501ff25fef02501ff25fef02501ff25fef02501ff25fef02501ff25fef02501ff25fe ...
[2016-11-20 01:46:51,727] [INFO] [base._test_info] -> Current test: 90
[2016-11-20 01:46:51,732] [INFO] [server.transmit] -> request(334): 25fef02501ff25fef02501ff25fef02501ff25fef02501ff202f20485454502f312e310d0a486f73743a203132372e302e30 ...
[2016-11-20 01:46:52,668] [INFO] [base._test_info] -> Current test: 91
[2016-11-20 01:46:52,672] [INFO] [server.transmit] -> request(315): 504f535420202f20485454502f312e310d0a486f73743a203132372e302e302e313a383038380d0a557365722d4167656e74 ...
[2016-11-20 01:46:53,606] [INFO] [base._test_info] -> Current test: 92
[2016-11-20 01:46:53,610] [INFO] [server.transmit] -> request(323): 504f5354202020202020202020202f20485454502f312e310d0a486f73743a203132372e302e302e313a383038380d0a5573 ...
[2016-11-20 01:46:54,543] [INFO] [base._test_info] -> Current test: 93
[2016-11-20 01:46:54,545] [INFO] [server.transmit] -> request(413): 504f535420202020202020202020202020202020202020202020202020202020202020202020202020202020202020202020 ...
[2016-11-20 01:46:55,474] [INFO] [base._test_info] -> Current test: 94
[2016-11-20 01:46:55,476] [INFO] [server.transmit] -> request(315): 504f535420fe2f20485454502f312e310d0a486f73743a203132372e302e302e313a383038380d0a557365722d4167656e74 ...
[2016-11-20 01:46:56,416] [INFO] [base._test_info] -> Current test: 97
[2016-11-20 01:46:56,420] [INFO] [server.transmit] -> request(315): 504f535420002f20485454502f312e310d0a486f73743a203132372e302e302e313a383038380d0a557365722d4167656e74 ...
[2016-11-20 01:46:57,354] [INFO] [base._test_info] -> Current test: 98
[2016-11-20 01:46:57,358] [INFO] [server.transmit] -> request(317): 504f5354202020202f20485454502f312e310d0a486f73743a203132372e302e302e313a383038380d0a557365722d416765 ...
[2016-11-20 01:46:58,309] [INFO] [base._test_info] -> Current test: 99
[2016-11-20 01:46:58,312] [INFO] [server.transmit] -> request(317): 504f5354090909092f20485454502f312e310d0a486f73743a203132372e302e302e313a383038380d0a557365722d416765 ...
[2016-11-20 01:46:59,243] [INFO] [base._test_info] -> Current test: 100
[2016-11-20 01:46:59,246] [INFO] [server.transmit] -> request(317): 504f5354212121212f20485454502f312e310d0a486f73743a203132372e302e302e313a383038380d0a557365722d416765 ...
[2016-11-20 01:47:00,176] [INFO] [base._test_info] -> Current test: 101
[2016-11-20 01:47:00,180] [INFO] [server.transmit] -> request(317): 504f5354404040402f20485454502f312e310d0a486f73743a203132372e302e302e313a383038380d0a557365722d416765 ...
[2016-11-20 01:47:01,126] [INFO] [base._test_info] -> Current test: 102
[2016-11-20 01:47:01,129] [INFO] [server.transmit] -> request(317): 504f5354232323232f20485454502f312e310d0a486f73743a203132372e302e302e313a383038380d0a557365722d416765 ...
[2016-11-20 01:47:02,058] [INFO] [base._test_info] -> Current test: 103
[2016-11-20 01:47:02,060] [INFO] [server.transmit] -> request(317): 504f5354242424242f20485454502f312e310d0a486f73743a203132372e302e302e313a383038380d0a557365722d416765 ...
[2016-11-20 01:47:03,003] [INFO] [base._test_info] -> Current test: 104
[2016-11-20 01:47:03,006] [INFO] [server.transmit] -> request(317): 504f5354252525252f20485454502f312e310d0a486f73743a203132372e302e302e313a383038380d0a557365722d416765 ...
[2016-11-20 01:47:03,936] [INFO] [base._test_info] -> Current test: 105
[2016-11-20 01:47:03,943] [INFO] [server.transmit] -> request(317): 504f53545e5e5e5e2f20485454502f312e310d0a486f73743a203132372e302e302e313a383038380d0a557365722d416765 ...
[2016-11-20 01:47:04,878] [INFO] [base._test_info] -> Current test: 106
[2016-11-20 01:47:04,883] [INFO] [server.transmit] -> request(317): 504f5354262626262f20485454502f312e310d0a486f73743a203132372e302e302e313a383038380d0a557365722d416765 ...
[2016-11-20 01:47:05,815] [INFO] [base._test_info] -> Current test: 107
[2016-11-20 01:47:05,821] [INFO] [server.transmit] -> request(317): 504f53542a2a2a2a2f20485454502f312e310d0a486f73743a203132372e302e302e313a383038380d0a557365722d416765 ...
[2016-11-20 01:47:06,763] [INFO] [base._test_info] -> Current test: 108
[2016-11-20 01:47:06,772] [INFO] [server.transmit] -> request(317): 504f5354282828282f20485454502f312e310d0a486f73743a203132372e302e302e313a383038380d0a557365722d416765 ...
[2016-11-20 01:47:07,709] [INFO] [base._test_info] -> Current test: 109
[2016-11-20 01:47:07,715] [INFO] [server.transmit] -> request(317): 504f5354292929292f20485454502f312e310d0a486f73743a203132372e302e302e313a383038380d0a557365722d416765 ...
[2016-11-20 01:47:08,668] [INFO] [base._test_info] -> Current test: 110
[2016-11-20 01:47:08,671] [INFO] [server.transmit] -> request(317): 504f53542d2d2d2d2f20485454502f312e310d0a486f73743a203132372e302e302e313a383038380d0a557365722d416765 ...
[2016-11-20 01:47:09,598] [INFO] [base._test_info] -> Current test: 111
[2016-11-20 01:47:09,600] [INFO] [server.transmit] -> request(317): 504f53545f5f5f5f2f20485454502f312e310d0a486f73743a203132372e302e302e313a383038380d0a557365722d416765 ...
[2016-11-20 01:47:10,530] [INFO] [base._test_info] -> Current test: 112
[2016-11-20 01:47:10,533] [INFO] [server.transmit] -> request(317): 504f53542b2b2b2b2f20485454502f312e310d0a486f73743a203132372e302e302e313a383038380d0a557365722d416765 ...
[2016-11-20 01:47:11,471] [INFO] [base._test_info] -> Current test: 113
[2016-11-20 01:47:11,473] [INFO] [server.transmit] -> request(317): 504f53543d3d3d3d2f20485454502f312e310d0a486f73743a203132372e302e302e313a383038380d0a557365722d416765 ...
[2016-11-20 01:47:12,423] [INFO] [base._test_info] -> Current test: 114
[2016-11-20 01:47:12,427] [INFO] [server.transmit] -> request(317): 504f53543a3a3a3a2f20485454502f312e310d0a486f73743a203132372e302e302e313a383038380d0a557365722d416765 ...
[2016-11-20 01:47:13,361] [INFO] [base._test_info] -> Current test: 115
[2016-11-20 01:47:13,365] [INFO] [server.transmit] -> request(317): 504f53543b3b3b3b2f20485454502f312e310d0a486f73743a203132372e302e302e313a383038380d0a557365722d416765 ...
[2016-11-20 01:47:14,305] [INFO] [base._test_info] -> Current test: 116
[2016-11-20 01:47:14,309] [INFO] [server.transmit] -> request(317): 504f5354272727272f20485454502f312e310d0a486f73743a203132372e302e302e313a383038380d0a557365722d416765 ...
[2016-11-20 01:47:15,260] [INFO] [base._test_info] -> Current test: 117
[2016-11-20 01:47:15,263] [INFO] [server.transmit] -> request(317): 504f5354222222222f20485454502f312e310d0a486f73743a203132372e302e302e313a383038380d0a557365722d416765 ...
[2016-11-20 01:47:16,201] [INFO] [base._test_info] -> Current test: 118
[2016-11-20 01:47:16,206] [INFO] [server.transmit] -> request(317): 504f53542f2f2f2f2f20485454502f312e310d0a486f73743a203132372e302e302e313a383038380d0a557365722d416765 ...
[2016-11-20 01:47:17,153] [INFO] [base._test_info] -> Current test: 119
[2016-11-20 01:47:17,156] [INFO] [server.transmit] -> request(317): 504f53545c5c5c5c2f20485454502f312e310d0a486f73743a203132372e302e302e313a383038380d0a557365722d416765 ...
[2016-11-20 01:47:18,089] [INFO] [base._test_info] -> Current test: 120
[2016-11-20 01:47:18,095] [INFO] [server.transmit] -> request(317): 504f53543f3f3f3f2f20485454502f312e310d0a486f73743a203132372e302e302e313a383038380d0a557365722d416765 ...
[2016-11-20 01:47:19,044] [INFO] [base._test_info] -> Current test: 121
[2016-11-20 01:47:19,048] [INFO] [server.transmit] -> request(317): 504f53543c3c3c3c2f20485454502f312e310d0a486f73743a203132372e302e302e313a383038380d0a557365722d416765 ...
[2016-11-20 01:47:19,981] [INFO] [base._test_info] -> Current test: 122
[2016-11-20 01:47:19,983] [INFO] [server.transmit] -> request(317): 504f53543e3e3e3e2f20485454502f312e310d0a486f73743a203132372e302e302e313a383038380d0a557365722d416765 ...
[2016-11-20 01:47:20,911] [INFO] [base._test_info] -> Current test: 123
[2016-11-20 01:47:20,913] [INFO] [server.transmit] -> request(317): 504f53542e2e2e2e2f20485454502f312e310d0a486f73743a203132372e302e302e313a383038380d0a557365722d416765 ...
[2016-11-20 01:47:21,843] [INFO] [base._test_info] -> Current test: 124
[2016-11-20 01:47:21,848] [INFO] [server.transmit] -> request(317): 504f53542c2c2c2c2f20485454502f312e310d0a486f73743a203132372e302e302e313a383038380d0a557365722d416765 ...
[2016-11-20 01:47:22,776] [INFO] [base._test_info] -> Current test: 125
[2016-11-20 01:47:22,780] [INFO] [server.transmit] -> request(317): 504f53540d0d0d0d2f20485454502f312e310d0a486f73743a203132372e302e302e313a383038380d0a557365722d416765 ...
[2016-11-20 01:47:23,708] [INFO] [base._test_info] -> Current test: 126
[2016-11-20 01:47:23,711] [INFO] [server.transmit] -> request(317): 504f53540a0a0a0a2f20485454502f312e310d0a486f73743a203132372e302e302e313a383038380d0a557365722d416765 ...
[2016-11-20 01:47:24,647] [INFO] [base._test_info] -> Current test: 127
[2016-11-20 01:47:24,650] [INFO] [server.transmit] -> request(329): 504f53540d0a0d0a0d0a0d0a0d0a0d0a0d0a0d0a2f20485454502f312e310d0a486f73743a203132372e302e302e313a3830 ...
[2016-11-20 01:47:25,591] [INFO] [base._test_info] -> Current test: 128
[2016-11-20 01:47:25,596] [INFO] [server.transmit] -> request(337): 504f5354090d0a090d0a090d0a090d0a090d0a090d0a090d0a090d0a2f20485454502f312e310d0a486f73743a203132372e ...
[2016-11-20 01:47:26,538] [INFO] [base._test_info] -> Current test: 129
[2016-11-20 01:47:26,541] [INFO] [server.transmit] -> request(313): 504f53542f20485454502f312e310d0a486f73743a203132372e302e302e313a383038380d0a557365722d4167656e743a20 ...
[2016-11-20 01:47:27,471] [INFO] [base._test_info] -> Current test: 130
[2016-11-20 01:47:27,474] [INFO] [server.transmit] -> request(315): 504f5354202f2f20485454502f312e310d0a486f73743a203132372e302e302e313a383038380d0a557365722d4167656e74 ...
[2016-11-20 01:47:28,404] [INFO] [base._test_info] -> Current test: 131
[2016-11-20 01:47:28,407] [INFO] [server.transmit] -> request(323): 504f5354202f2f2f2f2f2f2f2f2f2f20485454502f312e310d0a486f73743a203132372e302e302e313a383038380d0a5573 ...
[2016-11-20 01:47:29,338] [INFO] [base._test_info] -> Current test: 132
[2016-11-20 01:47:29,341] [INFO] [server.transmit] -> request(413): 504f5354202f2f2f2f2f2f2f2f2f2f2f2f2f2f2f2f2f2f2f2f2f2f2f2f2f2f2f2f2f2f2f2f2f2f2f2f2f2f2f2f2f2f2f2f2f ...
[2016-11-20 01:47:30,272] [INFO] [base._test_info] -> Current test: 133
[2016-11-20 01:47:30,275] [INFO] [server.transmit] -> request(315): 504f5354202ffe20485454502f312e310d0a486f73743a203132372e302e302e313a383038380d0a557365722d4167656e74 ...
[2016-11-20 01:47:31,221] [INFO] [base._test_info] -> Current test: 136
[2016-11-20 01:47:31,227] [INFO] [server.transmit] -> request(315): 504f5354202f0020485454502f312e310d0a486f73743a203132372e302e302e313a383038380d0a557365722d4167656e74 ...
[2016-11-20 01:47:32,167] [INFO] [base._test_info] -> Current test: 137
[2016-11-20 01:47:32,171] [INFO] [server.transmit] -> request(313): 504f53542020485454502f312e310d0a486f73743a203132372e302e302e313a383038380d0a557365722d4167656e743a20 ...
[2016-11-20 01:47:33,111] [INFO] [base._test_info] -> Current test: 138
[2016-11-20 01:47:33,115] [INFO] [server.transmit] -> request(2361): 504f535420257325732573257325732573257325732573257325732573257325732573257325732573257325732573257325 ...
[2016-11-20 01:47:34,051] [INFO] [base._test_info] -> Current test: 139
[2016-11-20 01:47:34,053] [INFO] [server.transmit] -> request(569): 504f535420257325732573257325732573257325732573257325732573257325732573257325732573257325732573257325 ...
[2016-11-20 01:47:35,010] [INFO] [base._test_info] -> Current test: 140
[2016-11-20 01:47:35,012] [INFO] [server.transmit] -> request(345): 504f535420257325732573257325732573257325732573257325732573257325732573257320485454502f312e310d0a486f ...
[2016-11-20 01:47:35,940] [INFO] [base._test_info] -> Current test: 141
[2016-11-20 01:47:35,943] [INFO] [server.transmit] -> request(317): 504f5354202573257320485454502f312e310d0a486f73743a203132372e302e302e313a383038380d0a557365722d416765 ...
[2016-11-20 01:47:36,886] [INFO] [base._test_info] -> Current test: 142
[2016-11-20 01:47:36,889] [INFO] [server.transmit] -> request(3385): 504f535420252573252573252573252573252573252573252573252573252573252573252573252573252573252573252573 ...
[2016-11-20 01:47:37,824] [INFO] [base._test_info] -> Current test: 143
[2016-11-20 01:47:37,827] [INFO] [server.transmit] -> request(697): 504f535420252573252573252573252573252573252573252573252573252573252573252573252573252573252573252573 ...
[2016-11-20 01:47:38,758] [INFO] [base._test_info] -> Current test: 144
[2016-11-20 01:47:38,763] [INFO] [server.transmit] -> request(361): 504f535420252573252573252573252573252573252573252573252573252573252573252573252573252573252573252573 ...
[2016-11-20 01:47:39,702] [INFO] [base._test_info] -> Current test: 145
[2016-11-20 01:47:39,704] [INFO] [server.transmit] -> request(319): 504f53542025257325257320485454502f312e310d0a486f73743a203132372e302e302e313a383038380d0a557365722d41 ...
[2016-11-20 01:47:40,656] [INFO] [base._test_info] -> Current test: 146
[2016-11-20 01:47:40,660] [INFO] [server.transmit] -> request(4409): 504f535420222573222225732222257322222573222225732222257322222573222225732222257322222573222225732222 ...
[2016-11-20 01:47:41,618] [INFO] [base._test_info] -> Current test: 147
[2016-11-20 01:47:41,621] [INFO] [server.transmit] -> request(825): 504f535420222573222225732222257322222573222225732222257322222573222225732222257322222573222225732222 ...
[2016-11-20 01:47:42,568] [INFO] [base._test_info] -> Current test: 148
[2016-11-20 01:47:42,570] [INFO] [server.transmit] -> request(377): 504f535420222573222225732222257322222573222225732222257322222573222225732222257322222573222225732222 ...
[2016-11-20 01:47:43,512] [INFO] [base._test_info] -> Current test: 149
[2016-11-20 01:47:43,515] [INFO] [server.transmit] -> request(321): 504f535420222573222225732220485454502f312e310d0a486f73743a203132372e302e302e313a383038380d0a55736572 ...
[2016-11-20 01:47:44,450] [INFO] [base._test_info] -> Current test: 150
[2016-11-20 01:47:44,452] [INFO] [server.transmit] -> request(2361): 504f535420256e256e256e256e256e256e256e256e256e256e256e256e256e256e256e256e256e256e256e256e256e256e25 ...
[2016-11-20 01:47:45,383] [INFO] [base._test_info] -> Current test: 151
[2016-11-20 01:47:45,385] [INFO] [server.transmit] -> request(569): 504f535420256e256e256e256e256e256e256e256e256e256e256e256e256e256e256e256e256e256e256e256e256e256e25 ...
[2016-11-20 01:47:46,313] [INFO] [base._test_info] -> Current test: 152
[2016-11-20 01:47:46,315] [INFO] [server.transmit] -> request(345): 504f535420256e256e256e256e256e256e256e256e256e256e256e256e256e256e256e256e20485454502f312e310d0a486f ...
[2016-11-20 01:47:47,249] [INFO] [base._test_info] -> Current test: 153
[2016-11-20 01:47:47,252] [INFO] [server.transmit] -> request(317): 504f535420256e256e20485454502f312e310d0a486f73743a203132372e302e302e313a383038380d0a557365722d416765 ...
[2016-11-20 01:47:48,184] [INFO] [base._test_info] -> Current test: 154
[2016-11-20 01:47:48,185] [INFO] [server.transmit] -> request(3385): 504f53542025256e25256e25256e25256e25256e25256e25256e25256e25256e25256e25256e25256e25256e25256e25256e ...
[2016-11-20 01:47:49,115] [INFO] [base._test_info] -> Current test: 155
[2016-11-20 01:47:49,117] [INFO] [server.transmit] -> request(697): 504f53542025256e25256e25256e25256e25256e25256e25256e25256e25256e25256e25256e25256e25256e25256e25256e ...
[2016-11-20 01:47:50,044] [INFO] [base._test_info] -> Current test: 156
[2016-11-20 01:47:50,047] [INFO] [server.transmit] -> request(361): 504f53542025256e25256e25256e25256e25256e25256e25256e25256e25256e25256e25256e25256e25256e25256e25256e ...
[2016-11-20 01:47:50,980] [INFO] [base._test_info] -> Current test: 157
[2016-11-20 01:47:50,984] [INFO] [server.transmit] -> request(319): 504f53542025256e25256e20485454502f312e310d0a486f73743a203132372e302e302e313a383038380d0a557365722d41 ...
[2016-11-20 01:47:51,916] [INFO] [base._test_info] -> Current test: 158
[2016-11-20 01:47:51,919] [INFO] [server.transmit] -> request(4409): 504f53542022256e2222256e2222256e2222256e2222256e2222256e2222256e2222256e2222256e2222256e2222256e2222 ...
[2016-11-20 01:47:52,844] [INFO] [base._test_info] -> Current test: 159
[2016-11-20 01:47:52,848] [INFO] [server.transmit] -> request(825): 504f53542022256e2222256e2222256e2222256e2222256e2222256e2222256e2222256e2222256e2222256e2222256e2222 ...
[2016-11-20 01:47:53,806] [INFO] [base._test_info] -> Current test: 160
[2016-11-20 01:47:53,808] [INFO] [server.transmit] -> request(377): 504f53542022256e2222256e2222256e2222256e2222256e2222256e2222256e2222256e2222256e2222256e2222256e2222 ...
[2016-11-20 01:47:54,739] [INFO] [base._test_info] -> Current test: 161
[2016-11-20 01:47:54,743] [INFO] [server.transmit] -> request(321): 504f53542022256e2222256e2220485454502f312e310d0a486f73743a203132372e302e302e313a383038380d0a55736572 ...
[2016-11-20 01:47:55,674] [INFO] [base._test_info] -> Current test: 162
[2016-11-20 01:47:55,676] [INFO] [server.transmit] -> request(327): 504f535420252e31363730357525325c24686e20485454502f312e310d0a486f73743a203132372e302e302e313a38303838 ...
[2016-11-20 01:47:56,612] [INFO] [base._test_info] -> Current test: 163
[2016-11-20 01:47:56,615] [INFO] [server.transmit] -> request(2361): 504f5354200d0a0d0a0d0a0d0a0d0a0d0a0d0a0d0a0d0a0d0a0d0a0d0a0d0a0d0a0d0a0d0a0d0a0d0a0d0a0d0a0d0a0d0a0d ...
[2016-11-20 01:47:57,544] [INFO] [base._test_info] -> Current test: 164
[2016-11-20 01:47:57,549] [INFO] [server.transmit] -> request(569): 504f5354200d0a0d0a0d0a0d0a0d0a0d0a0d0a0d0a0d0a0d0a0d0a0d0a0d0a0d0a0d0a0d0a0d0a0d0a0d0a0d0a0d0a0d0a0d ...
[2016-11-20 01:47:58,507] [INFO] [base._test_info] -> Current test: 165
[2016-11-20 01:47:58,512] [INFO] [server.transmit] -> request(345): 504f5354200d0a0d0a0d0a0d0a0d0a0d0a0d0a0d0a0d0a0d0a0d0a0d0a0d0a0d0a0d0a0d0a20485454502f312e310d0a486f ...
[2016-11-20 01:47:59,450] [INFO] [base._test_info] -> Current test: 166
[2016-11-20 01:47:59,457] [INFO] [server.transmit] -> request(317): 504f5354200d0a0d0a20485454502f312e310d0a486f73743a203132372e302e302e313a383038380d0a557365722d416765 ...
[2016-11-20 01:48:00,399] [INFO] [base._test_info] -> Current test: 167
[2016-11-20 01:48:00,402] [INFO] [server.transmit] -> request(1337): 504f5354200a0a0a0a0a0a0a0a0a0a0a0a0a0a0a0a0a0a0a0a0a0a0a0a0a0a0a0a0a0a0a0a0a0a0a0a0a0a0a0a0a0a0a0a0a ...
[2016-11-20 01:48:01,336] [INFO] [base._test_info] -> Current test: 168
[2016-11-20 01:48:01,359] [INFO] [server.transmit] -> request(441): 504f5354200a0a0a0a0a0a0a0a0a0a0a0a0a0a0a0a0a0a0a0a0a0a0a0a0a0a0a0a0a0a0a0a0a0a0a0a0a0a0a0a0a0a0a0a0a ...
[2016-11-20 01:48:02,307] [INFO] [base._test_info] -> Current test: 169
[2016-11-20 01:48:02,311] [INFO] [server.transmit] -> request(329): 504f5354200a0a0a0a0a0a0a0a0a0a0a0a0a0a0a0a20485454502f312e310d0a486f73743a203132372e302e302e313a3830 ...
[2016-11-20 01:48:03,245] [INFO] [base._test_info] -> Current test: 170
[2016-11-20 01:48:03,248] [INFO] [server.transmit] -> request(315): 504f5354200a0a20485454502f312e310d0a486f73743a203132372e302e302e313a383038380d0a557365722d4167656e74 ...
[2016-11-20 01:48:04,188] [INFO] [base._test_info] -> Current test: 171
[2016-11-20 01:48:04,191] [INFO] [server.transmit] -> request(4409): 504f535420deadbeefdeadbeefdeadbeefdeadbeefdeadbeefdeadbeefdeadbeefdeadbeefdeadbeefdeadbeefdeadbeefde ...
[2016-11-20 01:48:05,126] [INFO] [base._test_info] -> Current test: 172
[2016-11-20 01:48:05,129] [INFO] [server.transmit] -> request(825): 504f535420deadbeefdeadbeefdeadbeefdeadbeefdeadbeefdeadbeefdeadbeefdeadbeefdeadbeefdeadbeefdeadbeefde ...
[2016-11-20 01:48:06,060] [INFO] [base._test_info] -> Current test: 173
[2016-11-20 01:48:06,062] [INFO] [server.transmit] -> request(377): 504f535420deadbeefdeadbeefdeadbeefdeadbeefdeadbeefdeadbeefdeadbeefdeadbeefdeadbeefdeadbeefdeadbeefde ...
[2016-11-20 01:48:07,034] [INFO] [base._test_info] -> Current test: 174
[2016-11-20 01:48:07,039] [INFO] [server.transmit] -> request(321): 504f535420deadbeefdeadbeef20485454502f312e310d0a486f73743a203132372e302e302e313a383038380d0a55736572 ...
[2016-11-20 01:48:07,983] [INFO] [base._test_info] -> Current test: 175
[2016-11-20 01:48:07,989] [INFO] [server.transmit] -> request(330): 504f5354207c746f756368202f746d702f4b4954545920485454502f312e310d0a486f73743a203132372e302e302e313a38 ...
[2016-11-20 01:48:08,932] [INFO] [base._test_info] -> Current test: 176
[2016-11-20 01:48:08,935] [INFO] [server.transmit] -> request(331): 504f5354203b746f756368202f746d702f4b495454593b20485454502f312e310d0a486f73743a203132372e302e302e313a ...
[2016-11-20 01:48:09,870] [INFO] [base._test_info] -> Current test: 177
[2016-11-20 01:48:09,873] [INFO] [server.transmit] -> request(327): 504f5354203b6c733e2f746d702f4b4954545920485454502f312e310d0a486f73743a203132372e302e302e313a38303838 ...
[2016-11-20 01:48:10,819] [INFO] [base._test_info] -> Current test: 178
[2016-11-20 01:48:10,823] [INFO] [server.transmit] -> request(342): 504f535420223b6c733e2f746d702f4b495454593b6c733e2f6465762f6e756c6c2220485454502f312e310d0a486f73743a ...
[2016-11-20 01:48:11,757] [INFO] [base._test_info] -> Current test: 179
[2016-11-20 01:48:11,764] [INFO] [server.transmit] -> request(343): 504f535420273b6c733e2f746d702f4b495454593b6c733e272f6465762f6e756c6c2720485454502f312e310d0a486f7374 ...
[2016-11-20 01:48:12,704] [INFO] [base._test_info] -> Current test: 180
[2016-11-20 01:48:12,707] [INFO] [server.transmit] -> request(328): 504f535420606c733e2f746d702f4b495454596020485454502f312e310d0a486f73743a203132372e302e302e313a383038 ...
[2016-11-20 01:48:13,638] [INFO] [base._test_info] -> Current test: 181
[2016-11-20 01:48:13,641] [INFO] [server.transmit] -> request(329): 504f53542020606c733e2f746d702f4b495454596020485454502f312e310d0a486f73743a203132372e302e302e313a3830 ...
[2016-11-20 01:48:14,573] [INFO] [base._test_info] -> Current test: 182
[2016-11-20 01:48:14,577] [INFO] [server.transmit] -> request(321): 504f5354207c6e6f746570616420485454502f312e310d0a486f73743a203132372e302e302e313a383038380d0a55736572 ...
[2016-11-20 01:48:15,514] [INFO] [base._test_info] -> Current test: 183
[2016-11-20 01:48:15,517] [INFO] [server.transmit] -> request(322): 504f5354203b6e6f74657061643b20485454502f312e310d0a486f73743a203132372e302e302e313a383038380d0a557365 ...
[2016-11-20 01:48:16,448] [INFO] [base._test_info] -> Current test: 184
[2016-11-20 01:48:16,450] [INFO] [server.transmit] -> request(322): 504f5354200a6e6f74657061640a20485454502f312e310d0a486f73743a203132372e302e302e313a383038380d0a557365 ...
[2016-11-20 01:48:17,387] [INFO] [base._test_info] -> Current test: 185
[2016-11-20 01:48:17,389] [INFO] [server.transmit] -> request(324): 504f53542027206f7220313d31202d2d20485454502f312e310d0a486f73743a203132372e302e302e313a383038380d0a55 ...
[2016-11-20 01:48:18,320] [INFO] [base._test_info] -> Current test: 186
[2016-11-20 01:48:18,323] [INFO] [server.transmit] -> request(330): 504f535420273b20646573632075736572733b202d2d20485454502f312e310d0a486f73743a203132372e302e302e313a38 ...
[2016-11-20 01:48:19,260] [INFO] [base._test_info] -> Current test: 187
[2016-11-20 01:48:19,262] [INFO] [server.transmit] -> request(354): 504f53542027206f7220757365726e616d65206973206e6f74204e554c4c206f7220757365726e616d65203d202720485454 ...
[2016-11-20 01:48:20,197] [INFO] [base._test_info] -> Current test: 188
[2016-11-20 01:48:20,207] [INFO] [server.transmit] -> request(385): 504f5354203120756e696f6e20616c6c2073656c65637420312c322c332c342c352c362c6e616d652066726f6d207379736f ...
[2016-11-20 01:48:20,632] [INFO] [base._test_info] -> Current test: 189
[2016-11-20 01:48:20,640] [INFO] [server.transmit] -> request(324): 504f53542060206f72206031603d603120485454502f312e310d0a486f73743a203132372e302e302e313a383038380d0a55 ...
[2016-11-20 01:48:21,583] [INFO] [base._test_info] -> Current test: 190
[2016-11-20 01:48:21,587] [INFO] [server.transmit] -> request(324): 504f53542027206f72202731273d273120485454502f312e310d0a486f73743a203132372e302e302e313a383038380d0a55 ...
[2016-11-20 01:48:22,523] [INFO] [base._test_info] -> Current test: 191
[2016-11-20 01:48:22,533] [INFO] [server.transmit] -> request(315): 504f535420414120485454502f312e310d0a486f73743a203132372e302e302e313a383038380d0a557365722d4167656e74 ...
[2016-11-20 01:48:23,472] [INFO] [base._test_info] -> Current test: 192
[2016-11-20 01:48:23,475] [INFO] [server.transmit] -> request(323): 504f5354204141414141414141414120485454502f312e310d0a486f73743a203132372e302e302e313a383038380d0a5573 ...
[2016-11-20 01:48:24,404] [INFO] [base._test_info] -> Current test: 193
[2016-11-20 01:48:24,407] [INFO] [server.transmit] -> request(413): 504f535420414141414141414141414141414141414141414141414141414141414141414141414141414141414141414141 ...
[2016-11-20 01:48:25,358] [INFO] [base._test_info] -> Current test: 194
[2016-11-20 01:48:25,363] [INFO] [server.transmit] -> request(1313): 504f535420414141414141414141414141414141414141414141414141414141414141414141414141414141414141414141 ...
[2016-11-20 01:48:26,303] [INFO] [base._test_info] -> Current test: 195
[2016-11-20 01:48:26,306] [INFO] [server.transmit] -> request(5313): 504f535420414141414141414141414141414141414141414141414141414141414141414141414141414141414141414141 ...
[2016-11-20 01:48:27,243] [INFO] [base._test_info] -> Current test: 196
[2016-11-20 01:48:27,248] [INFO] [server.transmit] -> request(10313): 504f535420414141414141414141414141414141414141414141414141414141414141414141414141414141414141414141 ...
[2016-11-20 01:48:28,179] [INFO] [base._test_info] -> Current test: 197
[2016-11-20 01:48:28,183] [INFO] [server.transmit] -> request(324): 504f5354202f6574632f70617373776420485454502f312e310d0a486f73743a203132372e302e302e313a383038380d0a55 ...
[2016-11-20 01:48:29,124] [INFO] [base._test_info] -> Current test: 198
[2016-11-20 01:48:29,127] [INFO] [server.transmit] -> request(367): 504f5354202e2f2e2e2f2e2e2f2e2e2f2e2e2f2e2e2f2e2e2f2e2e2f2e2e2f2e2e2f2e2e2f2e2e2f2e2e2f2e2e2f2e2e2f65 ...
[2016-11-20 01:48:30,056] [INFO] [base._test_info] -> Current test: 199
[2016-11-20 01:48:30,059] [INFO] [server.transmit] -> request(365): 504f5354202e2e2f2e2e2f2e2e2f2e2e2f2e2e2f2e2e2f2e2e2f2e2e2f2e2e2f2e2e2f2e2e2f2e2e2f2e2e2f2e2e2f657463 ...
[2016-11-20 01:48:31,000] [INFO] [base._test_info] -> Current test: 200
[2016-11-20 01:48:31,003] [INFO] [server.transmit] -> request(326): 504f5354202f70726f632f637075696e666f20485454502f312e310d0a486f73743a203132372e302e302e313a383038380d ...
[2016-11-20 01:48:31,932] [INFO] [base._test_info] -> Current test: 201
[2016-11-20 01:48:31,935] [INFO] [server.transmit] -> request(369): 504f5354202e2f2e2e2f2e2e2f2e2e2f2e2e2f2e2e2f2e2e2f2e2e2f2e2e2f2e2e2f2e2e2f2e2e2f2e2e2f2e2e2f2e2e2f70 ...
[2016-11-20 01:48:32,878] [INFO] [base._test_info] -> Current test: 202
[2016-11-20 01:48:32,884] [INFO] [server.transmit] -> request(367): 504f5354202e2e2f2e2e2f2e2e2f2e2e2f2e2e2f2e2e2f2e2e2f2e2e2f2e2e2f2e2e2f2e2e2f2e2e2f2e2e2f2e2e2f70726f ...
[2016-11-20 01:48:33,833] [INFO] [base._test_info] -> Current test: 203
[2016-11-20 01:48:33,837] [INFO] [server.transmit] -> request(323): 504f5354207e2f2e70726f66696c6520485454502f312e310d0a486f73743a203132372e302e302e313a383038380d0a5573 ...
[2016-11-20 01:48:34,786] [INFO] [base._test_info] -> Current test: 204
[2016-11-20 01:48:34,789] [INFO] [server.transmit] -> request(327): 504f53542024484f4d452f2e70726f66696c6520485454502f312e310d0a486f73743a203132372e302e302e313a38303838 ...
[2016-11-20 01:48:35,717] [INFO] [base._test_info] -> Current test: 205
[2016-11-20 01:48:35,720] [INFO] [server.transmit] -> request(358): 504f5354202f2e2e2f2e2e2f2e2e2f2e2e2f2e2e2f2e2e2f2e2e2f2e2e2f2e2e2f2e2e2f2e2e2f2e2e2f626f6f742e696e69 ...
[2016-11-20 01:48:36,659] [INFO] [base._test_info] -> Current test: 206
[2016-11-20 01:48:36,666] [INFO] [server.transmit] -> request(1337): 504f5354202f5c2f5c2f5c2f5c2f5c2f5c2f5c2f5c2f5c2f5c2f5c2f5c2f5c2f5c2f5c2f5c2f5c2f5c2f5c2f5c2f5c2f5c2f ...
[2016-11-20 01:48:37,609] [INFO] [base._test_info] -> Current test: 207
[2016-11-20 01:48:37,616] [INFO] [server.transmit] -> request(441): 504f5354202f5c2f5c2f5c2f5c2f5c2f5c2f5c2f5c2f5c2f5c2f5c2f5c2f5c2f5c2f5c2f5c2f5c2f5c2f5c2f5c2f5c2f5c2f ...
[2016-11-20 01:48:38,578] [INFO] [base._test_info] -> Current test: 208
[2016-11-20 01:48:38,582] [INFO] [server.transmit] -> request(329): 504f5354202f5c2f5c2f5c2f5c2f5c2f5c2f5c2f5c20485454502f312e310d0a486f73743a203132372e302e302e313a3830 ...
[2016-11-20 01:48:39,512] [INFO] [base._test_info] -> Current test: 209
[2016-11-20 01:48:39,515] [INFO] [server.transmit] -> request(1337): 504f5354202f2e2f2e2f2e2f2e2f2e2f2e2f2e2f2e2f2e2f2e2f2e2f2e2f2e2f2e2f2e2f2e2f2e2f2e2f2e2f2e2f2e2f2e2f ...
[2016-11-20 01:48:40,442] [INFO] [base._test_info] -> Current test: 210
[2016-11-20 01:48:40,451] [INFO] [server.transmit] -> request(441): 504f5354202f2e2f2e2f2e2f2e2f2e2f2e2f2e2f2e2f2e2f2e2f2e2f2e2f2e2f2e2f2e2f2e2f2e2f2e2f2e2f2e2f2e2f2e2f ...
[2016-11-20 01:48:41,384] [INFO] [base._test_info] -> Current test: 211
[2016-11-20 01:48:41,390] [INFO] [server.transmit] -> request(329): 504f5354202f2e2f2e2f2e2f2e2f2e2f2e2f2e2f2e20485454502f312e310d0a486f73743a203132372e302e302e313a3830 ...
[2016-11-20 01:48:42,332] [INFO] [base._test_info] -> Current test: 212
[2016-11-20 01:48:42,335] [INFO] [server.transmit] -> request(342): 504f5354202140232425255e2324252324402324252424402324255e5e2a2a28282920485454502f312e310d0a486f73743a ...
[2016-11-20 01:48:43,276] [INFO] [base._test_info] -> Current test: 213
[2016-11-20 01:48:43,279] [INFO] [server.transmit] -> request(338): 504f5354202530312530322530332530342530612530642530614144534620485454502f312e310d0a486f73743a20313237 ...
[2016-11-20 01:48:44,225] [INFO] [base._test_info] -> Current test: 214
[2016-11-20 01:48:44,235] [INFO] [server.transmit] -> request(339): 504f535420253031253032253033402530342530612530642530614144534620485454502f312e310d0a486f73743a203132 ...
[2016-11-20 01:48:45,172] [INFO] [base._test_info] -> Current test: 215
[2016-11-20 01:48:45,177] [INFO] [server.transmit] -> request(318): 504f5354202f2530302f20485454502f312e310d0a486f73743a203132372e302e302e313a383038380d0a557365722d4167 ...
[2016-11-20 01:48:46,104] [INFO] [base._test_info] -> Current test: 216
[2016-11-20 01:48:46,107] [INFO] [server.transmit] -> request(317): 504f5354202530302f20485454502f312e310d0a486f73743a203132372e302e302e313a383038380d0a557365722d416765 ...
[2016-11-20 01:48:47,034] [INFO] [base._test_info] -> Current test: 217
[2016-11-20 01:48:47,041] [INFO] [server.transmit] -> request(316): 504f53542025303020485454502f312e310d0a486f73743a203132372e302e302e313a383038380d0a557365722d4167656e ...
[2016-11-20 01:48:47,976] [INFO] [base._test_info] -> Current test: 218
[2016-11-20 01:48:47,979] [INFO] [server.transmit] -> request(319): 504f53542025753030303020485454502f312e310d0a486f73743a203132372e302e302e313a383038380d0a557365722d41 ...
[2016-11-20 01:48:48,910] [INFO] [base._test_info] -> Current test: 219
[2016-11-20 01:48:48,915] [INFO] [server.transmit] -> request(505): 504f53542025fef02501ff25fef02501ff25fef02501ff25fef02501ff25fef02501ff25fef02501ff25fef02501ff25fef0 ...
[2016-11-20 01:48:49,853] [INFO] [base._test_info] -> Current test: 220
[2016-11-20 01:48:49,856] [INFO] [server.transmit] -> request(337): 504f53542025fef02501ff25fef02501ff25fef02501ff25fef02501ff20485454502f312e310d0a486f73743a203132372e ...
[2016-11-20 01:48:50,789] [INFO] [base._test_info] -> Current test: 221
[2016-11-20 01:48:50,793] [INFO] [server.transmit] -> request(315): 504f5354202f2020485454502f312e310d0a486f73743a203132372e302e302e313a383038380d0a557365722d4167656e74 ...
[2016-11-20 01:48:51,734] [INFO] [base._test_info] -> Current test: 222
[2016-11-20 01:48:51,737] [INFO] [server.transmit] -> request(323): 504f5354202f20202020202020202020485454502f312e310d0a486f73743a203132372e302e302e313a383038380d0a5573 ...
[2016-11-20 01:48:52,687] [INFO] [base._test_info] -> Current test: 223
[2016-11-20 01:48:52,693] [INFO] [server.transmit] -> request(413): 504f5354202f2020202020202020202020202020202020202020202020202020202020202020202020202020202020202020 ...
[2016-11-20 01:48:52,840] [ERROR] [server._start] -> Error occurred while fuzzing: AttributeError("'WebInterface' object has no attribute '_server'",)
[2016-11-20 01:48:52,908] [ERROR] [server._start] -> Traceback (most recent call last):
  File "/usr/local/lib/python2.7/dist-packages/kitty/fuzzers/server.py", line 43, in _start
    self._run_sequence(sequence)
  File "/usr/local/lib/python2.7/dist-packages/kitty/fuzzers/server.py", line 75, in _run_sequence
    return self._post_test()
  File "/usr/local/lib/python2.7/dist-packages/kitty/fuzzers/base.py", line 339, in _post_test
    self.target.post_test(self.model.current_index())
  File "/usr/local/lib/python2.7/dist-packages/katnip/targets/tcp.py", line 80, in post_test
    super(TcpTarget, self).post_test(test_num)
  File "/usr/local/lib/python2.7/dist-packages/kitty/targets/server.py", line 128, in post_test
    super(ServerTarget, self).post_test(test_num)
  File "/usr/local/lib/python2.7/dist-packages/kitty/targets/base.py", line 92, in post_test
    self.controller.post_test()
  File "./fuzzy.py", line 113, in post_test
    self._stop_process()
  File "./fuzzy.py", line 141, in _stop_process
    time.sleep(0.5)
  File "/usr/local/lib/python2.7/dist-packages/kitty/fuzzers/base.py", line 504, in _exit_now
    self.stop()
  File "/usr/local/lib/python2.7/dist-packages/kitty/fuzzers/base.py", line 440, in stop
    self.user_interface.stop()
  File "/usr/local/lib/python2.7/dist-packages/kitty/interfaces/base.py", line 101, in stop
    self._stop()
  File "/usr/local/lib/python2.7/dist-packages/kitty/interfaces/web.py", line 297, in _stop
    self._server.shutdown()
AttributeError: 'WebInterface' object has no attribute '_server'

[2016-11-20 01:48:52,908] [INFO] [base._end_message] -> 
                         --------------------------------------------------
                         Finished fuzzing session
                         Target: TcpTarget

                         Tested 224 mutations
                         Mutation range: 0 to 223
                         Failure count: 0
                         --------------------------------------------------
            
