[2016-11-18 14:54:36,576] [INFO] [base._load_session] -> No session loaded
[2016-11-18 14:54:36,577] [INFO] [graph.hash] -> hash of template HTTP_TRACE_REQUEST_BASIC is -2300547179038490247
[2016-11-18 14:54:36,577] [INFO] [graph.hash] -> hash of model is 854416193923211991
[2016-11-18 14:54:36,578] [INFO] [base._start_message] -> 
                 --------------------------------------------------
                 Starting fuzzing session
                 Target: TcpTarget
                 UI: WebInterface listening on 0.0.0.0:26000
                 Log: ./kittylogs/kitty_20161118-145436.log

                 Total possible mutation count: 260
                 Fuzzing the mutation range: 0 to 259
                 --------------------------------------------------
                                 Happy hacking
                 --------------------------------------------------
            
[2016-11-18 14:54:36,578] [INFO] [base.start] -> Performing environment test
[2016-11-18 14:54:36,583] [INFO] [base._test_info] -> Current test: -1
[2016-11-18 14:54:36,584] [INFO] [server.transmit] -> request(228): 5452414345202f20485454502f312e310d0a486f73743a203132372e302e302e313a383038380d0a557365722d4167656e74 ...
[2016-11-18 14:54:37,087] [INFO] [server._start] -> should keep running? True
[2016-11-18 14:54:37,101] [INFO] [base._test_info] -> Current test: 0
[2016-11-18 14:54:37,102] [INFO] [server.transmit] -> request(233): 5452414345202f20485454502f312e310d0a486f73743a486f73743a203132372e302e302e313a383038380d0a557365722d ...
[2016-11-18 14:54:38,025] [INFO] [base._test_info] -> Current test: 1
[2016-11-18 14:54:38,027] [INFO] [server.transmit] -> request(273): 5452414345202f20485454502f312e310d0a486f73743a486f73743a486f73743a486f73743a486f73743a486f73743a486f ...
[2016-11-18 14:54:38,948] [INFO] [base._test_info] -> Current test: 2
[2016-11-18 14:54:38,949] [INFO] [server.transmit] -> request(723): 5452414345202f20485454502f312e310d0a486f73743a486f73743a486f73743a486f73743a486f73743a486f73743a486f ...
[2016-11-18 14:54:39,869] [INFO] [base._test_info] -> Current test: 3
[2016-11-18 14:54:39,873] [INFO] [server.transmit] -> request(229): 5452414345202f20485454502f312e310d0a486f73743afe203132372e302e302e313a383038380d0a557365722d4167656e ...
