[2016-11-18 14:26:17,640] [INFO] [base._load_session] -> No session loaded
[2016-11-18 14:26:17,641] [INFO] [graph.hash] -> hash of template HTTP_GET_REQUEST_BYTE_RANGE is 1094000354876234859
[2016-11-18 14:26:17,642] [INFO] [graph.hash] -> hash of model is 1281759480634107568
[2016-11-18 14:26:17,643] [INFO] [base._start_message] -> 
                 --------------------------------------------------
                 Starting fuzzing session
                 Target: TcpTarget
                 UI: WebInterface listening on 0.0.0.0:26000
                 Log: ./kittylogs/kitty_20161118-142617.log

                 Total possible mutation count: 343
                 Fuzzing the mutation range: 0 to 342
                 --------------------------------------------------
                                 Happy hacking
                 --------------------------------------------------
            
[2016-11-18 14:26:17,643] [INFO] [base.start] -> Performing environment test
[2016-11-18 14:26:17,649] [INFO] [base._test_info] -> Current test: -1
[2016-11-18 14:26:17,654] [INFO] [server.transmit] -> request(264): 474554202f6170616368655f70622e6769660d0a486f73743a203132372e302e302e313a383038380d0a557365722d416765 ...
[2016-11-18 14:26:17,654] [INFO] [server._start] -> should keep running? True
[2016-11-18 14:26:17,659] [INFO] [base._test_info] -> Current test: 0
[2016-11-18 14:26:17,661] [INFO] [server.transmit] -> request(278): 474554202f6170616368655f70622e6769662f6170616368655f70622e6769660d0a486f73743a203132372e302e302e313a ...
[2016-11-18 14:26:18,070] [INFO] [base._test_info] -> Current test: 1
[2016-11-18 14:26:18,071] [INFO] [server.transmit] -> request(390): 474554202f6170616368655f70622e6769662f6170616368655f70622e6769662f6170616368655f70622e6769662f617061 ...
[2016-11-18 14:26:18,476] [INFO] [base._test_info] -> Current test: 2
[2016-11-18 14:26:18,477] [INFO] [server.transmit] -> request(1650): 474554202f6170616368655f70622e6769662f6170616368655f70622e6769662f6170616368655f70622e6769662f617061 ...
[2016-11-18 14:26:19,385] [INFO] [base._test_info] -> Current test: 3
[2016-11-18 14:26:19,385] [INFO] [server.transmit] -> request(265): 474554202f6170616368655f70622e676966fe0d0a486f73743a203132372e302e302e313a383038380d0a557365722d4167 ...
[2016-11-18 14:26:20,292] [INFO] [base._test_info] -> Current test: 4
[2016-11-18 14:26:20,293] [INFO] [server.transmit] -> request(265): 47455420002f6170616368655f70622e6769660d0a486f73743a203132372e302e302e313a383038380d0a557365722d4167 ...
[2016-11-18 14:26:21,201] [INFO] [base._test_info] -> Current test: 5
[2016-11-18 14:26:21,202] [INFO] [server.transmit] -> request(265): 474554202f617061636865005f70622e6769660d0a486f73743a203132372e302e302e313a383038380d0a557365722d4167 ...
[2016-11-18 14:26:22,110] [INFO] [base._test_info] -> Current test: 6
[2016-11-18 14:26:22,110] [INFO] [server.transmit] -> request(265): 474554202f6170616368655f70622e676966000d0a486f73743a203132372e302e302e313a383038380d0a557365722d4167 ...
[2016-11-18 14:26:23,017] [INFO] [base._test_info] -> Current test: 7
[2016-11-18 14:26:23,017] [INFO] [server.transmit] -> request(250): 474554200d0a486f73743a203132372e302e302e313a383038380d0a557365722d4167656e743a204d6f7a696c6c612f352e ...
[2016-11-18 14:26:23,926] [INFO] [base._test_info] -> Current test: 8
[2016-11-18 14:26:23,926] [INFO] [server.transmit] -> request(2298): 4745542025732573257325732573257325732573257325732573257325732573257325732573257325732573257325732573 ...
[2016-11-18 14:26:24,833] [INFO] [base._test_info] -> Current test: 9
[2016-11-18 14:26:24,833] [INFO] [server.transmit] -> request(506): 4745542025732573257325732573257325732573257325732573257325732573257325732573257325732573257325732573 ...
[2016-11-18 14:26:25,740] [INFO] [base._test_info] -> Current test: 10
[2016-11-18 14:26:25,740] [INFO] [server.transmit] -> request(282): 4745542025732573257325732573257325732573257325732573257325732573257325730d0a486f73743a203132372e302e ...
[2016-11-18 14:26:26,646] [INFO] [base._test_info] -> Current test: 11
[2016-11-18 14:26:26,647] [INFO] [server.transmit] -> request(254): 47455420257325730d0a486f73743a203132372e302e302e313a383038380d0a557365722d4167656e743a204d6f7a696c6c ...
[2016-11-18 14:26:27,554] [INFO] [base._test_info] -> Current test: 12
[2016-11-18 14:26:27,554] [INFO] [server.transmit] -> request(3322): 4745542025257325257325257325257325257325257325257325257325257325257325257325257325257325257325257325 ...
[2016-11-18 14:26:28,461] [INFO] [base._test_info] -> Current test: 13
[2016-11-18 14:26:28,461] [INFO] [server.transmit] -> request(634): 4745542025257325257325257325257325257325257325257325257325257325257325257325257325257325257325257325 ...
[2016-11-18 14:26:29,369] [INFO] [base._test_info] -> Current test: 14
[2016-11-18 14:26:29,370] [INFO] [server.transmit] -> request(298): 4745542025257325257325257325257325257325257325257325257325257325257325257325257325257325257325257325 ...
[2016-11-18 14:26:30,278] [INFO] [base._test_info] -> Current test: 15
[2016-11-18 14:26:30,279] [INFO] [server.transmit] -> request(256): 474554202525732525730d0a486f73743a203132372e302e302e313a383038380d0a557365722d4167656e743a204d6f7a69 ...
[2016-11-18 14:26:31,186] [INFO] [base._test_info] -> Current test: 16
[2016-11-18 14:26:31,186] [INFO] [server.transmit] -> request(4346): 4745542022257322222573222225732222257322222573222225732222257322222573222225732222257322222573222225 ...
[2016-11-18 14:26:32,093] [INFO] [base._test_info] -> Current test: 17
[2016-11-18 14:26:32,094] [INFO] [server.transmit] -> request(762): 4745542022257322222573222225732222257322222573222225732222257322222573222225732222257322222573222225 ...
[2016-11-18 14:26:33,001] [INFO] [base._test_info] -> Current test: 18
[2016-11-18 14:26:33,001] [INFO] [server.transmit] -> request(314): 4745542022257322222573222225732222257322222573222225732222257322222573222225732222257322222573222225 ...
[2016-11-18 14:26:33,908] [INFO] [base._test_info] -> Current test: 19
[2016-11-18 14:26:33,909] [INFO] [server.transmit] -> request(258): 4745542022257322222573220d0a486f73743a203132372e302e302e313a383038380d0a557365722d4167656e743a204d6f ...
[2016-11-18 14:26:34,815] [INFO] [base._test_info] -> Current test: 20
[2016-11-18 14:26:34,816] [INFO] [server.transmit] -> request(2298): 47455420256e256e256e256e256e256e256e256e256e256e256e256e256e256e256e256e256e256e256e256e256e256e256e ...
[2016-11-18 14:26:35,723] [INFO] [base._test_info] -> Current test: 21
[2016-11-18 14:26:35,723] [INFO] [server.transmit] -> request(506): 47455420256e256e256e256e256e256e256e256e256e256e256e256e256e256e256e256e256e256e256e256e256e256e256e ...
[2016-11-18 14:26:36,630] [INFO] [base._test_info] -> Current test: 22
[2016-11-18 14:26:36,631] [INFO] [server.transmit] -> request(282): 47455420256e256e256e256e256e256e256e256e256e256e256e256e256e256e256e256e0d0a486f73743a203132372e302e ...
[2016-11-18 14:26:37,537] [INFO] [base._test_info] -> Current test: 23
[2016-11-18 14:26:37,538] [INFO] [server.transmit] -> request(254): 47455420256e256e0d0a486f73743a203132372e302e302e313a383038380d0a557365722d4167656e743a204d6f7a696c6c ...
[2016-11-18 14:26:38,445] [INFO] [base._test_info] -> Current test: 24
[2016-11-18 14:26:38,446] [INFO] [server.transmit] -> request(3322): 4745542025256e25256e25256e25256e25256e25256e25256e25256e25256e25256e25256e25256e25256e25256e25256e25 ...
[2016-11-18 14:26:39,352] [INFO] [base._test_info] -> Current test: 25
[2016-11-18 14:26:39,353] [INFO] [server.transmit] -> request(634): 4745542025256e25256e25256e25256e25256e25256e25256e25256e25256e25256e25256e25256e25256e25256e25256e25 ...
[2016-11-18 14:26:40,260] [INFO] [base._test_info] -> Current test: 26
[2016-11-18 14:26:40,261] [INFO] [server.transmit] -> request(298): 4745542025256e25256e25256e25256e25256e25256e25256e25256e25256e25256e25256e25256e25256e25256e25256e25 ...
[2016-11-18 14:26:41,169] [INFO] [base._test_info] -> Current test: 27
[2016-11-18 14:26:41,169] [INFO] [server.transmit] -> request(256): 4745542025256e25256e0d0a486f73743a203132372e302e302e313a383038380d0a557365722d4167656e743a204d6f7a69 ...
[2016-11-18 14:26:42,076] [INFO] [base._test_info] -> Current test: 28
[2016-11-18 14:26:42,077] [INFO] [server.transmit] -> request(4346): 4745542022256e2222256e2222256e2222256e2222256e2222256e2222256e2222256e2222256e2222256e2222256e222225 ...
[2016-11-18 14:26:42,986] [INFO] [base._test_info] -> Current test: 29
[2016-11-18 14:26:42,990] [INFO] [server.transmit] -> request(762): 4745542022256e2222256e2222256e2222256e2222256e2222256e2222256e2222256e2222256e2222256e2222256e222225 ...
[2016-11-18 14:26:43,395] [INFO] [base._test_info] -> Current test: 30
[2016-11-18 14:26:43,396] [INFO] [server.transmit] -> request(314): 4745542022256e2222256e2222256e2222256e2222256e2222256e2222256e2222256e2222256e2222256e2222256e222225 ...
[2016-11-18 14:26:44,302] [INFO] [base._test_info] -> Current test: 31
[2016-11-18 14:26:44,303] [INFO] [server.transmit] -> request(258): 4745542022256e2222256e220d0a486f73743a203132372e302e302e313a383038380d0a557365722d4167656e743a204d6f ...
[2016-11-18 14:26:45,209] [INFO] [base._test_info] -> Current test: 32
[2016-11-18 14:26:45,209] [INFO] [server.transmit] -> request(264): 47455420252e31363730357525325c24686e0d0a486f73743a203132372e302e302e313a383038380d0a557365722d416765 ...
[2016-11-18 14:26:46,117] [INFO] [base._test_info] -> Current test: 33
[2016-11-18 14:26:46,117] [INFO] [server.transmit] -> request(2298): 474554200d0a0d0a0d0a0d0a0d0a0d0a0d0a0d0a0d0a0d0a0d0a0d0a0d0a0d0a0d0a0d0a0d0a0d0a0d0a0d0a0d0a0d0a0d0a ...
[2016-11-18 14:26:47,025] [INFO] [base._test_info] -> Current test: 34
[2016-11-18 14:26:47,025] [INFO] [server.transmit] -> request(506): 474554200d0a0d0a0d0a0d0a0d0a0d0a0d0a0d0a0d0a0d0a0d0a0d0a0d0a0d0a0d0a0d0a0d0a0d0a0d0a0d0a0d0a0d0a0d0a ...
[2016-11-18 14:26:47,932] [INFO] [base._test_info] -> Current test: 35
[2016-11-18 14:26:47,933] [INFO] [server.transmit] -> request(282): 474554200d0a0d0a0d0a0d0a0d0a0d0a0d0a0d0a0d0a0d0a0d0a0d0a0d0a0d0a0d0a0d0a0d0a486f73743a203132372e302e ...
[2016-11-18 14:26:48,840] [INFO] [base._test_info] -> Current test: 36
[2016-11-18 14:26:48,841] [INFO] [server.transmit] -> request(254): 474554200d0a0d0a0d0a486f73743a203132372e302e302e313a383038380d0a557365722d4167656e743a204d6f7a696c6c ...
[2016-11-18 14:26:49,752] [INFO] [base._test_info] -> Current test: 37
[2016-11-18 14:26:49,753] [INFO] [server.transmit] -> request(1274): 474554200a0a0a0a0a0a0a0a0a0a0a0a0a0a0a0a0a0a0a0a0a0a0a0a0a0a0a0a0a0a0a0a0a0a0a0a0a0a0a0a0a0a0a0a0a0a ...
[2016-11-18 14:26:50,660] [INFO] [base._test_info] -> Current test: 38
[2016-11-18 14:26:50,661] [INFO] [server.transmit] -> request(378): 474554200a0a0a0a0a0a0a0a0a0a0a0a0a0a0a0a0a0a0a0a0a0a0a0a0a0a0a0a0a0a0a0a0a0a0a0a0a0a0a0a0a0a0a0a0a0a ...
[2016-11-18 14:26:51,567] [INFO] [base._test_info] -> Current test: 39
[2016-11-18 14:26:51,568] [INFO] [server.transmit] -> request(266): 474554200a0a0a0a0a0a0a0a0a0a0a0a0a0a0a0a0d0a486f73743a203132372e302e302e313a383038380d0a557365722d41 ...
[2016-11-18 14:26:52,475] [INFO] [base._test_info] -> Current test: 40
[2016-11-18 14:26:52,476] [INFO] [server.transmit] -> request(252): 474554200a0a0d0a486f73743a203132372e302e302e313a383038380d0a557365722d4167656e743a204d6f7a696c6c612f ...
[2016-11-18 14:26:53,383] [INFO] [base._test_info] -> Current test: 41
[2016-11-18 14:26:53,384] [INFO] [server.transmit] -> request(4346): 47455420deadbeefdeadbeefdeadbeefdeadbeefdeadbeefdeadbeefdeadbeefdeadbeefdeadbeefdeadbeefdeadbeefdead ...
[2016-11-18 14:26:54,291] [INFO] [base._test_info] -> Current test: 42
[2016-11-18 14:26:54,291] [INFO] [server.transmit] -> request(762): 47455420deadbeefdeadbeefdeadbeefdeadbeefdeadbeefdeadbeefdeadbeefdeadbeefdeadbeefdeadbeefdeadbeefdead ...
[2016-11-18 14:26:55,199] [INFO] [base._test_info] -> Current test: 43
[2016-11-18 14:26:55,200] [INFO] [server.transmit] -> request(314): 47455420deadbeefdeadbeefdeadbeefdeadbeefdeadbeefdeadbeefdeadbeefdeadbeefdeadbeefdeadbeefdeadbeefdead ...
[2016-11-18 14:26:56,106] [INFO] [base._test_info] -> Current test: 44
[2016-11-18 14:26:56,106] [INFO] [server.transmit] -> request(258): 47455420deadbeefdeadbeef0d0a486f73743a203132372e302e302e313a383038380d0a557365722d4167656e743a204d6f ...
[2016-11-18 14:26:57,013] [INFO] [base._test_info] -> Current test: 45
[2016-11-18 14:26:57,014] [INFO] [server.transmit] -> request(267): 474554207c746f756368202f746d702f4b495454590d0a486f73743a203132372e302e302e313a383038380d0a557365722d ...
[2016-11-18 14:26:57,921] [INFO] [base._test_info] -> Current test: 46
[2016-11-18 14:26:57,921] [INFO] [server.transmit] -> request(268): 474554203b746f756368202f746d702f4b495454593b0d0a486f73743a203132372e302e302e313a383038380d0a55736572 ...
[2016-11-18 14:26:58,828] [INFO] [base._test_info] -> Current test: 47
[2016-11-18 14:26:58,829] [INFO] [server.transmit] -> request(264): 474554203b6c733e2f746d702f4b495454590d0a486f73743a203132372e302e302e313a383038380d0a557365722d416765 ...
[2016-11-18 14:26:59,736] [INFO] [base._test_info] -> Current test: 48
[2016-11-18 14:26:59,736] [INFO] [server.transmit] -> request(279): 47455420223b6c733e2f746d702f4b495454593b6c733e2f6465762f6e756c6c220d0a486f73743a203132372e302e302e31 ...
[2016-11-18 14:27:00,643] [INFO] [base._test_info] -> Current test: 49
[2016-11-18 14:27:00,643] [INFO] [server.transmit] -> request(280): 47455420273b6c733e2f746d702f4b495454593b6c733e272f6465762f6e756c6c270d0a486f73743a203132372e302e302e ...
[2016-11-18 14:27:01,549] [INFO] [base._test_info] -> Current test: 50
[2016-11-18 14:27:01,550] [INFO] [server.transmit] -> request(265): 47455420606c733e2f746d702f4b49545459600d0a486f73743a203132372e302e302e313a383038380d0a557365722d4167 ...
[2016-11-18 14:27:02,457] [INFO] [base._test_info] -> Current test: 51
[2016-11-18 14:27:02,457] [INFO] [server.transmit] -> request(266): 4745542020606c733e2f746d702f4b49545459600d0a486f73743a203132372e302e302e313a383038380d0a557365722d41 ...
[2016-11-18 14:27:03,364] [INFO] [base._test_info] -> Current test: 52
[2016-11-18 14:27:03,365] [INFO] [server.transmit] -> request(258): 474554207c6e6f74657061640d0a486f73743a203132372e302e302e313a383038380d0a557365722d4167656e743a204d6f ...
[2016-11-18 14:27:04,272] [INFO] [base._test_info] -> Current test: 53
[2016-11-18 14:27:04,272] [INFO] [server.transmit] -> request(259): 474554203b6e6f74657061643b0d0a486f73743a203132372e302e302e313a383038380d0a557365722d4167656e743a204d ...
[2016-11-18 14:27:05,179] [INFO] [base._test_info] -> Current test: 54
[2016-11-18 14:27:05,180] [INFO] [server.transmit] -> request(259): 474554200a6e6f74657061640a0d0a486f73743a203132372e302e302e313a383038380d0a557365722d4167656e743a204d ...
[2016-11-18 14:27:06,087] [INFO] [base._test_info] -> Current test: 55
[2016-11-18 14:27:06,088] [INFO] [server.transmit] -> request(261): 4745542027206f7220313d31202d2d0d0a486f73743a203132372e302e302e313a383038380d0a557365722d4167656e743a ...
[2016-11-18 14:27:06,994] [INFO] [base._test_info] -> Current test: 56
[2016-11-18 14:27:06,995] [INFO] [server.transmit] -> request(267): 47455420273b20646573632075736572733b202d2d0d0a486f73743a203132372e302e302e313a383038380d0a557365722d ...
[2016-11-18 14:27:07,902] [INFO] [base._test_info] -> Current test: 57
[2016-11-18 14:27:07,902] [INFO] [server.transmit] -> request(291): 4745542027206f7220757365726e616d65206973206e6f74204e554c4c206f7220757365726e616d65203d20270d0a486f73 ...
[2016-11-18 14:27:08,809] [INFO] [base._test_info] -> Current test: 58
[2016-11-18 14:27:08,810] [INFO] [server.transmit] -> request(322): 474554203120756e696f6e20616c6c2073656c65637420312c322c332c342c352c362c6e616d652066726f6d207379736f62 ...
[2016-11-18 14:27:09,716] [INFO] [base._test_info] -> Current test: 59
[2016-11-18 14:27:09,717] [INFO] [server.transmit] -> request(261): 4745542060206f72206031603d60310d0a486f73743a203132372e302e302e313a383038380d0a557365722d4167656e743a ...
[2016-11-18 14:27:10,624] [INFO] [base._test_info] -> Current test: 60
[2016-11-18 14:27:10,624] [INFO] [server.transmit] -> request(261): 4745542027206f72202731273d27310d0a486f73743a203132372e302e302e313a383038380d0a557365722d4167656e743a ...
[2016-11-18 14:27:11,532] [INFO] [base._test_info] -> Current test: 61
[2016-11-18 14:27:11,532] [INFO] [server.transmit] -> request(252): 4745542041410d0a486f73743a203132372e302e302e313a383038380d0a557365722d4167656e743a204d6f7a696c6c612f ...
[2016-11-18 14:27:12,440] [INFO] [base._test_info] -> Current test: 62
[2016-11-18 14:27:12,440] [INFO] [server.transmit] -> request(260): 47455420414141414141414141410d0a486f73743a203132372e302e302e313a383038380d0a557365722d4167656e743a20 ...
[2016-11-18 14:27:13,348] [INFO] [base._test_info] -> Current test: 63
[2016-11-18 14:27:13,348] [INFO] [server.transmit] -> request(350): 4745542041414141414141414141414141414141414141414141414141414141414141414141414141414141414141414141 ...
[2016-11-18 14:27:14,255] [INFO] [base._test_info] -> Current test: 64
[2016-11-18 14:27:14,255] [INFO] [server.transmit] -> request(1250): 4745542041414141414141414141414141414141414141414141414141414141414141414141414141414141414141414141 ...
[2016-11-18 14:27:15,162] [INFO] [base._test_info] -> Current test: 65
[2016-11-18 14:27:15,162] [INFO] [server.transmit] -> request(5250): 4745542041414141414141414141414141414141414141414141414141414141414141414141414141414141414141414141 ...
[2016-11-18 14:27:16,069] [INFO] [base._test_info] -> Current test: 66
[2016-11-18 14:27:16,070] [INFO] [server.transmit] -> request(10250): 4745542041414141414141414141414141414141414141414141414141414141414141414141414141414141414141414141 ...
[2016-11-18 14:27:16,977] [INFO] [base._test_info] -> Current test: 67
[2016-11-18 14:27:16,977] [INFO] [server.transmit] -> request(261): 474554202f6574632f7061737377640d0a486f73743a203132372e302e302e313a383038380d0a557365722d4167656e743a ...
[2016-11-18 14:27:17,884] [INFO] [base._test_info] -> Current test: 68
[2016-11-18 14:27:17,884] [INFO] [server.transmit] -> request(304): 474554202e2f2e2e2f2e2e2f2e2e2f2e2e2f2e2e2f2e2e2f2e2e2f2e2e2f2e2e2f2e2e2f2e2e2f2e2e2f2e2e2f2e2e2f6574 ...
[2016-11-18 14:27:18,791] [INFO] [base._test_info] -> Current test: 69
[2016-11-18 14:27:18,791] [INFO] [server.transmit] -> request(302): 474554202e2e2f2e2e2f2e2e2f2e2e2f2e2e2f2e2e2f2e2e2f2e2e2f2e2e2f2e2e2f2e2e2f2e2e2f2e2e2f2e2e2f6574632f ...
[2016-11-18 14:27:19,714] [INFO] [base._test_info] -> Current test: 70
[2016-11-18 14:27:19,715] [INFO] [server.transmit] -> request(263): 474554202f70726f632f637075696e666f0d0a486f73743a203132372e302e302e313a383038380d0a557365722d4167656e ...
[2016-11-18 14:27:20,624] [INFO] [base._test_info] -> Current test: 71
[2016-11-18 14:27:20,625] [INFO] [server.transmit] -> request(306): 474554202e2f2e2e2f2e2e2f2e2e2f2e2e2f2e2e2f2e2e2f2e2e2f2e2e2f2e2e2f2e2e2f2e2e2f2e2e2f2e2e2f2e2e2f7072 ...
[2016-11-18 14:27:21,532] [INFO] [base._test_info] -> Current test: 72
[2016-11-18 14:27:21,532] [INFO] [server.transmit] -> request(304): 474554202e2e2f2e2e2f2e2e2f2e2e2f2e2e2f2e2e2f2e2e2f2e2e2f2e2e2f2e2e2f2e2e2f2e2e2f2e2e2f2e2e2f70726f63 ...
[2016-11-18 14:27:22,439] [INFO] [base._test_info] -> Current test: 73
[2016-11-18 14:27:22,439] [INFO] [server.transmit] -> request(260): 474554207e2f2e70726f66696c650d0a486f73743a203132372e302e302e313a383038380d0a557365722d4167656e743a20 ...
[2016-11-18 14:27:23,346] [INFO] [base._test_info] -> Current test: 74
[2016-11-18 14:27:23,347] [INFO] [server.transmit] -> request(264): 4745542024484f4d452f2e70726f66696c650d0a486f73743a203132372e302e302e313a383038380d0a557365722d416765 ...
[2016-11-18 14:27:24,254] [INFO] [base._test_info] -> Current test: 75
[2016-11-18 14:27:24,254] [INFO] [server.transmit] -> request(295): 474554202f2e2e2f2e2e2f2e2e2f2e2e2f2e2e2f2e2e2f2e2e2f2e2e2f2e2e2f2e2e2f2e2e2f2e2e2f626f6f742e696e690d ...
[2016-11-18 14:27:25,161] [INFO] [base._test_info] -> Current test: 76
[2016-11-18 14:27:25,161] [INFO] [server.transmit] -> request(1274): 474554202f5c2f5c2f5c2f5c2f5c2f5c2f5c2f5c2f5c2f5c2f5c2f5c2f5c2f5c2f5c2f5c2f5c2f5c2f5c2f5c2f5c2f5c2f5c ...
[2016-11-18 14:27:26,068] [INFO] [base._test_info] -> Current test: 77
[2016-11-18 14:27:26,069] [INFO] [server.transmit] -> request(378): 474554202f5c2f5c2f5c2f5c2f5c2f5c2f5c2f5c2f5c2f5c2f5c2f5c2f5c2f5c2f5c2f5c2f5c2f5c2f5c2f5c2f5c2f5c2f5c ...
[2016-11-18 14:27:26,976] [INFO] [base._test_info] -> Current test: 78
[2016-11-18 14:27:26,977] [INFO] [server.transmit] -> request(266): 474554202f5c2f5c2f5c2f5c2f5c2f5c2f5c2f5c0d0a486f73743a203132372e302e302e313a383038380d0a557365722d41 ...
[2016-11-18 14:27:27,884] [INFO] [base._test_info] -> Current test: 79
[2016-11-18 14:27:27,884] [INFO] [server.transmit] -> request(1274): 474554202f2e2f2e2f2e2f2e2f2e2f2e2f2e2f2e2f2e2f2e2f2e2f2e2f2e2f2e2f2e2f2e2f2e2f2e2f2e2f2e2f2e2f2e2f2e ...
[2016-11-18 14:27:28,791] [INFO] [base._test_info] -> Current test: 80
[2016-11-18 14:27:28,792] [INFO] [server.transmit] -> request(378): 474554202f2e2f2e2f2e2f2e2f2e2f2e2f2e2f2e2f2e2f2e2f2e2f2e2f2e2f2e2f2e2f2e2f2e2f2e2f2e2f2e2f2e2f2e2f2e ...
[2016-11-18 14:27:29,698] [INFO] [base._test_info] -> Current test: 81
[2016-11-18 14:27:29,698] [INFO] [server.transmit] -> request(266): 474554202f2e2f2e2f2e2f2e2f2e2f2e2f2e2f2e0d0a486f73743a203132372e302e302e313a383038380d0a557365722d41 ...
[2016-11-18 14:27:30,605] [INFO] [base._test_info] -> Current test: 82
[2016-11-18 14:27:30,605] [INFO] [server.transmit] -> request(279): 474554202140232425255e2324252324402324252424402324255e5e2a2a2828290d0a486f73743a203132372e302e302e31 ...
[2016-11-18 14:27:31,513] [INFO] [base._test_info] -> Current test: 83
[2016-11-18 14:27:31,513] [INFO] [server.transmit] -> request(275): 47455420253031253032253033253034253061253064253061414453460d0a486f73743a203132372e302e302e313a383038 ...
[2016-11-18 14:27:32,419] [INFO] [base._test_info] -> Current test: 84
[2016-11-18 14:27:32,420] [INFO] [server.transmit] -> request(276): 4745542025303125303225303340253034253061253064253061414453460d0a486f73743a203132372e302e302e313a3830 ...
[2016-11-18 14:27:33,326] [INFO] [base._test_info] -> Current test: 85
[2016-11-18 14:27:33,326] [INFO] [server.transmit] -> request(255): 474554202f2530302f0d0a486f73743a203132372e302e302e313a383038380d0a557365722d4167656e743a204d6f7a696c ...
[2016-11-18 14:27:34,233] [INFO] [base._test_info] -> Current test: 86
[2016-11-18 14:27:34,234] [INFO] [server.transmit] -> request(254): 474554202530302f0d0a486f73743a203132372e302e302e313a383038380d0a557365722d4167656e743a204d6f7a696c6c ...
[2016-11-18 14:27:35,141] [INFO] [base._test_info] -> Current test: 87
[2016-11-18 14:27:35,141] [INFO] [server.transmit] -> request(253): 474554202530300d0a486f73743a203132372e302e302e313a383038380d0a557365722d4167656e743a204d6f7a696c6c61 ...
[2016-11-18 14:27:36,047] [INFO] [base._test_info] -> Current test: 88
[2016-11-18 14:27:36,048] [INFO] [server.transmit] -> request(256): 474554202575303030300d0a486f73743a203132372e302e302e313a383038380d0a557365722d4167656e743a204d6f7a69 ...
[2016-11-18 14:27:36,958] [INFO] [base._test_info] -> Current test: 89
[2016-11-18 14:27:36,958] [INFO] [server.transmit] -> request(442): 4745542025fef02501ff25fef02501ff25fef02501ff25fef02501ff25fef02501ff25fef02501ff25fef02501ff25fef025 ...
[2016-11-18 14:27:37,865] [INFO] [base._test_info] -> Current test: 90
[2016-11-18 14:27:37,865] [INFO] [server.transmit] -> request(274): 4745542025fef02501ff25fef02501ff25fef02501ff25fef02501ff0d0a486f73743a203132372e302e302e313a38303838 ...
[2016-11-18 14:27:38,772] [INFO] [base._test_info] -> Current test: 91
[2016-11-18 14:27:38,773] [INFO] [server.transmit] -> request(267): 474554202f6170616368655f70622e6769660d0a486f73743a203132372e302e302e313a383038380d0a557365722d416765 ...
[2016-11-18 14:27:39,680] [INFO] [base._test_info] -> Current test: 92
[2016-11-18 14:27:39,680] [INFO] [server.transmit] -> request(291): 474554202f6170616368655f70622e6769660d0a486f73743a203132372e302e302e313a383038380d0a557365722d416765 ...
[2016-11-18 14:27:40,587] [INFO] [base._test_info] -> Current test: 93
[2016-11-18 14:27:40,588] [INFO] [server.transmit] -> request(561): 474554202f6170616368655f70622e6769660d0a486f73743a203132372e302e302e313a383038380d0a557365722d416765 ...
[2016-11-18 14:27:41,495] [INFO] [base._test_info] -> Current test: 94
[2016-11-18 14:27:41,496] [INFO] [server.transmit] -> request(265): 474554202f6170616368655f70622e6769660d0a486f73743a203132372e302e302e313a383038380d0a557365722d416765 ...
[2016-11-18 14:27:42,403] [INFO] [base._test_info] -> Current test: 95
[2016-11-18 14:27:42,404] [INFO] [server.transmit] -> request(265): 474554202f6170616368655f70622e6769660d0a486f73743a203132372e302e302e313a383038380d0a557365722d416765 ...
[2016-11-18 14:27:43,311] [INFO] [base._test_info] -> Current test: 96
[2016-11-18 14:27:43,311] [INFO] [server.transmit] -> request(265): 474554202f6170616368655f70622e6769660d0a486f73743a203132372e302e302e313a383038380d0a557365722d416765 ...
[2016-11-18 14:27:44,218] [INFO] [base._test_info] -> Current test: 97
[2016-11-18 14:27:44,218] [INFO] [server.transmit] -> request(265): 474554202f6170616368655f70622e6769660d0a486f73743a203132372e302e302e313a383038380d0a557365722d416765 ...
[2016-11-18 14:27:45,126] [INFO] [base._test_info] -> Current test: 98
[2016-11-18 14:27:45,126] [INFO] [server.transmit] -> request(261): 474554202f6170616368655f70622e6769660d0a486f73743a203132372e302e302e313a383038380d0a557365722d416765 ...
[2016-11-18 14:27:46,034] [INFO] [base._test_info] -> Current test: 99
[2016-11-18 14:27:46,034] [INFO] [server.transmit] -> request(2309): 474554202f6170616368655f70622e6769660d0a486f73743a203132372e302e302e313a383038380d0a557365722d416765 ...
[2016-11-18 14:27:46,940] [INFO] [base._test_info] -> Current test: 100
[2016-11-18 14:27:46,941] [INFO] [server.transmit] -> request(517): 474554202f6170616368655f70622e6769660d0a486f73743a203132372e302e302e313a383038380d0a557365722d416765 ...
[2016-11-18 14:27:47,848] [INFO] [base._test_info] -> Current test: 101
[2016-11-18 14:27:47,848] [INFO] [server.transmit] -> request(293): 474554202f6170616368655f70622e6769660d0a486f73743a203132372e302e302e313a383038380d0a557365722d416765 ...
[2016-11-18 14:27:48,755] [INFO] [base._test_info] -> Current test: 102
[2016-11-18 14:27:48,755] [INFO] [server.transmit] -> request(265): 474554202f6170616368655f70622e6769660d0a486f73743a203132372e302e302e313a383038380d0a557365722d416765 ...
[2016-11-18 14:27:49,662] [INFO] [base._test_info] -> Current test: 103
[2016-11-18 14:27:49,663] [INFO] [server.transmit] -> request(3333): 474554202f6170616368655f70622e6769660d0a486f73743a203132372e302e302e313a383038380d0a557365722d416765 ...
[2016-11-18 14:27:50,569] [INFO] [base._test_info] -> Current test: 104
[2016-11-18 14:27:50,569] [INFO] [server.transmit] -> request(645): 474554202f6170616368655f70622e6769660d0a486f73743a203132372e302e302e313a383038380d0a557365722d416765 ...
[2016-11-18 14:27:51,477] [INFO] [base._test_info] -> Current test: 105
[2016-11-18 14:27:51,477] [INFO] [server.transmit] -> request(309): 474554202f6170616368655f70622e6769660d0a486f73743a203132372e302e302e313a383038380d0a557365722d416765 ...
[2016-11-18 14:27:52,393] [INFO] [base._test_info] -> Current test: 106
[2016-11-18 14:27:52,393] [INFO] [server.transmit] -> request(267): 474554202f6170616368655f70622e6769660d0a486f73743a203132372e302e302e313a383038380d0a557365722d416765 ...
[2016-11-18 14:27:53,301] [INFO] [base._test_info] -> Current test: 107
[2016-11-18 14:27:53,301] [INFO] [server.transmit] -> request(4357): 474554202f6170616368655f70622e6769660d0a486f73743a203132372e302e302e313a383038380d0a557365722d416765 ...
[2016-11-18 14:27:54,208] [INFO] [base._test_info] -> Current test: 108
[2016-11-18 14:27:54,208] [INFO] [server.transmit] -> request(773): 474554202f6170616368655f70622e6769660d0a486f73743a203132372e302e302e313a383038380d0a557365722d416765 ...
[2016-11-18 14:27:55,115] [INFO] [base._test_info] -> Current test: 109
[2016-11-18 14:27:55,115] [INFO] [server.transmit] -> request(325): 474554202f6170616368655f70622e6769660d0a486f73743a203132372e302e302e313a383038380d0a557365722d416765 ...
[2016-11-18 14:27:56,022] [INFO] [base._test_info] -> Current test: 110
[2016-11-18 14:27:56,022] [INFO] [server.transmit] -> request(269): 474554202f6170616368655f70622e6769660d0a486f73743a203132372e302e302e313a383038380d0a557365722d416765 ...
[2016-11-18 14:27:56,929] [INFO] [base._test_info] -> Current test: 111
[2016-11-18 14:27:56,929] [INFO] [server.transmit] -> request(2309): 474554202f6170616368655f70622e6769660d0a486f73743a203132372e302e302e313a383038380d0a557365722d416765 ...
[2016-11-18 14:27:57,845] [INFO] [base._test_info] -> Current test: 112
[2016-11-18 14:27:57,849] [INFO] [server.transmit] -> request(517): 474554202f6170616368655f70622e6769660d0a486f73743a203132372e302e302e313a383038380d0a557365722d416765 ...
[2016-11-18 14:27:58,761] [INFO] [base._test_info] -> Current test: 113
[2016-11-18 14:27:58,762] [INFO] [server.transmit] -> request(293): 474554202f6170616368655f70622e6769660d0a486f73743a203132372e302e302e313a383038380d0a557365722d416765 ...
[2016-11-18 14:27:59,668] [INFO] [base._test_info] -> Current test: 114
[2016-11-18 14:27:59,668] [INFO] [server.transmit] -> request(265): 474554202f6170616368655f70622e6769660d0a486f73743a203132372e302e302e313a383038380d0a557365722d416765 ...
[2016-11-18 14:28:00,575] [INFO] [base._test_info] -> Current test: 115
[2016-11-18 14:28:00,576] [INFO] [server.transmit] -> request(3333): 474554202f6170616368655f70622e6769660d0a486f73743a203132372e302e302e313a383038380d0a557365722d416765 ...
[2016-11-18 14:28:01,482] [INFO] [base._test_info] -> Current test: 116
[2016-11-18 14:28:01,483] [INFO] [server.transmit] -> request(645): 474554202f6170616368655f70622e6769660d0a486f73743a203132372e302e302e313a383038380d0a557365722d416765 ...
[2016-11-18 14:28:02,389] [INFO] [base._test_info] -> Current test: 117
[2016-11-18 14:28:02,390] [INFO] [server.transmit] -> request(309): 474554202f6170616368655f70622e6769660d0a486f73743a203132372e302e302e313a383038380d0a557365722d416765 ...
[2016-11-18 14:28:03,297] [INFO] [base._test_info] -> Current test: 118
[2016-11-18 14:28:03,297] [INFO] [server.transmit] -> request(267): 474554202f6170616368655f70622e6769660d0a486f73743a203132372e302e302e313a383038380d0a557365722d416765 ...
[2016-11-18 14:28:04,204] [INFO] [base._test_info] -> Current test: 119
[2016-11-18 14:28:04,204] [INFO] [server.transmit] -> request(4357): 474554202f6170616368655f70622e6769660d0a486f73743a203132372e302e302e313a383038380d0a557365722d416765 ...
[2016-11-18 14:28:05,111] [INFO] [base._test_info] -> Current test: 120
[2016-11-18 14:28:05,111] [INFO] [server.transmit] -> request(773): 474554202f6170616368655f70622e6769660d0a486f73743a203132372e302e302e313a383038380d0a557365722d416765 ...
[2016-11-18 14:28:06,019] [INFO] [base._test_info] -> Current test: 121
[2016-11-18 14:28:06,020] [INFO] [server.transmit] -> request(325): 474554202f6170616368655f70622e6769660d0a486f73743a203132372e302e302e313a383038380d0a557365722d416765 ...
[2016-11-18 14:28:06,927] [INFO] [base._test_info] -> Current test: 122
[2016-11-18 14:28:06,928] [INFO] [server.transmit] -> request(269): 474554202f6170616368655f70622e6769660d0a486f73743a203132372e302e302e313a383038380d0a557365722d416765 ...
[2016-11-18 14:28:07,834] [INFO] [base._test_info] -> Current test: 123
[2016-11-18 14:28:07,835] [INFO] [server.transmit] -> request(275): 474554202f6170616368655f70622e6769660d0a486f73743a203132372e302e302e313a383038380d0a557365722d416765 ...
[2016-11-18 14:28:08,741] [INFO] [base._test_info] -> Current test: 124
[2016-11-18 14:28:08,742] [INFO] [server.transmit] -> request(2309): 474554202f6170616368655f70622e6769660d0a486f73743a203132372e302e302e313a383038380d0a557365722d416765 ...
[2016-11-18 14:28:09,649] [INFO] [base._test_info] -> Current test: 125
[2016-11-18 14:28:09,650] [INFO] [server.transmit] -> request(517): 474554202f6170616368655f70622e6769660d0a486f73743a203132372e302e302e313a383038380d0a557365722d416765 ...
[2016-11-18 14:28:10,557] [INFO] [base._test_info] -> Current test: 126
[2016-11-18 14:28:10,557] [INFO] [server.transmit] -> request(293): 474554202f6170616368655f70622e6769660d0a486f73743a203132372e302e302e313a383038380d0a557365722d416765 ...
[2016-11-18 14:28:11,464] [INFO] [base._test_info] -> Current test: 127
[2016-11-18 14:28:11,465] [INFO] [server.transmit] -> request(265): 474554202f6170616368655f70622e6769660d0a486f73743a203132372e302e302e313a383038380d0a557365722d416765 ...
[2016-11-18 14:28:12,371] [INFO] [base._test_info] -> Current test: 128
[2016-11-18 14:28:12,372] [INFO] [server.transmit] -> request(1285): 474554202f6170616368655f70622e6769660d0a486f73743a203132372e302e302e313a383038380d0a557365722d416765 ...
[2016-11-18 14:28:13,279] [INFO] [base._test_info] -> Current test: 129
[2016-11-18 14:28:13,280] [INFO] [server.transmit] -> request(389): 474554202f6170616368655f70622e6769660d0a486f73743a203132372e302e302e313a383038380d0a557365722d416765 ...
[2016-11-18 14:28:14,187] [INFO] [base._test_info] -> Current test: 130
[2016-11-18 14:28:14,187] [INFO] [server.transmit] -> request(277): 474554202f6170616368655f70622e6769660d0a486f73743a203132372e302e302e313a383038380d0a557365722d416765 ...
[2016-11-18 14:28:15,094] [INFO] [base._test_info] -> Current test: 131
[2016-11-18 14:28:15,094] [INFO] [server.transmit] -> request(263): 474554202f6170616368655f70622e6769660d0a486f73743a203132372e302e302e313a383038380d0a557365722d416765 ...
[2016-11-18 14:28:16,001] [INFO] [base._test_info] -> Current test: 132
[2016-11-18 14:28:16,002] [INFO] [server.transmit] -> request(4357): 474554202f6170616368655f70622e6769660d0a486f73743a203132372e302e302e313a383038380d0a557365722d416765 ...
[2016-11-18 14:28:16,909] [INFO] [base._test_info] -> Current test: 133
[2016-11-18 14:28:16,909] [INFO] [server.transmit] -> request(773): 474554202f6170616368655f70622e6769660d0a486f73743a203132372e302e302e313a383038380d0a557365722d416765 ...
[2016-11-18 14:28:17,817] [INFO] [base._test_info] -> Current test: 134
[2016-11-18 14:28:17,817] [INFO] [server.transmit] -> request(325): 474554202f6170616368655f70622e6769660d0a486f73743a203132372e302e302e313a383038380d0a557365722d416765 ...
[2016-11-18 14:28:18,724] [INFO] [base._test_info] -> Current test: 135
[2016-11-18 14:28:18,725] [INFO] [server.transmit] -> request(269): 474554202f6170616368655f70622e6769660d0a486f73743a203132372e302e302e313a383038380d0a557365722d416765 ...
[2016-11-18 14:28:19,631] [INFO] [base._test_info] -> Current test: 136
[2016-11-18 14:28:19,632] [INFO] [server.transmit] -> request(278): 474554202f6170616368655f70622e6769660d0a486f73743a203132372e302e302e313a383038380d0a557365722d416765 ...
[2016-11-18 14:28:20,538] [INFO] [base._test_info] -> Current test: 137
[2016-11-18 14:28:20,540] [INFO] [server.transmit] -> request(279): 474554202f6170616368655f70622e6769660d0a486f73743a203132372e302e302e313a383038380d0a557365722d416765 ...
[2016-11-18 14:28:21,446] [INFO] [base._test_info] -> Current test: 138
[2016-11-18 14:28:21,447] [INFO] [server.transmit] -> request(275): 474554202f6170616368655f70622e6769660d0a486f73743a203132372e302e302e313a383038380d0a557365722d416765 ...
[2016-11-18 14:28:22,354] [INFO] [base._test_info] -> Current test: 139
[2016-11-18 14:28:22,355] [INFO] [server.transmit] -> request(290): 474554202f6170616368655f70622e6769660d0a486f73743a203132372e302e302e313a383038380d0a557365722d416765 ...
[2016-11-18 14:28:23,263] [INFO] [base._test_info] -> Current test: 140
[2016-11-18 14:28:23,264] [INFO] [server.transmit] -> request(291): 474554202f6170616368655f70622e6769660d0a486f73743a203132372e302e302e313a383038380d0a557365722d416765 ...
[2016-11-18 14:28:24,173] [INFO] [base._test_info] -> Current test: 141
[2016-11-18 14:28:24,173] [INFO] [server.transmit] -> request(276): 474554202f6170616368655f70622e6769660d0a486f73743a203132372e302e302e313a383038380d0a557365722d416765 ...
[2016-11-18 14:28:25,080] [INFO] [base._test_info] -> Current test: 142
[2016-11-18 14:28:25,081] [INFO] [server.transmit] -> request(277): 474554202f6170616368655f70622e6769660d0a486f73743a203132372e302e302e313a383038380d0a557365722d416765 ...
[2016-11-18 14:28:25,988] [INFO] [base._test_info] -> Current test: 143
[2016-11-18 14:28:25,989] [INFO] [server.transmit] -> request(269): 474554202f6170616368655f70622e6769660d0a486f73743a203132372e302e302e313a383038380d0a557365722d416765 ...
[2016-11-18 14:28:26,896] [INFO] [base._test_info] -> Current test: 144
[2016-11-18 14:28:26,896] [INFO] [server.transmit] -> request(270): 474554202f6170616368655f70622e6769660d0a486f73743a203132372e302e302e313a383038380d0a557365722d416765 ...
[2016-11-18 14:28:27,803] [INFO] [base._test_info] -> Current test: 145
[2016-11-18 14:28:27,804] [INFO] [server.transmit] -> request(270): 474554202f6170616368655f70622e6769660d0a486f73743a203132372e302e302e313a383038380d0a557365722d416765 ...
[2016-11-18 14:28:28,712] [INFO] [base._test_info] -> Current test: 146
[2016-11-18 14:28:28,713] [INFO] [server.transmit] -> request(272): 474554202f6170616368655f70622e6769660d0a486f73743a203132372e302e302e313a383038380d0a557365722d416765 ...
[2016-11-18 14:28:29,620] [INFO] [base._test_info] -> Current test: 147
[2016-11-18 14:28:29,620] [INFO] [server.transmit] -> request(278): 474554202f6170616368655f70622e6769660d0a486f73743a203132372e302e302e313a383038380d0a557365722d416765 ...
[2016-11-18 14:28:30,528] [INFO] [base._test_info] -> Current test: 148
[2016-11-18 14:28:30,529] [INFO] [server.transmit] -> request(302): 474554202f6170616368655f70622e6769660d0a486f73743a203132372e302e302e313a383038380d0a557365722d416765 ...
[2016-11-18 14:28:31,437] [INFO] [base._test_info] -> Current test: 149
[2016-11-18 14:28:31,437] [INFO] [server.transmit] -> request(333): 474554202f6170616368655f70622e6769660d0a486f73743a203132372e302e302e313a383038380d0a557365722d416765 ...
[2016-11-18 14:28:32,345] [INFO] [base._test_info] -> Current test: 150
[2016-11-18 14:28:32,345] [INFO] [server.transmit] -> request(272): 474554202f6170616368655f70622e6769660d0a486f73743a203132372e302e302e313a383038380d0a557365722d416765 ...
[2016-11-18 14:28:33,252] [INFO] [base._test_info] -> Current test: 151
[2016-11-18 14:28:33,253] [INFO] [server.transmit] -> request(272): 474554202f6170616368655f70622e6769660d0a486f73743a203132372e302e302e313a383038380d0a557365722d416765 ...
[2016-11-18 14:28:34,160] [INFO] [base._test_info] -> Current test: 152
[2016-11-18 14:28:34,161] [INFO] [server.transmit] -> request(263): 474554202f6170616368655f70622e6769660d0a486f73743a203132372e302e302e313a383038380d0a557365722d416765 ...
[2016-11-18 14:28:35,068] [INFO] [base._test_info] -> Current test: 153
[2016-11-18 14:28:35,069] [INFO] [server.transmit] -> request(271): 474554202f6170616368655f70622e6769660d0a486f73743a203132372e302e302e313a383038380d0a557365722d416765 ...
[2016-11-18 14:28:35,975] [INFO] [base._test_info] -> Current test: 154
[2016-11-18 14:28:35,976] [INFO] [server.transmit] -> request(361): 474554202f6170616368655f70622e6769660d0a486f73743a203132372e302e302e313a383038380d0a557365722d416765 ...
[2016-11-18 14:28:36,883] [INFO] [base._test_info] -> Current test: 155
[2016-11-18 14:28:36,884] [INFO] [server.transmit] -> request(1261): 474554202f6170616368655f70622e6769660d0a486f73743a203132372e302e302e313a383038380d0a557365722d416765 ...
[2016-11-18 14:28:37,790] [INFO] [base._test_info] -> Current test: 156
[2016-11-18 14:28:37,791] [INFO] [server.transmit] -> request(5261): 474554202f6170616368655f70622e6769660d0a486f73743a203132372e302e302e313a383038380d0a557365722d416765 ...
[2016-11-18 14:28:38,698] [INFO] [base._test_info] -> Current test: 157
[2016-11-18 14:28:38,698] [INFO] [server.transmit] -> request(10261): 474554202f6170616368655f70622e6769660d0a486f73743a203132372e302e302e313a383038380d0a557365722d416765 ...
[2016-11-18 14:28:39,605] [INFO] [base._test_info] -> Current test: 158
[2016-11-18 14:28:39,606] [INFO] [server.transmit] -> request(272): 474554202f6170616368655f70622e6769660d0a486f73743a203132372e302e302e313a383038380d0a557365722d416765 ...
[2016-11-18 14:28:40,512] [INFO] [base._test_info] -> Current test: 159
[2016-11-18 14:28:40,512] [INFO] [server.transmit] -> request(315): 474554202f6170616368655f70622e6769660d0a486f73743a203132372e302e302e313a383038380d0a557365722d416765 ...
[2016-11-18 14:28:41,420] [INFO] [base._test_info] -> Current test: 160
[2016-11-18 14:28:41,421] [INFO] [server.transmit] -> request(313): 474554202f6170616368655f70622e6769660d0a486f73743a203132372e302e302e313a383038380d0a557365722d416765 ...
[2016-11-18 14:28:42,328] [INFO] [base._test_info] -> Current test: 161
[2016-11-18 14:28:42,329] [INFO] [server.transmit] -> request(274): 474554202f6170616368655f70622e6769660d0a486f73743a203132372e302e302e313a383038380d0a557365722d416765 ...
[2016-11-18 14:28:43,235] [INFO] [base._test_info] -> Current test: 162
[2016-11-18 14:28:43,236] [INFO] [server.transmit] -> request(317): 474554202f6170616368655f70622e6769660d0a486f73743a203132372e302e302e313a383038380d0a557365722d416765 ...
[2016-11-18 14:28:44,142] [INFO] [base._test_info] -> Current test: 163
[2016-11-18 14:28:44,142] [INFO] [server.transmit] -> request(315): 474554202f6170616368655f70622e6769660d0a486f73743a203132372e302e302e313a383038380d0a557365722d416765 ...
[2016-11-18 14:28:45,049] [INFO] [base._test_info] -> Current test: 164
[2016-11-18 14:28:45,049] [INFO] [server.transmit] -> request(271): 474554202f6170616368655f70622e6769660d0a486f73743a203132372e302e302e313a383038380d0a557365722d416765 ...
[2016-11-18 14:28:45,956] [INFO] [base._test_info] -> Current test: 165
[2016-11-18 14:28:45,957] [INFO] [server.transmit] -> request(275): 474554202f6170616368655f70622e6769660d0a486f73743a203132372e302e302e313a383038380d0a557365722d416765 ...
[2016-11-18 14:28:46,863] [INFO] [base._test_info] -> Current test: 166
[2016-11-18 14:28:46,864] [INFO] [server.transmit] -> request(306): 474554202f6170616368655f70622e6769660d0a486f73743a203132372e302e302e313a383038380d0a557365722d416765 ...
[2016-11-18 14:28:47,772] [INFO] [base._test_info] -> Current test: 167
[2016-11-18 14:28:47,772] [INFO] [server.transmit] -> request(1285): 474554202f6170616368655f70622e6769660d0a486f73743a203132372e302e302e313a383038380d0a557365722d416765 ...
[2016-11-18 14:28:48,679] [INFO] [base._test_info] -> Current test: 168
[2016-11-18 14:28:48,680] [INFO] [server.transmit] -> request(389): 474554202f6170616368655f70622e6769660d0a486f73743a203132372e302e302e313a383038380d0a557365722d416765 ...
[2016-11-18 14:28:49,587] [INFO] [base._test_info] -> Current test: 169
[2016-11-18 14:28:49,588] [INFO] [server.transmit] -> request(277): 474554202f6170616368655f70622e6769660d0a486f73743a203132372e302e302e313a383038380d0a557365722d416765 ...
[2016-11-18 14:28:50,496] [INFO] [base._test_info] -> Current test: 170
[2016-11-18 14:28:50,496] [INFO] [server.transmit] -> request(1285): 474554202f6170616368655f70622e6769660d0a486f73743a203132372e302e302e313a383038380d0a557365722d416765 ...
[2016-11-18 14:28:51,403] [INFO] [base._test_info] -> Current test: 171
[2016-11-18 14:28:51,404] [INFO] [server.transmit] -> request(389): 474554202f6170616368655f70622e6769660d0a486f73743a203132372e302e302e313a383038380d0a557365722d416765 ...
[2016-11-18 14:28:52,311] [INFO] [base._test_info] -> Current test: 172
[2016-11-18 14:28:52,312] [INFO] [server.transmit] -> request(277): 474554202f6170616368655f70622e6769660d0a486f73743a203132372e302e302e313a383038380d0a557365722d416765 ...
[2016-11-18 14:28:53,220] [INFO] [base._test_info] -> Current test: 173
[2016-11-18 14:28:53,220] [INFO] [server.transmit] -> request(290): 474554202f6170616368655f70622e6769660d0a486f73743a203132372e302e302e313a383038380d0a557365722d416765 ...
[2016-11-18 14:28:54,127] [INFO] [base._test_info] -> Current test: 174
[2016-11-18 14:28:54,128] [INFO] [server.transmit] -> request(286): 474554202f6170616368655f70622e6769660d0a486f73743a203132372e302e302e313a383038380d0a557365722d416765 ...
[2016-11-18 14:28:55,034] [INFO] [base._test_info] -> Current test: 175
[2016-11-18 14:28:55,034] [INFO] [server.transmit] -> request(287): 474554202f6170616368655f70622e6769660d0a486f73743a203132372e302e302e313a383038380d0a557365722d416765 ...
[2016-11-18 14:28:55,941] [INFO] [base._test_info] -> Current test: 176
[2016-11-18 14:28:55,941] [INFO] [server.transmit] -> request(266): 474554202f6170616368655f70622e6769660d0a486f73743a203132372e302e302e313a383038380d0a557365722d416765 ...
[2016-11-18 14:28:56,848] [INFO] [base._test_info] -> Current test: 177
[2016-11-18 14:28:56,848] [INFO] [server.transmit] -> request(265): 474554202f6170616368655f70622e6769660d0a486f73743a203132372e302e302e313a383038380d0a557365722d416765 ...
[2016-11-18 14:28:57,755] [INFO] [base._test_info] -> Current test: 178
[2016-11-18 14:28:57,756] [INFO] [server.transmit] -> request(264): 474554202f6170616368655f70622e6769660d0a486f73743a203132372e302e302e313a383038380d0a557365722d416765 ...
[2016-11-18 14:28:58,662] [INFO] [base._test_info] -> Current test: 179
[2016-11-18 14:28:58,663] [INFO] [server.transmit] -> request(267): 474554202f6170616368655f70622e6769660d0a486f73743a203132372e302e302e313a383038380d0a557365722d416765 ...
[2016-11-18 14:28:59,570] [INFO] [base._test_info] -> Current test: 180
[2016-11-18 14:28:59,570] [INFO] [server.transmit] -> request(453): 474554202f6170616368655f70622e6769660d0a486f73743a203132372e302e302e313a383038380d0a557365722d416765 ...
[2016-11-18 14:29:00,477] [INFO] [base._test_info] -> Current test: 181
[2016-11-18 14:29:00,477] [INFO] [server.transmit] -> request(285): 474554202f6170616368655f70622e6769660d0a486f73743a203132372e302e302e313a383038380d0a557365722d416765 ...
[2016-11-18 14:29:01,384] [INFO] [base._test_info] -> Current test: 182
[2016-11-18 14:29:01,384] [INFO] [server.transmit] -> request(269): 474554202f6170616368655f70622e6769660d0a486f73743a203132372e302e302e313a383038380d0a557365722d416765 ...
[2016-11-18 14:29:02,291] [INFO] [base._test_info] -> Current test: 183
[2016-11-18 14:29:02,292] [INFO] [server.transmit] -> request(309): 474554202f6170616368655f70622e6769660d0a486f73743a203132372e302e302e313a383038380d0a557365722d416765 ...
[2016-11-18 14:29:03,198] [INFO] [base._test_info] -> Current test: 184
[2016-11-18 14:29:03,198] [INFO] [server.transmit] -> request(759): 474554202f6170616368655f70622e6769660d0a486f73743a203132372e302e302e313a383038380d0a557365722d416765 ...
[2016-11-18 14:29:04,106] [INFO] [base._test_info] -> Current test: 185
[2016-11-18 14:29:04,107] [INFO] [server.transmit] -> request(265): 474554202f6170616368655f70622e6769660d0a486f73743a203132372e302e302e313a383038380d0a557365722d416765 ...
[2016-11-18 14:29:05,014] [INFO] [base._test_info] -> Current test: 186
[2016-11-18 14:29:05,014] [INFO] [server.transmit] -> request(265): 474554202f6170616368655f70622e6769660d0a486f73743a203132372e302e302e313a383038380d0a557365722d416765 ...
[2016-11-18 14:29:05,922] [INFO] [base._test_info] -> Current test: 187
[2016-11-18 14:29:05,922] [INFO] [server.transmit] -> request(265): 474554202f6170616368655f70622e6769660d0a486f73743a203132372e302e302e313a383038380d0a557365722d416765 ...
[2016-11-18 14:29:06,829] [INFO] [base._test_info] -> Current test: 188
[2016-11-18 14:29:06,829] [INFO] [server.transmit] -> request(265): 474554202f6170616368655f70622e6769660d0a486f73743a203132372e302e302e313a383038380d0a557365722d416765 ...
[2016-11-18 14:29:07,735] [INFO] [base._test_info] -> Current test: 189
[2016-11-18 14:29:07,736] [INFO] [server.transmit] -> request(259): 474554202f6170616368655f70622e6769660d0a486f73743a203132372e302e302e313a383038380d0a557365722d416765 ...
[2016-11-18 14:29:08,642] [INFO] [base._test_info] -> Current test: 190
[2016-11-18 14:29:08,643] [INFO] [server.transmit] -> request(2307): 474554202f6170616368655f70622e6769660d0a486f73743a203132372e302e302e313a383038380d0a557365722d416765 ...
[2016-11-18 14:29:09,549] [INFO] [base._test_info] -> Current test: 191
[2016-11-18 14:29:09,550] [INFO] [server.transmit] -> request(515): 474554202f6170616368655f70622e6769660d0a486f73743a203132372e302e302e313a383038380d0a557365722d416765 ...
[2016-11-18 14:29:10,457] [INFO] [base._test_info] -> Current test: 192
[2016-11-18 14:29:10,457] [INFO] [server.transmit] -> request(291): 474554202f6170616368655f70622e6769660d0a486f73743a203132372e302e302e313a383038380d0a557365722d416765 ...
[2016-11-18 14:29:11,364] [INFO] [base._test_info] -> Current test: 193
[2016-11-18 14:29:11,365] [INFO] [server.transmit] -> request(263): 474554202f6170616368655f70622e6769660d0a486f73743a203132372e302e302e313a383038380d0a557365722d416765 ...
[2016-11-18 14:29:12,272] [INFO] [base._test_info] -> Current test: 194
[2016-11-18 14:29:12,272] [INFO] [server.transmit] -> request(3331): 474554202f6170616368655f70622e6769660d0a486f73743a203132372e302e302e313a383038380d0a557365722d416765 ...
[2016-11-18 14:29:13,179] [INFO] [base._test_info] -> Current test: 195
[2016-11-18 14:29:13,180] [INFO] [server.transmit] -> request(643): 474554202f6170616368655f70622e6769660d0a486f73743a203132372e302e302e313a383038380d0a557365722d416765 ...
[2016-11-18 14:29:14,086] [INFO] [base._test_info] -> Current test: 196
[2016-11-18 14:29:14,086] [INFO] [server.transmit] -> request(307): 474554202f6170616368655f70622e6769660d0a486f73743a203132372e302e302e313a383038380d0a557365722d416765 ...
[2016-11-18 14:29:14,994] [INFO] [base._test_info] -> Current test: 197
[2016-11-18 14:29:14,994] [INFO] [server.transmit] -> request(265): 474554202f6170616368655f70622e6769660d0a486f73743a203132372e302e302e313a383038380d0a557365722d416765 ...
[2016-11-18 14:29:15,901] [INFO] [base._test_info] -> Current test: 198
[2016-11-18 14:29:15,901] [INFO] [server.transmit] -> request(4355): 474554202f6170616368655f70622e6769660d0a486f73743a203132372e302e302e313a383038380d0a557365722d416765 ...
[2016-11-18 14:29:16,808] [INFO] [base._test_info] -> Current test: 199
[2016-11-18 14:29:16,809] [INFO] [server.transmit] -> request(771): 474554202f6170616368655f70622e6769660d0a486f73743a203132372e302e302e313a383038380d0a557365722d416765 ...
[2016-11-18 14:29:17,716] [INFO] [base._test_info] -> Current test: 200
[2016-11-18 14:29:17,716] [INFO] [server.transmit] -> request(323): 474554202f6170616368655f70622e6769660d0a486f73743a203132372e302e302e313a383038380d0a557365722d416765 ...
[2016-11-18 14:29:18,623] [INFO] [base._test_info] -> Current test: 201
[2016-11-18 14:29:18,623] [INFO] [server.transmit] -> request(267): 474554202f6170616368655f70622e6769660d0a486f73743a203132372e302e302e313a383038380d0a557365722d416765 ...
[2016-11-18 14:29:19,530] [INFO] [base._test_info] -> Current test: 202
[2016-11-18 14:29:19,530] [INFO] [server.transmit] -> request(2307): 474554202f6170616368655f70622e6769660d0a486f73743a203132372e302e302e313a383038380d0a557365722d416765 ...
[2016-11-18 14:29:20,437] [INFO] [base._test_info] -> Current test: 203
[2016-11-18 14:29:20,438] [INFO] [server.transmit] -> request(515): 474554202f6170616368655f70622e6769660d0a486f73743a203132372e302e302e313a383038380d0a557365722d416765 ...
[2016-11-18 14:29:21,344] [INFO] [base._test_info] -> Current test: 204
[2016-11-18 14:29:21,345] [INFO] [server.transmit] -> request(291): 474554202f6170616368655f70622e6769660d0a486f73743a203132372e302e302e313a383038380d0a557365722d416765 ...
[2016-11-18 14:29:22,251] [INFO] [base._test_info] -> Current test: 205
[2016-11-18 14:29:22,252] [INFO] [server.transmit] -> request(263): 474554202f6170616368655f70622e6769660d0a486f73743a203132372e302e302e313a383038380d0a557365722d416765 ...
[2016-11-18 14:29:23,159] [INFO] [base._test_info] -> Current test: 206
[2016-11-18 14:29:23,160] [INFO] [server.transmit] -> request(3331): 474554202f6170616368655f70622e6769660d0a486f73743a203132372e302e302e313a383038380d0a557365722d416765 ...
[2016-11-18 14:29:24,070] [INFO] [base._test_info] -> Current test: 207
[2016-11-18 14:29:24,070] [INFO] [server.transmit] -> request(643): 474554202f6170616368655f70622e6769660d0a486f73743a203132372e302e302e313a383038380d0a557365722d416765 ...
[2016-11-18 14:29:24,976] [INFO] [base._test_info] -> Current test: 208
[2016-11-18 14:29:24,977] [INFO] [server.transmit] -> request(307): 474554202f6170616368655f70622e6769660d0a486f73743a203132372e302e302e313a383038380d0a557365722d416765 ...
[2016-11-18 14:29:25,885] [INFO] [base._test_info] -> Current test: 209
[2016-11-18 14:29:25,885] [INFO] [server.transmit] -> request(265): 474554202f6170616368655f70622e6769660d0a486f73743a203132372e302e302e313a383038380d0a557365722d416765 ...
[2016-11-18 14:29:26,794] [INFO] [base._test_info] -> Current test: 210
[2016-11-18 14:29:26,794] [INFO] [server.transmit] -> request(4355): 474554202f6170616368655f70622e6769660d0a486f73743a203132372e302e302e313a383038380d0a557365722d416765 ...
[2016-11-18 14:29:27,702] [INFO] [base._test_info] -> Current test: 211
[2016-11-18 14:29:27,702] [INFO] [server.transmit] -> request(771): 474554202f6170616368655f70622e6769660d0a486f73743a203132372e302e302e313a383038380d0a557365722d416765 ...
[2016-11-18 14:29:28,610] [INFO] [base._test_info] -> Current test: 212
[2016-11-18 14:29:28,610] [INFO] [server.transmit] -> request(323): 474554202f6170616368655f70622e6769660d0a486f73743a203132372e302e302e313a383038380d0a557365722d416765 ...
[2016-11-18 14:29:29,517] [INFO] [base._test_info] -> Current test: 213
[2016-11-18 14:29:29,517] [INFO] [server.transmit] -> request(267): 474554202f6170616368655f70622e6769660d0a486f73743a203132372e302e302e313a383038380d0a557365722d416765 ...
[2016-11-18 14:29:30,424] [INFO] [base._test_info] -> Current test: 214
[2016-11-18 14:29:30,425] [INFO] [server.transmit] -> request(273): 474554202f6170616368655f70622e6769660d0a486f73743a203132372e302e302e313a383038380d0a557365722d416765 ...
[2016-11-18 14:29:31,332] [INFO] [base._test_info] -> Current test: 215
[2016-11-18 14:29:31,333] [INFO] [server.transmit] -> request(2307): 474554202f6170616368655f70622e6769660d0a486f73743a203132372e302e302e313a383038380d0a557365722d416765 ...
[2016-11-18 14:29:32,240] [INFO] [base._test_info] -> Current test: 216
[2016-11-18 14:29:32,240] [INFO] [server.transmit] -> request(515): 474554202f6170616368655f70622e6769660d0a486f73743a203132372e302e302e313a383038380d0a557365722d416765 ...
[2016-11-18 14:29:33,147] [INFO] [base._test_info] -> Current test: 217
[2016-11-18 14:29:33,147] [INFO] [server.transmit] -> request(291): 474554202f6170616368655f70622e6769660d0a486f73743a203132372e302e302e313a383038380d0a557365722d416765 ...
[2016-11-18 14:29:34,054] [INFO] [base._test_info] -> Current test: 218
[2016-11-18 14:29:34,055] [INFO] [server.transmit] -> request(263): 474554202f6170616368655f70622e6769660d0a486f73743a203132372e302e302e313a383038380d0a557365722d416765 ...
[2016-11-18 14:29:34,962] [INFO] [base._test_info] -> Current test: 219
[2016-11-18 14:29:34,962] [INFO] [server.transmit] -> request(1283): 474554202f6170616368655f70622e6769660d0a486f73743a203132372e302e302e313a383038380d0a557365722d416765 ...
[2016-11-18 14:29:35,869] [INFO] [base._test_info] -> Current test: 220
[2016-11-18 14:29:35,869] [INFO] [server.transmit] -> request(387): 474554202f6170616368655f70622e6769660d0a486f73743a203132372e302e302e313a383038380d0a557365722d416765 ...
[2016-11-18 14:29:36,776] [INFO] [base._test_info] -> Current test: 221
[2016-11-18 14:29:36,777] [INFO] [server.transmit] -> request(275): 474554202f6170616368655f70622e6769660d0a486f73743a203132372e302e302e313a383038380d0a557365722d416765 ...
[2016-11-18 14:29:37,685] [INFO] [base._test_info] -> Current test: 222
[2016-11-18 14:29:37,685] [INFO] [server.transmit] -> request(261): 474554202f6170616368655f70622e6769660d0a486f73743a203132372e302e302e313a383038380d0a557365722d416765 ...
[2016-11-18 14:29:38,593] [INFO] [base._test_info] -> Current test: 223
[2016-11-18 14:29:38,593] [INFO] [server.transmit] -> request(4355): 474554202f6170616368655f70622e6769660d0a486f73743a203132372e302e302e313a383038380d0a557365722d416765 ...
[2016-11-18 14:29:39,501] [INFO] [base._test_info] -> Current test: 224
[2016-11-18 14:29:39,501] [INFO] [server.transmit] -> request(771): 474554202f6170616368655f70622e6769660d0a486f73743a203132372e302e302e313a383038380d0a557365722d416765 ...
[2016-11-18 14:29:40,408] [INFO] [base._test_info] -> Current test: 225
[2016-11-18 14:29:40,409] [INFO] [server.transmit] -> request(323): 474554202f6170616368655f70622e6769660d0a486f73743a203132372e302e302e313a383038380d0a557365722d416765 ...
[2016-11-18 14:29:41,316] [INFO] [base._test_info] -> Current test: 226
[2016-11-18 14:29:41,316] [INFO] [server.transmit] -> request(267): 474554202f6170616368655f70622e6769660d0a486f73743a203132372e302e302e313a383038380d0a557365722d416765 ...
[2016-11-18 14:29:42,223] [INFO] [base._test_info] -> Current test: 227
[2016-11-18 14:29:42,223] [INFO] [server.transmit] -> request(276): 474554202f6170616368655f70622e6769660d0a486f73743a203132372e302e302e313a383038380d0a557365722d416765 ...
[2016-11-18 14:29:43,131] [INFO] [base._test_info] -> Current test: 228
[2016-11-18 14:29:43,132] [INFO] [server.transmit] -> request(277): 474554202f6170616368655f70622e6769660d0a486f73743a203132372e302e302e313a383038380d0a557365722d416765 ...
[2016-11-18 14:29:44,038] [INFO] [base._test_info] -> Current test: 229
[2016-11-18 14:29:44,039] [INFO] [server.transmit] -> request(273): 474554202f6170616368655f70622e6769660d0a486f73743a203132372e302e302e313a383038380d0a557365722d416765 ...
[2016-11-18 14:29:44,945] [INFO] [base._test_info] -> Current test: 230
[2016-11-18 14:29:44,946] [INFO] [server.transmit] -> request(288): 474554202f6170616368655f70622e6769660d0a486f73743a203132372e302e302e313a383038380d0a557365722d416765 ...
[2016-11-18 14:29:45,852] [INFO] [base._test_info] -> Current test: 231
[2016-11-18 14:29:45,853] [INFO] [server.transmit] -> request(289): 474554202f6170616368655f70622e6769660d0a486f73743a203132372e302e302e313a383038380d0a557365722d416765 ...
[2016-11-18 14:29:46,760] [INFO] [base._test_info] -> Current test: 232
[2016-11-18 14:29:46,760] [INFO] [server.transmit] -> request(274): 474554202f6170616368655f70622e6769660d0a486f73743a203132372e302e302e313a383038380d0a557365722d416765 ...
[2016-11-18 14:29:47,668] [INFO] [base._test_info] -> Current test: 233
[2016-11-18 14:29:47,668] [INFO] [server.transmit] -> request(275): 474554202f6170616368655f70622e6769660d0a486f73743a203132372e302e302e313a383038380d0a557365722d416765 ...
[2016-11-18 14:29:48,575] [INFO] [base._test_info] -> Current test: 234
[2016-11-18 14:29:48,575] [INFO] [server.transmit] -> request(267): 474554202f6170616368655f70622e6769660d0a486f73743a203132372e302e302e313a383038380d0a557365722d416765 ...
[2016-11-18 14:29:49,482] [INFO] [base._test_info] -> Current test: 235
[2016-11-18 14:29:49,482] [INFO] [server.transmit] -> request(268): 474554202f6170616368655f70622e6769660d0a486f73743a203132372e302e302e313a383038380d0a557365722d416765 ...
[2016-11-18 14:29:50,389] [INFO] [base._test_info] -> Current test: 236
[2016-11-18 14:29:50,389] [INFO] [server.transmit] -> request(268): 474554202f6170616368655f70622e6769660d0a486f73743a203132372e302e302e313a383038380d0a557365722d416765 ...
[2016-11-18 14:29:51,296] [INFO] [base._test_info] -> Current test: 237
[2016-11-18 14:29:51,296] [INFO] [server.transmit] -> request(270): 474554202f6170616368655f70622e6769660d0a486f73743a203132372e302e302e313a383038380d0a557365722d416765 ...
[2016-11-18 14:29:52,202] [INFO] [base._test_info] -> Current test: 238
[2016-11-18 14:29:52,202] [INFO] [server.transmit] -> request(276): 474554202f6170616368655f70622e6769660d0a486f73743a203132372e302e302e313a383038380d0a557365722d416765 ...
[2016-11-18 14:29:53,109] [INFO] [base._test_info] -> Current test: 239
[2016-11-18 14:29:53,109] [INFO] [server.transmit] -> request(300): 474554202f6170616368655f70622e6769660d0a486f73743a203132372e302e302e313a383038380d0a557365722d416765 ...
[2016-11-18 14:29:54,016] [INFO] [base._test_info] -> Current test: 240
[2016-11-18 14:29:54,017] [INFO] [server.transmit] -> request(331): 474554202f6170616368655f70622e6769660d0a486f73743a203132372e302e302e313a383038380d0a557365722d416765 ...
[2016-11-18 14:29:54,924] [INFO] [base._test_info] -> Current test: 241
[2016-11-18 14:29:54,925] [INFO] [server.transmit] -> request(270): 474554202f6170616368655f70622e6769660d0a486f73743a203132372e302e302e313a383038380d0a557365722d416765 ...
[2016-11-18 14:29:55,832] [INFO] [base._test_info] -> Current test: 242
[2016-11-18 14:29:55,833] [INFO] [server.transmit] -> request(270): 474554202f6170616368655f70622e6769660d0a486f73743a203132372e302e302e313a383038380d0a557365722d416765 ...
[2016-11-18 14:29:56,740] [INFO] [base._test_info] -> Current test: 243
[2016-11-18 14:29:56,740] [INFO] [server.transmit] -> request(261): 474554202f6170616368655f70622e6769660d0a486f73743a203132372e302e302e313a383038380d0a557365722d416765 ...
[2016-11-18 14:29:57,647] [INFO] [base._test_info] -> Current test: 244
[2016-11-18 14:29:57,647] [INFO] [server.transmit] -> request(269): 474554202f6170616368655f70622e6769660d0a486f73743a203132372e302e302e313a383038380d0a557365722d416765 ...
[2016-11-18 14:29:58,553] [INFO] [base._test_info] -> Current test: 245
[2016-11-18 14:29:58,554] [INFO] [server.transmit] -> request(359): 474554202f6170616368655f70622e6769660d0a486f73743a203132372e302e302e313a383038380d0a557365722d416765 ...
[2016-11-18 14:29:59,460] [INFO] [base._test_info] -> Current test: 246
[2016-11-18 14:29:59,460] [INFO] [server.transmit] -> request(1259): 474554202f6170616368655f70622e6769660d0a486f73743a203132372e302e302e313a383038380d0a557365722d416765 ...
[2016-11-18 14:30:00,367] [INFO] [base._test_info] -> Current test: 247
[2016-11-18 14:30:00,367] [INFO] [server.transmit] -> request(5259): 474554202f6170616368655f70622e6769660d0a486f73743a203132372e302e302e313a383038380d0a557365722d416765 ...
[2016-11-18 14:30:01,274] [INFO] [base._test_info] -> Current test: 248
[2016-11-18 14:30:01,274] [INFO] [server.transmit] -> request(10259): 474554202f6170616368655f70622e6769660d0a486f73743a203132372e302e302e313a383038380d0a557365722d416765 ...
[2016-11-18 14:30:02,181] [INFO] [base._test_info] -> Current test: 249
[2016-11-18 14:30:02,181] [INFO] [server.transmit] -> request(270): 474554202f6170616368655f70622e6769660d0a486f73743a203132372e302e302e313a383038380d0a557365722d416765 ...
[2016-11-18 14:30:03,087] [INFO] [base._test_info] -> Current test: 250
[2016-11-18 14:30:03,088] [INFO] [server.transmit] -> request(313): 474554202f6170616368655f70622e6769660d0a486f73743a203132372e302e302e313a383038380d0a557365722d416765 ...
[2016-11-18 14:30:03,995] [INFO] [base._test_info] -> Current test: 251
[2016-11-18 14:30:03,996] [INFO] [server.transmit] -> request(311): 474554202f6170616368655f70622e6769660d0a486f73743a203132372e302e302e313a383038380d0a557365722d416765 ...
[2016-11-18 14:30:04,902] [INFO] [base._test_info] -> Current test: 252
[2016-11-18 14:30:04,903] [INFO] [server.transmit] -> request(272): 474554202f6170616368655f70622e6769660d0a486f73743a203132372e302e302e313a383038380d0a557365722d416765 ...
[2016-11-18 14:30:05,810] [INFO] [base._test_info] -> Current test: 253
[2016-11-18 14:30:05,811] [INFO] [server.transmit] -> request(315): 474554202f6170616368655f70622e6769660d0a486f73743a203132372e302e302e313a383038380d0a557365722d416765 ...
[2016-11-18 14:30:06,718] [INFO] [base._test_info] -> Current test: 254
[2016-11-18 14:30:06,719] [INFO] [server.transmit] -> request(313): 474554202f6170616368655f70622e6769660d0a486f73743a203132372e302e302e313a383038380d0a557365722d416765 ...
[2016-11-18 14:30:07,626] [INFO] [base._test_info] -> Current test: 255
[2016-11-18 14:30:07,626] [INFO] [server.transmit] -> request(269): 474554202f6170616368655f70622e6769660d0a486f73743a203132372e302e302e313a383038380d0a557365722d416765 ...
[2016-11-18 14:30:08,534] [INFO] [base._test_info] -> Current test: 256
[2016-11-18 14:30:08,535] [INFO] [server.transmit] -> request(273): 474554202f6170616368655f70622e6769660d0a486f73743a203132372e302e302e313a383038380d0a557365722d416765 ...
[2016-11-18 14:30:09,444] [INFO] [base._test_info] -> Current test: 257
[2016-11-18 14:30:09,445] [INFO] [server.transmit] -> request(304): 474554202f6170616368655f70622e6769660d0a486f73743a203132372e302e302e313a383038380d0a557365722d416765 ...
[2016-11-18 14:30:10,353] [INFO] [base._test_info] -> Current test: 258
[2016-11-18 14:30:10,353] [INFO] [server.transmit] -> request(1283): 474554202f6170616368655f70622e6769660d0a486f73743a203132372e302e302e313a383038380d0a557365722d416765 ...
[2016-11-18 14:30:11,260] [INFO] [base._test_info] -> Current test: 259
[2016-11-18 14:30:11,261] [INFO] [server.transmit] -> request(387): 474554202f6170616368655f70622e6769660d0a486f73743a203132372e302e302e313a383038380d0a557365722d416765 ...
[2016-11-18 14:30:12,168] [INFO] [base._test_info] -> Current test: 260
[2016-11-18 14:30:12,169] [INFO] [server.transmit] -> request(275): 474554202f6170616368655f70622e6769660d0a486f73743a203132372e302e302e313a383038380d0a557365722d416765 ...
[2016-11-18 14:30:13,076] [INFO] [base._test_info] -> Current test: 261
[2016-11-18 14:30:13,076] [INFO] [server.transmit] -> request(1283): 474554202f6170616368655f70622e6769660d0a486f73743a203132372e302e302e313a383038380d0a557365722d416765 ...
[2016-11-18 14:30:13,983] [INFO] [base._test_info] -> Current test: 262
[2016-11-18 14:30:13,984] [INFO] [server.transmit] -> request(387): 474554202f6170616368655f70622e6769660d0a486f73743a203132372e302e302e313a383038380d0a557365722d416765 ...
[2016-11-18 14:30:14,891] [INFO] [base._test_info] -> Current test: 263
[2016-11-18 14:30:14,892] [INFO] [server.transmit] -> request(275): 474554202f6170616368655f70622e6769660d0a486f73743a203132372e302e302e313a383038380d0a557365722d416765 ...
[2016-11-18 14:30:15,801] [INFO] [base._test_info] -> Current test: 264
[2016-11-18 14:30:15,801] [INFO] [server.transmit] -> request(288): 474554202f6170616368655f70622e6769660d0a486f73743a203132372e302e302e313a383038380d0a557365722d416765 ...
[2016-11-18 14:30:16,708] [INFO] [base._test_info] -> Current test: 265
[2016-11-18 14:30:16,708] [INFO] [server.transmit] -> request(284): 474554202f6170616368655f70622e6769660d0a486f73743a203132372e302e302e313a383038380d0a557365722d416765 ...
[2016-11-18 14:30:17,617] [INFO] [base._test_info] -> Current test: 266
[2016-11-18 14:30:17,617] [INFO] [server.transmit] -> request(285): 474554202f6170616368655f70622e6769660d0a486f73743a203132372e302e302e313a383038380d0a557365722d416765 ...
[2016-11-18 14:30:18,525] [INFO] [base._test_info] -> Current test: 267
[2016-11-18 14:30:18,525] [INFO] [server.transmit] -> request(264): 474554202f6170616368655f70622e6769660d0a486f73743a203132372e302e302e313a383038380d0a557365722d416765 ...
[2016-11-18 14:30:19,432] [INFO] [base._test_info] -> Current test: 268
[2016-11-18 14:30:19,432] [INFO] [server.transmit] -> request(263): 474554202f6170616368655f70622e6769660d0a486f73743a203132372e302e302e313a383038380d0a557365722d416765 ...
[2016-11-18 14:30:20,339] [INFO] [base._test_info] -> Current test: 269
[2016-11-18 14:30:20,340] [INFO] [server.transmit] -> request(262): 474554202f6170616368655f70622e6769660d0a486f73743a203132372e302e302e313a383038380d0a557365722d416765 ...
[2016-11-18 14:30:21,247] [INFO] [base._test_info] -> Current test: 270
[2016-11-18 14:30:21,247] [INFO] [server.transmit] -> request(265): 474554202f6170616368655f70622e6769660d0a486f73743a203132372e302e302e313a383038380d0a557365722d416765 ...
[2016-11-18 14:30:22,154] [INFO] [base._test_info] -> Current test: 271
[2016-11-18 14:30:22,155] [INFO] [server.transmit] -> request(451): 474554202f6170616368655f70622e6769660d0a486f73743a203132372e302e302e313a383038380d0a557365722d416765 ...
[2016-11-18 14:30:23,062] [INFO] [base._test_info] -> Current test: 272
[2016-11-18 14:30:23,062] [INFO] [server.transmit] -> request(283): 474554202f6170616368655f70622e6769660d0a486f73743a203132372e302e302e313a383038380d0a557365722d416765 ...
[2016-11-18 14:30:23,969] [INFO] [base._test_info] -> Current test: 273
[2016-11-18 14:30:23,970] [INFO] [server.transmit] -> request(266): 474554202f6170616368655f70622e6769660d0a486f73743a203132372e302e302e313a383038380d0a557365722d416765 ...
[2016-11-18 14:30:24,877] [INFO] [base._test_info] -> Current test: 274
[2016-11-18 14:30:24,878] [INFO] [server.transmit] -> request(265): 474554202f6170616368655f70622e6769660d0a486f73743a203132372e302e302e313a383038380d0a557365722d416765 ...
[2016-11-18 14:30:25,785] [INFO] [base._test_info] -> Current test: 275
[2016-11-18 14:30:25,786] [INFO] [server.transmit] -> request(264): 474554202f6170616368655f70622e6769660d0a486f73743a203132372e302e302e313a383038380d0a557365722d416765 ...
[2016-11-18 14:30:26,693] [INFO] [base._test_info] -> Current test: 276
[2016-11-18 14:30:26,693] [INFO] [server.transmit] -> request(264): 474554202f6170616368655f70622e6769660d0a486f73743a203132372e302e302e313a383038380d0a557365722d416765 ...
[2016-11-18 14:30:27,600] [INFO] [base._test_info] -> Current test: 277
[2016-11-18 14:30:27,601] [INFO] [server.transmit] -> request(264): 474554202f6170616368655f70622e6769660d0a486f73743a203132372e302e302e313a383038380d0a557365722d416765 ...
[2016-11-18 14:30:28,508] [INFO] [base._test_info] -> Current test: 278
[2016-11-18 14:30:28,509] [INFO] [server.transmit] -> request(264): 474554202f6170616368655f70622e6769660d0a486f73743a203132372e302e302e313a383038380d0a557365722d416765 ...
[2016-11-18 14:30:29,416] [INFO] [base._test_info] -> Current test: 279
[2016-11-18 14:30:29,416] [INFO] [server.transmit] -> request(264): 474554202f6170616368655f70622e6769660d0a486f73743a203132372e302e302e313a383038380d0a557365722d416765 ...
[2016-11-18 14:30:30,323] [INFO] [base._test_info] -> Current test: 280
[2016-11-18 14:30:30,324] [INFO] [server.transmit] -> request(264): 474554202f6170616368655f70622e6769660d0a486f73743a203132372e302e302e313a383038380d0a557365722d416765 ...
[2016-11-18 14:30:31,232] [INFO] [base._test_info] -> Current test: 281
[2016-11-18 14:30:31,232] [INFO] [server.transmit] -> request(264): 474554202f6170616368655f70622e6769660d0a486f73743a203132372e302e302e313a383038380d0a557365722d416765 ...
[2016-11-18 14:30:32,138] [INFO] [base._test_info] -> Current test: 282
[2016-11-18 14:30:32,139] [INFO] [server.transmit] -> request(264): 474554202f6170616368655f70622e6769660d0a486f73743a203132372e302e302e313a383038380d0a557365722d416765 ...
[2016-11-18 14:30:33,046] [INFO] [base._test_info] -> Current test: 283
[2016-11-18 14:30:33,047] [INFO] [server.transmit] -> request(257): 474554202f6170616368655f70622e6769660d0a486f73743a203132372e302e302e313a383038380d0a557365722d416765 ...
[2016-11-18 14:30:33,955] [INFO] [base._test_info] -> Current test: 284
[2016-11-18 14:30:33,955] [INFO] [server.transmit] -> request(266): 474554202f6170616368655f70622e6769660d0a486f73743a203132372e302e302e313a383038380d0a557365722d416765 ...
[2016-11-18 14:30:34,862] [INFO] [base._test_info] -> Current test: 285
[2016-11-18 14:30:34,863] [INFO] [server.transmit] -> request(266): 474554202f6170616368655f70622e6769660d0a486f73743a203132372e302e302e313a383038380d0a557365722d416765 ...
[2016-11-18 14:30:35,772] [INFO] [base._test_info] -> Current test: 286
[2016-11-18 14:30:35,773] [INFO] [server.transmit] -> request(266): 474554202f6170616368655f70622e6769660d0a486f73743a203132372e302e302e313a383038380d0a557365722d416765 ...
[2016-11-18 14:30:36,679] [INFO] [base._test_info] -> Current test: 287
[2016-11-18 14:30:36,680] [INFO] [server.transmit] -> request(266): 474554202f6170616368655f70622e6769660d0a486f73743a203132372e302e302e313a383038380d0a557365722d416765 ...
[2016-11-18 14:30:37,588] [INFO] [base._test_info] -> Current test: 288
[2016-11-18 14:30:37,588] [INFO] [server.transmit] -> request(257): 474554202f6170616368655f70622e6769660d0a486f73743a203132372e302e302e313a383038380d0a557365722d416765 ...
[2016-11-18 14:30:38,503] [INFO] [base._test_info] -> Current test: 289
[2016-11-18 14:30:38,503] [INFO] [server.transmit] -> request(266): 474554202f6170616368655f70622e6769660d0a486f73743a203132372e302e302e313a383038380d0a557365722d416765 ...
[2016-11-18 14:30:39,411] [INFO] [base._test_info] -> Current test: 290
[2016-11-18 14:30:39,411] [INFO] [server.transmit] -> request(266): 474554202f6170616368655f70622e6769660d0a486f73743a203132372e302e302e313a383038380d0a557365722d416765 ...
[2016-11-18 14:30:40,318] [INFO] [base._test_info] -> Current test: 291
[2016-11-18 14:30:40,318] [INFO] [server.transmit] -> request(266): 474554202f6170616368655f70622e6769660d0a486f73743a203132372e302e302e313a383038380d0a557365722d416765 ...
[2016-11-18 14:30:41,226] [INFO] [base._test_info] -> Current test: 292
[2016-11-18 14:30:41,226] [INFO] [server.transmit] -> request(266): 474554202f6170616368655f70622e6769660d0a486f73743a203132372e302e302e313a383038380d0a557365722d416765 ...
[2016-11-18 14:30:42,133] [INFO] [base._test_info] -> Current test: 293
[2016-11-18 14:30:42,133] [INFO] [server.transmit] -> request(266): 474554202f6170616368655f70622e6769660d0a486f73743a203132372e302e302e313a383038380d0a557365722d416765 ...
[2016-11-18 14:30:43,040] [INFO] [base._test_info] -> Current test: 294
[2016-11-18 14:30:43,040] [INFO] [server.transmit] -> request(266): 474554202f6170616368655f70622e6769660d0a486f73743a203132372e302e302e313a383038380d0a557365722d416765 ...
[2016-11-18 14:30:43,948] [INFO] [base._test_info] -> Current test: 295
[2016-11-18 14:30:43,949] [INFO] [server.transmit] -> request(266): 474554202f6170616368655f70622e6769660d0a486f73743a203132372e302e302e313a383038380d0a557365722d416765 ...
[2016-11-18 14:30:44,856] [INFO] [base._test_info] -> Current test: 296
[2016-11-18 14:30:44,856] [INFO] [server.transmit] -> request(257): 474554202f6170616368655f70622e6769660d0a486f73743a203132372e302e302e313a383038380d0a557365722d416765 ...
[2016-11-18 14:30:45,763] [INFO] [base._test_info] -> Current test: 297
[2016-11-18 14:30:45,764] [INFO] [server.transmit] -> request(266): 474554202f6170616368655f70622e6769660d0a486f73743a203132372e302e302e313a383038380d0a557365722d416765 ...
[2016-11-18 14:30:46,670] [INFO] [base._test_info] -> Current test: 298
[2016-11-18 14:30:46,670] [INFO] [server.transmit] -> request(266): 474554202f6170616368655f70622e6769660d0a486f73743a203132372e302e302e313a383038380d0a557365722d416765 ...
[2016-11-18 14:30:47,597] [INFO] [base._test_info] -> Current test: 299
[2016-11-18 14:30:47,598] [INFO] [server.transmit] -> request(266): 474554202f6170616368655f70622e6769660d0a486f73743a203132372e302e302e313a383038380d0a557365722d416765 ...
[2016-11-18 14:30:48,505] [INFO] [base._test_info] -> Current test: 300
[2016-11-18 14:30:48,505] [INFO] [server.transmit] -> request(266): 474554202f6170616368655f70622e6769660d0a486f73743a203132372e302e302e313a383038380d0a557365722d416765 ...
[2016-11-18 14:30:49,412] [INFO] [base._test_info] -> Current test: 301
[2016-11-18 14:30:49,413] [INFO] [server.transmit] -> request(266): 474554202f6170616368655f70622e6769660d0a486f73743a203132372e302e302e313a383038380d0a557365722d416765 ...
[2016-11-18 14:30:50,319] [INFO] [base._test_info] -> Current test: 302
[2016-11-18 14:30:50,320] [INFO] [server.transmit] -> request(266): 474554202f6170616368655f70622e6769660d0a486f73743a203132372e302e302e313a383038380d0a557365722d416765 ...
[2016-11-18 14:30:51,226] [INFO] [base._test_info] -> Current test: 303
[2016-11-18 14:30:51,227] [INFO] [server.transmit] -> request(266): 474554202f6170616368655f70622e6769660d0a486f73743a203132372e302e302e313a383038380d0a557365722d416765 ...
[2016-11-18 14:30:52,133] [INFO] [base._test_info] -> Current test: 304
[2016-11-18 14:30:52,134] [INFO] [server.transmit] -> request(264): 474554202f6170616368655f70622e6769660d0a486f73743a203132372e302e302e313a383038380d0a557365722d416765 ...
[2016-11-18 14:30:53,040] [INFO] [base._test_info] -> Current test: 305
[2016-11-18 14:30:53,040] [INFO] [server.transmit] -> request(264): 474554202f6170616368655f70622e6769660d0a486f73743a203132372e302e302e313a383038380d0a557365722d416765 ...
[2016-11-18 14:30:53,946] [INFO] [base._test_info] -> Current test: 306
[2016-11-18 14:30:53,947] [INFO] [server.transmit] -> request(264): 474554202f6170616368655f70622e6769660d0a486f73743a203132372e302e302e313a383038380d0a557365722d416765 ...
[2016-11-18 14:30:54,853] [INFO] [base._test_info] -> Current test: 307
[2016-11-18 14:30:54,854] [INFO] [server.transmit] -> request(264): 474554202f6170616368655f70622e6769660d0a486f73743a203132372e302e302e313a383038380d0a557365722d416765 ...
[2016-11-18 14:30:55,761] [INFO] [base._test_info] -> Current test: 308
[2016-11-18 14:30:55,761] [INFO] [server.transmit] -> request(266): 474554202f6170616368655f70622e6769660d0a486f73743a203132372e302e302e313a383038380d0a557365722d416765 ...
[2016-11-18 14:30:56,668] [INFO] [base._test_info] -> Current test: 309
[2016-11-18 14:30:56,669] [INFO] [server.transmit] -> request(265): 474554202f6170616368655f70622e6769660d0a486f73743a203132372e302e302e313a383038380d0a557365722d416765 ...
[2016-11-18 14:30:57,575] [INFO] [base._test_info] -> Current test: 310
[2016-11-18 14:30:57,576] [INFO] [server.transmit] -> request(264): 474554202f6170616368655f70622e6769660d0a486f73743a203132372e302e302e313a383038380d0a557365722d416765 ...
[2016-11-18 14:30:58,482] [INFO] [base._test_info] -> Current test: 311
[2016-11-18 14:30:58,483] [INFO] [server.transmit] -> request(264): 474554202f6170616368655f70622e6769660d0a486f73743a203132372e302e302e313a383038380d0a557365722d416765 ...
[2016-11-18 14:30:59,389] [INFO] [base._test_info] -> Current test: 312
[2016-11-18 14:30:59,389] [INFO] [server.transmit] -> request(264): 474554202f6170616368655f70622e6769660d0a486f73743a203132372e302e302e313a383038380d0a557365722d416765 ...
[2016-11-18 14:31:00,296] [INFO] [base._test_info] -> Current test: 313
[2016-11-18 14:31:00,297] [INFO] [server.transmit] -> request(264): 474554202f6170616368655f70622e6769660d0a486f73743a203132372e302e302e313a383038380d0a557365722d416765 ...
[2016-11-18 14:31:01,204] [INFO] [base._test_info] -> Current test: 314
[2016-11-18 14:31:01,205] [INFO] [server.transmit] -> request(264): 474554202f6170616368655f70622e6769660d0a486f73743a203132372e302e302e313a383038380d0a557365722d416765 ...
[2016-11-18 14:31:02,112] [INFO] [base._test_info] -> Current test: 315
[2016-11-18 14:31:02,113] [INFO] [server.transmit] -> request(264): 474554202f6170616368655f70622e6769660d0a486f73743a203132372e302e302e313a383038380d0a557365722d416765 ...
[2016-11-18 14:31:03,020] [INFO] [base._test_info] -> Current test: 316
[2016-11-18 14:31:03,020] [INFO] [server.transmit] -> request(264): 474554202f6170616368655f70622e6769660d0a486f73743a203132372e302e302e313a383038380d0a557365722d416765 ...
[2016-11-18 14:31:03,929] [INFO] [base._test_info] -> Current test: 317
[2016-11-18 14:31:03,929] [INFO] [server.transmit] -> request(264): 474554202f6170616368655f70622e6769660d0a486f73743a203132372e302e302e313a383038380d0a557365722d416765 ...
[2016-11-18 14:31:04,836] [INFO] [base._test_info] -> Current test: 318
[2016-11-18 14:31:04,837] [INFO] [server.transmit] -> request(257): 474554202f6170616368655f70622e6769660d0a486f73743a203132372e302e302e313a383038380d0a557365722d416765 ...
[2016-11-18 14:31:05,744] [INFO] [base._test_info] -> Current test: 319
[2016-11-18 14:31:05,744] [INFO] [server.transmit] -> request(266): 474554202f6170616368655f70622e6769660d0a486f73743a203132372e302e302e313a383038380d0a557365722d416765 ...
[2016-11-18 14:31:06,650] [INFO] [base._test_info] -> Current test: 320
[2016-11-18 14:31:06,651] [INFO] [server.transmit] -> request(266): 474554202f6170616368655f70622e6769660d0a486f73743a203132372e302e302e313a383038380d0a557365722d416765 ...
[2016-11-18 14:31:07,558] [INFO] [base._test_info] -> Current test: 321
[2016-11-18 14:31:07,558] [INFO] [server.transmit] -> request(266): 474554202f6170616368655f70622e6769660d0a486f73743a203132372e302e302e313a383038380d0a557365722d416765 ...
[2016-11-18 14:31:08,465] [INFO] [base._test_info] -> Current test: 322
[2016-11-18 14:31:08,465] [INFO] [server.transmit] -> request(266): 474554202f6170616368655f70622e6769660d0a486f73743a203132372e302e302e313a383038380d0a557365722d416765 ...
[2016-11-18 14:31:09,373] [INFO] [base._test_info] -> Current test: 323
[2016-11-18 14:31:09,373] [INFO] [server.transmit] -> request(257): 474554202f6170616368655f70622e6769660d0a486f73743a203132372e302e302e313a383038380d0a557365722d416765 ...
[2016-11-18 14:31:10,280] [INFO] [base._test_info] -> Current test: 324
[2016-11-18 14:31:10,281] [INFO] [server.transmit] -> request(266): 474554202f6170616368655f70622e6769660d0a486f73743a203132372e302e302e313a383038380d0a557365722d416765 ...
[2016-11-18 14:31:11,188] [INFO] [base._test_info] -> Current test: 325
[2016-11-18 14:31:11,189] [INFO] [server.transmit] -> request(266): 474554202f6170616368655f70622e6769660d0a486f73743a203132372e302e302e313a383038380d0a557365722d416765 ...
[2016-11-18 14:31:12,097] [INFO] [base._test_info] -> Current test: 326
[2016-11-18 14:31:12,097] [INFO] [server.transmit] -> request(266): 474554202f6170616368655f70622e6769660d0a486f73743a203132372e302e302e313a383038380d0a557365722d416765 ...
[2016-11-18 14:31:13,005] [INFO] [base._test_info] -> Current test: 327
[2016-11-18 14:31:13,005] [INFO] [server.transmit] -> request(266): 474554202f6170616368655f70622e6769660d0a486f73743a203132372e302e302e313a383038380d0a557365722d416765 ...
[2016-11-18 14:31:13,913] [INFO] [base._test_info] -> Current test: 328
[2016-11-18 14:31:13,914] [INFO] [server.transmit] -> request(266): 474554202f6170616368655f70622e6769660d0a486f73743a203132372e302e302e313a383038380d0a557365722d416765 ...
[2016-11-18 14:31:14,821] [INFO] [base._test_info] -> Current test: 329
[2016-11-18 14:31:14,821] [INFO] [server.transmit] -> request(266): 474554202f6170616368655f70622e6769660d0a486f73743a203132372e302e302e313a383038380d0a557365722d416765 ...
[2016-11-18 14:31:15,730] [INFO] [base._test_info] -> Current test: 330
[2016-11-18 14:31:15,730] [INFO] [server.transmit] -> request(266): 474554202f6170616368655f70622e6769660d0a486f73743a203132372e302e302e313a383038380d0a557365722d416765 ...
[2016-11-18 14:31:16,638] [INFO] [base._test_info] -> Current test: 331
[2016-11-18 14:31:16,638] [INFO] [server.transmit] -> request(257): 474554202f6170616368655f70622e6769660d0a486f73743a203132372e302e302e313a383038380d0a557365722d416765 ...
[2016-11-18 14:31:17,545] [INFO] [base._test_info] -> Current test: 332
[2016-11-18 14:31:17,545] [INFO] [server.transmit] -> request(266): 474554202f6170616368655f70622e6769660d0a486f73743a203132372e302e302e313a383038380d0a557365722d416765 ...
[2016-11-18 14:31:18,453] [INFO] [base._test_info] -> Current test: 333
[2016-11-18 14:31:18,453] [INFO] [server.transmit] -> request(266): 474554202f6170616368655f70622e6769660d0a486f73743a203132372e302e302e313a383038380d0a557365722d416765 ...
[2016-11-18 14:31:19,361] [INFO] [base._test_info] -> Current test: 334
[2016-11-18 14:31:19,361] [INFO] [server.transmit] -> request(266): 474554202f6170616368655f70622e6769660d0a486f73743a203132372e302e302e313a383038380d0a557365722d416765 ...
[2016-11-18 14:31:20,269] [INFO] [base._test_info] -> Current test: 335
[2016-11-18 14:31:20,269] [INFO] [server.transmit] -> request(266): 474554202f6170616368655f70622e6769660d0a486f73743a203132372e302e302e313a383038380d0a557365722d416765 ...
[2016-11-18 14:31:21,177] [INFO] [base._test_info] -> Current test: 336
[2016-11-18 14:31:21,178] [INFO] [server.transmit] -> request(266): 474554202f6170616368655f70622e6769660d0a486f73743a203132372e302e302e313a383038380d0a557365722d416765 ...
[2016-11-18 14:31:22,086] [INFO] [base._test_info] -> Current test: 337
[2016-11-18 14:31:22,086] [INFO] [server.transmit] -> request(266): 474554202f6170616368655f70622e6769660d0a486f73743a203132372e302e302e313a383038380d0a557365722d416765 ...
[2016-11-18 14:31:22,993] [INFO] [base._test_info] -> Current test: 338
[2016-11-18 14:31:22,994] [INFO] [server.transmit] -> request(266): 474554202f6170616368655f70622e6769660d0a486f73743a203132372e302e302e313a383038380d0a557365722d416765 ...
[2016-11-18 14:31:23,901] [INFO] [base._test_info] -> Current test: 339
[2016-11-18 14:31:23,901] [INFO] [server.transmit] -> request(264): 474554202f6170616368655f70622e6769660d0a486f73743a203132372e302e302e313a383038380d0a557365722d416765 ...
[2016-11-18 14:31:24,809] [INFO] [base._test_info] -> Current test: 340
[2016-11-18 14:31:24,809] [INFO] [server.transmit] -> request(264): 474554202f6170616368655f70622e6769660d0a486f73743a203132372e302e302e313a383038380d0a557365722d416765 ...
[2016-11-18 14:31:25,715] [INFO] [base._test_info] -> Current test: 341
[2016-11-18 14:31:25,716] [INFO] [server.transmit] -> request(264): 474554202f6170616368655f70622e6769660d0a486f73743a203132372e302e302e313a383038380d0a557365722d416765 ...
[2016-11-18 14:31:26,622] [INFO] [base._test_info] -> Current test: 342
[2016-11-18 14:31:26,622] [INFO] [server.transmit] -> request(264): 474554202f6170616368655f70622e6769660d0a486f73743a203132372e302e302e313a383038380d0a557365722d416765 ...
[2016-11-18 14:31:27,526] [INFO] [base._end_message] -> 
                         --------------------------------------------------
                         Finished fuzzing session
                         Target: TcpTarget

                         Tested 343 mutations
                         Mutation range: 0 to 342
                         Failure count: 0
                         --------------------------------------------------
            
