[2016-10-20 11:53:29,103] [INFO] [base._load_session] -> No session loaded
[2016-10-20 11:53:29,104] [INFO] [graph.hash] -> hash of template HTTP_GET_REQUEST_V2 is -6957941860245298902
[2016-10-20 11:53:29,104] [INFO] [graph.hash] -> hash of model is 7394676572282657576
[2016-10-20 11:53:29,105] [INFO] [base._start_message] -> 
                 --------------------------------------------------
                 Starting fuzzing session
                 Target: TcpTarget
                 UI: WebInterface listening on 0.0.0.0:26000
                 Log: ./kittylogs/kitty_20161020-115329.log

                 Total possible mutation count: 1796
                 Fuzzing the mutation range: 0 to 1795
                 --------------------------------------------------
                                 Happy hacking
                 --------------------------------------------------
            
[2016-10-20 11:53:29,105] [INFO] [base.start] -> Performing environment test
[2016-10-20 11:53:29,109] [INFO] [base._test_info] -> Current test: -1
[2016-10-20 11:53:29,109] [INFO] [server.transmit] -> request(301): 474554202f696e6465782e68746d6c20485454502f312e310d0a486f73743a207777772e676f6f676c652e636f6d0d0a5573 ...
[2016-10-20 11:53:29,620] [INFO] [server._start] -> should keep running? True
[2016-10-20 11:53:29,635] [INFO] [base._test_info] -> Current test: 0
[2016-10-20 11:53:29,637] [INFO] [server.transmit] -> request(312): 474554202f696e6465782e68746d6c2f696e6465782e68746d6c20485454502f312e310d0a486f73743a207777772e676f6f ...
[2016-10-20 11:53:30,150] [INFO] [base._test_info] -> Current test: 1
[2016-10-20 11:53:30,152] [INFO] [server.transmit] -> request(400): 474554202f696e6465782e68746d6c2f696e6465782e68746d6c2f696e6465782e68746d6c2f696e6465782e68746d6c2f69 ...
[2016-10-20 11:53:30,663] [INFO] [base._test_info] -> Current test: 2
[2016-10-20 11:53:30,664] [INFO] [server.transmit] -> request(1390): 474554202f696e6465782e68746d6c2f696e6465782e68746d6c2f696e6465782e68746d6c2f696e6465782e68746d6c2f69 ...
