[2016-11-20 20:46:41,055] [INFO] [base._load_session] -> No session loaded
[2016-11-20 20:46:41,079] [INFO] [graph.hash] -> hash of template HTTP_GET_MONKEY_2 is -7009377807649187563
[2016-11-20 20:46:41,081] [INFO] [graph.hash] -> hash of model is 1860891210470903011
[2016-11-20 20:46:41,084] [INFO] [base._start_message] -> 
                 --------------------------------------------------
                 Starting fuzzing session
                 Target: TcpTarget
                 UI: WebInterface listening on 0.0.0.0:26000
                 Log: ./kittylogs/kitty_20161120-204639.log

                 Total possible mutation count: 1064
                 Fuzzing the mutation range: 0 to 1063
                 --------------------------------------------------
                                 Happy hacking
                 --------------------------------------------------
            
[2016-11-20 20:46:41,114] [INFO] [base.start] -> Performing environment test
[2016-11-20 20:46:41,216] [INFO] [base._test_info] -> Current test: -1
[2016-11-20 20:46:41,219] [INFO] [server.transmit] -> request(87): 474554202f696d67732f6d6f6e6b65795f6c6f676f2e706e6720485454502f312e310d0a486f73743a203132372e302e302e ...
[2016-11-20 20:46:41,823] [INFO] [server._start] -> should keep running? True
[2016-11-20 20:46:41,874] [INFO] [base._test_info] -> Current test: 0
[2016-11-20 20:46:41,886] [INFO] [server.transmit] -> request(90): 474554474554202f696d67732f6d6f6e6b65795f6c6f676f2e706e6720485454502f312e310d0a486f73743a203132372e30 ...
[2016-11-20 20:46:42,969] [INFO] [base._test_info] -> Current test: 1
[2016-11-20 20:46:42,976] [INFO] [server.transmit] -> request(114): 474554474554474554474554474554474554474554474554474554474554202f696d67732f6d6f6e6b65795f6c6f676f2e70 ...
[2016-11-20 20:46:44,048] [INFO] [base._test_info] -> Current test: 2
[2016-11-20 20:46:44,058] [INFO] [server.transmit] -> request(384): 4745544745544745544745544745544745544745544745544745544745544745544745544745544745544745544745544745 ...
[2016-11-20 20:46:45,263] [INFO] [base._test_info] -> Current test: 3
[2016-11-20 20:46:45,302] [INFO] [server.transmit] -> request(88): 474554fe202f696d67732f6d6f6e6b65795f6c6f676f2e706e6720485454502f312e310d0a486f73743a203132372e302e30 ...
[2016-11-20 20:46:46,455] [INFO] [base._test_info] -> Current test: 4
[2016-11-20 20:46:46,464] [INFO] [server.transmit] -> request(88): 00474554202f696d67732f6d6f6e6b65795f6c6f676f2e706e6720485454502f312e310d0a486f73743a203132372e302e30 ...
[2016-11-20 20:46:47,558] [INFO] [base._test_info] -> Current test: 5
[2016-11-20 20:46:47,560] [INFO] [server.transmit] -> request(88): 47004554202f696d67732f6d6f6e6b65795f6c6f676f2e706e6720485454502f312e310d0a486f73743a203132372e302e30 ...
[2016-11-20 20:46:48,654] [INFO] [base._test_info] -> Current test: 6
[2016-11-20 20:46:48,656] [INFO] [server.transmit] -> request(88): 47455400202f696d67732f6d6f6e6b65795f6c6f676f2e706e6720485454502f312e310d0a486f73743a203132372e302e30 ...
[2016-11-20 20:46:49,729] [INFO] [base._test_info] -> Current test: 7
[2016-11-20 20:46:49,731] [INFO] [server.transmit] -> request(84): 202f696d67732f6d6f6e6b65795f6c6f676f2e706e6720485454502f312e310d0a486f73743a203132372e302e302e313a38 ...
[2016-11-20 20:46:50,780] [INFO] [base._test_info] -> Current test: 8
[2016-11-20 20:46:50,784] [INFO] [server.transmit] -> request(2132): 2573257325732573257325732573257325732573257325732573257325732573257325732573257325732573257325732573 ...
[2016-11-20 20:46:51,856] [INFO] [base._test_info] -> Current test: 9
[2016-11-20 20:46:51,858] [INFO] [server.transmit] -> request(340): 2573257325732573257325732573257325732573257325732573257325732573257325732573257325732573257325732573 ...
[2016-11-20 20:46:52,208] [ERROR] [server._start] -> Error occurred while fuzzing: AttributeError("'WebInterface' object has no attribute '_server'",)
[2016-11-20 20:46:52,289] [ERROR] [server._start] -> Traceback (most recent call last):
  File "/usr/local/lib/python2.7/dist-packages/kitty/fuzzers/server.py", line 43, in _start
    self._run_sequence(sequence)
  File "/usr/local/lib/python2.7/dist-packages/kitty/fuzzers/server.py", line 75, in _run_sequence
    return self._post_test()
  File "/usr/local/lib/python2.7/dist-packages/kitty/fuzzers/base.py", line 339, in _post_test
    self.target.post_test(self.model.current_index())
  File "/usr/local/lib/python2.7/dist-packages/katnip/targets/tcp.py", line 80, in post_test
    super(TcpTarget, self).post_test(test_num)
  File "/usr/local/lib/python2.7/dist-packages/kitty/targets/server.py", line 128, in post_test
    super(ServerTarget, self).post_test(test_num)
  File "/usr/local/lib/python2.7/dist-packages/kitty/targets/base.py", line 92, in post_test
    self.controller.post_test()
  File "./fuzzy.py", line 116, in post_test
    self._stop_process()
  File "./fuzzy.py", line 144, in _stop_process
    time.sleep(0.5)
  File "/usr/local/lib/python2.7/dist-packages/kitty/fuzzers/base.py", line 504, in _exit_now
    self.stop()
  File "/usr/local/lib/python2.7/dist-packages/kitty/fuzzers/base.py", line 440, in stop
    self.user_interface.stop()
  File "/usr/local/lib/python2.7/dist-packages/kitty/interfaces/base.py", line 101, in stop
    self._stop()
  File "/usr/local/lib/python2.7/dist-packages/kitty/interfaces/web.py", line 297, in _stop
    self._server.shutdown()
AttributeError: 'WebInterface' object has no attribute '_server'

[2016-11-20 20:46:52,289] [INFO] [base._end_message] -> 
                         --------------------------------------------------
                         Finished fuzzing session
                         Target: TcpTarget

                         Tested 10 mutations
                         Mutation range: 0 to 9
                         Failure count: 0
                         --------------------------------------------------
            
