[2016-10-20 11:19:02,114] [INFO] [base._load_session] -> No session loaded
[2016-10-20 11:19:02,115] [INFO] [graph.hash] -> hash of template HTTP_GET_REQUEST_V1 is 6641187795911523486
[2016-10-20 11:19:02,115] [INFO] [graph.hash] -> hash of model is -3309386054361739221
[2016-10-20 11:19:02,116] [INFO] [base._start_message] -> 
                 --------------------------------------------------
                 Starting fuzzing session
                 Target: TcpTarget
                 UI: WebInterface listening on 0.0.0.0:26000
                 Log: ./kittylogs/kitty_20161020-111902.log

                 Total possible mutation count: 530
                 Fuzzing the mutation range: 0 to 529
                 --------------------------------------------------
                                 Happy hacking
                 --------------------------------------------------
            
[2016-10-20 11:19:02,116] [INFO] [base.start] -> Performing environment test
[2016-10-20 11:19:02,120] [INFO] [base._test_info] -> Current test: -1
[2016-10-20 11:19:02,120] [INFO] [server.transmit] -> request(28): 474554202f696e6465782e68746d6c20485454502f312e310d0a0d0a
[2016-10-20 11:19:02,623] [INFO] [server._start] -> should keep running? True
[2016-10-20 11:19:02,629] [INFO] [base._test_info] -> Current test: 0
[2016-10-20 11:19:02,630] [INFO] [server.transmit] -> request(31): 474554474554202f696e6465782e68746d6c20485454502f312e310d0a0d0a
[2016-10-20 11:19:03,139] [INFO] [base._test_info] -> Current test: 1
[2016-10-20 11:19:03,140] [INFO] [server.transmit] -> request(55): 474554474554474554474554474554474554474554474554474554474554202f696e6465782e68746d6c20485454502f312e ...
