[2016-10-20 11:17:18,203] [INFO] [base._load_session] -> No session loaded
[2016-10-20 11:17:18,204] [INFO] [graph.hash] -> hash of template HTTP_GET_REQUEST_V1 is -6596374078732469767
[2016-10-20 11:17:18,204] [INFO] [graph.hash] -> hash of model is -148721428975338955
[2016-10-20 11:17:18,205] [INFO] [base._start_message] -> 
                 --------------------------------------------------
                 Starting fuzzing session
                 Target: TcpTarget
                 UI: WebInterface listening on 0.0.0.0:26000
                 Log: ./kittylogs/kitty_20161020-111718.log

                 Total possible mutation count: 390
                 Fuzzing the mutation range: 0 to 389
                 --------------------------------------------------
                                 Happy hacking
                 --------------------------------------------------
            
[2016-10-20 11:17:18,205] [INFO] [base.start] -> Performing environment test
[2016-10-20 11:17:18,211] [INFO] [base._test_info] -> Current test: -1
[2016-10-20 11:17:18,212] [INFO] [server.transmit] -> request(28): 474554202f696e6465782e68746d6c20485454502f312e310d0a0d0a
[2016-10-20 11:17:18,715] [INFO] [server._start] -> should keep running? True
[2016-10-20 11:17:18,718] [INFO] [base._test_info] -> Current test: 0
[2016-10-20 11:17:18,718] [INFO] [server.transmit] -> request(31): 474554474554202f696e6465782e68746d6c20485454502f312e310d0a0d0a
[2016-10-20 11:17:19,227] [INFO] [base._test_info] -> Current test: 1
[2016-10-20 11:17:19,228] [INFO] [server.transmit] -> request(55): 474554474554474554474554474554474554474554474554474554474554202f696e6465782e68746d6c20485454502f312e ...
[2016-10-20 11:17:19,745] [INFO] [base._test_info] -> Current test: 2
[2016-10-20 11:17:19,746] [INFO] [server.transmit] -> request(325): 4745544745544745544745544745544745544745544745544745544745544745544745544745544745544745544745544745 ...
[2016-10-20 11:17:19,749] [INFO] [base._test_info] -> Current test: 3
[2016-10-20 11:17:19,749] [INFO] [server.transmit] -> request(29): 474554fe202f696e6465782e68746d6c20485454502f312e310d0a0d0a
