[2016-11-20 23:18:04,286] [INFO] [base._load_session] -> No session loaded
[2016-11-20 23:18:04,305] [INFO] [graph.hash] -> hash of template HTTP_GET_MONKEY_1 is 8735202482669311741
[2016-11-20 23:18:04,306] [INFO] [graph.hash] -> hash of model is -4592626227868728542
[2016-11-20 23:18:04,326] [INFO] [base._start_message] -> 
                 --------------------------------------------------
                 Starting fuzzing session
                 Target: TcpTarget
                 UI: WebInterface listening on 0.0.0.0:26000
                 Log: ./kittylogs/kitty_20161120-231803.log

                 Total possible mutation count: 786
                 Fuzzing the mutation range: 0 to 785
                 --------------------------------------------------
                                 Happy hacking
                 --------------------------------------------------
            
[2016-11-20 23:18:04,335] [INFO] [base.start] -> Performing environment test
[2016-11-20 23:18:04,362] [INFO] [base._test_info] -> Current test: -1
[2016-11-20 23:18:04,367] [INFO] [server.transmit] -> request(50): 474554202f696e6465782e68746d6c20485454502f312e310d0a486f73743a203132372e302e302e313a383038380d0a0d0a ...
[2016-11-20 23:18:04,894] [INFO] [server._start] -> should keep running? True
[2016-11-20 23:18:04,920] [INFO] [base._test_info] -> Current test: 0
[2016-11-20 23:18:04,934] [INFO] [server.transmit] -> request(53): 474554474554202f696e6465782e68746d6c20485454502f312e310d0a486f73743a203132372e302e302e313a383038380d ...
[2016-11-20 23:18:05,877] [INFO] [base._test_info] -> Current test: 1
[2016-11-20 23:18:05,883] [INFO] [server.transmit] -> request(77): 474554474554474554474554474554474554474554474554474554474554202f696e6465782e68746d6c20485454502f312e ...
[2016-11-20 23:18:06,816] [INFO] [base._test_info] -> Current test: 2
[2016-11-20 23:18:06,824] [INFO] [server.transmit] -> request(347): 4745544745544745544745544745544745544745544745544745544745544745544745544745544745544745544745544745 ...
[2016-11-20 23:18:07,779] [INFO] [base._test_info] -> Current test: 3
[2016-11-20 23:18:07,783] [INFO] [server.transmit] -> request(51): 474554fe202f696e6465782e68746d6c20485454502f312e310d0a486f73743a203132372e302e302e313a383038380d0a0d ...
[2016-11-20 23:18:08,723] [INFO] [base._test_info] -> Current test: 4
[2016-11-20 23:18:08,733] [INFO] [server.transmit] -> request(51): 00474554202f696e6465782e68746d6c20485454502f312e310d0a486f73743a203132372e302e302e313a383038380d0a0d ...
[2016-11-20 23:18:09,673] [INFO] [base._test_info] -> Current test: 5
[2016-11-20 23:18:09,688] [INFO] [server.transmit] -> request(51): 47004554202f696e6465782e68746d6c20485454502f312e310d0a486f73743a203132372e302e302e313a383038380d0a0d ...
[2016-11-20 23:18:10,651] [INFO] [base._test_info] -> Current test: 6
[2016-11-20 23:18:10,653] [INFO] [server.transmit] -> request(51): 47455400202f696e6465782e68746d6c20485454502f312e310d0a486f73743a203132372e302e302e313a383038380d0a0d ...
[2016-11-20 23:18:11,581] [INFO] [base._test_info] -> Current test: 7
[2016-11-20 23:18:11,584] [INFO] [server.transmit] -> request(47): 202f696e6465782e68746d6c20485454502f312e310d0a486f73743a203132372e302e302e313a383038380d0a0d0a
[2016-11-20 23:18:12,521] [INFO] [base._test_info] -> Current test: 8
[2016-11-20 23:18:12,523] [INFO] [server.transmit] -> request(2095): 2573257325732573257325732573257325732573257325732573257325732573257325732573257325732573257325732573 ...
[2016-11-20 23:18:13,468] [INFO] [base._test_info] -> Current test: 9
[2016-11-20 23:18:13,487] [INFO] [server.transmit] -> request(303): 2573257325732573257325732573257325732573257325732573257325732573257325732573257325732573257325732573 ...
[2016-11-20 23:18:13,918] [INFO] [base._test_info] -> Current test: 10
[2016-11-20 23:18:13,920] [INFO] [server.transmit] -> request(79): 2573257325732573257325732573257325732573257325732573257325732573202f696e6465782e68746d6c20485454502f ...
[2016-11-20 23:18:14,872] [INFO] [base._test_info] -> Current test: 11
[2016-11-20 23:18:14,882] [INFO] [server.transmit] -> request(51): 25732573202f696e6465782e68746d6c20485454502f312e310d0a486f73743a203132372e302e302e313a383038380d0a0d ...
[2016-11-20 23:18:15,824] [INFO] [base._test_info] -> Current test: 12
[2016-11-20 23:18:15,844] [INFO] [server.transmit] -> request(3119): 2525732525732525732525732525732525732525732525732525732525732525732525732525732525732525732525732525 ...
[2016-11-20 23:18:16,792] [INFO] [base._test_info] -> Current test: 13
[2016-11-20 23:18:16,800] [INFO] [server.transmit] -> request(431): 2525732525732525732525732525732525732525732525732525732525732525732525732525732525732525732525732525 ...
[2016-11-20 23:18:17,738] [INFO] [base._test_info] -> Current test: 14
[2016-11-20 23:18:17,740] [INFO] [server.transmit] -> request(95): 252573252573252573252573252573252573252573252573252573252573252573252573252573252573252573252573202f ...
[2016-11-20 23:18:18,676] [INFO] [base._test_info] -> Current test: 15
[2016-11-20 23:18:18,679] [INFO] [server.transmit] -> request(53): 252573252573202f696e6465782e68746d6c20485454502f312e310d0a486f73743a203132372e302e302e313a383038380d ...
[2016-11-20 23:18:19,622] [INFO] [base._test_info] -> Current test: 16
[2016-11-20 23:18:19,623] [INFO] [server.transmit] -> request(4143): 2225732222257322222573222225732222257322222573222225732222257322222573222225732222257322222573222225 ...
[2016-11-20 23:18:20,589] [INFO] [base._test_info] -> Current test: 17
[2016-11-20 23:18:20,596] [INFO] [server.transmit] -> request(559): 2225732222257322222573222225732222257322222573222225732222257322222573222225732222257322222573222225 ...
[2016-11-20 23:18:21,539] [INFO] [base._test_info] -> Current test: 18
[2016-11-20 23:18:21,546] [INFO] [server.transmit] -> request(111): 2225732222257322222573222225732222257322222573222225732222257322222573222225732222257322222573222225 ...
[2016-11-20 23:18:22,493] [INFO] [base._test_info] -> Current test: 19
[2016-11-20 23:18:22,496] [INFO] [server.transmit] -> request(55): 2225732222257322202f696e6465782e68746d6c20485454502f312e310d0a486f73743a203132372e302e302e313a383038 ...
[2016-11-20 23:18:23,435] [INFO] [base._test_info] -> Current test: 20
[2016-11-20 23:18:23,438] [INFO] [server.transmit] -> request(2095): 256e256e256e256e256e256e256e256e256e256e256e256e256e256e256e256e256e256e256e256e256e256e256e256e256e ...
[2016-11-20 23:18:24,391] [INFO] [base._test_info] -> Current test: 21
[2016-11-20 23:18:24,395] [INFO] [server.transmit] -> request(303): 256e256e256e256e256e256e256e256e256e256e256e256e256e256e256e256e256e256e256e256e256e256e256e256e256e ...
[2016-11-20 23:18:25,347] [INFO] [base._test_info] -> Current test: 22
[2016-11-20 23:18:25,351] [INFO] [server.transmit] -> request(79): 256e256e256e256e256e256e256e256e256e256e256e256e256e256e256e256e202f696e6465782e68746d6c20485454502f ...
[2016-11-20 23:18:26,292] [INFO] [base._test_info] -> Current test: 23
[2016-11-20 23:18:26,294] [INFO] [server.transmit] -> request(51): 256e256e202f696e6465782e68746d6c20485454502f312e310d0a486f73743a203132372e302e302e313a383038380d0a0d ...
[2016-11-20 23:18:27,243] [INFO] [base._test_info] -> Current test: 24
[2016-11-20 23:18:27,247] [INFO] [server.transmit] -> request(3119): 25256e25256e25256e25256e25256e25256e25256e25256e25256e25256e25256e25256e25256e25256e25256e25256e2525 ...
[2016-11-20 23:18:28,187] [INFO] [base._test_info] -> Current test: 25
[2016-11-20 23:18:28,189] [INFO] [server.transmit] -> request(431): 25256e25256e25256e25256e25256e25256e25256e25256e25256e25256e25256e25256e25256e25256e25256e25256e2525 ...
[2016-11-20 23:18:29,126] [INFO] [base._test_info] -> Current test: 26
[2016-11-20 23:18:29,131] [INFO] [server.transmit] -> request(95): 25256e25256e25256e25256e25256e25256e25256e25256e25256e25256e25256e25256e25256e25256e25256e25256e202f ...
[2016-11-20 23:18:30,094] [INFO] [base._test_info] -> Current test: 27
[2016-11-20 23:18:30,099] [INFO] [server.transmit] -> request(53): 25256e25256e202f696e6465782e68746d6c20485454502f312e310d0a486f73743a203132372e302e302e313a383038380d ...
[2016-11-20 23:18:31,037] [INFO] [base._test_info] -> Current test: 28
[2016-11-20 23:18:31,040] [INFO] [server.transmit] -> request(4143): 22256e2222256e2222256e2222256e2222256e2222256e2222256e2222256e2222256e2222256e2222256e2222256e222225 ...
[2016-11-20 23:18:31,974] [INFO] [base._test_info] -> Current test: 29
[2016-11-20 23:18:31,979] [INFO] [server.transmit] -> request(559): 22256e2222256e2222256e2222256e2222256e2222256e2222256e2222256e2222256e2222256e2222256e2222256e222225 ...
[2016-11-20 23:18:32,913] [INFO] [base._test_info] -> Current test: 30
[2016-11-20 23:18:32,918] [INFO] [server.transmit] -> request(111): 22256e2222256e2222256e2222256e2222256e2222256e2222256e2222256e2222256e2222256e2222256e2222256e222225 ...
[2016-11-20 23:18:33,856] [INFO] [base._test_info] -> Current test: 31
[2016-11-20 23:18:33,860] [INFO] [server.transmit] -> request(55): 22256e2222256e22202f696e6465782e68746d6c20485454502f312e310d0a486f73743a203132372e302e302e313a383038 ...
[2016-11-20 23:18:34,817] [INFO] [base._test_info] -> Current test: 32
[2016-11-20 23:18:34,820] [INFO] [server.transmit] -> request(61): 252e31363730357525325c24686e202f696e6465782e68746d6c20485454502f312e310d0a486f73743a203132372e302e30 ...
[2016-11-20 23:18:35,799] [INFO] [base._test_info] -> Current test: 33
[2016-11-20 23:18:35,808] [INFO] [server.transmit] -> request(2095): 0d0a0d0a0d0a0d0a0d0a0d0a0d0a0d0a0d0a0d0a0d0a0d0a0d0a0d0a0d0a0d0a0d0a0d0a0d0a0d0a0d0a0d0a0d0a0d0a0d0a ...
[2016-11-20 23:18:36,769] [INFO] [base._test_info] -> Current test: 34
[2016-11-20 23:18:36,772] [INFO] [server.transmit] -> request(303): 0d0a0d0a0d0a0d0a0d0a0d0a0d0a0d0a0d0a0d0a0d0a0d0a0d0a0d0a0d0a0d0a0d0a0d0a0d0a0d0a0d0a0d0a0d0a0d0a0d0a ...
[2016-11-20 23:18:37,710] [INFO] [base._test_info] -> Current test: 35
[2016-11-20 23:18:37,714] [INFO] [server.transmit] -> request(79): 0d0a0d0a0d0a0d0a0d0a0d0a0d0a0d0a0d0a0d0a0d0a0d0a0d0a0d0a0d0a0d0a202f696e6465782e68746d6c20485454502f ...
[2016-11-20 23:18:38,670] [INFO] [base._test_info] -> Current test: 36
[2016-11-20 23:18:38,674] [INFO] [server.transmit] -> request(51): 0d0a0d0a202f696e6465782e68746d6c20485454502f312e310d0a486f73743a203132372e302e302e313a383038380d0a0d ...
[2016-11-20 23:18:39,630] [INFO] [base._test_info] -> Current test: 37
[2016-11-20 23:18:39,635] [INFO] [server.transmit] -> request(1071): 0a0a0a0a0a0a0a0a0a0a0a0a0a0a0a0a0a0a0a0a0a0a0a0a0a0a0a0a0a0a0a0a0a0a0a0a0a0a0a0a0a0a0a0a0a0a0a0a0a0a ...
[2016-11-20 23:18:40,596] [INFO] [base._test_info] -> Current test: 38
[2016-11-20 23:18:40,604] [INFO] [server.transmit] -> request(175): 0a0a0a0a0a0a0a0a0a0a0a0a0a0a0a0a0a0a0a0a0a0a0a0a0a0a0a0a0a0a0a0a0a0a0a0a0a0a0a0a0a0a0a0a0a0a0a0a0a0a ...
[2016-11-20 23:18:41,559] [INFO] [base._test_info] -> Current test: 39
[2016-11-20 23:18:41,563] [INFO] [server.transmit] -> request(63): 0a0a0a0a0a0a0a0a0a0a0a0a0a0a0a0a202f696e6465782e68746d6c20485454502f312e310d0a486f73743a203132372e30 ...
[2016-11-20 23:18:42,501] [INFO] [base._test_info] -> Current test: 40
[2016-11-20 23:18:42,503] [INFO] [server.transmit] -> request(49): 0a0a202f696e6465782e68746d6c20485454502f312e310d0a486f73743a203132372e302e302e313a383038380d0a0d0a
[2016-11-20 23:18:43,447] [INFO] [base._test_info] -> Current test: 41
[2016-11-20 23:18:43,451] [INFO] [server.transmit] -> request(4143): deadbeefdeadbeefdeadbeefdeadbeefdeadbeefdeadbeefdeadbeefdeadbeefdeadbeefdeadbeefdeadbeefdeadbeefdead ...
[2016-11-20 23:18:44,393] [INFO] [base._test_info] -> Current test: 42
[2016-11-20 23:18:44,396] [INFO] [server.transmit] -> request(559): deadbeefdeadbeefdeadbeefdeadbeefdeadbeefdeadbeefdeadbeefdeadbeefdeadbeefdeadbeefdeadbeefdeadbeefdead ...
[2016-11-20 23:18:45,341] [INFO] [base._test_info] -> Current test: 43
[2016-11-20 23:18:45,345] [INFO] [server.transmit] -> request(111): deadbeefdeadbeefdeadbeefdeadbeefdeadbeefdeadbeefdeadbeefdeadbeefdeadbeefdeadbeefdeadbeefdeadbeefdead ...
[2016-11-20 23:18:46,293] [INFO] [base._test_info] -> Current test: 44
[2016-11-20 23:18:46,295] [INFO] [server.transmit] -> request(55): deadbeefdeadbeef202f696e6465782e68746d6c20485454502f312e310d0a486f73743a203132372e302e302e313a383038 ...
[2016-11-20 23:18:47,237] [INFO] [base._test_info] -> Current test: 45
[2016-11-20 23:18:47,240] [INFO] [server.transmit] -> request(64): 7c746f756368202f746d702f4b49545459202f696e6465782e68746d6c20485454502f312e310d0a486f73743a203132372e ...
[2016-11-20 23:18:48,181] [INFO] [base._test_info] -> Current test: 46
[2016-11-20 23:18:48,184] [INFO] [server.transmit] -> request(65): 3b746f756368202f746d702f4b495454593b202f696e6465782e68746d6c20485454502f312e310d0a486f73743a20313237 ...
[2016-11-20 23:18:49,127] [INFO] [base._test_info] -> Current test: 47
[2016-11-20 23:18:49,129] [INFO] [server.transmit] -> request(61): 3b6c733e2f746d702f4b49545459202f696e6465782e68746d6c20485454502f312e310d0a486f73743a203132372e302e30 ...
[2016-11-20 23:18:50,076] [INFO] [base._test_info] -> Current test: 48
[2016-11-20 23:18:50,078] [INFO] [server.transmit] -> request(76): 223b6c733e2f746d702f4b495454593b6c733e2f6465762f6e756c6c22202f696e6465782e68746d6c20485454502f312e31 ...
[2016-11-20 23:18:51,009] [INFO] [base._test_info] -> Current test: 49
[2016-11-20 23:18:51,012] [INFO] [server.transmit] -> request(77): 273b6c733e2f746d702f4b495454593b6c733e272f6465762f6e756c6c27202f696e6465782e68746d6c20485454502f312e ...
[2016-11-20 23:18:51,953] [INFO] [base._test_info] -> Current test: 50
[2016-11-20 23:18:51,962] [INFO] [server.transmit] -> request(62): 606c733e2f746d702f4b4954545960202f696e6465782e68746d6c20485454502f312e310d0a486f73743a203132372e302e ...
[2016-11-20 23:18:52,908] [INFO] [base._test_info] -> Current test: 51
[2016-11-20 23:18:52,910] [INFO] [server.transmit] -> request(63): 20606c733e2f746d702f4b4954545960202f696e6465782e68746d6c20485454502f312e310d0a486f73743a203132372e30 ...
[2016-11-20 23:18:53,851] [INFO] [base._test_info] -> Current test: 52
[2016-11-20 23:18:53,857] [INFO] [server.transmit] -> request(55): 7c6e6f7465706164202f696e6465782e68746d6c20485454502f312e310d0a486f73743a203132372e302e302e313a383038 ...
[2016-11-20 23:18:54,795] [INFO] [base._test_info] -> Current test: 53
[2016-11-20 23:18:54,798] [INFO] [server.transmit] -> request(56): 3b6e6f74657061643b202f696e6465782e68746d6c20485454502f312e310d0a486f73743a203132372e302e302e313a3830 ...
[2016-11-20 23:18:55,744] [INFO] [base._test_info] -> Current test: 54
[2016-11-20 23:18:55,747] [INFO] [server.transmit] -> request(56): 0a6e6f74657061640a202f696e6465782e68746d6c20485454502f312e310d0a486f73743a203132372e302e302e313a3830 ...
[2016-11-20 23:18:56,694] [INFO] [base._test_info] -> Current test: 55
[2016-11-20 23:18:56,702] [INFO] [server.transmit] -> request(58): 27206f7220313d31202d2d202f696e6465782e68746d6c20485454502f312e310d0a486f73743a203132372e302e302e313a ...
[2016-11-20 23:18:57,640] [INFO] [base._test_info] -> Current test: 56
[2016-11-20 23:18:57,643] [INFO] [server.transmit] -> request(64): 273b20646573632075736572733b202d2d202f696e6465782e68746d6c20485454502f312e310d0a486f73743a203132372e ...
[2016-11-20 23:18:58,620] [INFO] [base._test_info] -> Current test: 57
[2016-11-20 23:18:58,627] [INFO] [server.transmit] -> request(88): 27206f7220757365726e616d65206973206e6f74204e554c4c206f7220757365726e616d65203d2027202f696e6465782e68 ...
[2016-11-20 23:18:59,057] [INFO] [base._test_info] -> Current test: 58
[2016-11-20 23:18:59,059] [INFO] [server.transmit] -> request(119): 3120756e696f6e20616c6c2073656c65637420312c322c332c342c352c362c6e616d652066726f6d207379736f626a656374 ...
[2016-11-20 23:19:00,000] [INFO] [base._test_info] -> Current test: 59
[2016-11-20 23:19:00,012] [INFO] [server.transmit] -> request(58): 60206f72206031603d6031202f696e6465782e68746d6c20485454502f312e310d0a486f73743a203132372e302e302e313a ...
[2016-11-20 23:19:00,978] [INFO] [base._test_info] -> Current test: 60
[2016-11-20 23:19:00,982] [INFO] [server.transmit] -> request(58): 27206f72202731273d2731202f696e6465782e68746d6c20485454502f312e310d0a486f73743a203132372e302e302e313a ...
[2016-11-20 23:19:01,924] [INFO] [base._test_info] -> Current test: 61
[2016-11-20 23:19:01,927] [INFO] [server.transmit] -> request(49): 4141202f696e6465782e68746d6c20485454502f312e310d0a486f73743a203132372e302e302e313a383038380d0a0d0a
[2016-11-20 23:19:02,872] [INFO] [base._test_info] -> Current test: 62
[2016-11-20 23:19:02,874] [INFO] [server.transmit] -> request(57): 41414141414141414141202f696e6465782e68746d6c20485454502f312e310d0a486f73743a203132372e302e302e313a38 ...
[2016-11-20 23:19:03,806] [INFO] [base._test_info] -> Current test: 63
[2016-11-20 23:19:03,809] [INFO] [server.transmit] -> request(147): 4141414141414141414141414141414141414141414141414141414141414141414141414141414141414141414141414141 ...
[2016-11-20 23:19:04,751] [INFO] [base._test_info] -> Current test: 64
[2016-11-20 23:19:04,757] [INFO] [server.transmit] -> request(1047): 4141414141414141414141414141414141414141414141414141414141414141414141414141414141414141414141414141 ...
[2016-11-20 23:19:05,703] [INFO] [base._test_info] -> Current test: 65
[2016-11-20 23:19:05,713] [INFO] [server.transmit] -> request(5047): 4141414141414141414141414141414141414141414141414141414141414141414141414141414141414141414141414141 ...
[2016-11-20 23:19:06,675] [INFO] [base._test_info] -> Current test: 66
[2016-11-20 23:19:06,682] [INFO] [server.transmit] -> request(10047): 4141414141414141414141414141414141414141414141414141414141414141414141414141414141414141414141414141 ...
[2016-11-20 23:19:07,621] [INFO] [base._test_info] -> Current test: 67
[2016-11-20 23:19:07,625] [INFO] [server.transmit] -> request(58): 2f6574632f706173737764202f696e6465782e68746d6c20485454502f312e310d0a486f73743a203132372e302e302e313a ...
[2016-11-20 23:19:08,575] [INFO] [base._test_info] -> Current test: 68
[2016-11-20 23:19:08,581] [INFO] [server.transmit] -> request(101): 2e2f2e2e2f2e2e2f2e2e2f2e2e2f2e2e2f2e2e2f2e2e2f2e2e2f2e2e2f2e2e2f2e2e2f2e2e2f2e2e2f2e2e2f6574632f7061 ...
[2016-11-20 23:19:09,520] [INFO] [base._test_info] -> Current test: 69
[2016-11-20 23:19:09,523] [INFO] [server.transmit] -> request(99): 2e2e2f2e2e2f2e2e2f2e2e2f2e2e2f2e2e2f2e2e2f2e2e2f2e2e2f2e2e2f2e2e2f2e2e2f2e2e2f2e2e2f6574632f70617373 ...
[2016-11-20 23:19:10,460] [INFO] [base._test_info] -> Current test: 70
[2016-11-20 23:19:10,463] [INFO] [server.transmit] -> request(60): 2f70726f632f637075696e666f202f696e6465782e68746d6c20485454502f312e310d0a486f73743a203132372e302e302e ...
[2016-11-20 23:19:11,396] [INFO] [base._test_info] -> Current test: 71
[2016-11-20 23:19:11,400] [INFO] [server.transmit] -> request(103): 2e2f2e2e2f2e2e2f2e2e2f2e2e2f2e2e2f2e2e2f2e2e2f2e2e2f2e2e2f2e2e2f2e2e2f2e2e2f2e2e2f2e2e2f70726f632f63 ...
[2016-11-20 23:19:12,392] [INFO] [base._test_info] -> Current test: 72
[2016-11-20 23:19:12,397] [INFO] [server.transmit] -> request(101): 2e2e2f2e2e2f2e2e2f2e2e2f2e2e2f2e2e2f2e2e2f2e2e2f2e2e2f2e2e2f2e2e2f2e2e2f2e2e2f2e2e2f70726f632f637075 ...
[2016-11-20 23:19:13,363] [INFO] [base._test_info] -> Current test: 73
[2016-11-20 23:19:13,367] [INFO] [server.transmit] -> request(57): 7e2f2e70726f66696c65202f696e6465782e68746d6c20485454502f312e310d0a486f73743a203132372e302e302e313a38 ...
[2016-11-20 23:19:14,309] [INFO] [base._test_info] -> Current test: 74
[2016-11-20 23:19:14,311] [INFO] [server.transmit] -> request(61): 24484f4d452f2e70726f66696c65202f696e6465782e68746d6c20485454502f312e310d0a486f73743a203132372e302e30 ...
[2016-11-20 23:19:15,246] [INFO] [base._test_info] -> Current test: 75
[2016-11-20 23:19:15,249] [INFO] [server.transmit] -> request(92): 2f2e2e2f2e2e2f2e2e2f2e2e2f2e2e2f2e2e2f2e2e2f2e2e2f2e2e2f2e2e2f2e2e2f2e2e2f626f6f742e696e69202f696e64 ...
[2016-11-20 23:19:16,190] [INFO] [base._test_info] -> Current test: 76
[2016-11-20 23:19:16,213] [INFO] [server.transmit] -> request(1071): 2f5c2f5c2f5c2f5c2f5c2f5c2f5c2f5c2f5c2f5c2f5c2f5c2f5c2f5c2f5c2f5c2f5c2f5c2f5c2f5c2f5c2f5c2f5c2f5c2f5c ...
[2016-11-20 23:19:17,166] [INFO] [base._test_info] -> Current test: 77
[2016-11-20 23:19:17,172] [INFO] [server.transmit] -> request(175): 2f5c2f5c2f5c2f5c2f5c2f5c2f5c2f5c2f5c2f5c2f5c2f5c2f5c2f5c2f5c2f5c2f5c2f5c2f5c2f5c2f5c2f5c2f5c2f5c2f5c ...
[2016-11-20 23:19:18,139] [INFO] [base._test_info] -> Current test: 78
[2016-11-20 23:19:18,142] [INFO] [server.transmit] -> request(63): 2f5c2f5c2f5c2f5c2f5c2f5c2f5c2f5c202f696e6465782e68746d6c20485454502f312e310d0a486f73743a203132372e30 ...
[2016-11-20 23:19:19,090] [INFO] [base._test_info] -> Current test: 79
[2016-11-20 23:19:19,092] [INFO] [server.transmit] -> request(1071): 2f2e2f2e2f2e2f2e2f2e2f2e2f2e2f2e2f2e2f2e2f2e2f2e2f2e2f2e2f2e2f2e2f2e2f2e2f2e2f2e2f2e2f2e2f2e2f2e2f2e ...
[2016-11-20 23:19:20,060] [INFO] [base._test_info] -> Current test: 80
[2016-11-20 23:19:20,064] [INFO] [server.transmit] -> request(175): 2f2e2f2e2f2e2f2e2f2e2f2e2f2e2f2e2f2e2f2e2f2e2f2e2f2e2f2e2f2e2f2e2f2e2f2e2f2e2f2e2f2e2f2e2f2e2f2e2f2e ...
[2016-11-20 23:19:21,018] [INFO] [base._test_info] -> Current test: 81
[2016-11-20 23:19:21,022] [INFO] [server.transmit] -> request(63): 2f2e2f2e2f2e2f2e2f2e2f2e2f2e2f2e202f696e6465782e68746d6c20485454502f312e310d0a486f73743a203132372e30 ...
[2016-11-20 23:19:21,968] [INFO] [base._test_info] -> Current test: 82
[2016-11-20 23:19:21,971] [INFO] [server.transmit] -> request(76): 2140232425255e2324252324402324252424402324255e5e2a2a282829202f696e6465782e68746d6c20485454502f312e31 ...
[2016-11-20 23:19:22,904] [INFO] [base._test_info] -> Current test: 83
[2016-11-20 23:19:22,906] [INFO] [server.transmit] -> request(72): 25303125303225303325303425306125306425306141445346202f696e6465782e68746d6c20485454502f312e310d0a486f ...
[2016-11-20 23:19:23,852] [INFO] [base._test_info] -> Current test: 84
[2016-11-20 23:19:23,855] [INFO] [server.transmit] -> request(73): 2530312530322530334025303425306125306425306141445346202f696e6465782e68746d6c20485454502f312e310d0a48 ...
[2016-11-20 23:19:24,798] [INFO] [base._test_info] -> Current test: 85
[2016-11-20 23:19:24,801] [INFO] [server.transmit] -> request(52): 2f2530302f202f696e6465782e68746d6c20485454502f312e310d0a486f73743a203132372e302e302e313a383038380d0a ...
[2016-11-20 23:19:25,738] [INFO] [base._test_info] -> Current test: 86
[2016-11-20 23:19:25,741] [INFO] [server.transmit] -> request(51): 2530302f202f696e6465782e68746d6c20485454502f312e310d0a486f73743a203132372e302e302e313a383038380d0a0d ...
[2016-11-20 23:19:26,687] [INFO] [base._test_info] -> Current test: 87
[2016-11-20 23:19:26,690] [INFO] [server.transmit] -> request(50): 253030202f696e6465782e68746d6c20485454502f312e310d0a486f73743a203132372e302e302e313a383038380d0a0d0a ...
[2016-11-20 23:19:27,639] [INFO] [base._test_info] -> Current test: 88
[2016-11-20 23:19:27,643] [INFO] [server.transmit] -> request(53): 257530303030202f696e6465782e68746d6c20485454502f312e310d0a486f73743a203132372e302e302e313a383038380d ...
[2016-11-20 23:19:28,596] [INFO] [base._test_info] -> Current test: 89
[2016-11-20 23:19:28,599] [INFO] [server.transmit] -> request(239): 25fef02501ff25fef02501ff25fef02501ff25fef02501ff25fef02501ff25fef02501ff25fef02501ff25fef02501ff25fe ...
[2016-11-20 23:19:29,535] [INFO] [base._test_info] -> Current test: 90
[2016-11-20 23:19:29,538] [INFO] [server.transmit] -> request(71): 25fef02501ff25fef02501ff25fef02501ff25fef02501ff202f696e6465782e68746d6c20485454502f312e310d0a486f73 ...
[2016-11-20 23:19:30,474] [INFO] [base._test_info] -> Current test: 91
[2016-11-20 23:19:30,477] [INFO] [server.transmit] -> request(51): 47455420202f696e6465782e68746d6c20485454502f312e310d0a486f73743a203132372e302e302e313a383038380d0a0d ...
[2016-11-20 23:19:31,428] [INFO] [base._test_info] -> Current test: 92
[2016-11-20 23:19:31,432] [INFO] [server.transmit] -> request(59): 474554202020202020202020202f696e6465782e68746d6c20485454502f312e310d0a486f73743a203132372e302e302e31 ...
[2016-11-20 23:19:32,381] [INFO] [base._test_info] -> Current test: 93
[2016-11-20 23:19:32,384] [INFO] [server.transmit] -> request(149): 4745542020202020202020202020202020202020202020202020202020202020202020202020202020202020202020202020 ...
[2016-11-20 23:19:33,333] [INFO] [base._test_info] -> Current test: 94
[2016-11-20 23:19:33,335] [INFO] [server.transmit] -> request(51): 47455420fe2f696e6465782e68746d6c20485454502f312e310d0a486f73743a203132372e302e302e313a383038380d0a0d ...
[2016-11-20 23:19:34,273] [INFO] [base._test_info] -> Current test: 97
[2016-11-20 23:19:34,276] [INFO] [server.transmit] -> request(51): 47455420002f696e6465782e68746d6c20485454502f312e310d0a486f73743a203132372e302e302e313a383038380d0a0d ...
[2016-11-20 23:19:35,221] [INFO] [base._test_info] -> Current test: 98
[2016-11-20 23:19:35,223] [INFO] [server.transmit] -> request(53): 474554202020202f696e6465782e68746d6c20485454502f312e310d0a486f73743a203132372e302e302e313a383038380d ...
[2016-11-20 23:19:36,157] [INFO] [base._test_info] -> Current test: 99
[2016-11-20 23:19:36,161] [INFO] [server.transmit] -> request(53): 474554090909092f696e6465782e68746d6c20485454502f312e310d0a486f73743a203132372e302e302e313a383038380d ...
[2016-11-20 23:19:37,108] [INFO] [base._test_info] -> Current test: 100
[2016-11-20 23:19:37,110] [INFO] [server.transmit] -> request(53): 474554212121212f696e6465782e68746d6c20485454502f312e310d0a486f73743a203132372e302e302e313a383038380d ...
[2016-11-20 23:19:38,055] [INFO] [base._test_info] -> Current test: 101
[2016-11-20 23:19:38,066] [INFO] [server.transmit] -> request(53): 474554404040402f696e6465782e68746d6c20485454502f312e310d0a486f73743a203132372e302e302e313a383038380d ...
[2016-11-20 23:19:39,015] [INFO] [base._test_info] -> Current test: 102
[2016-11-20 23:19:39,020] [INFO] [server.transmit] -> request(53): 474554232323232f696e6465782e68746d6c20485454502f312e310d0a486f73743a203132372e302e302e313a383038380d ...
[2016-11-20 23:19:39,958] [INFO] [base._test_info] -> Current test: 103
[2016-11-20 23:19:39,979] [INFO] [server.transmit] -> request(53): 474554242424242f696e6465782e68746d6c20485454502f312e310d0a486f73743a203132372e302e302e313a383038380d ...
[2016-11-20 23:19:40,922] [INFO] [base._test_info] -> Current test: 104
[2016-11-20 23:19:40,927] [INFO] [server.transmit] -> request(53): 474554252525252f696e6465782e68746d6c20485454502f312e310d0a486f73743a203132372e302e302e313a383038380d ...
[2016-11-20 23:19:41,869] [INFO] [base._test_info] -> Current test: 105
[2016-11-20 23:19:41,872] [INFO] [server.transmit] -> request(53): 4745545e5e5e5e2f696e6465782e68746d6c20485454502f312e310d0a486f73743a203132372e302e302e313a383038380d ...
[2016-11-20 23:19:42,802] [INFO] [base._test_info] -> Current test: 106
[2016-11-20 23:19:42,804] [INFO] [server.transmit] -> request(53): 474554262626262f696e6465782e68746d6c20485454502f312e310d0a486f73743a203132372e302e302e313a383038380d ...
[2016-11-20 23:19:43,743] [INFO] [base._test_info] -> Current test: 107
[2016-11-20 23:19:43,746] [INFO] [server.transmit] -> request(53): 4745542a2a2a2a2f696e6465782e68746d6c20485454502f312e310d0a486f73743a203132372e302e302e313a383038380d ...
[2016-11-20 23:19:44,678] [INFO] [base._test_info] -> Current test: 108
[2016-11-20 23:19:44,682] [INFO] [server.transmit] -> request(53): 474554282828282f696e6465782e68746d6c20485454502f312e310d0a486f73743a203132372e302e302e313a383038380d ...
[2016-11-20 23:19:45,634] [INFO] [base._test_info] -> Current test: 109
[2016-11-20 23:19:45,638] [INFO] [server.transmit] -> request(53): 474554292929292f696e6465782e68746d6c20485454502f312e310d0a486f73743a203132372e302e302e313a383038380d ...
[2016-11-20 23:19:46,583] [INFO] [base._test_info] -> Current test: 110
[2016-11-20 23:19:46,587] [INFO] [server.transmit] -> request(53): 4745542d2d2d2d2f696e6465782e68746d6c20485454502f312e310d0a486f73743a203132372e302e302e313a383038380d ...
[2016-11-20 23:19:47,549] [INFO] [base._test_info] -> Current test: 111
[2016-11-20 23:19:47,591] [INFO] [server.transmit] -> request(53): 4745545f5f5f5f2f696e6465782e68746d6c20485454502f312e310d0a486f73743a203132372e302e302e313a383038380d ...
[2016-11-20 23:19:48,030] [INFO] [base._test_info] -> Current test: 112
[2016-11-20 23:19:48,033] [INFO] [server.transmit] -> request(53): 4745542b2b2b2b2f696e6465782e68746d6c20485454502f312e310d0a486f73743a203132372e302e302e313a383038380d ...
[2016-11-20 23:19:48,976] [INFO] [base._test_info] -> Current test: 113
[2016-11-20 23:19:48,991] [INFO] [server.transmit] -> request(53): 4745543d3d3d3d2f696e6465782e68746d6c20485454502f312e310d0a486f73743a203132372e302e302e313a383038380d ...
[2016-11-20 23:19:49,412] [INFO] [base._test_info] -> Current test: 114
[2016-11-20 23:19:49,414] [INFO] [server.transmit] -> request(53): 4745543a3a3a3a2f696e6465782e68746d6c20485454502f312e310d0a486f73743a203132372e302e302e313a383038380d ...
[2016-11-20 23:19:50,352] [INFO] [base._test_info] -> Current test: 115
[2016-11-20 23:19:50,359] [INFO] [server.transmit] -> request(53): 4745543b3b3b3b2f696e6465782e68746d6c20485454502f312e310d0a486f73743a203132372e302e302e313a383038380d ...
[2016-11-20 23:19:51,298] [INFO] [base._test_info] -> Current test: 116
[2016-11-20 23:19:51,302] [INFO] [server.transmit] -> request(53): 474554272727272f696e6465782e68746d6c20485454502f312e310d0a486f73743a203132372e302e302e313a383038380d ...
[2016-11-20 23:19:52,256] [INFO] [base._test_info] -> Current test: 117
[2016-11-20 23:19:52,259] [INFO] [server.transmit] -> request(53): 474554222222222f696e6465782e68746d6c20485454502f312e310d0a486f73743a203132372e302e302e313a383038380d ...
[2016-11-20 23:19:53,206] [INFO] [base._test_info] -> Current test: 118
[2016-11-20 23:19:53,214] [INFO] [server.transmit] -> request(53): 4745542f2f2f2f2f696e6465782e68746d6c20485454502f312e310d0a486f73743a203132372e302e302e313a383038380d ...
[2016-11-20 23:19:54,162] [INFO] [base._test_info] -> Current test: 119
[2016-11-20 23:19:54,173] [INFO] [server.transmit] -> request(53): 4745545c5c5c5c2f696e6465782e68746d6c20485454502f312e310d0a486f73743a203132372e302e302e313a383038380d ...
[2016-11-20 23:19:55,131] [INFO] [base._test_info] -> Current test: 120
[2016-11-20 23:19:55,135] [INFO] [server.transmit] -> request(53): 4745543f3f3f3f2f696e6465782e68746d6c20485454502f312e310d0a486f73743a203132372e302e302e313a383038380d ...
[2016-11-20 23:19:56,072] [INFO] [base._test_info] -> Current test: 121
[2016-11-20 23:19:56,076] [INFO] [server.transmit] -> request(53): 4745543c3c3c3c2f696e6465782e68746d6c20485454502f312e310d0a486f73743a203132372e302e302e313a383038380d ...
[2016-11-20 23:19:57,034] [INFO] [base._test_info] -> Current test: 122
[2016-11-20 23:19:57,039] [INFO] [server.transmit] -> request(53): 4745543e3e3e3e2f696e6465782e68746d6c20485454502f312e310d0a486f73743a203132372e302e302e313a383038380d ...
[2016-11-20 23:19:57,998] [INFO] [base._test_info] -> Current test: 123
[2016-11-20 23:19:58,001] [INFO] [server.transmit] -> request(53): 4745542e2e2e2e2f696e6465782e68746d6c20485454502f312e310d0a486f73743a203132372e302e302e313a383038380d ...
[2016-11-20 23:19:58,952] [INFO] [base._test_info] -> Current test: 124
[2016-11-20 23:19:58,955] [INFO] [server.transmit] -> request(53): 4745542c2c2c2c2f696e6465782e68746d6c20485454502f312e310d0a486f73743a203132372e302e302e313a383038380d ...
[2016-11-20 23:19:59,898] [INFO] [base._test_info] -> Current test: 125
[2016-11-20 23:19:59,900] [INFO] [server.transmit] -> request(53): 4745540d0d0d0d2f696e6465782e68746d6c20485454502f312e310d0a486f73743a203132372e302e302e313a383038380d ...
[2016-11-20 23:20:00,857] [INFO] [base._test_info] -> Current test: 126
[2016-11-20 23:20:00,860] [INFO] [server.transmit] -> request(53): 4745540a0a0a0a2f696e6465782e68746d6c20485454502f312e310d0a486f73743a203132372e302e302e313a383038380d ...
[2016-11-20 23:20:01,806] [INFO] [base._test_info] -> Current test: 127
[2016-11-20 23:20:01,809] [INFO] [server.transmit] -> request(65): 4745540d0a0d0a0d0a0d0a0d0a0d0a0d0a0d0a2f696e6465782e68746d6c20485454502f312e310d0a486f73743a20313237 ...
[2016-11-20 23:20:02,745] [INFO] [base._test_info] -> Current test: 128
[2016-11-20 23:20:02,751] [INFO] [server.transmit] -> request(73): 474554090d0a090d0a090d0a090d0a090d0a090d0a090d0a090d0a2f696e6465782e68746d6c20485454502f312e310d0a48 ...
[2016-11-20 23:20:03,698] [INFO] [base._test_info] -> Current test: 129
[2016-11-20 23:20:03,703] [INFO] [server.transmit] -> request(49): 4745542f696e6465782e68746d6c20485454502f312e310d0a486f73743a203132372e302e302e313a383038380d0a0d0a
[2016-11-20 23:20:04,654] [INFO] [base._test_info] -> Current test: 130
[2016-11-20 23:20:04,657] [INFO] [server.transmit] -> request(61): 474554202f696e6465782e68746d6c2f696e6465782e68746d6c20485454502f312e310d0a486f73743a203132372e302e30 ...
[2016-11-20 23:20:05,611] [INFO] [base._test_info] -> Current test: 131
[2016-11-20 23:20:05,615] [INFO] [server.transmit] -> request(149): 474554202f696e6465782e68746d6c2f696e6465782e68746d6c2f696e6465782e68746d6c2f696e6465782e68746d6c2f69 ...
[2016-11-20 23:20:06,560] [INFO] [base._test_info] -> Current test: 132
[2016-11-20 23:20:06,564] [INFO] [server.transmit] -> request(1139): 474554202f696e6465782e68746d6c2f696e6465782e68746d6c2f696e6465782e68746d6c2f696e6465782e68746d6c2f69 ...
[2016-11-20 23:20:07,522] [INFO] [base._test_info] -> Current test: 133
[2016-11-20 23:20:07,532] [INFO] [server.transmit] -> request(51): 474554202f696e6465782e68746d6cfe20485454502f312e310d0a486f73743a203132372e302e302e313a383038380d0a0d ...
[2016-11-20 23:20:08,492] [INFO] [base._test_info] -> Current test: 135
[2016-11-20 23:20:08,494] [INFO] [server.transmit] -> request(51): 474554202f696e646500782e68746d6c20485454502f312e310d0a486f73743a203132372e302e302e313a383038380d0a0d ...
[2016-11-20 23:20:09,434] [INFO] [base._test_info] -> Current test: 136
[2016-11-20 23:20:09,442] [INFO] [server.transmit] -> request(51): 474554202f696e6465782e68746d6c0020485454502f312e310d0a486f73743a203132372e302e302e313a383038380d0a0d ...
[2016-11-20 23:20:10,384] [INFO] [base._test_info] -> Current test: 137
[2016-11-20 23:20:10,387] [INFO] [server.transmit] -> request(39): 4745542020485454502f312e310d0a486f73743a203132372e302e302e313a383038380d0a0d0a
[2016-11-20 23:20:11,332] [INFO] [base._test_info] -> Current test: 138
[2016-11-20 23:20:11,335] [INFO] [server.transmit] -> request(2087): 4745542025732573257325732573257325732573257325732573257325732573257325732573257325732573257325732573 ...
[2016-11-20 23:20:12,290] [INFO] [base._test_info] -> Current test: 139
[2016-11-20 23:20:12,292] [INFO] [server.transmit] -> request(295): 4745542025732573257325732573257325732573257325732573257325732573257325732573257325732573257325732573 ...
[2016-11-20 23:20:13,271] [INFO] [base._test_info] -> Current test: 140
[2016-11-20 23:20:13,279] [INFO] [server.transmit] -> request(71): 47455420257325732573257325732573257325732573257325732573257325732573257320485454502f312e310d0a486f73 ...
[2016-11-20 23:20:14,270] [INFO] [base._test_info] -> Current test: 141
[2016-11-20 23:20:14,274] [INFO] [server.transmit] -> request(43): 474554202573257320485454502f312e310d0a486f73743a203132372e302e302e313a383038380d0a0d0a
[2016-11-20 23:20:15,223] [INFO] [base._test_info] -> Current test: 142
[2016-11-20 23:20:15,228] [INFO] [server.transmit] -> request(3111): 4745542025257325257325257325257325257325257325257325257325257325257325257325257325257325257325257325 ...
[2016-11-20 23:20:16,169] [INFO] [base._test_info] -> Current test: 143
[2016-11-20 23:20:16,174] [INFO] [server.transmit] -> request(423): 4745542025257325257325257325257325257325257325257325257325257325257325257325257325257325257325257325 ...
[2016-11-20 23:20:17,116] [INFO] [base._test_info] -> Current test: 144
[2016-11-20 23:20:17,122] [INFO] [server.transmit] -> request(87): 4745542025257325257325257325257325257325257325257325257325257325257325257325257325257325257325257325 ...
[2016-11-20 23:20:18,062] [INFO] [base._test_info] -> Current test: 145
[2016-11-20 23:20:18,070] [INFO] [server.transmit] -> request(45): 4745542025257325257320485454502f312e310d0a486f73743a203132372e302e302e313a383038380d0a0d0a
[2016-11-20 23:20:19,034] [INFO] [base._test_info] -> Current test: 146
[2016-11-20 23:20:19,037] [INFO] [server.transmit] -> request(4135): 4745542022257322222573222225732222257322222573222225732222257322222573222225732222257322222573222225 ...
[2016-11-20 23:20:20,000] [INFO] [base._test_info] -> Current test: 147
[2016-11-20 23:20:20,006] [INFO] [server.transmit] -> request(551): 4745542022257322222573222225732222257322222573222225732222257322222573222225732222257322222573222225 ...
[2016-11-20 23:20:20,993] [INFO] [base._test_info] -> Current test: 148
[2016-11-20 23:20:21,003] [INFO] [server.transmit] -> request(103): 4745542022257322222573222225732222257322222573222225732222257322222573222225732222257322222573222225 ...
[2016-11-20 23:20:21,952] [INFO] [base._test_info] -> Current test: 149
[2016-11-20 23:20:21,957] [INFO] [server.transmit] -> request(47): 47455420222573222225732220485454502f312e310d0a486f73743a203132372e302e302e313a383038380d0a0d0a
[2016-11-20 23:20:22,907] [INFO] [base._test_info] -> Current test: 150
[2016-11-20 23:20:22,912] [INFO] [server.transmit] -> request(2087): 47455420256e256e256e256e256e256e256e256e256e256e256e256e256e256e256e256e256e256e256e256e256e256e256e ...
[2016-11-20 23:20:23,848] [INFO] [base._test_info] -> Current test: 151
[2016-11-20 23:20:23,862] [INFO] [server.transmit] -> request(295): 47455420256e256e256e256e256e256e256e256e256e256e256e256e256e256e256e256e256e256e256e256e256e256e256e ...
[2016-11-20 23:20:24,811] [INFO] [base._test_info] -> Current test: 152
[2016-11-20 23:20:24,813] [INFO] [server.transmit] -> request(71): 47455420256e256e256e256e256e256e256e256e256e256e256e256e256e256e256e256e20485454502f312e310d0a486f73 ...
[2016-11-20 23:20:25,456] [ERROR] [server._start] -> Error occurred while fuzzing: AttributeError("'WebInterface' object has no attribute '_server'",)
[2016-11-20 23:20:25,462] [ERROR] [server._start] -> Traceback (most recent call last):
  File "/usr/local/lib/python2.7/dist-packages/kitty/fuzzers/server.py", line 43, in _start
    self._run_sequence(sequence)
  File "/usr/local/lib/python2.7/dist-packages/kitty/fuzzers/server.py", line 75, in _run_sequence
    return self._post_test()
  File "/usr/local/lib/python2.7/dist-packages/kitty/fuzzers/base.py", line 356, in _post_test
    time.sleep(self.config.delay_secs)
  File "/usr/local/lib/python2.7/dist-packages/kitty/fuzzers/base.py", line 504, in _exit_now
    self.stop()
  File "/usr/local/lib/python2.7/dist-packages/kitty/fuzzers/base.py", line 440, in stop
    self.user_interface.stop()
  File "/usr/local/lib/python2.7/dist-packages/kitty/interfaces/base.py", line 101, in stop
    self._stop()
  File "/usr/local/lib/python2.7/dist-packages/kitty/interfaces/web.py", line 297, in _stop
    self._server.shutdown()
AttributeError: 'WebInterface' object has no attribute '_server'

[2016-11-20 23:20:25,464] [INFO] [base._end_message] -> 
                         --------------------------------------------------
                         Finished fuzzing session
                         Target: TcpTarget

                         Tested 153 mutations
                         Mutation range: 0 to 152
                         Failure count: 0
                         --------------------------------------------------
            
