[2016-11-20 22:42:43,886] [INFO] [base._load_session] -> No session loaded
[2016-11-20 22:42:43,896] [INFO] [graph.hash] -> hash of template HTTP_GET_MONKEY_2 is 7233092260951761804
[2016-11-20 22:42:43,897] [INFO] [graph.hash] -> hash of model is 8309690110576914302
[2016-11-20 22:42:43,914] [INFO] [base._start_message] -> 
                 --------------------------------------------------
                 Starting fuzzing session
                 Target: TcpTarget
                 UI: WebInterface listening on 0.0.0.0:26000
                 Log: ./kittylogs/kitty_20161120-224243.log

                 Total possible mutation count: 1064
                 Fuzzing the mutation range: 0 to 1063
                 --------------------------------------------------
                                 Happy hacking
                 --------------------------------------------------
            
[2016-11-20 22:42:43,915] [INFO] [base.start] -> Performing environment test
[2016-11-20 22:42:43,943] [INFO] [base._test_info] -> Current test: -1
[2016-11-20 22:42:43,943] [INFO] [server.transmit] -> request(87): 474554202f696d67732f6d6f6e6b65795f6c6f676f2e706e6720485454502f312e310d0a486f73743a203132372e302e302e ...
[2016-11-20 22:42:44,469] [INFO] [server._start] -> should keep running? True
[2016-11-20 22:42:44,495] [INFO] [base._test_info] -> Current test: 0
[2016-11-20 22:42:44,496] [INFO] [server.transmit] -> request(90): 474554474554202f696d67732f6d6f6e6b65795f6c6f676f2e706e6720485454502f312e310d0a486f73743a203132372e30 ...
[2016-11-20 22:42:45,437] [INFO] [base._test_info] -> Current test: 1
[2016-11-20 22:42:45,438] [INFO] [server.transmit] -> request(114): 474554474554474554474554474554474554474554474554474554474554202f696d67732f6d6f6e6b65795f6c6f676f2e70 ...
[2016-11-20 22:42:46,370] [INFO] [base._test_info] -> Current test: 2
[2016-11-20 22:42:46,371] [INFO] [server.transmit] -> request(384): 4745544745544745544745544745544745544745544745544745544745544745544745544745544745544745544745544745 ...
[2016-11-20 22:42:47,293] [INFO] [base._test_info] -> Current test: 3
[2016-11-20 22:42:47,293] [INFO] [server.transmit] -> request(88): 474554fe202f696d67732f6d6f6e6b65795f6c6f676f2e706e6720485454502f312e310d0a486f73743a203132372e302e30 ...
[2016-11-20 22:42:48,243] [INFO] [base._test_info] -> Current test: 4
[2016-11-20 22:42:48,243] [INFO] [server.transmit] -> request(88): 00474554202f696d67732f6d6f6e6b65795f6c6f676f2e706e6720485454502f312e310d0a486f73743a203132372e302e30 ...
[2016-11-20 22:42:49,180] [INFO] [base._test_info] -> Current test: 5
[2016-11-20 22:42:49,181] [INFO] [server.transmit] -> request(88): 47004554202f696d67732f6d6f6e6b65795f6c6f676f2e706e6720485454502f312e310d0a486f73743a203132372e302e30 ...
[2016-11-20 22:42:50,125] [INFO] [base._test_info] -> Current test: 6
[2016-11-20 22:42:50,126] [INFO] [server.transmit] -> request(88): 47455400202f696d67732f6d6f6e6b65795f6c6f676f2e706e6720485454502f312e310d0a486f73743a203132372e302e30 ...
[2016-11-20 22:42:51,064] [INFO] [base._test_info] -> Current test: 7
[2016-11-20 22:42:51,065] [INFO] [server.transmit] -> request(84): 202f696d67732f6d6f6e6b65795f6c6f676f2e706e6720485454502f312e310d0a486f73743a203132372e302e302e313a38 ...
[2016-11-20 22:42:51,993] [INFO] [base._test_info] -> Current test: 8
[2016-11-20 22:42:51,994] [INFO] [server.transmit] -> request(2132): 2573257325732573257325732573257325732573257325732573257325732573257325732573257325732573257325732573 ...
[2016-11-20 22:42:52,922] [INFO] [base._test_info] -> Current test: 9
[2016-11-20 22:42:52,922] [INFO] [server.transmit] -> request(340): 2573257325732573257325732573257325732573257325732573257325732573257325732573257325732573257325732573 ...
[2016-11-20 22:42:53,849] [INFO] [base._test_info] -> Current test: 10
[2016-11-20 22:42:53,849] [INFO] [server.transmit] -> request(116): 2573257325732573257325732573257325732573257325732573257325732573202f696d67732f6d6f6e6b65795f6c6f676f ...
[2016-11-20 22:42:54,784] [INFO] [base._test_info] -> Current test: 11
[2016-11-20 22:42:54,785] [INFO] [server.transmit] -> request(88): 25732573202f696d67732f6d6f6e6b65795f6c6f676f2e706e6720485454502f312e310d0a486f73743a203132372e302e30 ...
[2016-11-20 22:42:55,714] [INFO] [base._test_info] -> Current test: 12
[2016-11-20 22:42:55,715] [INFO] [server.transmit] -> request(3156): 2525732525732525732525732525732525732525732525732525732525732525732525732525732525732525732525732525 ...
[2016-11-20 22:42:56,686] [INFO] [base._test_info] -> Current test: 13
[2016-11-20 22:42:56,687] [INFO] [server.transmit] -> request(468): 2525732525732525732525732525732525732525732525732525732525732525732525732525732525732525732525732525 ...
[2016-11-20 22:42:57,614] [INFO] [base._test_info] -> Current test: 14
[2016-11-20 22:42:57,614] [INFO] [server.transmit] -> request(132): 252573252573252573252573252573252573252573252573252573252573252573252573252573252573252573252573202f ...
[2016-11-20 22:42:58,541] [INFO] [base._test_info] -> Current test: 15
[2016-11-20 22:42:58,542] [INFO] [server.transmit] -> request(90): 252573252573202f696d67732f6d6f6e6b65795f6c6f676f2e706e6720485454502f312e310d0a486f73743a203132372e30 ...
[2016-11-20 22:42:59,464] [INFO] [base._test_info] -> Current test: 16
[2016-11-20 22:42:59,464] [INFO] [server.transmit] -> request(4180): 2225732222257322222573222225732222257322222573222225732222257322222573222225732222257322222573222225 ...
[2016-11-20 22:43:00,398] [INFO] [base._test_info] -> Current test: 17
[2016-11-20 22:43:00,399] [INFO] [server.transmit] -> request(596): 2225732222257322222573222225732222257322222573222225732222257322222573222225732222257322222573222225 ...
[2016-11-20 22:43:01,327] [INFO] [base._test_info] -> Current test: 18
[2016-11-20 22:43:01,329] [INFO] [server.transmit] -> request(148): 2225732222257322222573222225732222257322222573222225732222257322222573222225732222257322222573222225 ...
[2016-11-20 22:43:02,256] [INFO] [base._test_info] -> Current test: 19
[2016-11-20 22:43:02,257] [INFO] [server.transmit] -> request(92): 2225732222257322202f696d67732f6d6f6e6b65795f6c6f676f2e706e6720485454502f312e310d0a486f73743a20313237 ...
[2016-11-20 22:43:03,184] [INFO] [base._test_info] -> Current test: 20
[2016-11-20 22:43:03,184] [INFO] [server.transmit] -> request(2132): 256e256e256e256e256e256e256e256e256e256e256e256e256e256e256e256e256e256e256e256e256e256e256e256e256e ...
[2016-11-20 22:43:04,117] [INFO] [base._test_info] -> Current test: 21
[2016-11-20 22:43:04,118] [INFO] [server.transmit] -> request(340): 256e256e256e256e256e256e256e256e256e256e256e256e256e256e256e256e256e256e256e256e256e256e256e256e256e ...
[2016-11-20 22:43:05,062] [INFO] [base._test_info] -> Current test: 22
[2016-11-20 22:43:05,062] [INFO] [server.transmit] -> request(116): 256e256e256e256e256e256e256e256e256e256e256e256e256e256e256e256e202f696d67732f6d6f6e6b65795f6c6f676f ...
[2016-11-20 22:43:05,993] [INFO] [base._test_info] -> Current test: 23
[2016-11-20 22:43:05,994] [INFO] [server.transmit] -> request(88): 256e256e202f696d67732f6d6f6e6b65795f6c6f676f2e706e6720485454502f312e310d0a486f73743a203132372e302e30 ...
[2016-11-20 22:43:06,921] [INFO] [base._test_info] -> Current test: 24
[2016-11-20 22:43:06,922] [INFO] [server.transmit] -> request(3156): 25256e25256e25256e25256e25256e25256e25256e25256e25256e25256e25256e25256e25256e25256e25256e25256e2525 ...
[2016-11-20 22:43:07,848] [INFO] [base._test_info] -> Current test: 25
[2016-11-20 22:43:07,848] [INFO] [server.transmit] -> request(468): 25256e25256e25256e25256e25256e25256e25256e25256e25256e25256e25256e25256e25256e25256e25256e25256e2525 ...
[2016-11-20 22:43:08,780] [INFO] [base._test_info] -> Current test: 26
[2016-11-20 22:43:08,780] [INFO] [server.transmit] -> request(132): 25256e25256e25256e25256e25256e25256e25256e25256e25256e25256e25256e25256e25256e25256e25256e25256e202f ...
[2016-11-20 22:43:09,730] [INFO] [base._test_info] -> Current test: 27
[2016-11-20 22:43:09,731] [INFO] [server.transmit] -> request(90): 25256e25256e202f696d67732f6d6f6e6b65795f6c6f676f2e706e6720485454502f312e310d0a486f73743a203132372e30 ...
[2016-11-20 22:43:10,689] [INFO] [base._test_info] -> Current test: 28
[2016-11-20 22:43:10,690] [INFO] [server.transmit] -> request(4180): 22256e2222256e2222256e2222256e2222256e2222256e2222256e2222256e2222256e2222256e2222256e2222256e222225 ...
[2016-11-20 22:43:11,618] [INFO] [base._test_info] -> Current test: 29
[2016-11-20 22:43:11,618] [INFO] [server.transmit] -> request(596): 22256e2222256e2222256e2222256e2222256e2222256e2222256e2222256e2222256e2222256e2222256e2222256e222225 ...
[2016-11-20 22:43:12,546] [INFO] [base._test_info] -> Current test: 30
[2016-11-20 22:43:12,548] [INFO] [server.transmit] -> request(148): 22256e2222256e2222256e2222256e2222256e2222256e2222256e2222256e2222256e2222256e2222256e2222256e222225 ...
[2016-11-20 22:43:13,486] [INFO] [base._test_info] -> Current test: 31
[2016-11-20 22:43:13,487] [INFO] [server.transmit] -> request(92): 22256e2222256e22202f696d67732f6d6f6e6b65795f6c6f676f2e706e6720485454502f312e310d0a486f73743a20313237 ...
[2016-11-20 22:43:14,417] [INFO] [base._test_info] -> Current test: 32
[2016-11-20 22:43:14,417] [INFO] [server.transmit] -> request(98): 252e31363730357525325c24686e202f696d67732f6d6f6e6b65795f6c6f676f2e706e6720485454502f312e310d0a486f73 ...
[2016-11-20 22:43:15,346] [INFO] [base._test_info] -> Current test: 33
[2016-11-20 22:43:15,347] [INFO] [server.transmit] -> request(2132): 0d0a0d0a0d0a0d0a0d0a0d0a0d0a0d0a0d0a0d0a0d0a0d0a0d0a0d0a0d0a0d0a0d0a0d0a0d0a0d0a0d0a0d0a0d0a0d0a0d0a ...
[2016-11-20 22:43:16,275] [INFO] [base._test_info] -> Current test: 34
[2016-11-20 22:43:16,276] [INFO] [server.transmit] -> request(340): 0d0a0d0a0d0a0d0a0d0a0d0a0d0a0d0a0d0a0d0a0d0a0d0a0d0a0d0a0d0a0d0a0d0a0d0a0d0a0d0a0d0a0d0a0d0a0d0a0d0a ...
[2016-11-20 22:43:17,200] [INFO] [base._test_info] -> Current test: 35
[2016-11-20 22:43:17,200] [INFO] [server.transmit] -> request(116): 0d0a0d0a0d0a0d0a0d0a0d0a0d0a0d0a0d0a0d0a0d0a0d0a0d0a0d0a0d0a0d0a202f696d67732f6d6f6e6b65795f6c6f676f ...
[2016-11-20 22:43:18,130] [INFO] [base._test_info] -> Current test: 36
[2016-11-20 22:43:18,130] [INFO] [server.transmit] -> request(88): 0d0a0d0a202f696d67732f6d6f6e6b65795f6c6f676f2e706e6720485454502f312e310d0a486f73743a203132372e302e30 ...
[2016-11-20 22:43:19,064] [INFO] [base._test_info] -> Current test: 37
[2016-11-20 22:43:19,065] [INFO] [server.transmit] -> request(1108): 0a0a0a0a0a0a0a0a0a0a0a0a0a0a0a0a0a0a0a0a0a0a0a0a0a0a0a0a0a0a0a0a0a0a0a0a0a0a0a0a0a0a0a0a0a0a0a0a0a0a ...
[2016-11-20 22:43:19,994] [INFO] [base._test_info] -> Current test: 38
[2016-11-20 22:43:19,994] [INFO] [server.transmit] -> request(212): 0a0a0a0a0a0a0a0a0a0a0a0a0a0a0a0a0a0a0a0a0a0a0a0a0a0a0a0a0a0a0a0a0a0a0a0a0a0a0a0a0a0a0a0a0a0a0a0a0a0a ...
[2016-11-20 22:43:20,921] [INFO] [base._test_info] -> Current test: 39
[2016-11-20 22:43:20,922] [INFO] [server.transmit] -> request(100): 0a0a0a0a0a0a0a0a0a0a0a0a0a0a0a0a202f696d67732f6d6f6e6b65795f6c6f676f2e706e6720485454502f312e310d0a48 ...
[2016-11-20 22:43:21,847] [INFO] [base._test_info] -> Current test: 40
[2016-11-20 22:43:21,847] [INFO] [server.transmit] -> request(86): 0a0a202f696d67732f6d6f6e6b65795f6c6f676f2e706e6720485454502f312e310d0a486f73743a203132372e302e302e31 ...
[2016-11-20 22:43:22,801] [INFO] [base._test_info] -> Current test: 41
[2016-11-20 22:43:22,802] [INFO] [server.transmit] -> request(4180): deadbeefdeadbeefdeadbeefdeadbeefdeadbeefdeadbeefdeadbeefdeadbeefdeadbeefdeadbeefdeadbeefdeadbeefdead ...
[2016-11-20 22:43:23,723] [INFO] [base._test_info] -> Current test: 42
[2016-11-20 22:43:23,724] [INFO] [server.transmit] -> request(596): deadbeefdeadbeefdeadbeefdeadbeefdeadbeefdeadbeefdeadbeefdeadbeefdeadbeefdeadbeefdeadbeefdeadbeefdead ...
[2016-11-20 22:43:24,648] [INFO] [base._test_info] -> Current test: 43
[2016-11-20 22:43:24,649] [INFO] [server.transmit] -> request(148): deadbeefdeadbeefdeadbeefdeadbeefdeadbeefdeadbeefdeadbeefdeadbeefdeadbeefdeadbeefdeadbeefdeadbeefdead ...
[2016-11-20 22:43:25,576] [INFO] [base._test_info] -> Current test: 44
[2016-11-20 22:43:25,577] [INFO] [server.transmit] -> request(92): deadbeefdeadbeef202f696d67732f6d6f6e6b65795f6c6f676f2e706e6720485454502f312e310d0a486f73743a20313237 ...
[2016-11-20 22:43:26,504] [INFO] [base._test_info] -> Current test: 45
[2016-11-20 22:43:26,508] [INFO] [server.transmit] -> request(101): 7c746f756368202f746d702f4b49545459202f696d67732f6d6f6e6b65795f6c6f676f2e706e6720485454502f312e310d0a ...
[2016-11-20 22:43:27,449] [INFO] [base._test_info] -> Current test: 46
[2016-11-20 22:43:27,449] [INFO] [server.transmit] -> request(102): 3b746f756368202f746d702f4b495454593b202f696d67732f6d6f6e6b65795f6c6f676f2e706e6720485454502f312e310d ...
[2016-11-20 22:43:28,376] [INFO] [base._test_info] -> Current test: 47
[2016-11-20 22:43:28,377] [INFO] [server.transmit] -> request(98): 3b6c733e2f746d702f4b49545459202f696d67732f6d6f6e6b65795f6c6f676f2e706e6720485454502f312e310d0a486f73 ...
[2016-11-20 22:43:29,299] [INFO] [base._test_info] -> Current test: 48
[2016-11-20 22:43:29,300] [INFO] [server.transmit] -> request(113): 223b6c733e2f746d702f4b495454593b6c733e2f6465762f6e756c6c22202f696d67732f6d6f6e6b65795f6c6f676f2e706e ...
[2016-11-20 22:43:30,226] [INFO] [base._test_info] -> Current test: 49
[2016-11-20 22:43:30,226] [INFO] [server.transmit] -> request(114): 273b6c733e2f746d702f4b495454593b6c733e272f6465762f6e756c6c27202f696d67732f6d6f6e6b65795f6c6f676f2e70 ...
[2016-11-20 22:43:31,149] [INFO] [base._test_info] -> Current test: 50
[2016-11-20 22:43:31,150] [INFO] [server.transmit] -> request(99): 606c733e2f746d702f4b4954545960202f696d67732f6d6f6e6b65795f6c6f676f2e706e6720485454502f312e310d0a486f ...
[2016-11-20 22:43:32,075] [INFO] [base._test_info] -> Current test: 51
[2016-11-20 22:43:32,076] [INFO] [server.transmit] -> request(100): 20606c733e2f746d702f4b4954545960202f696d67732f6d6f6e6b65795f6c6f676f2e706e6720485454502f312e310d0a48 ...
[2016-11-20 22:43:32,998] [INFO] [base._test_info] -> Current test: 52
[2016-11-20 22:43:32,998] [INFO] [server.transmit] -> request(92): 7c6e6f7465706164202f696d67732f6d6f6e6b65795f6c6f676f2e706e6720485454502f312e310d0a486f73743a20313237 ...
[2016-11-20 22:43:33,925] [INFO] [base._test_info] -> Current test: 53
[2016-11-20 22:43:33,926] [INFO] [server.transmit] -> request(93): 3b6e6f74657061643b202f696d67732f6d6f6e6b65795f6c6f676f2e706e6720485454502f312e310d0a486f73743a203132 ...
[2016-11-20 22:43:34,853] [INFO] [base._test_info] -> Current test: 54
[2016-11-20 22:43:34,853] [INFO] [server.transmit] -> request(93): 0a6e6f74657061640a202f696d67732f6d6f6e6b65795f6c6f676f2e706e6720485454502f312e310d0a486f73743a203132 ...
[2016-11-20 22:43:35,777] [INFO] [base._test_info] -> Current test: 55
[2016-11-20 22:43:35,778] [INFO] [server.transmit] -> request(95): 27206f7220313d31202d2d202f696d67732f6d6f6e6b65795f6c6f676f2e706e6720485454502f312e310d0a486f73743a20 ...
[2016-11-20 22:43:36,704] [INFO] [base._test_info] -> Current test: 56
[2016-11-20 22:43:36,705] [INFO] [server.transmit] -> request(101): 273b20646573632075736572733b202d2d202f696d67732f6d6f6e6b65795f6c6f676f2e706e6720485454502f312e310d0a ...
[2016-11-20 22:43:37,640] [INFO] [base._test_info] -> Current test: 57
[2016-11-20 22:43:37,641] [INFO] [server.transmit] -> request(125): 27206f7220757365726e616d65206973206e6f74204e554c4c206f7220757365726e616d65203d2027202f696d67732f6d6f ...
[2016-11-20 22:43:38,567] [INFO] [base._test_info] -> Current test: 58
[2016-11-20 22:43:38,568] [INFO] [server.transmit] -> request(156): 3120756e696f6e20616c6c2073656c65637420312c322c332c342c352c362c6e616d652066726f6d207379736f626a656374 ...
[2016-11-20 22:43:39,491] [INFO] [base._test_info] -> Current test: 59
[2016-11-20 22:43:39,491] [INFO] [server.transmit] -> request(95): 60206f72206031603d6031202f696d67732f6d6f6e6b65795f6c6f676f2e706e6720485454502f312e310d0a486f73743a20 ...
[2016-11-20 22:43:40,420] [INFO] [base._test_info] -> Current test: 60
[2016-11-20 22:43:40,420] [INFO] [server.transmit] -> request(95): 27206f72202731273d2731202f696d67732f6d6f6e6b65795f6c6f676f2e706e6720485454502f312e310d0a486f73743a20 ...
[2016-11-20 22:43:41,359] [INFO] [base._test_info] -> Current test: 61
[2016-11-20 22:43:41,359] [INFO] [server.transmit] -> request(86): 4141202f696d67732f6d6f6e6b65795f6c6f676f2e706e6720485454502f312e310d0a486f73743a203132372e302e302e31 ...
[2016-11-20 22:43:42,290] [INFO] [base._test_info] -> Current test: 62
[2016-11-20 22:43:42,290] [INFO] [server.transmit] -> request(94): 41414141414141414141202f696d67732f6d6f6e6b65795f6c6f676f2e706e6720485454502f312e310d0a486f73743a2031 ...
[2016-11-20 22:43:43,216] [INFO] [base._test_info] -> Current test: 63
[2016-11-20 22:43:43,217] [INFO] [server.transmit] -> request(184): 4141414141414141414141414141414141414141414141414141414141414141414141414141414141414141414141414141 ...
[2016-11-20 22:43:44,144] [INFO] [base._test_info] -> Current test: 64
[2016-11-20 22:43:44,145] [INFO] [server.transmit] -> request(1084): 4141414141414141414141414141414141414141414141414141414141414141414141414141414141414141414141414141 ...
[2016-11-20 22:43:45,069] [INFO] [base._test_info] -> Current test: 65
[2016-11-20 22:43:45,069] [INFO] [server.transmit] -> request(5084): 4141414141414141414141414141414141414141414141414141414141414141414141414141414141414141414141414141 ...
[2016-11-20 22:43:46,003] [INFO] [base._test_info] -> Current test: 66
[2016-11-20 22:43:46,003] [INFO] [server.transmit] -> request(10084): 4141414141414141414141414141414141414141414141414141414141414141414141414141414141414141414141414141 ...
[2016-11-20 22:43:46,931] [INFO] [base._test_info] -> Current test: 67
[2016-11-20 22:43:46,931] [INFO] [server.transmit] -> request(95): 2f6574632f706173737764202f696d67732f6d6f6e6b65795f6c6f676f2e706e6720485454502f312e310d0a486f73743a20 ...
[2016-11-20 22:43:47,870] [INFO] [base._test_info] -> Current test: 68
[2016-11-20 22:43:47,870] [INFO] [server.transmit] -> request(138): 2e2f2e2e2f2e2e2f2e2e2f2e2e2f2e2e2f2e2e2f2e2e2f2e2e2f2e2e2f2e2e2f2e2e2f2e2e2f2e2e2f2e2e2f6574632f7061 ...
[2016-11-20 22:43:48,804] [INFO] [base._test_info] -> Current test: 69
[2016-11-20 22:43:48,805] [INFO] [server.transmit] -> request(136): 2e2e2f2e2e2f2e2e2f2e2e2f2e2e2f2e2e2f2e2e2f2e2e2f2e2e2f2e2e2f2e2e2f2e2e2f2e2e2f2e2e2f6574632f70617373 ...
[2016-11-20 22:43:49,728] [INFO] [base._test_info] -> Current test: 70
[2016-11-20 22:43:49,729] [INFO] [server.transmit] -> request(97): 2f70726f632f637075696e666f202f696d67732f6d6f6e6b65795f6c6f676f2e706e6720485454502f312e310d0a486f7374 ...
[2016-11-20 22:43:50,719] [INFO] [base._test_info] -> Current test: 71
[2016-11-20 22:43:50,720] [INFO] [server.transmit] -> request(140): 2e2f2e2e2f2e2e2f2e2e2f2e2e2f2e2e2f2e2e2f2e2e2f2e2e2f2e2e2f2e2e2f2e2e2f2e2e2f2e2e2f2e2e2f70726f632f63 ...
[2016-11-20 22:43:51,647] [INFO] [base._test_info] -> Current test: 72
[2016-11-20 22:43:51,648] [INFO] [server.transmit] -> request(138): 2e2e2f2e2e2f2e2e2f2e2e2f2e2e2f2e2e2f2e2e2f2e2e2f2e2e2f2e2e2f2e2e2f2e2e2f2e2e2f2e2e2f70726f632f637075 ...
[2016-11-20 22:43:52,572] [INFO] [base._test_info] -> Current test: 73
[2016-11-20 22:43:52,572] [INFO] [server.transmit] -> request(94): 7e2f2e70726f66696c65202f696d67732f6d6f6e6b65795f6c6f676f2e706e6720485454502f312e310d0a486f73743a2031 ...
[2016-11-20 22:43:53,510] [INFO] [base._test_info] -> Current test: 74
[2016-11-20 22:43:53,511] [INFO] [server.transmit] -> request(98): 24484f4d452f2e70726f66696c65202f696d67732f6d6f6e6b65795f6c6f676f2e706e6720485454502f312e310d0a486f73 ...
[2016-11-20 22:43:54,435] [INFO] [base._test_info] -> Current test: 75
[2016-11-20 22:43:54,436] [INFO] [server.transmit] -> request(129): 2f2e2e2f2e2e2f2e2e2f2e2e2f2e2e2f2e2e2f2e2e2f2e2e2f2e2e2f2e2e2f2e2e2f2e2e2f626f6f742e696e69202f696d67 ...
[2016-11-20 22:43:55,360] [INFO] [base._test_info] -> Current test: 76
[2016-11-20 22:43:55,361] [INFO] [server.transmit] -> request(1108): 2f5c2f5c2f5c2f5c2f5c2f5c2f5c2f5c2f5c2f5c2f5c2f5c2f5c2f5c2f5c2f5c2f5c2f5c2f5c2f5c2f5c2f5c2f5c2f5c2f5c ...
[2016-11-20 22:43:56,287] [INFO] [base._test_info] -> Current test: 77
[2016-11-20 22:43:56,288] [INFO] [server.transmit] -> request(212): 2f5c2f5c2f5c2f5c2f5c2f5c2f5c2f5c2f5c2f5c2f5c2f5c2f5c2f5c2f5c2f5c2f5c2f5c2f5c2f5c2f5c2f5c2f5c2f5c2f5c ...
[2016-11-20 22:43:57,216] [INFO] [base._test_info] -> Current test: 78
[2016-11-20 22:43:57,216] [INFO] [server.transmit] -> request(100): 2f5c2f5c2f5c2f5c2f5c2f5c2f5c2f5c202f696d67732f6d6f6e6b65795f6c6f676f2e706e6720485454502f312e310d0a48 ...
[2016-11-20 22:43:58,144] [INFO] [base._test_info] -> Current test: 79
[2016-11-20 22:43:58,144] [INFO] [server.transmit] -> request(1108): 2f2e2f2e2f2e2f2e2f2e2f2e2f2e2f2e2f2e2f2e2f2e2f2e2f2e2f2e2f2e2f2e2f2e2f2e2f2e2f2e2f2e2f2e2f2e2f2e2f2e ...
[2016-11-20 22:43:59,076] [INFO] [base._test_info] -> Current test: 80
[2016-11-20 22:43:59,076] [INFO] [server.transmit] -> request(212): 2f2e2f2e2f2e2f2e2f2e2f2e2f2e2f2e2f2e2f2e2f2e2f2e2f2e2f2e2f2e2f2e2f2e2f2e2f2e2f2e2f2e2f2e2f2e2f2e2f2e ...
[2016-11-20 22:44:00,014] [INFO] [base._test_info] -> Current test: 81
[2016-11-20 22:44:00,015] [INFO] [server.transmit] -> request(100): 2f2e2f2e2f2e2f2e2f2e2f2e2f2e2f2e202f696d67732f6d6f6e6b65795f6c6f676f2e706e6720485454502f312e310d0a48 ...
[2016-11-20 22:44:00,956] [INFO] [base._test_info] -> Current test: 82
[2016-11-20 22:44:00,957] [INFO] [server.transmit] -> request(113): 2140232425255e2324252324402324252424402324255e5e2a2a282829202f696d67732f6d6f6e6b65795f6c6f676f2e706e ...
[2016-11-20 22:44:01,904] [INFO] [base._test_info] -> Current test: 83
[2016-11-20 22:44:01,905] [INFO] [server.transmit] -> request(109): 25303125303225303325303425306125306425306141445346202f696d67732f6d6f6e6b65795f6c6f676f2e706e67204854 ...
[2016-11-20 22:44:02,826] [INFO] [base._test_info] -> Current test: 84
[2016-11-20 22:44:02,827] [INFO] [server.transmit] -> request(110): 2530312530322530334025303425306125306425306141445346202f696d67732f6d6f6e6b65795f6c6f676f2e706e672048 ...
[2016-11-20 22:44:03,781] [INFO] [base._test_info] -> Current test: 85
[2016-11-20 22:44:03,782] [INFO] [server.transmit] -> request(89): 2f2530302f202f696d67732f6d6f6e6b65795f6c6f676f2e706e6720485454502f312e310d0a486f73743a203132372e302e ...
[2016-11-20 22:44:04,726] [INFO] [base._test_info] -> Current test: 86
[2016-11-20 22:44:04,727] [INFO] [server.transmit] -> request(88): 2530302f202f696d67732f6d6f6e6b65795f6c6f676f2e706e6720485454502f312e310d0a486f73743a203132372e302e30 ...
[2016-11-20 22:44:05,688] [INFO] [base._test_info] -> Current test: 87
[2016-11-20 22:44:05,689] [INFO] [server.transmit] -> request(87): 253030202f696d67732f6d6f6e6b65795f6c6f676f2e706e6720485454502f312e310d0a486f73743a203132372e302e302e ...
[2016-11-20 22:44:06,630] [INFO] [base._test_info] -> Current test: 88
[2016-11-20 22:44:06,631] [INFO] [server.transmit] -> request(90): 257530303030202f696d67732f6d6f6e6b65795f6c6f676f2e706e6720485454502f312e310d0a486f73743a203132372e30 ...
[2016-11-20 22:44:07,571] [INFO] [base._test_info] -> Current test: 89
[2016-11-20 22:44:07,571] [INFO] [server.transmit] -> request(276): 25fef02501ff25fef02501ff25fef02501ff25fef02501ff25fef02501ff25fef02501ff25fef02501ff25fef02501ff25fe ...
[2016-11-20 22:44:08,498] [INFO] [base._test_info] -> Current test: 90
[2016-11-20 22:44:08,499] [INFO] [server.transmit] -> request(108): 25fef02501ff25fef02501ff25fef02501ff25fef02501ff202f696d67732f6d6f6e6b65795f6c6f676f2e706e6720485454 ...
[2016-11-20 22:44:09,426] [INFO] [base._test_info] -> Current test: 91
[2016-11-20 22:44:09,427] [INFO] [server.transmit] -> request(88): 47455420202f696d67732f6d6f6e6b65795f6c6f676f2e706e6720485454502f312e310d0a486f73743a203132372e302e30 ...
[2016-11-20 22:44:10,363] [INFO] [base._test_info] -> Current test: 92
[2016-11-20 22:44:10,364] [INFO] [server.transmit] -> request(96): 474554202020202020202020202f696d67732f6d6f6e6b65795f6c6f676f2e706e6720485454502f312e310d0a486f73743a ...
[2016-11-20 22:44:11,296] [INFO] [base._test_info] -> Current test: 93
[2016-11-20 22:44:11,296] [INFO] [server.transmit] -> request(186): 4745542020202020202020202020202020202020202020202020202020202020202020202020202020202020202020202020 ...
[2016-11-20 22:44:12,231] [INFO] [base._test_info] -> Current test: 94
[2016-11-20 22:44:12,231] [INFO] [server.transmit] -> request(88): 47455420fe2f696d67732f6d6f6e6b65795f6c6f676f2e706e6720485454502f312e310d0a486f73743a203132372e302e30 ...
[2016-11-20 22:44:13,182] [INFO] [base._test_info] -> Current test: 97
[2016-11-20 22:44:13,182] [INFO] [server.transmit] -> request(88): 47455420002f696d67732f6d6f6e6b65795f6c6f676f2e706e6720485454502f312e310d0a486f73743a203132372e302e30 ...
[2016-11-20 22:44:14,125] [INFO] [base._test_info] -> Current test: 98
[2016-11-20 22:44:14,126] [INFO] [server.transmit] -> request(90): 474554202020202f696d67732f6d6f6e6b65795f6c6f676f2e706e6720485454502f312e310d0a486f73743a203132372e30 ...
[2016-11-20 22:44:15,063] [INFO] [base._test_info] -> Current test: 99
[2016-11-20 22:44:15,063] [INFO] [server.transmit] -> request(90): 474554090909092f696d67732f6d6f6e6b65795f6c6f676f2e706e6720485454502f312e310d0a486f73743a203132372e30 ...
[2016-11-20 22:44:16,000] [INFO] [base._test_info] -> Current test: 100
[2016-11-20 22:44:16,001] [INFO] [server.transmit] -> request(90): 474554212121212f696d67732f6d6f6e6b65795f6c6f676f2e706e6720485454502f312e310d0a486f73743a203132372e30 ...
[2016-11-20 22:44:16,939] [INFO] [base._test_info] -> Current test: 101
[2016-11-20 22:44:16,940] [INFO] [server.transmit] -> request(90): 474554404040402f696d67732f6d6f6e6b65795f6c6f676f2e706e6720485454502f312e310d0a486f73743a203132372e30 ...
[2016-11-20 22:44:17,874] [INFO] [base._test_info] -> Current test: 102
[2016-11-20 22:44:17,874] [INFO] [server.transmit] -> request(90): 474554232323232f696d67732f6d6f6e6b65795f6c6f676f2e706e6720485454502f312e310d0a486f73743a203132372e30 ...
[2016-11-20 22:44:18,806] [INFO] [base._test_info] -> Current test: 103
[2016-11-20 22:44:18,807] [INFO] [server.transmit] -> request(90): 474554242424242f696d67732f6d6f6e6b65795f6c6f676f2e706e6720485454502f312e310d0a486f73743a203132372e30 ...
[2016-11-20 22:44:19,732] [INFO] [base._test_info] -> Current test: 104
[2016-11-20 22:44:19,733] [INFO] [server.transmit] -> request(90): 474554252525252f696d67732f6d6f6e6b65795f6c6f676f2e706e6720485454502f312e310d0a486f73743a203132372e30 ...
[2016-11-20 22:44:20,656] [INFO] [base._test_info] -> Current test: 105
[2016-11-20 22:44:20,656] [INFO] [server.transmit] -> request(90): 4745545e5e5e5e2f696d67732f6d6f6e6b65795f6c6f676f2e706e6720485454502f312e310d0a486f73743a203132372e30 ...
[2016-11-20 22:44:21,584] [INFO] [base._test_info] -> Current test: 106
[2016-11-20 22:44:21,585] [INFO] [server.transmit] -> request(90): 474554262626262f696d67732f6d6f6e6b65795f6c6f676f2e706e6720485454502f312e310d0a486f73743a203132372e30 ...
[2016-11-20 22:44:22,519] [INFO] [base._test_info] -> Current test: 107
[2016-11-20 22:44:22,520] [INFO] [server.transmit] -> request(90): 4745542a2a2a2a2f696d67732f6d6f6e6b65795f6c6f676f2e706e6720485454502f312e310d0a486f73743a203132372e30 ...
[2016-11-20 22:44:23,445] [INFO] [base._test_info] -> Current test: 108
[2016-11-20 22:44:23,445] [INFO] [server.transmit] -> request(90): 474554282828282f696d67732f6d6f6e6b65795f6c6f676f2e706e6720485454502f312e310d0a486f73743a203132372e30 ...
[2016-11-20 22:44:24,377] [INFO] [base._test_info] -> Current test: 109
[2016-11-20 22:44:24,380] [INFO] [server.transmit] -> request(90): 474554292929292f696d67732f6d6f6e6b65795f6c6f676f2e706e6720485454502f312e310d0a486f73743a203132372e30 ...
[2016-11-20 22:44:25,336] [INFO] [base._test_info] -> Current test: 110
[2016-11-20 22:44:25,337] [INFO] [server.transmit] -> request(90): 4745542d2d2d2d2f696d67732f6d6f6e6b65795f6c6f676f2e706e6720485454502f312e310d0a486f73743a203132372e30 ...
[2016-11-20 22:44:26,263] [INFO] [base._test_info] -> Current test: 111
[2016-11-20 22:44:26,264] [INFO] [server.transmit] -> request(90): 4745545f5f5f5f2f696d67732f6d6f6e6b65795f6c6f676f2e706e6720485454502f312e310d0a486f73743a203132372e30 ...
[2016-11-20 22:44:27,191] [INFO] [base._test_info] -> Current test: 112
[2016-11-20 22:44:27,192] [INFO] [server.transmit] -> request(90): 4745542b2b2b2b2f696d67732f6d6f6e6b65795f6c6f676f2e706e6720485454502f312e310d0a486f73743a203132372e30 ...
[2016-11-20 22:44:28,131] [INFO] [base._test_info] -> Current test: 113
[2016-11-20 22:44:28,131] [INFO] [server.transmit] -> request(90): 4745543d3d3d3d2f696d67732f6d6f6e6b65795f6c6f676f2e706e6720485454502f312e310d0a486f73743a203132372e30 ...
[2016-11-20 22:44:29,064] [INFO] [base._test_info] -> Current test: 114
[2016-11-20 22:44:29,065] [INFO] [server.transmit] -> request(90): 4745543a3a3a3a2f696d67732f6d6f6e6b65795f6c6f676f2e706e6720485454502f312e310d0a486f73743a203132372e30 ...
[2016-11-20 22:44:29,994] [INFO] [base._test_info] -> Current test: 115
[2016-11-20 22:44:29,994] [INFO] [server.transmit] -> request(90): 4745543b3b3b3b2f696d67732f6d6f6e6b65795f6c6f676f2e706e6720485454502f312e310d0a486f73743a203132372e30 ...
[2016-11-20 22:44:30,925] [INFO] [base._test_info] -> Current test: 116
[2016-11-20 22:44:30,926] [INFO] [server.transmit] -> request(90): 474554272727272f696d67732f6d6f6e6b65795f6c6f676f2e706e6720485454502f312e310d0a486f73743a203132372e30 ...
[2016-11-20 22:44:31,859] [INFO] [base._test_info] -> Current test: 117
[2016-11-20 22:44:31,860] [INFO] [server.transmit] -> request(90): 474554222222222f696d67732f6d6f6e6b65795f6c6f676f2e706e6720485454502f312e310d0a486f73743a203132372e30 ...
[2016-11-20 22:44:32,795] [INFO] [base._test_info] -> Current test: 118
[2016-11-20 22:44:32,796] [INFO] [server.transmit] -> request(90): 4745542f2f2f2f2f696d67732f6d6f6e6b65795f6c6f676f2e706e6720485454502f312e310d0a486f73743a203132372e30 ...
[2016-11-20 22:44:33,725] [INFO] [base._test_info] -> Current test: 119
[2016-11-20 22:44:33,726] [INFO] [server.transmit] -> request(90): 4745545c5c5c5c2f696d67732f6d6f6e6b65795f6c6f676f2e706e6720485454502f312e310d0a486f73743a203132372e30 ...
[2016-11-20 22:44:34,652] [INFO] [base._test_info] -> Current test: 120
[2016-11-20 22:44:34,653] [INFO] [server.transmit] -> request(90): 4745543f3f3f3f2f696d67732f6d6f6e6b65795f6c6f676f2e706e6720485454502f312e310d0a486f73743a203132372e30 ...
[2016-11-20 22:44:35,585] [INFO] [base._test_info] -> Current test: 121
[2016-11-20 22:44:35,585] [INFO] [server.transmit] -> request(90): 4745543c3c3c3c2f696d67732f6d6f6e6b65795f6c6f676f2e706e6720485454502f312e310d0a486f73743a203132372e30 ...
[2016-11-20 22:44:36,515] [INFO] [base._test_info] -> Current test: 122
[2016-11-20 22:44:36,515] [INFO] [server.transmit] -> request(90): 4745543e3e3e3e2f696d67732f6d6f6e6b65795f6c6f676f2e706e6720485454502f312e310d0a486f73743a203132372e30 ...
[2016-11-20 22:44:37,443] [INFO] [base._test_info] -> Current test: 123
[2016-11-20 22:44:37,443] [INFO] [server.transmit] -> request(90): 4745542e2e2e2e2f696d67732f6d6f6e6b65795f6c6f676f2e706e6720485454502f312e310d0a486f73743a203132372e30 ...
[2016-11-20 22:44:38,369] [INFO] [base._test_info] -> Current test: 124
[2016-11-20 22:44:38,370] [INFO] [server.transmit] -> request(90): 4745542c2c2c2c2f696d67732f6d6f6e6b65795f6c6f676f2e706e6720485454502f312e310d0a486f73743a203132372e30 ...
[2016-11-20 22:44:39,296] [INFO] [base._test_info] -> Current test: 125
[2016-11-20 22:44:39,297] [INFO] [server.transmit] -> request(90): 4745540d0d0d0d2f696d67732f6d6f6e6b65795f6c6f676f2e706e6720485454502f312e310d0a486f73743a203132372e30 ...
[2016-11-20 22:44:40,227] [INFO] [base._test_info] -> Current test: 126
[2016-11-20 22:44:40,228] [INFO] [server.transmit] -> request(90): 4745540a0a0a0a2f696d67732f6d6f6e6b65795f6c6f676f2e706e6720485454502f312e310d0a486f73743a203132372e30 ...
[2016-11-20 22:44:41,150] [INFO] [base._test_info] -> Current test: 127
[2016-11-20 22:44:41,150] [INFO] [server.transmit] -> request(102): 4745540d0a0d0a0d0a0d0a0d0a0d0a0d0a0d0a2f696d67732f6d6f6e6b65795f6c6f676f2e706e6720485454502f312e310d ...
[2016-11-20 22:44:42,079] [INFO] [base._test_info] -> Current test: 128
[2016-11-20 22:44:42,080] [INFO] [server.transmit] -> request(110): 474554090d0a090d0a090d0a090d0a090d0a090d0a090d0a090d0a2f696d67732f6d6f6e6b65795f6c6f676f2e706e672048 ...
[2016-11-20 22:44:43,003] [INFO] [base._test_info] -> Current test: 129
[2016-11-20 22:44:43,004] [INFO] [server.transmit] -> request(86): 4745542f696d67732f6d6f6e6b65795f6c6f676f2e706e6720485454502f312e310d0a486f73743a203132372e302e302e31 ...
[2016-11-20 22:44:43,942] [INFO] [base._test_info] -> Current test: 130
[2016-11-20 22:44:43,942] [INFO] [server.transmit] -> request(108): 474554202f696d67732f6d6f6e6b65795f6c6f676f2e706e672f696d67732f6d6f6e6b65795f6c6f676f2e706e6720485454 ...
[2016-11-20 22:44:44,864] [INFO] [base._test_info] -> Current test: 131
[2016-11-20 22:44:44,864] [INFO] [server.transmit] -> request(276): 474554202f696d67732f6d6f6e6b65795f6c6f676f2e706e672f696d67732f6d6f6e6b65795f6c6f676f2e706e672f696d67 ...
[2016-11-20 22:44:45,802] [INFO] [base._test_info] -> Current test: 132
[2016-11-20 22:44:45,803] [INFO] [server.transmit] -> request(2166): 474554202f696d67732f6d6f6e6b65795f6c6f676f2e706e672f696d67732f6d6f6e6b65795f6c6f676f2e706e672f696d67 ...
[2016-11-20 22:44:46,732] [INFO] [base._test_info] -> Current test: 133
[2016-11-20 22:44:46,733] [INFO] [server.transmit] -> request(88): 474554202f696d67732f6d6f6e6b65795f6c6f676f2e706e67fe20485454502f312e310d0a486f73743a203132372e302e30 ...
[2016-11-20 22:44:47,658] [INFO] [base._test_info] -> Current test: 135
[2016-11-20 22:44:47,659] [INFO] [server.transmit] -> request(88): 474554202f696d67732f6d6f6e6b0065795f6c6f676f2e706e6720485454502f312e310d0a486f73743a203132372e302e30 ...
[2016-11-20 22:44:48,585] [INFO] [base._test_info] -> Current test: 136
[2016-11-20 22:44:48,586] [INFO] [server.transmit] -> request(88): 474554202f696d67732f6d6f6e6b65795f6c6f676f2e706e670020485454502f312e310d0a486f73743a203132372e302e30 ...
[2016-11-20 22:44:49,514] [INFO] [base._test_info] -> Current test: 137
[2016-11-20 22:44:49,515] [INFO] [server.transmit] -> request(66): 4745542020485454502f312e310d0a486f73743a203132372e302e302e313a383038380d0a52616e67653a2062797465733d ...
[2016-11-20 22:44:50,445] [INFO] [base._test_info] -> Current test: 138
[2016-11-20 22:44:50,446] [INFO] [server.transmit] -> request(2114): 4745542025732573257325732573257325732573257325732573257325732573257325732573257325732573257325732573 ...
[2016-11-20 22:44:51,377] [INFO] [base._test_info] -> Current test: 139
[2016-11-20 22:44:51,378] [INFO] [server.transmit] -> request(322): 4745542025732573257325732573257325732573257325732573257325732573257325732573257325732573257325732573 ...
[2016-11-20 22:44:52,304] [INFO] [base._test_info] -> Current test: 140
[2016-11-20 22:44:52,305] [INFO] [server.transmit] -> request(98): 47455420257325732573257325732573257325732573257325732573257325732573257320485454502f312e310d0a486f73 ...
[2016-11-20 22:44:53,232] [INFO] [base._test_info] -> Current test: 141
[2016-11-20 22:44:53,232] [INFO] [server.transmit] -> request(70): 474554202573257320485454502f312e310d0a486f73743a203132372e302e302e313a383038380d0a52616e67653a206279 ...
[2016-11-20 22:44:54,162] [INFO] [base._test_info] -> Current test: 142
[2016-11-20 22:44:54,162] [INFO] [server.transmit] -> request(3138): 4745542025257325257325257325257325257325257325257325257325257325257325257325257325257325257325257325 ...
[2016-11-20 22:44:55,091] [INFO] [base._test_info] -> Current test: 143
[2016-11-20 22:44:55,092] [INFO] [server.transmit] -> request(450): 4745542025257325257325257325257325257325257325257325257325257325257325257325257325257325257325257325 ...
[2016-11-20 22:44:56,030] [INFO] [base._test_info] -> Current test: 144
[2016-11-20 22:44:56,030] [INFO] [server.transmit] -> request(114): 4745542025257325257325257325257325257325257325257325257325257325257325257325257325257325257325257325 ...
[2016-11-20 22:44:56,958] [INFO] [base._test_info] -> Current test: 145
[2016-11-20 22:44:56,959] [INFO] [server.transmit] -> request(72): 4745542025257325257320485454502f312e310d0a486f73743a203132372e302e302e313a383038380d0a52616e67653a20 ...
[2016-11-20 22:44:57,898] [INFO] [base._test_info] -> Current test: 146
[2016-11-20 22:44:57,899] [INFO] [server.transmit] -> request(4162): 4745542022257322222573222225732222257322222573222225732222257322222573222225732222257322222573222225 ...
[2016-11-20 22:44:58,828] [INFO] [base._test_info] -> Current test: 147
[2016-11-20 22:44:58,829] [INFO] [server.transmit] -> request(578): 4745542022257322222573222225732222257322222573222225732222257322222573222225732222257322222573222225 ...
[2016-11-20 22:44:59,767] [INFO] [base._test_info] -> Current test: 148
[2016-11-20 22:44:59,767] [INFO] [server.transmit] -> request(130): 4745542022257322222573222225732222257322222573222225732222257322222573222225732222257322222573222225 ...
[2016-11-20 22:45:00,701] [INFO] [base._test_info] -> Current test: 149
[2016-11-20 22:45:00,701] [INFO] [server.transmit] -> request(74): 47455420222573222225732220485454502f312e310d0a486f73743a203132372e302e302e313a383038380d0a52616e6765 ...
[2016-11-20 22:45:01,628] [INFO] [base._test_info] -> Current test: 150
[2016-11-20 22:45:01,629] [INFO] [server.transmit] -> request(2114): 47455420256e256e256e256e256e256e256e256e256e256e256e256e256e256e256e256e256e256e256e256e256e256e256e ...
[2016-11-20 22:45:02,577] [INFO] [base._test_info] -> Current test: 151
[2016-11-20 22:45:02,578] [INFO] [server.transmit] -> request(322): 47455420256e256e256e256e256e256e256e256e256e256e256e256e256e256e256e256e256e256e256e256e256e256e256e ...
[2016-11-20 22:45:03,504] [INFO] [base._test_info] -> Current test: 152
[2016-11-20 22:45:03,504] [INFO] [server.transmit] -> request(98): 47455420256e256e256e256e256e256e256e256e256e256e256e256e256e256e256e256e20485454502f312e310d0a486f73 ...
[2016-11-20 22:45:04,442] [INFO] [base._test_info] -> Current test: 153
[2016-11-20 22:45:04,443] [INFO] [server.transmit] -> request(70): 47455420256e256e20485454502f312e310d0a486f73743a203132372e302e302e313a383038380d0a52616e67653a206279 ...
[2016-11-20 22:45:05,376] [INFO] [base._test_info] -> Current test: 154
[2016-11-20 22:45:05,377] [INFO] [server.transmit] -> request(3138): 4745542025256e25256e25256e25256e25256e25256e25256e25256e25256e25256e25256e25256e25256e25256e25256e25 ...
[2016-11-20 22:45:06,299] [INFO] [base._test_info] -> Current test: 155
[2016-11-20 22:45:06,299] [INFO] [server.transmit] -> request(450): 4745542025256e25256e25256e25256e25256e25256e25256e25256e25256e25256e25256e25256e25256e25256e25256e25 ...
[2016-11-20 22:45:07,231] [INFO] [base._test_info] -> Current test: 156
[2016-11-20 22:45:07,231] [INFO] [server.transmit] -> request(114): 4745542025256e25256e25256e25256e25256e25256e25256e25256e25256e25256e25256e25256e25256e25256e25256e25 ...
[2016-11-20 22:45:08,171] [INFO] [base._test_info] -> Current test: 157
[2016-11-20 22:45:08,171] [INFO] [server.transmit] -> request(72): 4745542025256e25256e20485454502f312e310d0a486f73743a203132372e302e302e313a383038380d0a52616e67653a20 ...
[2016-11-20 22:45:09,098] [INFO] [base._test_info] -> Current test: 158
[2016-11-20 22:45:09,099] [INFO] [server.transmit] -> request(4162): 4745542022256e2222256e2222256e2222256e2222256e2222256e2222256e2222256e2222256e2222256e2222256e222225 ...
[2016-11-20 22:45:10,052] [INFO] [base._test_info] -> Current test: 159
[2016-11-20 22:45:10,052] [INFO] [server.transmit] -> request(578): 4745542022256e2222256e2222256e2222256e2222256e2222256e2222256e2222256e2222256e2222256e2222256e222225 ...
[2016-11-20 22:45:10,995] [INFO] [base._test_info] -> Current test: 160
[2016-11-20 22:45:10,996] [INFO] [server.transmit] -> request(130): 4745542022256e2222256e2222256e2222256e2222256e2222256e2222256e2222256e2222256e2222256e2222256e222225 ...
[2016-11-20 22:45:11,924] [INFO] [base._test_info] -> Current test: 161
[2016-11-20 22:45:11,924] [INFO] [server.transmit] -> request(74): 4745542022256e2222256e2220485454502f312e310d0a486f73743a203132372e302e302e313a383038380d0a52616e6765 ...
[2016-11-20 22:45:12,855] [INFO] [base._test_info] -> Current test: 162
[2016-11-20 22:45:12,856] [INFO] [server.transmit] -> request(80): 47455420252e31363730357525325c24686e20485454502f312e310d0a486f73743a203132372e302e302e313a383038380d ...
[2016-11-20 22:45:13,781] [INFO] [base._test_info] -> Current test: 163
[2016-11-20 22:45:13,782] [INFO] [server.transmit] -> request(2114): 474554200d0a0d0a0d0a0d0a0d0a0d0a0d0a0d0a0d0a0d0a0d0a0d0a0d0a0d0a0d0a0d0a0d0a0d0a0d0a0d0a0d0a0d0a0d0a ...
[2016-11-20 22:45:14,716] [INFO] [base._test_info] -> Current test: 164
[2016-11-20 22:45:14,717] [INFO] [server.transmit] -> request(322): 474554200d0a0d0a0d0a0d0a0d0a0d0a0d0a0d0a0d0a0d0a0d0a0d0a0d0a0d0a0d0a0d0a0d0a0d0a0d0a0d0a0d0a0d0a0d0a ...
[2016-11-20 22:45:15,640] [INFO] [base._test_info] -> Current test: 165
[2016-11-20 22:45:15,641] [INFO] [server.transmit] -> request(98): 474554200d0a0d0a0d0a0d0a0d0a0d0a0d0a0d0a0d0a0d0a0d0a0d0a0d0a0d0a0d0a0d0a20485454502f312e310d0a486f73 ...
[2016-11-20 22:45:16,570] [INFO] [base._test_info] -> Current test: 166
[2016-11-20 22:45:16,570] [INFO] [server.transmit] -> request(70): 474554200d0a0d0a20485454502f312e310d0a486f73743a203132372e302e302e313a383038380d0a52616e67653a206279 ...
[2016-11-20 22:45:17,496] [INFO] [base._test_info] -> Current test: 167
[2016-11-20 22:45:17,497] [INFO] [server.transmit] -> request(1090): 474554200a0a0a0a0a0a0a0a0a0a0a0a0a0a0a0a0a0a0a0a0a0a0a0a0a0a0a0a0a0a0a0a0a0a0a0a0a0a0a0a0a0a0a0a0a0a ...
[2016-11-20 22:45:18,433] [INFO] [base._test_info] -> Current test: 168
[2016-11-20 22:45:18,433] [INFO] [server.transmit] -> request(194): 474554200a0a0a0a0a0a0a0a0a0a0a0a0a0a0a0a0a0a0a0a0a0a0a0a0a0a0a0a0a0a0a0a0a0a0a0a0a0a0a0a0a0a0a0a0a0a ...
[2016-11-20 22:45:19,371] [INFO] [base._test_info] -> Current test: 169
[2016-11-20 22:45:19,372] [INFO] [server.transmit] -> request(82): 474554200a0a0a0a0a0a0a0a0a0a0a0a0a0a0a0a20485454502f312e310d0a486f73743a203132372e302e302e313a383038 ...
[2016-11-20 22:45:20,296] [ERROR] [server._start] -> Error occurred while fuzzing: AttributeError("'WebInterface' object has no attribute '_server'",)
[2016-11-20 22:45:20,347] [ERROR] [server._start] -> Traceback (most recent call last):
  File "/usr/local/lib/python2.7/dist-packages/kitty/fuzzers/server.py", line 43, in _start
    self._run_sequence(sequence)
  File "/usr/local/lib/python2.7/dist-packages/kitty/fuzzers/server.py", line 64, in _run_sequence
    self._pre_test()
  File "/usr/local/lib/python2.7/dist-packages/kitty/fuzzers/base.py", line 332, in _pre_test
    self.target.pre_test(self.model.current_index())
  File "/usr/local/lib/python2.7/dist-packages/katnip/targets/tcp.py", line 49, in pre_test
    super(TcpTarget, self).pre_test(test_num)
  File "/usr/local/lib/python2.7/dist-packages/kitty/targets/server.py", line 62, in pre_test
    super(ServerTarget, self).pre_test(test_num)
  File "/usr/local/lib/python2.7/dist-packages/kitty/targets/base.py", line 81, in pre_test
    self.controller.pre_test(test_number=self.test_number)
  File "./fuzzy.py", line 102, in pre_test
    self._process = Popen(self._server_start_cmd, stdout=PIPE, stderr=PIPE)
  File "/usr/lib/python2.7/subprocess.py", line 710, in __init__
    errread, errwrite)
  File "/usr/lib/python2.7/subprocess.py", line 1316, in _execute_child
    data = _eintr_retry_call(os.read, errpipe_read, 1048576)
  File "/usr/lib/python2.7/subprocess.py", line 476, in _eintr_retry_call
    return func(*args)
  File "/usr/local/lib/python2.7/dist-packages/kitty/fuzzers/base.py", line 504, in _exit_now
    self.stop()
  File "/usr/local/lib/python2.7/dist-packages/kitty/fuzzers/base.py", line 440, in stop
    self.user_interface.stop()
  File "/usr/local/lib/python2.7/dist-packages/kitty/interfaces/base.py", line 101, in stop
    self._stop()
  File "/usr/local/lib/python2.7/dist-packages/kitty/interfaces/web.py", line 297, in _stop
    self._server.shutdown()
AttributeError: 'WebInterface' object has no attribute '_server'

[2016-11-20 22:45:20,347] [INFO] [base._end_message] -> 
                         --------------------------------------------------
                         Finished fuzzing session
                         Target: TcpTarget

                         Tested 171 mutations
                         Mutation range: 0 to 170
                         Failure count: 0
                         --------------------------------------------------
            
