[2016-10-18 13:09:39,634] [INFO] [base._load_session] -> No session loaded
[2016-10-18 13:09:39,635] [INFO] [graph.hash] -> hash of template HTTP_GET_V3 is -6596374078732469767
[2016-10-18 13:09:39,635] [INFO] [graph.hash] -> hash of model is -148721428975338955
[2016-10-18 13:09:39,636] [INFO] [base._start_message] -> 
                 --------------------------------------------------
                 Starting fuzzing session
                 Target: TcpTarget
                 UI: WebInterface listening on 0.0.0.0:26000
                 Log: ./kittylogs/kitty_20161018-130939.log

                 Total possible mutation count: 390
                 Fuzzing the mutation range: 0 to 389
                 --------------------------------------------------
                                 Happy hacking
                 --------------------------------------------------
            
[2016-10-18 13:09:39,637] [INFO] [base.start] -> Performing environment test
[2016-10-18 13:09:39,640] [INFO] [base._test_info] -> Current test: -1
[2016-10-18 13:09:39,641] [INFO] [server.transmit] -> request(28): 474554202f696e6465782e68746d6c20485454502f312e310d0a0d0a
[2016-10-18 13:09:40,143] [INFO] [server._start] -> should keep running? True
[2016-10-18 13:09:40,148] [INFO] [base._test_info] -> Current test: 0
[2016-10-18 13:09:40,148] [INFO] [server.transmit] -> request(31): 474554474554202f696e6465782e68746d6c20485454502f312e310d0a0d0a
[2016-10-18 13:09:40,653] [INFO] [base._test_info] -> Current test: 1
[2016-10-18 13:09:40,654] [INFO] [server.transmit] -> request(55): 474554474554474554474554474554474554474554474554474554474554202f696e6465782e68746d6c20485454502f312e ...
[2016-10-18 13:09:41,163] [INFO] [base._test_info] -> Current test: 2
[2016-10-18 13:09:41,164] [INFO] [server.transmit] -> request(325): 4745544745544745544745544745544745544745544745544745544745544745544745544745544745544745544745544745 ...
[2016-10-18 13:09:41,672] [INFO] [base._test_info] -> Current test: 3
[2016-10-18 13:09:41,672] [INFO] [server.transmit] -> request(29): 474554fe202f696e6465782e68746d6c20485454502f312e310d0a0d0a
[2016-10-18 13:09:42,179] [INFO] [base._test_info] -> Current test: 4
[2016-10-18 13:09:42,180] [INFO] [server.transmit] -> request(29): 00474554202f696e6465782e68746d6c20485454502f312e310d0a0d0a
[2016-10-18 13:09:42,689] [INFO] [base._test_info] -> Current test: 5
[2016-10-18 13:09:42,690] [INFO] [server.transmit] -> request(29): 47004554202f696e6465782e68746d6c20485454502f312e310d0a0d0a
[2016-10-18 13:09:43,205] [INFO] [base._test_info] -> Current test: 6
[2016-10-18 13:09:43,206] [INFO] [server.transmit] -> request(29): 47455400202f696e6465782e68746d6c20485454502f312e310d0a0d0a
[2016-10-18 13:09:43,715] [INFO] [base._test_info] -> Current test: 7
[2016-10-18 13:09:43,715] [INFO] [server.transmit] -> request(25): 202f696e6465782e68746d6c20485454502f312e310d0a0d0a
[2016-10-18 13:09:44,222] [INFO] [base._test_info] -> Current test: 8
[2016-10-18 13:09:44,222] [INFO] [server.transmit] -> request(2073): 2573257325732573257325732573257325732573257325732573257325732573257325732573257325732573257325732573 ...
[2016-10-18 13:09:44,729] [INFO] [base._test_info] -> Current test: 9
[2016-10-18 13:09:44,729] [INFO] [server.transmit] -> request(281): 2573257325732573257325732573257325732573257325732573257325732573257325732573257325732573257325732573 ...
[2016-10-18 13:09:45,235] [INFO] [base._test_info] -> Current test: 10
[2016-10-18 13:09:45,236] [INFO] [server.transmit] -> request(57): 2573257325732573257325732573257325732573257325732573257325732573202f696e6465782e68746d6c20485454502f ...
[2016-10-18 13:09:45,741] [INFO] [base._test_info] -> Current test: 11
[2016-10-18 13:09:45,741] [INFO] [server.transmit] -> request(29): 25732573202f696e6465782e68746d6c20485454502f312e310d0a0d0a
[2016-10-18 13:09:46,255] [INFO] [base._test_info] -> Current test: 12
[2016-10-18 13:09:46,256] [INFO] [server.transmit] -> request(3097): 2525732525732525732525732525732525732525732525732525732525732525732525732525732525732525732525732525 ...
[2016-10-18 13:09:46,766] [INFO] [base._test_info] -> Current test: 13
[2016-10-18 13:09:46,767] [INFO] [server.transmit] -> request(409): 2525732525732525732525732525732525732525732525732525732525732525732525732525732525732525732525732525 ...
[2016-10-18 13:09:47,277] [INFO] [base._test_info] -> Current test: 14
[2016-10-18 13:09:47,278] [INFO] [server.transmit] -> request(73): 252573252573252573252573252573252573252573252573252573252573252573252573252573252573252573252573202f ...
[2016-10-18 13:09:47,788] [INFO] [base._test_info] -> Current test: 15
[2016-10-18 13:09:47,788] [INFO] [server.transmit] -> request(31): 252573252573202f696e6465782e68746d6c20485454502f312e310d0a0d0a
[2016-10-18 13:09:48,297] [INFO] [base._test_info] -> Current test: 16
[2016-10-18 13:09:48,298] [INFO] [server.transmit] -> request(4121): 2225732222257322222573222225732222257322222573222225732222257322222573222225732222257322222573222225 ...
[2016-10-18 13:09:48,803] [INFO] [base._test_info] -> Current test: 17
[2016-10-18 13:09:48,803] [INFO] [server.transmit] -> request(537): 2225732222257322222573222225732222257322222573222225732222257322222573222225732222257322222573222225 ...
[2016-10-18 13:09:49,309] [INFO] [base._test_info] -> Current test: 18
[2016-10-18 13:09:49,310] [INFO] [server.transmit] -> request(89): 2225732222257322222573222225732222257322222573222225732222257322222573222225732222257322222573222225 ...
[2016-10-18 13:09:49,825] [INFO] [base._test_info] -> Current test: 19
[2016-10-18 13:09:49,827] [INFO] [server.transmit] -> request(33): 2225732222257322202f696e6465782e68746d6c20485454502f312e310d0a0d0a
[2016-10-18 13:09:50,337] [INFO] [base._test_info] -> Current test: 20
[2016-10-18 13:09:50,338] [INFO] [server.transmit] -> request(2073): 256e256e256e256e256e256e256e256e256e256e256e256e256e256e256e256e256e256e256e256e256e256e256e256e256e ...
[2016-10-18 13:09:50,843] [INFO] [base._test_info] -> Current test: 21
[2016-10-18 13:09:50,843] [INFO] [server.transmit] -> request(281): 256e256e256e256e256e256e256e256e256e256e256e256e256e256e256e256e256e256e256e256e256e256e256e256e256e ...
[2016-10-18 13:09:51,357] [INFO] [base._test_info] -> Current test: 22
[2016-10-18 13:09:51,358] [INFO] [server.transmit] -> request(57): 256e256e256e256e256e256e256e256e256e256e256e256e256e256e256e256e202f696e6465782e68746d6c20485454502f ...
[2016-10-18 13:09:51,871] [INFO] [base._test_info] -> Current test: 23
[2016-10-18 13:09:51,872] [INFO] [server.transmit] -> request(29): 256e256e202f696e6465782e68746d6c20485454502f312e310d0a0d0a
[2016-10-18 13:09:52,389] [INFO] [base._test_info] -> Current test: 24
[2016-10-18 13:09:52,390] [INFO] [server.transmit] -> request(3097): 25256e25256e25256e25256e25256e25256e25256e25256e25256e25256e25256e25256e25256e25256e25256e25256e2525 ...
[2016-10-18 13:09:52,899] [INFO] [base._test_info] -> Current test: 25
[2016-10-18 13:09:52,900] [INFO] [server.transmit] -> request(409): 25256e25256e25256e25256e25256e25256e25256e25256e25256e25256e25256e25256e25256e25256e25256e25256e2525 ...
[2016-10-18 13:09:53,409] [INFO] [base._test_info] -> Current test: 26
[2016-10-18 13:09:53,409] [INFO] [server.transmit] -> request(73): 25256e25256e25256e25256e25256e25256e25256e25256e25256e25256e25256e25256e25256e25256e25256e25256e202f ...
[2016-10-18 13:09:53,914] [INFO] [base._test_info] -> Current test: 27
[2016-10-18 13:09:53,915] [INFO] [server.transmit] -> request(31): 25256e25256e202f696e6465782e68746d6c20485454502f312e310d0a0d0a
[2016-10-18 13:09:54,421] [INFO] [base._test_info] -> Current test: 28
[2016-10-18 13:09:54,421] [INFO] [server.transmit] -> request(4121): 22256e2222256e2222256e2222256e2222256e2222256e2222256e2222256e2222256e2222256e2222256e2222256e222225 ...
[2016-10-18 13:09:54,928] [INFO] [base._test_info] -> Current test: 29
[2016-10-18 13:09:54,929] [INFO] [server.transmit] -> request(537): 22256e2222256e2222256e2222256e2222256e2222256e2222256e2222256e2222256e2222256e2222256e2222256e222225 ...
[2016-10-18 13:09:55,436] [INFO] [base._test_info] -> Current test: 30
[2016-10-18 13:09:55,436] [INFO] [server.transmit] -> request(89): 22256e2222256e2222256e2222256e2222256e2222256e2222256e2222256e2222256e2222256e2222256e2222256e222225 ...
[2016-10-18 13:09:55,952] [INFO] [base._test_info] -> Current test: 31
[2016-10-18 13:09:55,954] [INFO] [server.transmit] -> request(33): 22256e2222256e22202f696e6465782e68746d6c20485454502f312e310d0a0d0a
[2016-10-18 13:09:56,470] [INFO] [base._test_info] -> Current test: 32
[2016-10-18 13:09:56,472] [INFO] [server.transmit] -> request(39): 252e31363730357525325c24686e202f696e6465782e68746d6c20485454502f312e310d0a0d0a
[2016-10-18 13:09:56,981] [INFO] [base._test_info] -> Current test: 33
[2016-10-18 13:09:56,982] [INFO] [server.transmit] -> request(2073): 0d0a0d0a0d0a0d0a0d0a0d0a0d0a0d0a0d0a0d0a0d0a0d0a0d0a0d0a0d0a0d0a0d0a0d0a0d0a0d0a0d0a0d0a0d0a0d0a0d0a ...
[2016-10-18 13:09:57,488] [INFO] [base._test_info] -> Current test: 34
[2016-10-18 13:09:57,488] [INFO] [server.transmit] -> request(281): 0d0a0d0a0d0a0d0a0d0a0d0a0d0a0d0a0d0a0d0a0d0a0d0a0d0a0d0a0d0a0d0a0d0a0d0a0d0a0d0a0d0a0d0a0d0a0d0a0d0a ...
[2016-10-18 13:09:57,994] [INFO] [base._test_info] -> Current test: 35
[2016-10-18 13:09:57,994] [INFO] [server.transmit] -> request(57): 0d0a0d0a0d0a0d0a0d0a0d0a0d0a0d0a0d0a0d0a0d0a0d0a0d0a0d0a0d0a0d0a202f696e6465782e68746d6c20485454502f ...
[2016-10-18 13:09:58,499] [INFO] [base._test_info] -> Current test: 36
[2016-10-18 13:09:58,500] [INFO] [server.transmit] -> request(29): 0d0a0d0a202f696e6465782e68746d6c20485454502f312e310d0a0d0a
[2016-10-18 13:09:59,005] [INFO] [base._test_info] -> Current test: 37
[2016-10-18 13:09:59,005] [INFO] [server.transmit] -> request(1049): 0a0a0a0a0a0a0a0a0a0a0a0a0a0a0a0a0a0a0a0a0a0a0a0a0a0a0a0a0a0a0a0a0a0a0a0a0a0a0a0a0a0a0a0a0a0a0a0a0a0a ...
[2016-10-18 13:09:59,517] [INFO] [base._test_info] -> Current test: 38
[2016-10-18 13:09:59,519] [INFO] [server.transmit] -> request(153): 0a0a0a0a0a0a0a0a0a0a0a0a0a0a0a0a0a0a0a0a0a0a0a0a0a0a0a0a0a0a0a0a0a0a0a0a0a0a0a0a0a0a0a0a0a0a0a0a0a0a ...
[2016-10-18 13:10:00,036] [INFO] [base._test_info] -> Current test: 39
[2016-10-18 13:10:00,038] [INFO] [server.transmit] -> request(41): 0a0a0a0a0a0a0a0a0a0a0a0a0a0a0a0a202f696e6465782e68746d6c20485454502f312e310d0a0d0a
[2016-10-18 13:10:00,554] [INFO] [base._test_info] -> Current test: 40
[2016-10-18 13:10:00,555] [INFO] [server.transmit] -> request(27): 0a0a202f696e6465782e68746d6c20485454502f312e310d0a0d0a
[2016-10-18 13:10:01,073] [INFO] [base._test_info] -> Current test: 41
[2016-10-18 13:10:01,074] [INFO] [server.transmit] -> request(4121): deadbeefdeadbeefdeadbeefdeadbeefdeadbeefdeadbeefdeadbeefdeadbeefdeadbeefdeadbeefdeadbeefdeadbeefdead ...
[2016-10-18 13:10:01,584] [INFO] [base._test_info] -> Current test: 42
[2016-10-18 13:10:01,584] [INFO] [server.transmit] -> request(537): deadbeefdeadbeefdeadbeefdeadbeefdeadbeefdeadbeefdeadbeefdeadbeefdeadbeefdeadbeefdeadbeefdeadbeefdead ...
[2016-10-18 13:10:02,089] [INFO] [base._test_info] -> Current test: 43
[2016-10-18 13:10:02,089] [INFO] [server.transmit] -> request(89): deadbeefdeadbeefdeadbeefdeadbeefdeadbeefdeadbeefdeadbeefdeadbeefdeadbeefdeadbeefdeadbeefdeadbeefdead ...
[2016-10-18 13:10:02,606] [INFO] [base._test_info] -> Current test: 44
[2016-10-18 13:10:02,607] [INFO] [server.transmit] -> request(33): deadbeefdeadbeef202f696e6465782e68746d6c20485454502f312e310d0a0d0a
[2016-10-18 13:10:03,117] [INFO] [base._test_info] -> Current test: 45
[2016-10-18 13:10:03,118] [INFO] [server.transmit] -> request(42): 7c746f756368202f746d702f4b49545459202f696e6465782e68746d6c20485454502f312e310d0a0d0a
[2016-10-18 13:10:03,624] [INFO] [base._test_info] -> Current test: 46
[2016-10-18 13:10:03,624] [INFO] [server.transmit] -> request(43): 3b746f756368202f746d702f4b495454593b202f696e6465782e68746d6c20485454502f312e310d0a0d0a
[2016-10-18 13:10:04,133] [INFO] [base._test_info] -> Current test: 47
[2016-10-18 13:10:04,134] [INFO] [server.transmit] -> request(39): 3b6c733e2f746d702f4b49545459202f696e6465782e68746d6c20485454502f312e310d0a0d0a
[2016-10-18 13:10:04,641] [INFO] [base._test_info] -> Current test: 48
[2016-10-18 13:10:04,641] [INFO] [server.transmit] -> request(54): 223b6c733e2f746d702f4b495454593b6c733e2f6465762f6e756c6c22202f696e6465782e68746d6c20485454502f312e31 ...
[2016-10-18 13:10:05,151] [INFO] [base._test_info] -> Current test: 49
[2016-10-18 13:10:05,152] [INFO] [server.transmit] -> request(55): 273b6c733e2f746d702f4b495454593b6c733e272f6465762f6e756c6c27202f696e6465782e68746d6c20485454502f312e ...
[2016-10-18 13:10:05,660] [INFO] [base._test_info] -> Current test: 50
[2016-10-18 13:10:05,660] [INFO] [server.transmit] -> request(40): 606c733e2f746d702f4b4954545960202f696e6465782e68746d6c20485454502f312e310d0a0d0a
[2016-10-18 13:10:06,177] [INFO] [base._test_info] -> Current test: 51
[2016-10-18 13:10:06,178] [INFO] [server.transmit] -> request(41): 20606c733e2f746d702f4b4954545960202f696e6465782e68746d6c20485454502f312e310d0a0d0a
[2016-10-18 13:10:06,694] [INFO] [base._test_info] -> Current test: 52
[2016-10-18 13:10:06,695] [INFO] [server.transmit] -> request(33): 7c6e6f7465706164202f696e6465782e68746d6c20485454502f312e310d0a0d0a
[2016-10-18 13:10:07,209] [INFO] [base._test_info] -> Current test: 53
[2016-10-18 13:10:07,209] [INFO] [server.transmit] -> request(34): 3b6e6f74657061643b202f696e6465782e68746d6c20485454502f312e310d0a0d0a
[2016-10-18 13:10:07,717] [INFO] [base._test_info] -> Current test: 54
[2016-10-18 13:10:07,717] [INFO] [server.transmit] -> request(34): 0a6e6f74657061640a202f696e6465782e68746d6c20485454502f312e310d0a0d0a
[2016-10-18 13:10:08,224] [INFO] [base._test_info] -> Current test: 55
[2016-10-18 13:10:08,225] [INFO] [server.transmit] -> request(36): 27206f7220313d31202d2d202f696e6465782e68746d6c20485454502f312e310d0a0d0a
[2016-10-18 13:10:08,732] [INFO] [base._test_info] -> Current test: 56
[2016-10-18 13:10:08,733] [INFO] [server.transmit] -> request(42): 273b20646573632075736572733b202d2d202f696e6465782e68746d6c20485454502f312e310d0a0d0a
[2016-10-18 13:10:09,241] [INFO] [base._test_info] -> Current test: 57
[2016-10-18 13:10:09,241] [INFO] [server.transmit] -> request(66): 27206f7220757365726e616d65206973206e6f74204e554c4c206f7220757365726e616d65203d2027202f696e6465782e68 ...
[2016-10-18 13:10:09,752] [INFO] [base._test_info] -> Current test: 58
[2016-10-18 13:10:09,752] [INFO] [server.transmit] -> request(97): 3120756e696f6e20616c6c2073656c65637420312c322c332c342c352c362c6e616d652066726f6d207379736f626a656374 ...
[2016-10-18 13:10:10,269] [INFO] [base._test_info] -> Current test: 59
[2016-10-18 13:10:10,271] [INFO] [server.transmit] -> request(36): 60206f72206031603d6031202f696e6465782e68746d6c20485454502f312e310d0a0d0a
[2016-10-18 13:10:10,781] [INFO] [base._test_info] -> Current test: 60
[2016-10-18 13:10:10,781] [INFO] [server.transmit] -> request(36): 27206f72202731273d2731202f696e6465782e68746d6c20485454502f312e310d0a0d0a
[2016-10-18 13:10:11,291] [INFO] [base._test_info] -> Current test: 61
[2016-10-18 13:10:11,291] [INFO] [server.transmit] -> request(27): 4141202f696e6465782e68746d6c20485454502f312e310d0a0d0a
[2016-10-18 13:10:11,802] [INFO] [base._test_info] -> Current test: 62
[2016-10-18 13:10:11,804] [INFO] [server.transmit] -> request(35): 41414141414141414141202f696e6465782e68746d6c20485454502f312e310d0a0d0a
[2016-10-18 13:10:12,312] [INFO] [base._test_info] -> Current test: 63
[2016-10-18 13:10:12,313] [INFO] [server.transmit] -> request(125): 4141414141414141414141414141414141414141414141414141414141414141414141414141414141414141414141414141 ...
[2016-10-18 13:10:12,821] [INFO] [base._test_info] -> Current test: 64
[2016-10-18 13:10:12,821] [INFO] [server.transmit] -> request(1025): 4141414141414141414141414141414141414141414141414141414141414141414141414141414141414141414141414141 ...
[2016-10-18 13:10:13,331] [INFO] [base._test_info] -> Current test: 65
[2016-10-18 13:10:13,331] [INFO] [server.transmit] -> request(5025): 4141414141414141414141414141414141414141414141414141414141414141414141414141414141414141414141414141 ...
[2016-10-18 13:10:13,845] [INFO] [base._test_info] -> Current test: 66
[2016-10-18 13:10:13,847] [INFO] [server.transmit] -> request(10025): 4141414141414141414141414141414141414141414141414141414141414141414141414141414141414141414141414141 ...
[2016-10-18 13:10:14,360] [INFO] [base._test_info] -> Current test: 67
[2016-10-18 13:10:14,360] [INFO] [server.transmit] -> request(36): 2f6574632f706173737764202f696e6465782e68746d6c20485454502f312e310d0a0d0a
[2016-10-18 13:10:14,865] [INFO] [base._test_info] -> Current test: 68
[2016-10-18 13:10:14,866] [INFO] [server.transmit] -> request(79): 2e2f2e2e2f2e2e2f2e2e2f2e2e2f2e2e2f2e2e2f2e2e2f2e2e2f2e2e2f2e2e2f2e2e2f2e2e2f2e2e2f2e2e2f6574632f7061 ...
[2016-10-18 13:10:15,374] [INFO] [base._test_info] -> Current test: 69
[2016-10-18 13:10:15,375] [INFO] [server.transmit] -> request(77): 2e2e2f2e2e2f2e2e2f2e2e2f2e2e2f2e2e2f2e2e2f2e2e2f2e2e2f2e2e2f2e2e2f2e2e2f2e2e2f2e2e2f6574632f70617373 ...
[2016-10-18 13:10:15,884] [INFO] [base._test_info] -> Current test: 70
[2016-10-18 13:10:15,885] [INFO] [server.transmit] -> request(38): 2f70726f632f637075696e666f202f696e6465782e68746d6c20485454502f312e310d0a0d0a
[2016-10-18 13:10:16,391] [INFO] [base._test_info] -> Current test: 71
[2016-10-18 13:10:16,392] [INFO] [server.transmit] -> request(81): 2e2f2e2e2f2e2e2f2e2e2f2e2e2f2e2e2f2e2e2f2e2e2f2e2e2f2e2e2f2e2e2f2e2e2f2e2e2f2e2e2f2e2e2f70726f632f63 ...
[2016-10-18 13:10:16,901] [INFO] [base._test_info] -> Current test: 72
[2016-10-18 13:10:16,902] [INFO] [server.transmit] -> request(79): 2e2e2f2e2e2f2e2e2f2e2e2f2e2e2f2e2e2f2e2e2f2e2e2f2e2e2f2e2e2f2e2e2f2e2e2f2e2e2f2e2e2f70726f632f637075 ...
[2016-10-18 13:10:17,408] [INFO] [base._test_info] -> Current test: 73
[2016-10-18 13:10:17,408] [INFO] [server.transmit] -> request(35): 7e2f2e70726f66696c65202f696e6465782e68746d6c20485454502f312e310d0a0d0a
[2016-10-18 13:10:17,916] [INFO] [base._test_info] -> Current test: 74
[2016-10-18 13:10:17,916] [INFO] [server.transmit] -> request(39): 24484f4d452f2e70726f66696c65202f696e6465782e68746d6c20485454502f312e310d0a0d0a
[2016-10-18 13:10:18,422] [INFO] [base._test_info] -> Current test: 75
[2016-10-18 13:10:18,423] [INFO] [server.transmit] -> request(70): 2f2e2e2f2e2e2f2e2e2f2e2e2f2e2e2f2e2e2f2e2e2f2e2e2f2e2e2f2e2e2f2e2e2f2e2e2f626f6f742e696e69202f696e64 ...
[2016-10-18 13:10:18,933] [INFO] [base._test_info] -> Current test: 76
[2016-10-18 13:10:18,933] [INFO] [server.transmit] -> request(1049): 2f5c2f5c2f5c2f5c2f5c2f5c2f5c2f5c2f5c2f5c2f5c2f5c2f5c2f5c2f5c2f5c2f5c2f5c2f5c2f5c2f5c2f5c2f5c2f5c2f5c ...
[2016-10-18 13:10:19,446] [INFO] [base._test_info] -> Current test: 77
[2016-10-18 13:10:19,447] [INFO] [server.transmit] -> request(153): 2f5c2f5c2f5c2f5c2f5c2f5c2f5c2f5c2f5c2f5c2f5c2f5c2f5c2f5c2f5c2f5c2f5c2f5c2f5c2f5c2f5c2f5c2f5c2f5c2f5c ...
[2016-10-18 13:10:19,962] [INFO] [base._test_info] -> Current test: 78
[2016-10-18 13:10:19,962] [INFO] [server.transmit] -> request(41): 2f5c2f5c2f5c2f5c2f5c2f5c2f5c2f5c202f696e6465782e68746d6c20485454502f312e310d0a0d0a
[2016-10-18 13:10:20,484] [INFO] [base._test_info] -> Current test: 79
[2016-10-18 13:10:20,485] [INFO] [server.transmit] -> request(1049): 2f2e2f2e2f2e2f2e2f2e2f2e2f2e2f2e2f2e2f2e2f2e2f2e2f2e2f2e2f2e2f2e2f2e2f2e2f2e2f2e2f2e2f2e2f2e2f2e2f2e ...
[2016-10-18 13:10:20,992] [INFO] [base._test_info] -> Current test: 80
[2016-10-18 13:10:20,993] [INFO] [server.transmit] -> request(153): 2f2e2f2e2f2e2f2e2f2e2f2e2f2e2f2e2f2e2f2e2f2e2f2e2f2e2f2e2f2e2f2e2f2e2f2e2f2e2f2e2f2e2f2e2f2e2f2e2f2e ...
[2016-10-18 13:10:21,500] [INFO] [base._test_info] -> Current test: 81
[2016-10-18 13:10:21,501] [INFO] [server.transmit] -> request(41): 2f2e2f2e2f2e2f2e2f2e2f2e2f2e2f2e202f696e6465782e68746d6c20485454502f312e310d0a0d0a
[2016-10-18 13:10:22,009] [INFO] [base._test_info] -> Current test: 82
[2016-10-18 13:10:22,010] [INFO] [server.transmit] -> request(54): 2140232425255e2324252324402324252424402324255e5e2a2a282829202f696e6465782e68746d6c20485454502f312e31 ...
[2016-10-18 13:10:22,542] [INFO] [base._test_info] -> Current test: 83
[2016-10-18 13:10:22,542] [INFO] [server.transmit] -> request(50): 25303125303225303325303425306125306425306141445346202f696e6465782e68746d6c20485454502f312e310d0a0d0a ...
[2016-10-18 13:10:23,049] [INFO] [base._test_info] -> Current test: 84
[2016-10-18 13:10:23,049] [INFO] [server.transmit] -> request(51): 2530312530322530334025303425306125306425306141445346202f696e6465782e68746d6c20485454502f312e310d0a0d ...
[2016-10-18 13:10:23,555] [INFO] [base._test_info] -> Current test: 85
[2016-10-18 13:10:23,555] [INFO] [server.transmit] -> request(30): 2f2530302f202f696e6465782e68746d6c20485454502f312e310d0a0d0a
[2016-10-18 13:10:24,067] [INFO] [base._test_info] -> Current test: 86
[2016-10-18 13:10:24,068] [INFO] [server.transmit] -> request(29): 2530302f202f696e6465782e68746d6c20485454502f312e310d0a0d0a
[2016-10-18 13:10:24,577] [INFO] [base._test_info] -> Current test: 87
[2016-10-18 13:10:24,577] [INFO] [server.transmit] -> request(28): 253030202f696e6465782e68746d6c20485454502f312e310d0a0d0a
[2016-10-18 13:10:25,082] [INFO] [base._test_info] -> Current test: 88
[2016-10-18 13:10:25,083] [INFO] [server.transmit] -> request(31): 257530303030202f696e6465782e68746d6c20485454502f312e310d0a0d0a
[2016-10-18 13:10:25,590] [INFO] [base._test_info] -> Current test: 89
[2016-10-18 13:10:25,590] [INFO] [server.transmit] -> request(217): 25fef02501ff25fef02501ff25fef02501ff25fef02501ff25fef02501ff25fef02501ff25fef02501ff25fef02501ff25fe ...
[2016-10-18 13:10:26,105] [INFO] [base._test_info] -> Current test: 90
[2016-10-18 13:10:26,106] [INFO] [server.transmit] -> request(49): 25fef02501ff25fef02501ff25fef02501ff25fef02501ff202f696e6465782e68746d6c20485454502f312e310d0a0d0a
[2016-10-18 13:10:26,617] [INFO] [base._test_info] -> Current test: 91
[2016-10-18 13:10:26,617] [INFO] [server.transmit] -> request(29): 47455420202f696e6465782e68746d6c20485454502f312e310d0a0d0a
[2016-10-18 13:10:27,132] [INFO] [base._test_info] -> Current test: 92
[2016-10-18 13:10:27,133] [INFO] [server.transmit] -> request(37): 474554202020202020202020202f696e6465782e68746d6c20485454502f312e310d0a0d0a
[2016-10-18 13:10:27,648] [INFO] [base._test_info] -> Current test: 93
[2016-10-18 13:10:27,648] [INFO] [server.transmit] -> request(127): 4745542020202020202020202020202020202020202020202020202020202020202020202020202020202020202020202020 ...
[2016-10-18 13:10:28,181] [INFO] [base._test_info] -> Current test: 94
[2016-10-18 13:10:28,181] [INFO] [server.transmit] -> request(29): 47455420fe2f696e6465782e68746d6c20485454502f312e310d0a0d0a
[2016-10-18 13:10:28,695] [INFO] [base._test_info] -> Current test: 97
[2016-10-18 13:10:28,696] [INFO] [server.transmit] -> request(29): 47455420002f696e6465782e68746d6c20485454502f312e310d0a0d0a
[2016-10-18 13:10:29,211] [INFO] [base._test_info] -> Current test: 98
[2016-10-18 13:10:29,212] [INFO] [server.transmit] -> request(31): 474554202020202f696e6465782e68746d6c20485454502f312e310d0a0d0a
[2016-10-18 13:10:29,723] [INFO] [base._test_info] -> Current test: 99
[2016-10-18 13:10:29,723] [INFO] [server.transmit] -> request(31): 474554090909092f696e6465782e68746d6c20485454502f312e310d0a0d0a
[2016-10-18 13:10:30,234] [INFO] [base._test_info] -> Current test: 100
[2016-10-18 13:10:30,235] [INFO] [server.transmit] -> request(31): 474554212121212f696e6465782e68746d6c20485454502f312e310d0a0d0a
[2016-10-18 13:10:30,746] [INFO] [base._test_info] -> Current test: 101
[2016-10-18 13:10:30,747] [INFO] [server.transmit] -> request(31): 474554404040402f696e6465782e68746d6c20485454502f312e310d0a0d0a
[2016-10-18 13:10:31,256] [INFO] [base._test_info] -> Current test: 102
[2016-10-18 13:10:31,256] [INFO] [server.transmit] -> request(31): 474554232323232f696e6465782e68746d6c20485454502f312e310d0a0d0a
[2016-10-18 13:10:31,763] [INFO] [base._test_info] -> Current test: 103
[2016-10-18 13:10:31,763] [INFO] [server.transmit] -> request(31): 474554242424242f696e6465782e68746d6c20485454502f312e310d0a0d0a
[2016-10-18 13:10:32,272] [INFO] [base._test_info] -> Current test: 104
[2016-10-18 13:10:32,272] [INFO] [server.transmit] -> request(31): 474554252525252f696e6465782e68746d6c20485454502f312e310d0a0d0a
[2016-10-18 13:10:32,778] [INFO] [base._test_info] -> Current test: 105
[2016-10-18 13:10:32,779] [INFO] [server.transmit] -> request(31): 4745545e5e5e5e2f696e6465782e68746d6c20485454502f312e310d0a0d0a
[2016-10-18 13:10:33,287] [INFO] [base._test_info] -> Current test: 106
[2016-10-18 13:10:33,287] [INFO] [server.transmit] -> request(31): 474554262626262f696e6465782e68746d6c20485454502f312e310d0a0d0a
[2016-10-18 13:10:33,795] [INFO] [base._test_info] -> Current test: 107
[2016-10-18 13:10:33,795] [INFO] [server.transmit] -> request(31): 4745542a2a2a2a2f696e6465782e68746d6c20485454502f312e310d0a0d0a
[2016-10-18 13:10:34,301] [INFO] [base._test_info] -> Current test: 108
[2016-10-18 13:10:34,302] [INFO] [server.transmit] -> request(31): 474554282828282f696e6465782e68746d6c20485454502f312e310d0a0d0a
[2016-10-18 13:10:34,811] [INFO] [base._test_info] -> Current test: 109
[2016-10-18 13:10:34,811] [INFO] [server.transmit] -> request(31): 474554292929292f696e6465782e68746d6c20485454502f312e310d0a0d0a
[2016-10-18 13:10:35,317] [INFO] [base._test_info] -> Current test: 110
[2016-10-18 13:10:35,317] [INFO] [server.transmit] -> request(31): 4745542d2d2d2d2f696e6465782e68746d6c20485454502f312e310d0a0d0a
[2016-10-18 13:10:35,824] [INFO] [base._test_info] -> Current test: 111
[2016-10-18 13:10:35,824] [INFO] [server.transmit] -> request(31): 4745545f5f5f5f2f696e6465782e68746d6c20485454502f312e310d0a0d0a
[2016-10-18 13:10:36,330] [INFO] [base._test_info] -> Current test: 112
[2016-10-18 13:10:36,330] [INFO] [server.transmit] -> request(31): 4745542b2b2b2b2f696e6465782e68746d6c20485454502f312e310d0a0d0a
[2016-10-18 13:10:36,837] [INFO] [base._test_info] -> Current test: 113
[2016-10-18 13:10:36,837] [INFO] [server.transmit] -> request(31): 4745543d3d3d3d2f696e6465782e68746d6c20485454502f312e310d0a0d0a
[2016-10-18 13:10:37,342] [INFO] [base._test_info] -> Current test: 114
[2016-10-18 13:10:37,342] [INFO] [server.transmit] -> request(31): 4745543a3a3a3a2f696e6465782e68746d6c20485454502f312e310d0a0d0a
[2016-10-18 13:10:37,854] [INFO] [base._test_info] -> Current test: 115
[2016-10-18 13:10:37,855] [INFO] [server.transmit] -> request(31): 4745543b3b3b3b2f696e6465782e68746d6c20485454502f312e310d0a0d0a
[2016-10-18 13:10:38,364] [INFO] [base._test_info] -> Current test: 116
[2016-10-18 13:10:38,364] [INFO] [server.transmit] -> request(31): 474554272727272f696e6465782e68746d6c20485454502f312e310d0a0d0a
[2016-10-18 13:10:38,869] [INFO] [base._test_info] -> Current test: 117
[2016-10-18 13:10:38,870] [INFO] [server.transmit] -> request(31): 474554222222222f696e6465782e68746d6c20485454502f312e310d0a0d0a
[2016-10-18 13:10:39,386] [INFO] [base._test_info] -> Current test: 118
[2016-10-18 13:10:39,387] [INFO] [server.transmit] -> request(31): 4745542f2f2f2f2f696e6465782e68746d6c20485454502f312e310d0a0d0a
[2016-10-18 13:10:39,897] [INFO] [base._test_info] -> Current test: 119
[2016-10-18 13:10:39,898] [INFO] [server.transmit] -> request(31): 4745545c5c5c5c2f696e6465782e68746d6c20485454502f312e310d0a0d0a
[2016-10-18 13:10:40,409] [INFO] [base._test_info] -> Current test: 120
[2016-10-18 13:10:40,409] [INFO] [server.transmit] -> request(31): 4745543f3f3f3f2f696e6465782e68746d6c20485454502f312e310d0a0d0a
[2016-10-18 13:10:40,920] [INFO] [base._test_info] -> Current test: 121
[2016-10-18 13:10:40,920] [INFO] [server.transmit] -> request(31): 4745543c3c3c3c2f696e6465782e68746d6c20485454502f312e310d0a0d0a
[2016-10-18 13:10:41,429] [INFO] [base._test_info] -> Current test: 122
[2016-10-18 13:10:41,429] [INFO] [server.transmit] -> request(31): 4745543e3e3e3e2f696e6465782e68746d6c20485454502f312e310d0a0d0a
[2016-10-18 13:10:41,935] [INFO] [base._test_info] -> Current test: 123
[2016-10-18 13:10:41,935] [INFO] [server.transmit] -> request(31): 4745542e2e2e2e2f696e6465782e68746d6c20485454502f312e310d0a0d0a
[2016-10-18 13:10:42,447] [INFO] [base._test_info] -> Current test: 124
[2016-10-18 13:10:42,448] [INFO] [server.transmit] -> request(31): 4745542c2c2c2c2f696e6465782e68746d6c20485454502f312e310d0a0d0a
[2016-10-18 13:10:42,969] [INFO] [base._test_info] -> Current test: 125
[2016-10-18 13:10:42,971] [INFO] [server.transmit] -> request(31): 4745540d0d0d0d2f696e6465782e68746d6c20485454502f312e310d0a0d0a
[2016-10-18 13:10:43,481] [INFO] [base._test_info] -> Current test: 126
[2016-10-18 13:10:43,481] [INFO] [server.transmit] -> request(31): 4745540a0a0a0a2f696e6465782e68746d6c20485454502f312e310d0a0d0a
[2016-10-18 13:10:43,990] [INFO] [base._test_info] -> Current test: 127
[2016-10-18 13:10:43,991] [INFO] [server.transmit] -> request(43): 4745540d0a0d0a0d0a0d0a0d0a0d0a0d0a0d0a2f696e6465782e68746d6c20485454502f312e310d0a0d0a
[2016-10-18 13:10:44,497] [INFO] [base._test_info] -> Current test: 128
[2016-10-18 13:10:44,497] [INFO] [server.transmit] -> request(51): 474554090d0a090d0a090d0a090d0a090d0a090d0a090d0a090d0a2f696e6465782e68746d6c20485454502f312e310d0a0d ...
[2016-10-18 13:10:45,003] [INFO] [base._test_info] -> Current test: 129
[2016-10-18 13:10:45,004] [INFO] [server.transmit] -> request(27): 4745542f696e6465782e68746d6c20485454502f312e310d0a0d0a
[2016-10-18 13:10:45,509] [INFO] [base._test_info] -> Current test: 130
[2016-10-18 13:10:45,510] [INFO] [server.transmit] -> request(39): 474554202f696e6465782e68746d6c2f696e6465782e68746d6c20485454502f312e310d0a0d0a
[2016-10-18 13:10:46,017] [INFO] [base._test_info] -> Current test: 131
[2016-10-18 13:10:46,018] [INFO] [server.transmit] -> request(127): 474554202f696e6465782e68746d6c2f696e6465782e68746d6c2f696e6465782e68746d6c2f696e6465782e68746d6c2f69 ...
[2016-10-18 13:10:46,524] [INFO] [base._test_info] -> Current test: 132
[2016-10-18 13:10:46,524] [INFO] [server.transmit] -> request(1117): 474554202f696e6465782e68746d6c2f696e6465782e68746d6c2f696e6465782e68746d6c2f696e6465782e68746d6c2f69 ...
[2016-10-18 13:10:47,031] [INFO] [base._test_info] -> Current test: 133
[2016-10-18 13:10:47,032] [INFO] [server.transmit] -> request(29): 474554202f696e6465782e68746d6cfe20485454502f312e310d0a0d0a
[2016-10-18 13:10:47,542] [INFO] [base._test_info] -> Current test: 135
[2016-10-18 13:10:47,542] [INFO] [server.transmit] -> request(29): 474554202f696e646500782e68746d6c20485454502f312e310d0a0d0a
[2016-10-18 13:10:48,047] [INFO] [base._test_info] -> Current test: 136
[2016-10-18 13:10:48,048] [INFO] [server.transmit] -> request(29): 474554202f696e6465782e68746d6c0020485454502f312e310d0a0d0a
[2016-10-18 13:10:48,554] [INFO] [base._test_info] -> Current test: 137
[2016-10-18 13:10:48,554] [INFO] [server.transmit] -> request(17): 4745542020485454502f312e310d0a0d0a
[2016-10-18 13:10:49,061] [INFO] [base._test_info] -> Current test: 138
[2016-10-18 13:10:49,061] [INFO] [server.transmit] -> request(2065): 4745542025732573257325732573257325732573257325732573257325732573257325732573257325732573257325732573 ...
[2016-10-18 13:10:49,567] [INFO] [base._test_info] -> Current test: 139
[2016-10-18 13:10:49,567] [INFO] [server.transmit] -> request(273): 4745542025732573257325732573257325732573257325732573257325732573257325732573257325732573257325732573 ...
[2016-10-18 13:10:50,077] [INFO] [base._test_info] -> Current test: 140
[2016-10-18 13:10:50,077] [INFO] [server.transmit] -> request(49): 47455420257325732573257325732573257325732573257325732573257325732573257320485454502f312e310d0a0d0a
[2016-10-18 13:10:50,585] [INFO] [base._test_info] -> Current test: 141
[2016-10-18 13:10:50,586] [INFO] [server.transmit] -> request(21): 474554202573257320485454502f312e310d0a0d0a
[2016-10-18 13:10:51,091] [INFO] [base._test_info] -> Current test: 142
[2016-10-18 13:10:51,091] [INFO] [server.transmit] -> request(3089): 4745542025257325257325257325257325257325257325257325257325257325257325257325257325257325257325257325 ...
[2016-10-18 13:10:51,599] [INFO] [base._test_info] -> Current test: 143
[2016-10-18 13:10:51,600] [INFO] [server.transmit] -> request(401): 4745542025257325257325257325257325257325257325257325257325257325257325257325257325257325257325257325 ...
[2016-10-18 13:10:52,112] [INFO] [base._test_info] -> Current test: 144
[2016-10-18 13:10:52,113] [INFO] [server.transmit] -> request(65): 4745542025257325257325257325257325257325257325257325257325257325257325257325257325257325257325257325 ...
[2016-10-18 13:10:52,628] [INFO] [base._test_info] -> Current test: 145
[2016-10-18 13:10:52,629] [INFO] [server.transmit] -> request(23): 4745542025257325257320485454502f312e310d0a0d0a
[2016-10-18 13:10:53,135] [INFO] [base._test_info] -> Current test: 146
[2016-10-18 13:10:53,136] [INFO] [server.transmit] -> request(4113): 4745542022257322222573222225732222257322222573222225732222257322222573222225732222257322222573222225 ...
[2016-10-18 13:10:53,642] [INFO] [base._test_info] -> Current test: 147
[2016-10-18 13:10:53,642] [INFO] [server.transmit] -> request(529): 4745542022257322222573222225732222257322222573222225732222257322222573222225732222257322222573222225 ...
[2016-10-18 13:10:54,152] [INFO] [base._test_info] -> Current test: 148
[2016-10-18 13:10:54,152] [INFO] [server.transmit] -> request(81): 4745542022257322222573222225732222257322222573222225732222257322222573222225732222257322222573222225 ...
[2016-10-18 13:10:54,662] [INFO] [base._test_info] -> Current test: 149
[2016-10-18 13:10:54,662] [INFO] [server.transmit] -> request(25): 47455420222573222225732220485454502f312e310d0a0d0a
[2016-10-18 13:10:55,168] [INFO] [base._test_info] -> Current test: 150
[2016-10-18 13:10:55,168] [INFO] [server.transmit] -> request(2065): 47455420256e256e256e256e256e256e256e256e256e256e256e256e256e256e256e256e256e256e256e256e256e256e256e ...
[2016-10-18 13:10:55,675] [INFO] [base._test_info] -> Current test: 151
[2016-10-18 13:10:55,675] [INFO] [server.transmit] -> request(273): 47455420256e256e256e256e256e256e256e256e256e256e256e256e256e256e256e256e256e256e256e256e256e256e256e ...
[2016-10-18 13:10:56,185] [INFO] [base._test_info] -> Current test: 152
[2016-10-18 13:10:56,185] [INFO] [server.transmit] -> request(49): 47455420256e256e256e256e256e256e256e256e256e256e256e256e256e256e256e256e20485454502f312e310d0a0d0a
[2016-10-18 13:10:56,692] [INFO] [base._test_info] -> Current test: 153
[2016-10-18 13:10:56,692] [INFO] [server.transmit] -> request(21): 47455420256e256e20485454502f312e310d0a0d0a
[2016-10-18 13:10:57,204] [INFO] [base._test_info] -> Current test: 154
[2016-10-18 13:10:57,204] [INFO] [server.transmit] -> request(3089): 4745542025256e25256e25256e25256e25256e25256e25256e25256e25256e25256e25256e25256e25256e25256e25256e25 ...
[2016-10-18 13:10:57,711] [INFO] [base._test_info] -> Current test: 155
[2016-10-18 13:10:57,711] [INFO] [server.transmit] -> request(401): 4745542025256e25256e25256e25256e25256e25256e25256e25256e25256e25256e25256e25256e25256e25256e25256e25 ...
[2016-10-18 13:10:58,216] [INFO] [base._test_info] -> Current test: 156
[2016-10-18 13:10:58,216] [INFO] [server.transmit] -> request(65): 4745542025256e25256e25256e25256e25256e25256e25256e25256e25256e25256e25256e25256e25256e25256e25256e25 ...
[2016-10-18 13:10:58,721] [INFO] [base._test_info] -> Current test: 157
[2016-10-18 13:10:58,721] [INFO] [server.transmit] -> request(23): 4745542025256e25256e20485454502f312e310d0a0d0a
[2016-10-18 13:10:59,229] [INFO] [base._test_info] -> Current test: 158
[2016-10-18 13:10:59,229] [INFO] [server.transmit] -> request(4113): 4745542022256e2222256e2222256e2222256e2222256e2222256e2222256e2222256e2222256e2222256e2222256e222225 ...
[2016-10-18 13:10:59,735] [INFO] [base._test_info] -> Current test: 159
[2016-10-18 13:10:59,735] [INFO] [server.transmit] -> request(529): 4745542022256e2222256e2222256e2222256e2222256e2222256e2222256e2222256e2222256e2222256e2222256e222225 ...
[2016-10-18 13:11:00,243] [INFO] [base._test_info] -> Current test: 160
[2016-10-18 13:11:00,243] [INFO] [server.transmit] -> request(81): 4745542022256e2222256e2222256e2222256e2222256e2222256e2222256e2222256e2222256e2222256e2222256e222225 ...
[2016-10-18 13:11:00,751] [INFO] [base._test_info] -> Current test: 161
[2016-10-18 13:11:00,751] [INFO] [server.transmit] -> request(25): 4745542022256e2222256e2220485454502f312e310d0a0d0a
[2016-10-18 13:11:01,261] [INFO] [base._test_info] -> Current test: 162
[2016-10-18 13:11:01,262] [INFO] [server.transmit] -> request(31): 47455420252e31363730357525325c24686e20485454502f312e310d0a0d0a
[2016-10-18 13:11:01,768] [INFO] [base._test_info] -> Current test: 163
[2016-10-18 13:11:01,768] [INFO] [server.transmit] -> request(2065): 474554200d0a0d0a0d0a0d0a0d0a0d0a0d0a0d0a0d0a0d0a0d0a0d0a0d0a0d0a0d0a0d0a0d0a0d0a0d0a0d0a0d0a0d0a0d0a ...
[2016-10-18 13:11:02,274] [INFO] [base._test_info] -> Current test: 164
[2016-10-18 13:11:02,275] [INFO] [server.transmit] -> request(273): 474554200d0a0d0a0d0a0d0a0d0a0d0a0d0a0d0a0d0a0d0a0d0a0d0a0d0a0d0a0d0a0d0a0d0a0d0a0d0a0d0a0d0a0d0a0d0a ...
[2016-10-18 13:11:02,780] [INFO] [base._test_info] -> Current test: 165
[2016-10-18 13:11:02,780] [INFO] [server.transmit] -> request(49): 474554200d0a0d0a0d0a0d0a0d0a0d0a0d0a0d0a0d0a0d0a0d0a0d0a0d0a0d0a0d0a0d0a20485454502f312e310d0a0d0a
[2016-10-18 13:11:03,287] [INFO] [base._test_info] -> Current test: 166
[2016-10-18 13:11:03,287] [INFO] [server.transmit] -> request(21): 474554200d0a0d0a20485454502f312e310d0a0d0a
[2016-10-18 13:11:03,793] [INFO] [base._test_info] -> Current test: 167
[2016-10-18 13:11:03,794] [INFO] [server.transmit] -> request(1041): 474554200a0a0a0a0a0a0a0a0a0a0a0a0a0a0a0a0a0a0a0a0a0a0a0a0a0a0a0a0a0a0a0a0a0a0a0a0a0a0a0a0a0a0a0a0a0a ...
[2016-10-18 13:11:04,305] [INFO] [base._test_info] -> Current test: 168
[2016-10-18 13:11:04,306] [INFO] [server.transmit] -> request(145): 474554200a0a0a0a0a0a0a0a0a0a0a0a0a0a0a0a0a0a0a0a0a0a0a0a0a0a0a0a0a0a0a0a0a0a0a0a0a0a0a0a0a0a0a0a0a0a ...
[2016-10-18 13:11:04,817] [INFO] [base._test_info] -> Current test: 169
[2016-10-18 13:11:04,817] [INFO] [server.transmit] -> request(33): 474554200a0a0a0a0a0a0a0a0a0a0a0a0a0a0a0a20485454502f312e310d0a0d0a
[2016-10-18 13:11:05,324] [INFO] [base._test_info] -> Current test: 170
[2016-10-18 13:11:05,325] [INFO] [server.transmit] -> request(19): 474554200a0a20485454502f312e310d0a0d0a
[2016-10-18 13:11:05,832] [INFO] [base._test_info] -> Current test: 171
[2016-10-18 13:11:05,832] [INFO] [server.transmit] -> request(4113): 47455420deadbeefdeadbeefdeadbeefdeadbeefdeadbeefdeadbeefdeadbeefdeadbeefdeadbeefdeadbeefdeadbeefdead ...
[2016-10-18 13:11:06,342] [INFO] [base._test_info] -> Current test: 172
[2016-10-18 13:11:06,343] [INFO] [server.transmit] -> request(529): 47455420deadbeefdeadbeefdeadbeefdeadbeefdeadbeefdeadbeefdeadbeefdeadbeefdeadbeefdeadbeefdeadbeefdead ...
[2016-10-18 13:11:06,856] [INFO] [base._test_info] -> Current test: 173
[2016-10-18 13:11:06,857] [INFO] [server.transmit] -> request(81): 47455420deadbeefdeadbeefdeadbeefdeadbeefdeadbeefdeadbeefdeadbeefdeadbeefdeadbeefdeadbeefdeadbeefdead ...
[2016-10-18 13:11:07,367] [INFO] [base._test_info] -> Current test: 174
[2016-10-18 13:11:07,367] [INFO] [server.transmit] -> request(25): 47455420deadbeefdeadbeef20485454502f312e310d0a0d0a
[2016-10-18 13:11:07,875] [INFO] [base._test_info] -> Current test: 175
[2016-10-18 13:11:07,875] [INFO] [server.transmit] -> request(34): 474554207c746f756368202f746d702f4b4954545920485454502f312e310d0a0d0a
[2016-10-18 13:11:08,389] [INFO] [base._test_info] -> Current test: 176
[2016-10-18 13:11:08,389] [INFO] [server.transmit] -> request(35): 474554203b746f756368202f746d702f4b495454593b20485454502f312e310d0a0d0a
[2016-10-18 13:11:08,898] [INFO] [base._test_info] -> Current test: 177
[2016-10-18 13:11:08,899] [INFO] [server.transmit] -> request(31): 474554203b6c733e2f746d702f4b4954545920485454502f312e310d0a0d0a
[2016-10-18 13:11:09,407] [INFO] [base._test_info] -> Current test: 178
[2016-10-18 13:11:09,408] [INFO] [server.transmit] -> request(46): 47455420223b6c733e2f746d702f4b495454593b6c733e2f6465762f6e756c6c2220485454502f312e310d0a0d0a
[2016-10-18 13:11:09,914] [INFO] [base._test_info] -> Current test: 179
[2016-10-18 13:11:09,914] [INFO] [server.transmit] -> request(47): 47455420273b6c733e2f746d702f4b495454593b6c733e272f6465762f6e756c6c2720485454502f312e310d0a0d0a
[2016-10-18 13:11:10,427] [INFO] [base._test_info] -> Current test: 180
[2016-10-18 13:11:10,428] [INFO] [server.transmit] -> request(32): 47455420606c733e2f746d702f4b495454596020485454502f312e310d0a0d0a
[2016-10-18 13:11:10,935] [INFO] [base._test_info] -> Current test: 181
[2016-10-18 13:11:10,935] [INFO] [server.transmit] -> request(33): 4745542020606c733e2f746d702f4b495454596020485454502f312e310d0a0d0a
[2016-10-18 13:11:11,449] [INFO] [base._test_info] -> Current test: 182
[2016-10-18 13:11:11,451] [INFO] [server.transmit] -> request(25): 474554207c6e6f746570616420485454502f312e310d0a0d0a
[2016-10-18 13:11:11,966] [INFO] [base._test_info] -> Current test: 183
[2016-10-18 13:11:11,967] [INFO] [server.transmit] -> request(26): 474554203b6e6f74657061643b20485454502f312e310d0a0d0a
[2016-10-18 13:11:12,471] [INFO] [base._test_info] -> Current test: 184
[2016-10-18 13:11:12,472] [INFO] [server.transmit] -> request(26): 474554200a6e6f74657061640a20485454502f312e310d0a0d0a
[2016-10-18 13:11:12,979] [INFO] [base._test_info] -> Current test: 185
[2016-10-18 13:11:12,979] [INFO] [server.transmit] -> request(28): 4745542027206f7220313d31202d2d20485454502f312e310d0a0d0a
[2016-10-18 13:11:13,488] [INFO] [base._test_info] -> Current test: 186
[2016-10-18 13:11:13,488] [INFO] [server.transmit] -> request(34): 47455420273b20646573632075736572733b202d2d20485454502f312e310d0a0d0a
[2016-10-18 13:11:13,993] [INFO] [base._test_info] -> Current test: 187
[2016-10-18 13:11:13,994] [INFO] [server.transmit] -> request(58): 4745542027206f7220757365726e616d65206973206e6f74204e554c4c206f7220757365726e616d65203d20272048545450 ...
[2016-10-18 13:11:14,501] [INFO] [base._test_info] -> Current test: 188
[2016-10-18 13:11:14,502] [INFO] [server.transmit] -> request(89): 474554203120756e696f6e20616c6c2073656c65637420312c322c332c342c352c362c6e616d652066726f6d207379736f62 ...
[2016-10-18 13:11:15,015] [INFO] [base._test_info] -> Current test: 189
[2016-10-18 13:11:15,016] [INFO] [server.transmit] -> request(28): 4745542060206f72206031603d603120485454502f312e310d0a0d0a
[2016-10-18 13:11:15,527] [INFO] [base._test_info] -> Current test: 190
[2016-10-18 13:11:15,528] [INFO] [server.transmit] -> request(28): 4745542027206f72202731273d273120485454502f312e310d0a0d0a
[2016-10-18 13:11:16,049] [INFO] [base._test_info] -> Current test: 191
[2016-10-18 13:11:16,051] [INFO] [server.transmit] -> request(19): 47455420414120485454502f312e310d0a0d0a
[2016-10-18 13:11:16,561] [INFO] [base._test_info] -> Current test: 192
[2016-10-18 13:11:16,562] [INFO] [server.transmit] -> request(27): 474554204141414141414141414120485454502f312e310d0a0d0a
[2016-10-18 13:11:17,068] [INFO] [base._test_info] -> Current test: 193
[2016-10-18 13:11:17,068] [INFO] [server.transmit] -> request(117): 4745542041414141414141414141414141414141414141414141414141414141414141414141414141414141414141414141 ...
[2016-10-18 13:11:17,576] [INFO] [base._test_info] -> Current test: 194
[2016-10-18 13:11:17,576] [INFO] [server.transmit] -> request(1017): 4745542041414141414141414141414141414141414141414141414141414141414141414141414141414141414141414141 ...
[2016-10-18 13:11:18,084] [INFO] [base._test_info] -> Current test: 195
[2016-10-18 13:11:18,085] [INFO] [server.transmit] -> request(5017): 4745542041414141414141414141414141414141414141414141414141414141414141414141414141414141414141414141 ...
[2016-10-18 13:11:18,602] [INFO] [base._test_info] -> Current test: 196
[2016-10-18 13:11:18,603] [INFO] [server.transmit] -> request(10017): 4745542041414141414141414141414141414141414141414141414141414141414141414141414141414141414141414141 ...
[2016-10-18 13:11:19,126] [INFO] [base._test_info] -> Current test: 197
[2016-10-18 13:11:19,126] [INFO] [server.transmit] -> request(28): 474554202f6574632f70617373776420485454502f312e310d0a0d0a
[2016-10-18 13:11:19,635] [INFO] [base._test_info] -> Current test: 198
[2016-10-18 13:11:19,636] [INFO] [server.transmit] -> request(71): 474554202e2f2e2e2f2e2e2f2e2e2f2e2e2f2e2e2f2e2e2f2e2e2f2e2e2f2e2e2f2e2e2f2e2e2f2e2e2f2e2e2f2e2e2f6574 ...
[2016-10-18 13:11:20,142] [INFO] [base._test_info] -> Current test: 199
[2016-10-18 13:11:20,143] [INFO] [server.transmit] -> request(69): 474554202e2e2f2e2e2f2e2e2f2e2e2f2e2e2f2e2e2f2e2e2f2e2e2f2e2e2f2e2e2f2e2e2f2e2e2f2e2e2f2e2e2f6574632f ...
[2016-10-18 13:11:20,649] [INFO] [base._test_info] -> Current test: 200
[2016-10-18 13:11:20,649] [INFO] [server.transmit] -> request(30): 474554202f70726f632f637075696e666f20485454502f312e310d0a0d0a
[2016-10-18 13:11:21,155] [INFO] [base._test_info] -> Current test: 201
[2016-10-18 13:11:21,155] [INFO] [server.transmit] -> request(73): 474554202e2f2e2e2f2e2e2f2e2e2f2e2e2f2e2e2f2e2e2f2e2e2f2e2e2f2e2e2f2e2e2f2e2e2f2e2e2f2e2e2f2e2e2f7072 ...
[2016-10-18 13:11:21,661] [INFO] [base._test_info] -> Current test: 202
[2016-10-18 13:11:21,662] [INFO] [server.transmit] -> request(71): 474554202e2e2f2e2e2f2e2e2f2e2e2f2e2e2f2e2e2f2e2e2f2e2e2f2e2e2f2e2e2f2e2e2f2e2e2f2e2e2f2e2e2f70726f63 ...
[2016-10-18 13:11:22,168] [INFO] [base._test_info] -> Current test: 203
[2016-10-18 13:11:22,168] [INFO] [server.transmit] -> request(27): 474554207e2f2e70726f66696c6520485454502f312e310d0a0d0a
[2016-10-18 13:11:22,679] [INFO] [base._test_info] -> Current test: 204
[2016-10-18 13:11:22,680] [INFO] [server.transmit] -> request(31): 4745542024484f4d452f2e70726f66696c6520485454502f312e310d0a0d0a
[2016-10-18 13:11:23,185] [INFO] [base._test_info] -> Current test: 205
[2016-10-18 13:11:23,186] [INFO] [server.transmit] -> request(62): 474554202f2e2e2f2e2e2f2e2e2f2e2e2f2e2e2f2e2e2f2e2e2f2e2e2f2e2e2f2e2e2f2e2e2f2e2e2f626f6f742e696e6920 ...
[2016-10-18 13:11:23,695] [INFO] [base._test_info] -> Current test: 206
[2016-10-18 13:11:23,696] [INFO] [server.transmit] -> request(1041): 474554202f5c2f5c2f5c2f5c2f5c2f5c2f5c2f5c2f5c2f5c2f5c2f5c2f5c2f5c2f5c2f5c2f5c2f5c2f5c2f5c2f5c2f5c2f5c ...
[2016-10-18 13:11:24,203] [INFO] [base._test_info] -> Current test: 207
[2016-10-18 13:11:24,203] [INFO] [server.transmit] -> request(145): 474554202f5c2f5c2f5c2f5c2f5c2f5c2f5c2f5c2f5c2f5c2f5c2f5c2f5c2f5c2f5c2f5c2f5c2f5c2f5c2f5c2f5c2f5c2f5c ...
[2016-10-18 13:11:24,709] [INFO] [base._test_info] -> Current test: 208
[2016-10-18 13:11:24,709] [INFO] [server.transmit] -> request(33): 474554202f5c2f5c2f5c2f5c2f5c2f5c2f5c2f5c20485454502f312e310d0a0d0a
[2016-10-18 13:11:25,215] [INFO] [base._test_info] -> Current test: 209
[2016-10-18 13:11:25,215] [INFO] [server.transmit] -> request(1041): 474554202f2e2f2e2f2e2f2e2f2e2f2e2f2e2f2e2f2e2f2e2f2e2f2e2f2e2f2e2f2e2f2e2f2e2f2e2f2e2f2e2f2e2f2e2f2e ...
[2016-10-18 13:11:25,728] [INFO] [base._test_info] -> Current test: 210
[2016-10-18 13:11:25,730] [INFO] [server.transmit] -> request(145): 474554202f2e2f2e2f2e2f2e2f2e2f2e2f2e2f2e2f2e2f2e2f2e2f2e2f2e2f2e2f2e2f2e2f2e2f2e2f2e2f2e2f2e2f2e2f2e ...
[2016-10-18 13:11:26,240] [INFO] [base._test_info] -> Current test: 211
[2016-10-18 13:11:26,240] [INFO] [server.transmit] -> request(33): 474554202f2e2f2e2f2e2f2e2f2e2f2e2f2e2f2e20485454502f312e310d0a0d0a
[2016-10-18 13:11:26,745] [INFO] [base._test_info] -> Current test: 212
[2016-10-18 13:11:26,746] [INFO] [server.transmit] -> request(46): 474554202140232425255e2324252324402324252424402324255e5e2a2a28282920485454502f312e310d0a0d0a
[2016-10-18 13:11:27,253] [INFO] [base._test_info] -> Current test: 213
[2016-10-18 13:11:27,253] [INFO] [server.transmit] -> request(42): 474554202530312530322530332530342530612530642530614144534620485454502f312e310d0a0d0a
[2016-10-18 13:11:27,767] [INFO] [base._test_info] -> Current test: 214
[2016-10-18 13:11:27,771] [INFO] [server.transmit] -> request(43): 47455420253031253032253033402530342530612530642530614144534620485454502f312e310d0a0d0a
[2016-10-18 13:11:28,281] [INFO] [base._test_info] -> Current test: 215
[2016-10-18 13:11:28,282] [INFO] [server.transmit] -> request(22): 474554202f2530302f20485454502f312e310d0a0d0a
[2016-10-18 13:11:28,790] [INFO] [base._test_info] -> Current test: 216
[2016-10-18 13:11:28,790] [INFO] [server.transmit] -> request(21): 474554202530302f20485454502f312e310d0a0d0a
[2016-10-18 13:11:29,296] [INFO] [base._test_info] -> Current test: 217
[2016-10-18 13:11:29,296] [INFO] [server.transmit] -> request(20): 4745542025303020485454502f312e310d0a0d0a
[2016-10-18 13:11:29,809] [INFO] [base._test_info] -> Current test: 218
[2016-10-18 13:11:29,811] [INFO] [server.transmit] -> request(23): 4745542025753030303020485454502f312e310d0a0d0a
[2016-10-18 13:11:30,324] [INFO] [base._test_info] -> Current test: 219
[2016-10-18 13:11:30,325] [INFO] [server.transmit] -> request(209): 4745542025fef02501ff25fef02501ff25fef02501ff25fef02501ff25fef02501ff25fef02501ff25fef02501ff25fef025 ...
[2016-10-18 13:11:30,834] [INFO] [base._test_info] -> Current test: 220
[2016-10-18 13:11:30,834] [INFO] [server.transmit] -> request(41): 4745542025fef02501ff25fef02501ff25fef02501ff25fef02501ff20485454502f312e310d0a0d0a
[2016-10-18 13:11:31,342] [INFO] [base._test_info] -> Current test: 221
[2016-10-18 13:11:31,342] [INFO] [server.transmit] -> request(29): 474554202f696e6465782e68746d6c2020485454502f312e310d0a0d0a
[2016-10-18 13:11:31,850] [INFO] [base._test_info] -> Current test: 222
[2016-10-18 13:11:31,851] [INFO] [server.transmit] -> request(37): 474554202f696e6465782e68746d6c20202020202020202020485454502f312e310d0a0d0a
[2016-10-18 13:11:32,358] [INFO] [base._test_info] -> Current test: 223
[2016-10-18 13:11:32,358] [INFO] [server.transmit] -> request(127): 474554202f696e6465782e68746d6c2020202020202020202020202020202020202020202020202020202020202020202020 ...
[2016-10-18 13:11:32,865] [INFO] [base._test_info] -> Current test: 224
[2016-10-18 13:11:32,865] [INFO] [server.transmit] -> request(29): 474554202f696e6465782e68746d6c20fe485454502f312e310d0a0d0a
[2016-10-18 13:11:33,372] [INFO] [base._test_info] -> Current test: 227
[2016-10-18 13:11:33,372] [INFO] [server.transmit] -> request(29): 474554202f696e6465782e68746d6c2000485454502f312e310d0a0d0a
[2016-10-18 13:11:33,880] [INFO] [base._test_info] -> Current test: 228
[2016-10-18 13:11:33,881] [INFO] [server.transmit] -> request(31): 474554202f696e6465782e68746d6c20202020485454502f312e310d0a0d0a
[2016-10-18 13:11:34,394] [INFO] [base._test_info] -> Current test: 229
[2016-10-18 13:11:34,395] [INFO] [server.transmit] -> request(31): 474554202f696e6465782e68746d6c09090909485454502f312e310d0a0d0a
[2016-10-18 13:11:34,904] [INFO] [base._test_info] -> Current test: 230
[2016-10-18 13:11:34,904] [INFO] [server.transmit] -> request(31): 474554202f696e6465782e68746d6c21212121485454502f312e310d0a0d0a
[2016-10-18 13:11:35,409] [INFO] [base._test_info] -> Current test: 231
[2016-10-18 13:11:35,410] [INFO] [server.transmit] -> request(31): 474554202f696e6465782e68746d6c40404040485454502f312e310d0a0d0a
[2016-10-18 13:11:35,918] [INFO] [base._test_info] -> Current test: 232
[2016-10-18 13:11:35,918] [INFO] [server.transmit] -> request(31): 474554202f696e6465782e68746d6c23232323485454502f312e310d0a0d0a
[2016-10-18 13:11:36,425] [INFO] [base._test_info] -> Current test: 233
[2016-10-18 13:11:36,425] [INFO] [server.transmit] -> request(31): 474554202f696e6465782e68746d6c24242424485454502f312e310d0a0d0a
[2016-10-18 13:11:36,931] [INFO] [base._test_info] -> Current test: 234
[2016-10-18 13:11:36,931] [INFO] [server.transmit] -> request(31): 474554202f696e6465782e68746d6c25252525485454502f312e310d0a0d0a
[2016-10-18 13:11:37,447] [INFO] [base._test_info] -> Current test: 235
[2016-10-18 13:11:37,452] [INFO] [server.transmit] -> request(31): 474554202f696e6465782e68746d6c5e5e5e5e485454502f312e310d0a0d0a
[2016-10-18 13:11:37,473] [INFO] [base._test_info] -> Current test: 236
[2016-10-18 13:11:37,475] [INFO] [server.transmit] -> request(31): 474554202f696e6465782e68746d6c26262626485454502f312e310d0a0d0a
[2016-10-18 13:11:37,990] [INFO] [base._test_info] -> Current test: 237
[2016-10-18 13:11:37,991] [INFO] [server.transmit] -> request(31): 474554202f696e6465782e68746d6c2a2a2a2a485454502f312e310d0a0d0a
[2016-10-18 13:11:38,498] [INFO] [base._test_info] -> Current test: 238
[2016-10-18 13:11:38,498] [INFO] [server.transmit] -> request(31): 474554202f696e6465782e68746d6c28282828485454502f312e310d0a0d0a
[2016-10-18 13:11:39,008] [INFO] [base._test_info] -> Current test: 239
[2016-10-18 13:11:39,009] [INFO] [server.transmit] -> request(31): 474554202f696e6465782e68746d6c29292929485454502f312e310d0a0d0a
[2016-10-18 13:11:39,513] [INFO] [base._test_info] -> Current test: 240
[2016-10-18 13:11:39,514] [INFO] [server.transmit] -> request(31): 474554202f696e6465782e68746d6c2d2d2d2d485454502f312e310d0a0d0a
[2016-10-18 13:11:40,020] [INFO] [base._test_info] -> Current test: 241
[2016-10-18 13:11:40,020] [INFO] [server.transmit] -> request(31): 474554202f696e6465782e68746d6c5f5f5f5f485454502f312e310d0a0d0a
[2016-10-18 13:11:40,538] [INFO] [base._test_info] -> Current test: 242
[2016-10-18 13:11:40,540] [INFO] [server.transmit] -> request(31): 474554202f696e6465782e68746d6c2b2b2b2b485454502f312e310d0a0d0a
[2016-10-18 13:11:41,050] [INFO] [base._test_info] -> Current test: 243
[2016-10-18 13:11:41,050] [INFO] [server.transmit] -> request(31): 474554202f696e6465782e68746d6c3d3d3d3d485454502f312e310d0a0d0a
[2016-10-18 13:11:41,555] [INFO] [base._test_info] -> Current test: 244
[2016-10-18 13:11:41,556] [INFO] [server.transmit] -> request(31): 474554202f696e6465782e68746d6c3a3a3a3a485454502f312e310d0a0d0a
[2016-10-18 13:11:42,062] [INFO] [base._test_info] -> Current test: 245
[2016-10-18 13:11:42,063] [INFO] [server.transmit] -> request(31): 474554202f696e6465782e68746d6c3b3b3b3b485454502f312e310d0a0d0a
[2016-10-18 13:11:42,568] [INFO] [base._test_info] -> Current test: 246
[2016-10-18 13:11:42,569] [INFO] [server.transmit] -> request(31): 474554202f696e6465782e68746d6c27272727485454502f312e310d0a0d0a
[2016-10-18 13:11:43,075] [INFO] [base._test_info] -> Current test: 247
[2016-10-18 13:11:43,076] [INFO] [server.transmit] -> request(31): 474554202f696e6465782e68746d6c22222222485454502f312e310d0a0d0a
[2016-10-18 13:11:43,582] [INFO] [base._test_info] -> Current test: 248
[2016-10-18 13:11:43,582] [INFO] [server.transmit] -> request(31): 474554202f696e6465782e68746d6c2f2f2f2f485454502f312e310d0a0d0a
[2016-10-18 13:11:44,088] [INFO] [base._test_info] -> Current test: 249
[2016-10-18 13:11:44,089] [INFO] [server.transmit] -> request(31): 474554202f696e6465782e68746d6c5c5c5c5c485454502f312e310d0a0d0a
[2016-10-18 13:11:44,594] [INFO] [base._test_info] -> Current test: 250
[2016-10-18 13:11:44,594] [INFO] [server.transmit] -> request(31): 474554202f696e6465782e68746d6c3f3f3f3f485454502f312e310d0a0d0a
[2016-10-18 13:11:45,100] [INFO] [base._test_info] -> Current test: 251
[2016-10-18 13:11:45,100] [INFO] [server.transmit] -> request(31): 474554202f696e6465782e68746d6c3c3c3c3c485454502f312e310d0a0d0a
[2016-10-18 13:11:45,610] [INFO] [base._test_info] -> Current test: 252
[2016-10-18 13:11:45,611] [INFO] [server.transmit] -> request(31): 474554202f696e6465782e68746d6c3e3e3e3e485454502f312e310d0a0d0a
[2016-10-18 13:11:46,120] [INFO] [base._test_info] -> Current test: 253
[2016-10-18 13:11:46,121] [INFO] [server.transmit] -> request(31): 474554202f696e6465782e68746d6c2e2e2e2e485454502f312e310d0a0d0a
[2016-10-18 13:11:46,627] [INFO] [base._test_info] -> Current test: 254
[2016-10-18 13:11:46,628] [INFO] [server.transmit] -> request(31): 474554202f696e6465782e68746d6c2c2c2c2c485454502f312e310d0a0d0a
[2016-10-18 13:11:47,137] [INFO] [base._test_info] -> Current test: 255
[2016-10-18 13:11:47,137] [INFO] [server.transmit] -> request(31): 474554202f696e6465782e68746d6c0d0d0d0d485454502f312e310d0a0d0a
[2016-10-18 13:11:47,646] [INFO] [base._test_info] -> Current test: 256
[2016-10-18 13:11:47,646] [INFO] [server.transmit] -> request(31): 474554202f696e6465782e68746d6c0a0a0a0a485454502f312e310d0a0d0a
[2016-10-18 13:11:48,154] [INFO] [base._test_info] -> Current test: 257
[2016-10-18 13:11:48,155] [INFO] [server.transmit] -> request(43): 474554202f696e6465782e68746d6c0d0a0d0a0d0a0d0a0d0a0d0a0d0a0d0a485454502f312e310d0a0d0a
[2016-10-18 13:11:48,673] [INFO] [base._test_info] -> Current test: 258
[2016-10-18 13:11:48,674] [INFO] [server.transmit] -> request(51): 474554202f696e6465782e68746d6c090d0a090d0a090d0a090d0a090d0a090d0a090d0a090d0a485454502f312e310d0a0d ...
[2016-10-18 13:11:49,188] [INFO] [base._test_info] -> Current test: 259
[2016-10-18 13:11:49,188] [INFO] [server.transmit] -> request(27): 474554202f696e6465782e68746d6c485454502f312e310d0a0d0a
[2016-10-18 13:11:49,702] [INFO] [base._test_info] -> Current test: 260
[2016-10-18 13:11:49,703] [INFO] [server.transmit] -> request(36): 474554202f696e6465782e68746d6c20485454502f312e31485454502f312e310d0a0d0a
[2016-10-18 13:11:50,209] [INFO] [base._test_info] -> Current test: 261
[2016-10-18 13:11:50,209] [INFO] [server.transmit] -> request(100): 474554202f696e6465782e68746d6c20485454502f312e31485454502f312e31485454502f312e31485454502f312e314854 ...
[2016-10-18 13:11:50,728] [INFO] [base._test_info] -> Current test: 262
[2016-10-18 13:11:50,730] [INFO] [server.transmit] -> request(820): 474554202f696e6465782e68746d6c20485454502f312e31485454502f312e31485454502f312e31485454502f312e314854 ...
[2016-10-18 13:11:51,247] [INFO] [base._test_info] -> Current test: 263
[2016-10-18 13:11:51,247] [INFO] [server.transmit] -> request(29): 474554202f696e6465782e68746d6c20485454502f312e31fe0d0a0d0a
[2016-10-18 13:11:51,755] [INFO] [base._test_info] -> Current test: 265
[2016-10-18 13:11:51,755] [INFO] [server.transmit] -> request(29): 474554202f696e6465782e68746d6c2048545450002f312e310d0a0d0a
[2016-10-18 13:11:52,265] [INFO] [base._test_info] -> Current test: 266
[2016-10-18 13:11:52,266] [INFO] [server.transmit] -> request(29): 474554202f696e6465782e68746d6c20485454502f312e31000d0a0d0a
[2016-10-18 13:11:52,775] [INFO] [base._test_info] -> Current test: 267
[2016-10-18 13:11:52,776] [INFO] [server.transmit] -> request(20): 474554202f696e6465782e68746d6c200d0a0d0a
[2016-10-18 13:11:53,283] [INFO] [base._test_info] -> Current test: 268
[2016-10-18 13:11:53,283] [INFO] [server.transmit] -> request(2068): 474554202f696e6465782e68746d6c2025732573257325732573257325732573257325732573257325732573257325732573 ...
[2016-10-18 13:11:53,802] [INFO] [base._test_info] -> Current test: 269
[2016-10-18 13:11:53,806] [INFO] [server.transmit] -> request(276): 474554202f696e6465782e68746d6c2025732573257325732573257325732573257325732573257325732573257325732573 ...
[2016-10-18 13:11:54,318] [INFO] [base._test_info] -> Current test: 270
[2016-10-18 13:11:54,319] [INFO] [server.transmit] -> request(52): 474554202f696e6465782e68746d6c2025732573257325732573257325732573257325732573257325732573257325730d0a ...
[2016-10-18 13:11:54,825] [INFO] [base._test_info] -> Current test: 271
[2016-10-18 13:11:54,825] [INFO] [server.transmit] -> request(24): 474554202f696e6465782e68746d6c20257325730d0a0d0a
[2016-10-18 13:11:55,336] [INFO] [base._test_info] -> Current test: 272
[2016-10-18 13:11:55,337] [INFO] [server.transmit] -> request(3092): 474554202f696e6465782e68746d6c2025257325257325257325257325257325257325257325257325257325257325257325 ...
[2016-10-18 13:11:55,850] [INFO] [base._test_info] -> Current test: 273
[2016-10-18 13:11:55,852] [INFO] [server.transmit] -> request(404): 474554202f696e6465782e68746d6c2025257325257325257325257325257325257325257325257325257325257325257325 ...
[2016-10-18 13:11:56,363] [INFO] [base._test_info] -> Current test: 274
[2016-10-18 13:11:56,363] [INFO] [server.transmit] -> request(68): 474554202f696e6465782e68746d6c2025257325257325257325257325257325257325257325257325257325257325257325 ...
[2016-10-18 13:11:56,877] [INFO] [base._test_info] -> Current test: 275
[2016-10-18 13:11:56,878] [INFO] [server.transmit] -> request(26): 474554202f696e6465782e68746d6c202525732525730d0a0d0a
[2016-10-18 13:11:57,398] [INFO] [base._test_info] -> Current test: 276
[2016-10-18 13:11:57,401] [INFO] [server.transmit] -> request(4116): 474554202f696e6465782e68746d6c2022257322222573222225732222257322222573222225732222257322222573222225 ...
[2016-10-18 13:11:57,913] [INFO] [base._test_info] -> Current test: 277
[2016-10-18 13:11:57,913] [INFO] [server.transmit] -> request(532): 474554202f696e6465782e68746d6c2022257322222573222225732222257322222573222225732222257322222573222225 ...
[2016-10-18 13:11:58,427] [INFO] [base._test_info] -> Current test: 278
[2016-10-18 13:11:58,428] [INFO] [server.transmit] -> request(84): 474554202f696e6465782e68746d6c2022257322222573222225732222257322222573222225732222257322222573222225 ...
[2016-10-18 13:11:58,940] [INFO] [base._test_info] -> Current test: 279
[2016-10-18 13:11:58,941] [INFO] [server.transmit] -> request(28): 474554202f696e6465782e68746d6c2022257322222573220d0a0d0a
[2016-10-18 13:11:59,447] [INFO] [base._test_info] -> Current test: 280
[2016-10-18 13:11:59,447] [INFO] [server.transmit] -> request(2068): 474554202f696e6465782e68746d6c20256e256e256e256e256e256e256e256e256e256e256e256e256e256e256e256e256e ...
[2016-10-18 13:11:59,957] [INFO] [base._test_info] -> Current test: 281
[2016-10-18 13:11:59,958] [INFO] [server.transmit] -> request(276): 474554202f696e6465782e68746d6c20256e256e256e256e256e256e256e256e256e256e256e256e256e256e256e256e256e ...
[2016-10-18 13:12:00,469] [INFO] [base._test_info] -> Current test: 282
[2016-10-18 13:12:00,470] [INFO] [server.transmit] -> request(52): 474554202f696e6465782e68746d6c20256e256e256e256e256e256e256e256e256e256e256e256e256e256e256e256e0d0a ...
[2016-10-18 13:12:00,985] [INFO] [base._test_info] -> Current test: 283
[2016-10-18 13:12:00,987] [INFO] [server.transmit] -> request(24): 474554202f696e6465782e68746d6c20256e256e0d0a0d0a
[2016-10-18 13:12:01,498] [INFO] [base._test_info] -> Current test: 284
[2016-10-18 13:12:01,498] [INFO] [server.transmit] -> request(3092): 474554202f696e6465782e68746d6c2025256e25256e25256e25256e25256e25256e25256e25256e25256e25256e25256e25 ...
[2016-10-18 13:12:02,004] [INFO] [base._test_info] -> Current test: 285
[2016-10-18 13:12:02,005] [INFO] [server.transmit] -> request(404): 474554202f696e6465782e68746d6c2025256e25256e25256e25256e25256e25256e25256e25256e25256e25256e25256e25 ...
[2016-10-18 13:12:02,510] [INFO] [base._test_info] -> Current test: 286
[2016-10-18 13:12:02,510] [INFO] [server.transmit] -> request(68): 474554202f696e6465782e68746d6c2025256e25256e25256e25256e25256e25256e25256e25256e25256e25256e25256e25 ...
[2016-10-18 13:12:03,019] [INFO] [base._test_info] -> Current test: 287
[2016-10-18 13:12:03,021] [INFO] [server.transmit] -> request(26): 474554202f696e6465782e68746d6c2025256e25256e0d0a0d0a
[2016-10-18 13:12:03,535] [INFO] [base._test_info] -> Current test: 288
[2016-10-18 13:12:03,536] [INFO] [server.transmit] -> request(4116): 474554202f696e6465782e68746d6c2022256e2222256e2222256e2222256e2222256e2222256e2222256e2222256e222225 ...
[2016-10-18 13:12:04,052] [INFO] [base._test_info] -> Current test: 289
[2016-10-18 13:12:04,054] [INFO] [server.transmit] -> request(532): 474554202f696e6465782e68746d6c2022256e2222256e2222256e2222256e2222256e2222256e2222256e2222256e222225 ...
[2016-10-18 13:12:04,565] [INFO] [base._test_info] -> Current test: 290
[2016-10-18 13:12:04,565] [INFO] [server.transmit] -> request(84): 474554202f696e6465782e68746d6c2022256e2222256e2222256e2222256e2222256e2222256e2222256e2222256e222225 ...
[2016-10-18 13:12:05,070] [INFO] [base._test_info] -> Current test: 291
[2016-10-18 13:12:05,071] [INFO] [server.transmit] -> request(28): 474554202f696e6465782e68746d6c2022256e2222256e220d0a0d0a
[2016-10-18 13:12:05,575] [INFO] [base._test_info] -> Current test: 292
[2016-10-18 13:12:05,575] [INFO] [server.transmit] -> request(34): 474554202f696e6465782e68746d6c20252e31363730357525325c24686e0d0a0d0a
[2016-10-18 13:12:06,082] [INFO] [base._test_info] -> Current test: 293
[2016-10-18 13:12:06,082] [INFO] [server.transmit] -> request(2068): 474554202f696e6465782e68746d6c200d0a0d0a0d0a0d0a0d0a0d0a0d0a0d0a0d0a0d0a0d0a0d0a0d0a0d0a0d0a0d0a0d0a ...
[2016-10-18 13:12:06,589] [INFO] [base._test_info] -> Current test: 294
[2016-10-18 13:12:06,590] [INFO] [server.transmit] -> request(276): 474554202f696e6465782e68746d6c200d0a0d0a0d0a0d0a0d0a0d0a0d0a0d0a0d0a0d0a0d0a0d0a0d0a0d0a0d0a0d0a0d0a ...
[2016-10-18 13:12:07,098] [INFO] [base._test_info] -> Current test: 295
[2016-10-18 13:12:07,098] [INFO] [server.transmit] -> request(52): 474554202f696e6465782e68746d6c200d0a0d0a0d0a0d0a0d0a0d0a0d0a0d0a0d0a0d0a0d0a0d0a0d0a0d0a0d0a0d0a0d0a ...
[2016-10-18 13:12:07,608] [INFO] [base._test_info] -> Current test: 296
[2016-10-18 13:12:07,609] [INFO] [server.transmit] -> request(24): 474554202f696e6465782e68746d6c200d0a0d0a0d0a0d0a
[2016-10-18 13:12:08,120] [INFO] [base._test_info] -> Current test: 297
[2016-10-18 13:12:08,120] [INFO] [server.transmit] -> request(1044): 474554202f696e6465782e68746d6c200a0a0a0a0a0a0a0a0a0a0a0a0a0a0a0a0a0a0a0a0a0a0a0a0a0a0a0a0a0a0a0a0a0a ...
[2016-10-18 13:12:08,627] [INFO] [base._test_info] -> Current test: 298
[2016-10-18 13:12:08,627] [INFO] [server.transmit] -> request(148): 474554202f696e6465782e68746d6c200a0a0a0a0a0a0a0a0a0a0a0a0a0a0a0a0a0a0a0a0a0a0a0a0a0a0a0a0a0a0a0a0a0a ...
[2016-10-18 13:12:09,136] [INFO] [base._test_info] -> Current test: 299
[2016-10-18 13:12:09,137] [INFO] [server.transmit] -> request(36): 474554202f696e6465782e68746d6c200a0a0a0a0a0a0a0a0a0a0a0a0a0a0a0a0d0a0d0a
[2016-10-18 13:12:09,642] [INFO] [base._test_info] -> Current test: 300
[2016-10-18 13:12:09,642] [INFO] [server.transmit] -> request(22): 474554202f696e6465782e68746d6c200a0a0d0a0d0a
[2016-10-18 13:12:10,155] [INFO] [base._test_info] -> Current test: 301
[2016-10-18 13:12:10,155] [INFO] [server.transmit] -> request(4116): 474554202f696e6465782e68746d6c20deadbeefdeadbeefdeadbeefdeadbeefdeadbeefdeadbeefdeadbeefdeadbeefdead ...
[2016-10-18 13:12:10,664] [INFO] [base._test_info] -> Current test: 302
[2016-10-18 13:12:10,664] [INFO] [server.transmit] -> request(532): 474554202f696e6465782e68746d6c20deadbeefdeadbeefdeadbeefdeadbeefdeadbeefdeadbeefdeadbeefdeadbeefdead ...
[2016-10-18 13:12:11,171] [INFO] [base._test_info] -> Current test: 303
[2016-10-18 13:12:11,171] [INFO] [server.transmit] -> request(84): 474554202f696e6465782e68746d6c20deadbeefdeadbeefdeadbeefdeadbeefdeadbeefdeadbeefdeadbeefdeadbeefdead ...
[2016-10-18 13:12:11,678] [INFO] [base._test_info] -> Current test: 304
[2016-10-18 13:12:11,679] [INFO] [server.transmit] -> request(28): 474554202f696e6465782e68746d6c20deadbeefdeadbeef0d0a0d0a
[2016-10-18 13:12:12,185] [INFO] [base._test_info] -> Current test: 305
[2016-10-18 13:12:12,186] [INFO] [server.transmit] -> request(37): 474554202f696e6465782e68746d6c207c746f756368202f746d702f4b495454590d0a0d0a
[2016-10-18 13:12:12,700] [INFO] [base._test_info] -> Current test: 306
[2016-10-18 13:12:12,703] [INFO] [server.transmit] -> request(38): 474554202f696e6465782e68746d6c203b746f756368202f746d702f4b495454593b0d0a0d0a
[2016-10-18 13:12:13,217] [INFO] [base._test_info] -> Current test: 307
[2016-10-18 13:12:13,218] [INFO] [server.transmit] -> request(34): 474554202f696e6465782e68746d6c203b6c733e2f746d702f4b495454590d0a0d0a
[2016-10-18 13:12:13,726] [INFO] [base._test_info] -> Current test: 308
[2016-10-18 13:12:13,726] [INFO] [server.transmit] -> request(49): 474554202f696e6465782e68746d6c20223b6c733e2f746d702f4b495454593b6c733e2f6465762f6e756c6c220d0a0d0a
[2016-10-18 13:12:14,232] [INFO] [base._test_info] -> Current test: 309
[2016-10-18 13:12:14,232] [INFO] [server.transmit] -> request(50): 474554202f696e6465782e68746d6c20273b6c733e2f746d702f4b495454593b6c733e272f6465762f6e756c6c270d0a0d0a ...
[2016-10-18 13:12:14,741] [INFO] [base._test_info] -> Current test: 310
[2016-10-18 13:12:14,741] [INFO] [server.transmit] -> request(35): 474554202f696e6465782e68746d6c20606c733e2f746d702f4b49545459600d0a0d0a
[2016-10-18 13:12:15,246] [INFO] [base._test_info] -> Current test: 311
[2016-10-18 13:12:15,247] [INFO] [server.transmit] -> request(36): 474554202f696e6465782e68746d6c2020606c733e2f746d702f4b49545459600d0a0d0a
[2016-10-18 13:12:15,753] [INFO] [base._test_info] -> Current test: 312
[2016-10-18 13:12:15,754] [INFO] [server.transmit] -> request(28): 474554202f696e6465782e68746d6c207c6e6f74657061640d0a0d0a
[2016-10-18 13:12:16,259] [INFO] [base._test_info] -> Current test: 313
[2016-10-18 13:12:16,260] [INFO] [server.transmit] -> request(29): 474554202f696e6465782e68746d6c203b6e6f74657061643b0d0a0d0a
[2016-10-18 13:12:16,769] [INFO] [base._test_info] -> Current test: 314
[2016-10-18 13:12:16,770] [INFO] [server.transmit] -> request(29): 474554202f696e6465782e68746d6c200a6e6f74657061640a0d0a0d0a
[2016-10-18 13:12:17,278] [INFO] [base._test_info] -> Current test: 315
[2016-10-18 13:12:17,278] [INFO] [server.transmit] -> request(31): 474554202f696e6465782e68746d6c2027206f7220313d31202d2d0d0a0d0a
[2016-10-18 13:12:17,784] [INFO] [base._test_info] -> Current test: 316
[2016-10-18 13:12:17,784] [INFO] [server.transmit] -> request(37): 474554202f696e6465782e68746d6c20273b20646573632075736572733b202d2d0d0a0d0a
[2016-10-18 13:12:18,290] [INFO] [base._test_info] -> Current test: 317
[2016-10-18 13:12:18,291] [INFO] [server.transmit] -> request(61): 474554202f696e6465782e68746d6c2027206f7220757365726e616d65206973206e6f74204e554c4c206f7220757365726e ...
[2016-10-18 13:12:18,798] [INFO] [base._test_info] -> Current test: 318
[2016-10-18 13:12:18,798] [INFO] [server.transmit] -> request(92): 474554202f696e6465782e68746d6c203120756e696f6e20616c6c2073656c65637420312c322c332c342c352c362c6e616d ...
[2016-10-18 13:12:19,306] [INFO] [base._test_info] -> Current test: 319
[2016-10-18 13:12:19,307] [INFO] [server.transmit] -> request(31): 474554202f696e6465782e68746d6c2060206f72206031603d60310d0a0d0a
[2016-10-18 13:12:19,814] [INFO] [base._test_info] -> Current test: 320
[2016-10-18 13:12:19,815] [INFO] [server.transmit] -> request(31): 474554202f696e6465782e68746d6c2027206f72202731273d27310d0a0d0a
[2016-10-18 13:12:20,324] [INFO] [base._test_info] -> Current test: 321
[2016-10-18 13:12:20,324] [INFO] [server.transmit] -> request(22): 474554202f696e6465782e68746d6c2041410d0a0d0a
[2016-10-18 13:12:20,829] [INFO] [base._test_info] -> Current test: 322
[2016-10-18 13:12:20,829] [INFO] [server.transmit] -> request(30): 474554202f696e6465782e68746d6c20414141414141414141410d0a0d0a
[2016-10-18 13:12:21,343] [INFO] [base._test_info] -> Current test: 323
[2016-10-18 13:12:21,344] [INFO] [server.transmit] -> request(120): 474554202f696e6465782e68746d6c2041414141414141414141414141414141414141414141414141414141414141414141 ...
[2016-10-18 13:12:21,854] [INFO] [base._test_info] -> Current test: 324
[2016-10-18 13:12:21,854] [INFO] [server.transmit] -> request(1020): 474554202f696e6465782e68746d6c2041414141414141414141414141414141414141414141414141414141414141414141 ...
[2016-10-18 13:12:22,364] [INFO] [base._test_info] -> Current test: 325
[2016-10-18 13:12:22,364] [INFO] [server.transmit] -> request(5020): 474554202f696e6465782e68746d6c2041414141414141414141414141414141414141414141414141414141414141414141 ...
[2016-10-18 13:12:22,875] [INFO] [base._test_info] -> Current test: 326
[2016-10-18 13:12:22,876] [INFO] [server.transmit] -> request(10020): 474554202f696e6465782e68746d6c2041414141414141414141414141414141414141414141414141414141414141414141 ...
[2016-10-18 13:12:23,383] [INFO] [base._test_info] -> Current test: 327
[2016-10-18 13:12:23,383] [INFO] [server.transmit] -> request(31): 474554202f696e6465782e68746d6c202f6574632f7061737377640d0a0d0a
[2016-10-18 13:12:23,891] [INFO] [base._test_info] -> Current test: 328
[2016-10-18 13:12:23,891] [INFO] [server.transmit] -> request(74): 474554202f696e6465782e68746d6c202e2f2e2e2f2e2e2f2e2e2f2e2e2f2e2e2f2e2e2f2e2e2f2e2e2f2e2e2f2e2e2f2e2e ...
[2016-10-18 13:12:24,399] [INFO] [base._test_info] -> Current test: 329
[2016-10-18 13:12:24,400] [INFO] [server.transmit] -> request(72): 474554202f696e6465782e68746d6c202e2e2f2e2e2f2e2e2f2e2e2f2e2e2f2e2e2f2e2e2f2e2e2f2e2e2f2e2e2f2e2e2f2e ...
[2016-10-18 13:12:24,908] [INFO] [base._test_info] -> Current test: 330
[2016-10-18 13:12:24,908] [INFO] [server.transmit] -> request(33): 474554202f696e6465782e68746d6c202f70726f632f637075696e666f0d0a0d0a
[2016-10-18 13:12:25,413] [INFO] [base._test_info] -> Current test: 331
[2016-10-18 13:12:25,413] [INFO] [server.transmit] -> request(76): 474554202f696e6465782e68746d6c202e2f2e2e2f2e2e2f2e2e2f2e2e2f2e2e2f2e2e2f2e2e2f2e2e2f2e2e2f2e2e2f2e2e ...
[2016-10-18 13:12:25,919] [INFO] [base._test_info] -> Current test: 332
[2016-10-18 13:12:25,920] [INFO] [server.transmit] -> request(74): 474554202f696e6465782e68746d6c202e2e2f2e2e2f2e2e2f2e2e2f2e2e2f2e2e2f2e2e2f2e2e2f2e2e2f2e2e2f2e2e2f2e ...
[2016-10-18 13:12:26,425] [INFO] [base._test_info] -> Current test: 333
[2016-10-18 13:12:26,425] [INFO] [server.transmit] -> request(30): 474554202f696e6465782e68746d6c207e2f2e70726f66696c650d0a0d0a
[2016-10-18 13:12:26,931] [INFO] [base._test_info] -> Current test: 334
[2016-10-18 13:12:26,932] [INFO] [server.transmit] -> request(34): 474554202f696e6465782e68746d6c2024484f4d452f2e70726f66696c650d0a0d0a
[2016-10-18 13:12:27,438] [INFO] [base._test_info] -> Current test: 335
[2016-10-18 13:12:27,438] [INFO] [server.transmit] -> request(65): 474554202f696e6465782e68746d6c202f2e2e2f2e2e2f2e2e2f2e2e2f2e2e2f2e2e2f2e2e2f2e2e2f2e2e2f2e2e2f2e2e2f ...
[2016-10-18 13:12:27,944] [INFO] [base._test_info] -> Current test: 336
[2016-10-18 13:12:27,944] [INFO] [server.transmit] -> request(1044): 474554202f696e6465782e68746d6c202f5c2f5c2f5c2f5c2f5c2f5c2f5c2f5c2f5c2f5c2f5c2f5c2f5c2f5c2f5c2f5c2f5c ...
[2016-10-18 13:12:28,452] [INFO] [base._test_info] -> Current test: 337
[2016-10-18 13:12:28,452] [INFO] [server.transmit] -> request(148): 474554202f696e6465782e68746d6c202f5c2f5c2f5c2f5c2f5c2f5c2f5c2f5c2f5c2f5c2f5c2f5c2f5c2f5c2f5c2f5c2f5c ...
[2016-10-18 13:12:28,966] [INFO] [base._test_info] -> Current test: 338
[2016-10-18 13:12:28,967] [INFO] [server.transmit] -> request(36): 474554202f696e6465782e68746d6c202f5c2f5c2f5c2f5c2f5c2f5c2f5c2f5c0d0a0d0a
[2016-10-18 13:12:29,472] [INFO] [base._test_info] -> Current test: 339
[2016-10-18 13:12:29,472] [INFO] [server.transmit] -> request(1044): 474554202f696e6465782e68746d6c202f2e2f2e2f2e2f2e2f2e2f2e2f2e2f2e2f2e2f2e2f2e2f2e2f2e2f2e2f2e2f2e2f2e ...
[2016-10-18 13:12:29,978] [INFO] [base._test_info] -> Current test: 340
[2016-10-18 13:12:29,979] [INFO] [server.transmit] -> request(148): 474554202f696e6465782e68746d6c202f2e2f2e2f2e2f2e2f2e2f2e2f2e2f2e2f2e2f2e2f2e2f2e2f2e2f2e2f2e2f2e2f2e ...
[2016-10-18 13:12:30,485] [INFO] [base._test_info] -> Current test: 341
[2016-10-18 13:12:30,485] [INFO] [server.transmit] -> request(36): 474554202f696e6465782e68746d6c202f2e2f2e2f2e2f2e2f2e2f2e2f2e2f2e0d0a0d0a
[2016-10-18 13:12:30,992] [INFO] [base._test_info] -> Current test: 342
[2016-10-18 13:12:30,992] [INFO] [server.transmit] -> request(49): 474554202f696e6465782e68746d6c202140232425255e2324252324402324252424402324255e5e2a2a2828290d0a0d0a
[2016-10-18 13:12:31,499] [INFO] [base._test_info] -> Current test: 343
[2016-10-18 13:12:31,500] [INFO] [server.transmit] -> request(45): 474554202f696e6465782e68746d6c20253031253032253033253034253061253064253061414453460d0a0d0a
[2016-10-18 13:12:32,005] [INFO] [base._test_info] -> Current test: 344
[2016-10-18 13:12:32,005] [INFO] [server.transmit] -> request(46): 474554202f696e6465782e68746d6c2025303125303225303340253034253061253064253061414453460d0a0d0a
[2016-10-18 13:12:32,510] [INFO] [base._test_info] -> Current test: 345
[2016-10-18 13:12:32,510] [INFO] [server.transmit] -> request(25): 474554202f696e6465782e68746d6c202f2530302f0d0a0d0a
[2016-10-18 13:12:33,016] [INFO] [base._test_info] -> Current test: 346
[2016-10-18 13:12:33,016] [INFO] [server.transmit] -> request(24): 474554202f696e6465782e68746d6c202530302f0d0a0d0a
[2016-10-18 13:12:33,521] [INFO] [base._test_info] -> Current test: 347
[2016-10-18 13:12:33,522] [INFO] [server.transmit] -> request(23): 474554202f696e6465782e68746d6c202530300d0a0d0a
[2016-10-18 13:12:34,026] [INFO] [base._test_info] -> Current test: 348
[2016-10-18 13:12:34,027] [INFO] [server.transmit] -> request(26): 474554202f696e6465782e68746d6c202575303030300d0a0d0a
[2016-10-18 13:12:34,539] [INFO] [base._test_info] -> Current test: 349
[2016-10-18 13:12:34,540] [INFO] [server.transmit] -> request(212): 474554202f696e6465782e68746d6c2025fef02501ff25fef02501ff25fef02501ff25fef02501ff25fef02501ff25fef025 ...
[2016-10-18 13:12:35,050] [INFO] [base._test_info] -> Current test: 350
[2016-10-18 13:12:35,051] [INFO] [server.transmit] -> request(44): 474554202f696e6465782e68746d6c2025fef02501ff25fef02501ff25fef02501ff25fef02501ff0d0a0d0a
[2016-10-18 13:12:35,557] [INFO] [base._test_info] -> Current test: 351
[2016-10-18 13:12:35,557] [INFO] [server.transmit] -> request(32): 474554202f696e6465782e68746d6c20485454502f312e310d0a0d0a0d0a0d0a
[2016-10-18 13:12:36,067] [INFO] [base._test_info] -> Current test: 352
[2016-10-18 13:12:36,067] [INFO] [server.transmit] -> request(64): 474554202f696e6465782e68746d6c20485454502f312e310d0a0d0a0d0a0d0a0d0a0d0a0d0a0d0a0d0a0d0a0d0a0d0a0d0a ...
[2016-10-18 13:12:36,584] [INFO] [base._test_info] -> Current test: 353
[2016-10-18 13:12:36,585] [INFO] [server.transmit] -> request(424): 474554202f696e6465782e68746d6c20485454502f312e310d0a0d0a0d0a0d0a0d0a0d0a0d0a0d0a0d0a0d0a0d0a0d0a0d0a ...
[2016-10-18 13:12:37,095] [INFO] [base._test_info] -> Current test: 354
[2016-10-18 13:12:37,095] [INFO] [server.transmit] -> request(29): 474554202f696e6465782e68746d6c20485454502f312e310d0a0d0afe
[2016-10-18 13:12:37,606] [INFO] [base._test_info] -> Current test: 356
[2016-10-18 13:12:37,608] [INFO] [server.transmit] -> request(29): 474554202f696e6465782e68746d6c20485454502f312e310d0a000d0a
[2016-10-18 13:12:38,126] [INFO] [base._test_info] -> Current test: 357
[2016-10-18 13:12:38,128] [INFO] [server.transmit] -> request(29): 474554202f696e6465782e68746d6c20485454502f312e310d0a0d0a00
[2016-10-18 13:12:38,639] [INFO] [base._test_info] -> Current test: 358
[2016-10-18 13:12:38,640] [INFO] [server.transmit] -> request(28): 474554202f696e6465782e68746d6c20485454502f312e3120202020
[2016-10-18 13:12:39,147] [INFO] [base._test_info] -> Current test: 359
[2016-10-18 13:12:39,148] [INFO] [server.transmit] -> request(28): 474554202f696e6465782e68746d6c20485454502f312e3109090909
[2016-10-18 13:12:39,659] [INFO] [base._test_info] -> Current test: 360
[2016-10-18 13:12:39,660] [INFO] [server.transmit] -> request(28): 474554202f696e6465782e68746d6c20485454502f312e3121212121
[2016-10-18 13:12:40,168] [INFO] [base._test_info] -> Current test: 361
[2016-10-18 13:12:40,169] [INFO] [server.transmit] -> request(28): 474554202f696e6465782e68746d6c20485454502f312e3140404040
[2016-10-18 13:12:40,682] [INFO] [base._test_info] -> Current test: 362
[2016-10-18 13:12:40,683] [INFO] [server.transmit] -> request(28): 474554202f696e6465782e68746d6c20485454502f312e3123232323
[2016-10-18 13:12:41,195] [INFO] [base._test_info] -> Current test: 363
[2016-10-18 13:12:41,196] [INFO] [server.transmit] -> request(28): 474554202f696e6465782e68746d6c20485454502f312e3124242424
[2016-10-18 13:12:41,703] [INFO] [base._test_info] -> Current test: 364
[2016-10-18 13:12:41,703] [INFO] [server.transmit] -> request(28): 474554202f696e6465782e68746d6c20485454502f312e3125252525
[2016-10-18 13:12:42,214] [INFO] [base._test_info] -> Current test: 365
[2016-10-18 13:12:42,214] [INFO] [server.transmit] -> request(28): 474554202f696e6465782e68746d6c20485454502f312e315e5e5e5e
[2016-10-18 13:12:42,721] [INFO] [base._test_info] -> Current test: 366
[2016-10-18 13:12:42,722] [INFO] [server.transmit] -> request(28): 474554202f696e6465782e68746d6c20485454502f312e3126262626
[2016-10-18 13:12:43,237] [INFO] [base._test_info] -> Current test: 367
[2016-10-18 13:12:43,237] [INFO] [server.transmit] -> request(28): 474554202f696e6465782e68746d6c20485454502f312e312a2a2a2a
[2016-10-18 13:12:43,743] [INFO] [base._test_info] -> Current test: 368
[2016-10-18 13:12:43,743] [INFO] [server.transmit] -> request(28): 474554202f696e6465782e68746d6c20485454502f312e3128282828
[2016-10-18 13:12:44,249] [INFO] [base._test_info] -> Current test: 369
[2016-10-18 13:12:44,250] [INFO] [server.transmit] -> request(28): 474554202f696e6465782e68746d6c20485454502f312e3129292929
[2016-10-18 13:12:44,756] [INFO] [base._test_info] -> Current test: 370
[2016-10-18 13:12:44,756] [INFO] [server.transmit] -> request(28): 474554202f696e6465782e68746d6c20485454502f312e312d2d2d2d
[2016-10-18 13:12:45,267] [INFO] [base._test_info] -> Current test: 371
[2016-10-18 13:12:45,267] [INFO] [server.transmit] -> request(28): 474554202f696e6465782e68746d6c20485454502f312e315f5f5f5f
[2016-10-18 13:12:45,780] [INFO] [base._test_info] -> Current test: 372
[2016-10-18 13:12:45,781] [INFO] [server.transmit] -> request(28): 474554202f696e6465782e68746d6c20485454502f312e312b2b2b2b
[2016-10-18 13:12:46,291] [INFO] [base._test_info] -> Current test: 373
[2016-10-18 13:12:46,292] [INFO] [server.transmit] -> request(28): 474554202f696e6465782e68746d6c20485454502f312e313d3d3d3d
[2016-10-18 13:12:46,803] [INFO] [base._test_info] -> Current test: 374
[2016-10-18 13:12:46,804] [INFO] [server.transmit] -> request(28): 474554202f696e6465782e68746d6c20485454502f312e313a3a3a3a
[2016-10-18 13:12:47,324] [INFO] [base._test_info] -> Current test: 375
[2016-10-18 13:12:47,325] [INFO] [server.transmit] -> request(28): 474554202f696e6465782e68746d6c20485454502f312e313b3b3b3b
[2016-10-18 13:12:47,832] [INFO] [base._test_info] -> Current test: 376
[2016-10-18 13:12:47,832] [INFO] [server.transmit] -> request(28): 474554202f696e6465782e68746d6c20485454502f312e3127272727
[2016-10-18 13:12:48,339] [INFO] [base._test_info] -> Current test: 377
[2016-10-18 13:12:48,340] [INFO] [server.transmit] -> request(28): 474554202f696e6465782e68746d6c20485454502f312e3122222222
[2016-10-18 13:12:48,849] [INFO] [base._test_info] -> Current test: 378
[2016-10-18 13:12:48,850] [INFO] [server.transmit] -> request(28): 474554202f696e6465782e68746d6c20485454502f312e312f2f2f2f
[2016-10-18 13:12:49,357] [INFO] [base._test_info] -> Current test: 379
[2016-10-18 13:12:49,358] [INFO] [server.transmit] -> request(28): 474554202f696e6465782e68746d6c20485454502f312e315c5c5c5c
[2016-10-18 13:12:49,867] [INFO] [base._test_info] -> Current test: 380
[2016-10-18 13:12:49,868] [INFO] [server.transmit] -> request(28): 474554202f696e6465782e68746d6c20485454502f312e313f3f3f3f
[2016-10-18 13:12:50,383] [INFO] [base._test_info] -> Current test: 381
[2016-10-18 13:12:50,385] [INFO] [server.transmit] -> request(28): 474554202f696e6465782e68746d6c20485454502f312e313c3c3c3c
[2016-10-18 13:12:50,892] [INFO] [base._test_info] -> Current test: 382
[2016-10-18 13:12:50,892] [INFO] [server.transmit] -> request(28): 474554202f696e6465782e68746d6c20485454502f312e313e3e3e3e
[2016-10-18 13:12:51,398] [INFO] [base._test_info] -> Current test: 383
[2016-10-18 13:12:51,398] [INFO] [server.transmit] -> request(28): 474554202f696e6465782e68746d6c20485454502f312e312e2e2e2e
[2016-10-18 13:12:51,911] [INFO] [base._test_info] -> Current test: 384
[2016-10-18 13:12:51,913] [INFO] [server.transmit] -> request(28): 474554202f696e6465782e68746d6c20485454502f312e312c2c2c2c
[2016-10-18 13:12:52,429] [INFO] [base._test_info] -> Current test: 385
[2016-10-18 13:12:52,430] [INFO] [server.transmit] -> request(28): 474554202f696e6465782e68746d6c20485454502f312e310d0d0d0d
[2016-10-18 13:12:52,940] [INFO] [base._test_info] -> Current test: 386
[2016-10-18 13:12:52,940] [INFO] [server.transmit] -> request(28): 474554202f696e6465782e68746d6c20485454502f312e310a0a0a0a
[2016-10-18 13:12:53,446] [INFO] [base._test_info] -> Current test: 387
[2016-10-18 13:12:53,446] [INFO] [server.transmit] -> request(40): 474554202f696e6465782e68746d6c20485454502f312e310d0a0d0a0d0a0d0a0d0a0d0a0d0a0d0a
[2016-10-18 13:12:53,955] [INFO] [base._test_info] -> Current test: 388
[2016-10-18 13:12:53,955] [INFO] [server.transmit] -> request(48): 474554202f696e6465782e68746d6c20485454502f312e31090d0a090d0a090d0a090d0a090d0a090d0a090d0a090d0a
[2016-10-18 13:12:54,463] [INFO] [base._test_info] -> Current test: 389
[2016-10-18 13:12:54,463] [INFO] [server.transmit] -> request(24): 474554202f696e6465782e68746d6c20485454502f312e31
[2016-10-18 13:12:54,967] [INFO] [base._end_message] -> 
                         --------------------------------------------------
                         Finished fuzzing session
                         Target: TcpTarget

                         Tested 390 mutations
                         Mutation range: 0 to 389
                         Failure count: 0
                         --------------------------------------------------
            
