[2016-11-18 14:19:56,257] [INFO] [base._load_session] -> No session loaded
[2016-11-18 14:19:56,257] [INFO] [graph.hash] -> hash of template HTTP_TRACE_REQUEST_BASIC is -646583478009284985
[2016-11-18 14:19:56,257] [INFO] [graph.hash] -> hash of model is -4484745499982611787
[2016-11-18 14:19:56,258] [INFO] [base._start_message] -> 
                 --------------------------------------------------
                 Starting fuzzing session
                 Target: TcpTarget
                 UI: WebInterface listening on 0.0.0.0:26000
                 Log: ./kittylogs/kitty_20161118-141956.log

                 Total possible mutation count: 260
                 Fuzzing the mutation range: 0 to 259
                 --------------------------------------------------
                                 Happy hacking
                 --------------------------------------------------
            
[2016-11-18 14:19:56,258] [INFO] [base.start] -> Performing environment test
[2016-11-18 14:19:56,260] [INFO] [base._test_info] -> Current test: -1
[2016-11-18 14:19:56,260] [INFO] [server.transmit] -> request(42): 5452414345202f20485454502f312e310d0a486f73743a203132372e302e302e313a383038380d0a0d0a
[2016-11-18 14:19:56,763] [INFO] [server._start] -> should keep running? True
[2016-11-18 14:19:56,774] [INFO] [base._test_info] -> Current test: 0
[2016-11-18 14:19:56,777] [INFO] [server.transmit] -> request(47): 5452414345202f20485454502f312e310d0a486f73743a486f73743a203132372e302e302e313a383038380d0a0d0a
[2016-11-18 14:19:57,701] [INFO] [base._test_info] -> Current test: 1
[2016-11-18 14:19:57,702] [INFO] [server.transmit] -> request(87): 5452414345202f20485454502f312e310d0a486f73743a486f73743a486f73743a486f73743a486f73743a486f73743a486f ...
[2016-11-18 14:19:58,616] [INFO] [base._test_info] -> Current test: 2
[2016-11-18 14:19:58,618] [INFO] [server.transmit] -> request(537): 5452414345202f20485454502f312e310d0a486f73743a486f73743a486f73743a486f73743a486f73743a486f73743a486f ...
[2016-11-18 14:19:59,529] [INFO] [base._test_info] -> Current test: 3
[2016-11-18 14:19:59,529] [INFO] [server.transmit] -> request(43): 5452414345202f20485454502f312e310d0a486f73743afe203132372e302e302e313a383038380d0a0d0a
[2016-11-18 14:20:00,435] [INFO] [base._test_info] -> Current test: 4
[2016-11-18 14:20:00,435] [INFO] [server.transmit] -> request(43): 5452414345202f20485454502f312e310d0a00486f73743a203132372e302e302e313a383038380d0a0d0a
[2016-11-18 14:20:01,346] [INFO] [base._test_info] -> Current test: 5
[2016-11-18 14:20:01,347] [INFO] [server.transmit] -> request(43): 5452414345202f20485454502f312e310d0a486f0073743a203132372e302e302e313a383038380d0a0d0a
[2016-11-18 14:20:02,263] [INFO] [base._test_info] -> Current test: 6
[2016-11-18 14:20:02,263] [INFO] [server.transmit] -> request(43): 5452414345202f20485454502f312e310d0a486f73743a00203132372e302e302e313a383038380d0a0d0a
[2016-11-18 14:20:03,178] [INFO] [base._test_info] -> Current test: 7
[2016-11-18 14:20:03,180] [INFO] [server.transmit] -> request(37): 5452414345202f20485454502f312e310d0a203132372e302e302e313a383038380d0a0d0a
[2016-11-18 14:20:04,096] [INFO] [base._test_info] -> Current test: 8
[2016-11-18 14:20:04,097] [INFO] [server.transmit] -> request(2085): 5452414345202f20485454502f312e310d0a2573257325732573257325732573257325732573257325732573257325732573 ...
[2016-11-18 14:20:05,005] [INFO] [base._test_info] -> Current test: 9
[2016-11-18 14:20:05,005] [INFO] [server.transmit] -> request(293): 5452414345202f20485454502f312e310d0a2573257325732573257325732573257325732573257325732573257325732573 ...
[2016-11-18 14:20:05,915] [INFO] [base._test_info] -> Current test: 10
[2016-11-18 14:20:05,916] [INFO] [server.transmit] -> request(69): 5452414345202f20485454502f312e310d0a2573257325732573257325732573257325732573257325732573257325732573 ...
[2016-11-18 14:20:06,827] [INFO] [base._test_info] -> Current test: 11
[2016-11-18 14:20:06,827] [INFO] [server.transmit] -> request(41): 5452414345202f20485454502f312e310d0a25732573203132372e302e302e313a383038380d0a0d0a
[2016-11-18 14:20:07,736] [INFO] [base._test_info] -> Current test: 12
[2016-11-18 14:20:07,736] [INFO] [server.transmit] -> request(3109): 5452414345202f20485454502f312e310d0a2525732525732525732525732525732525732525732525732525732525732525 ...
[2016-11-18 14:20:08,655] [INFO] [base._test_info] -> Current test: 13
[2016-11-18 14:20:08,657] [INFO] [server.transmit] -> request(421): 5452414345202f20485454502f312e310d0a2525732525732525732525732525732525732525732525732525732525732525 ...
[2016-11-18 14:20:09,574] [INFO] [base._test_info] -> Current test: 14
[2016-11-18 14:20:09,574] [INFO] [server.transmit] -> request(85): 5452414345202f20485454502f312e310d0a2525732525732525732525732525732525732525732525732525732525732525 ...
[2016-11-18 14:20:10,489] [INFO] [base._test_info] -> Current test: 15
[2016-11-18 14:20:10,490] [INFO] [server.transmit] -> request(43): 5452414345202f20485454502f312e310d0a252573252573203132372e302e302e313a383038380d0a0d0a
[2016-11-18 14:20:11,405] [INFO] [base._test_info] -> Current test: 16
[2016-11-18 14:20:11,406] [INFO] [server.transmit] -> request(4133): 5452414345202f20485454502f312e310d0a2225732222257322222573222225732222257322222573222225732222257322 ...
[2016-11-18 14:20:12,317] [INFO] [base._test_info] -> Current test: 17
[2016-11-18 14:20:12,317] [INFO] [server.transmit] -> request(549): 5452414345202f20485454502f312e310d0a2225732222257322222573222225732222257322222573222225732222257322 ...
[2016-11-18 14:20:13,227] [INFO] [base._test_info] -> Current test: 18
[2016-11-18 14:20:13,227] [INFO] [server.transmit] -> request(101): 5452414345202f20485454502f312e310d0a2225732222257322222573222225732222257322222573222225732222257322 ...
[2016-11-18 14:20:14,145] [INFO] [base._test_info] -> Current test: 19
[2016-11-18 14:20:14,146] [INFO] [server.transmit] -> request(45): 5452414345202f20485454502f312e310d0a2225732222257322203132372e302e302e313a383038380d0a0d0a
[2016-11-18 14:20:15,067] [INFO] [base._test_info] -> Current test: 20
[2016-11-18 14:20:15,069] [INFO] [server.transmit] -> request(2085): 5452414345202f20485454502f312e310d0a256e256e256e256e256e256e256e256e256e256e256e256e256e256e256e256e ...
[2016-11-18 14:20:15,987] [INFO] [base._test_info] -> Current test: 21
[2016-11-18 14:20:15,988] [INFO] [server.transmit] -> request(293): 5452414345202f20485454502f312e310d0a256e256e256e256e256e256e256e256e256e256e256e256e256e256e256e256e ...
[2016-11-18 14:20:16,895] [INFO] [base._test_info] -> Current test: 22
[2016-11-18 14:20:16,895] [INFO] [server.transmit] -> request(69): 5452414345202f20485454502f312e310d0a256e256e256e256e256e256e256e256e256e256e256e256e256e256e256e256e ...
[2016-11-18 14:20:17,810] [INFO] [base._test_info] -> Current test: 23
[2016-11-18 14:20:17,811] [INFO] [server.transmit] -> request(41): 5452414345202f20485454502f312e310d0a256e256e203132372e302e302e313a383038380d0a0d0a
[2016-11-18 14:20:18,725] [INFO] [base._test_info] -> Current test: 24
[2016-11-18 14:20:18,725] [INFO] [server.transmit] -> request(3109): 5452414345202f20485454502f312e310d0a25256e25256e25256e25256e25256e25256e25256e25256e25256e25256e2525 ...
[2016-11-18 14:20:19,634] [INFO] [base._test_info] -> Current test: 25
[2016-11-18 14:20:19,634] [INFO] [server.transmit] -> request(421): 5452414345202f20485454502f312e310d0a25256e25256e25256e25256e25256e25256e25256e25256e25256e25256e2525 ...
[2016-11-18 14:20:20,544] [INFO] [base._test_info] -> Current test: 26
[2016-11-18 14:20:20,545] [INFO] [server.transmit] -> request(85): 5452414345202f20485454502f312e310d0a25256e25256e25256e25256e25256e25256e25256e25256e25256e25256e2525 ...
[2016-11-18 14:20:21,456] [INFO] [base._test_info] -> Current test: 27
[2016-11-18 14:20:21,457] [INFO] [server.transmit] -> request(43): 5452414345202f20485454502f312e310d0a25256e25256e203132372e302e302e313a383038380d0a0d0a
[2016-11-18 14:20:22,369] [INFO] [base._test_info] -> Current test: 28
[2016-11-18 14:20:22,370] [INFO] [server.transmit] -> request(4133): 5452414345202f20485454502f312e310d0a22256e2222256e2222256e2222256e2222256e2222256e2222256e2222256e22 ...
[2016-11-18 14:20:23,286] [INFO] [base._test_info] -> Current test: 29
[2016-11-18 14:20:23,288] [INFO] [server.transmit] -> request(549): 5452414345202f20485454502f312e310d0a22256e2222256e2222256e2222256e2222256e2222256e2222256e2222256e22 ...
[2016-11-18 14:20:24,210] [INFO] [base._test_info] -> Current test: 30
[2016-11-18 14:20:24,214] [INFO] [server.transmit] -> request(101): 5452414345202f20485454502f312e310d0a22256e2222256e2222256e2222256e2222256e2222256e2222256e2222256e22 ...
[2016-11-18 14:20:25,136] [INFO] [base._test_info] -> Current test: 31
[2016-11-18 14:20:25,138] [INFO] [server.transmit] -> request(45): 5452414345202f20485454502f312e310d0a22256e2222256e22203132372e302e302e313a383038380d0a0d0a
[2016-11-18 14:20:26,053] [INFO] [base._test_info] -> Current test: 32
[2016-11-18 14:20:26,053] [INFO] [server.transmit] -> request(51): 5452414345202f20485454502f312e310d0a252e31363730357525325c24686e203132372e302e302e313a383038380d0a0d ...
[2016-11-18 14:20:26,969] [INFO] [base._test_info] -> Current test: 33
[2016-11-18 14:20:26,972] [INFO] [server.transmit] -> request(2085): 5452414345202f20485454502f312e310d0a0d0a0d0a0d0a0d0a0d0a0d0a0d0a0d0a0d0a0d0a0d0a0d0a0d0a0d0a0d0a0d0a ...
[2016-11-18 14:20:27,887] [INFO] [base._test_info] -> Current test: 34
[2016-11-18 14:20:27,887] [INFO] [server.transmit] -> request(293): 5452414345202f20485454502f312e310d0a0d0a0d0a0d0a0d0a0d0a0d0a0d0a0d0a0d0a0d0a0d0a0d0a0d0a0d0a0d0a0d0a ...
[2016-11-18 14:20:28,803] [INFO] [base._test_info] -> Current test: 35
[2016-11-18 14:20:28,805] [INFO] [server.transmit] -> request(69): 5452414345202f20485454502f312e310d0a0d0a0d0a0d0a0d0a0d0a0d0a0d0a0d0a0d0a0d0a0d0a0d0a0d0a0d0a0d0a0d0a ...
[2016-11-18 14:20:29,733] [INFO] [base._test_info] -> Current test: 36
[2016-11-18 14:20:29,735] [INFO] [server.transmit] -> request(41): 5452414345202f20485454502f312e310d0a0d0a0d0a203132372e302e302e313a383038380d0a0d0a
[2016-11-18 14:20:30,657] [INFO] [base._test_info] -> Current test: 37
[2016-11-18 14:20:30,657] [INFO] [server.transmit] -> request(1061): 5452414345202f20485454502f312e310d0a0a0a0a0a0a0a0a0a0a0a0a0a0a0a0a0a0a0a0a0a0a0a0a0a0a0a0a0a0a0a0a0a ...
[2016-11-18 14:20:31,572] [INFO] [base._test_info] -> Current test: 38
[2016-11-18 14:20:31,572] [INFO] [server.transmit] -> request(165): 5452414345202f20485454502f312e310d0a0a0a0a0a0a0a0a0a0a0a0a0a0a0a0a0a0a0a0a0a0a0a0a0a0a0a0a0a0a0a0a0a ...
[2016-11-18 14:20:32,498] [INFO] [base._test_info] -> Current test: 39
[2016-11-18 14:20:32,500] [INFO] [server.transmit] -> request(53): 5452414345202f20485454502f312e310d0a0a0a0a0a0a0a0a0a0a0a0a0a0a0a0a0a203132372e302e302e313a383038380d ...
[2016-11-18 14:20:33,417] [INFO] [base._test_info] -> Current test: 40
[2016-11-18 14:20:33,418] [INFO] [server.transmit] -> request(39): 5452414345202f20485454502f312e310d0a0a0a203132372e302e302e313a383038380d0a0d0a
[2016-11-18 14:20:34,341] [INFO] [base._test_info] -> Current test: 41
[2016-11-18 14:20:34,343] [INFO] [server.transmit] -> request(4133): 5452414345202f20485454502f312e310d0adeadbeefdeadbeefdeadbeefdeadbeefdeadbeefdeadbeefdeadbeefdeadbeef ...
[2016-11-18 14:20:35,264] [INFO] [base._test_info] -> Current test: 42
[2016-11-18 14:20:35,266] [INFO] [server.transmit] -> request(549): 5452414345202f20485454502f312e310d0adeadbeefdeadbeefdeadbeefdeadbeefdeadbeefdeadbeefdeadbeefdeadbeef ...
[2016-11-18 14:20:36,189] [INFO] [base._test_info] -> Current test: 43
[2016-11-18 14:20:36,191] [INFO] [server.transmit] -> request(101): 5452414345202f20485454502f312e310d0adeadbeefdeadbeefdeadbeefdeadbeefdeadbeefdeadbeefdeadbeefdeadbeef ...
[2016-11-18 14:20:37,105] [INFO] [base._test_info] -> Current test: 44
[2016-11-18 14:20:37,105] [INFO] [server.transmit] -> request(45): 5452414345202f20485454502f312e310d0adeadbeefdeadbeef203132372e302e302e313a383038380d0a0d0a
[2016-11-18 14:20:38,014] [INFO] [base._test_info] -> Current test: 45
[2016-11-18 14:20:38,014] [INFO] [server.transmit] -> request(54): 5452414345202f20485454502f312e310d0a7c746f756368202f746d702f4b49545459203132372e302e302e313a38303838 ...
[2016-11-18 14:20:38,930] [INFO] [base._test_info] -> Current test: 46
[2016-11-18 14:20:38,931] [INFO] [server.transmit] -> request(55): 5452414345202f20485454502f312e310d0a3b746f756368202f746d702f4b495454593b203132372e302e302e313a383038 ...
[2016-11-18 14:20:39,848] [INFO] [base._test_info] -> Current test: 47
[2016-11-18 14:20:39,848] [INFO] [server.transmit] -> request(51): 5452414345202f20485454502f312e310d0a3b6c733e2f746d702f4b49545459203132372e302e302e313a383038380d0a0d ...
[2016-11-18 14:20:40,760] [INFO] [base._test_info] -> Current test: 48
[2016-11-18 14:20:40,761] [INFO] [server.transmit] -> request(66): 5452414345202f20485454502f312e310d0a223b6c733e2f746d702f4b495454593b6c733e2f6465762f6e756c6c22203132 ...
[2016-11-18 14:20:41,680] [INFO] [base._test_info] -> Current test: 49
[2016-11-18 14:20:41,683] [INFO] [server.transmit] -> request(67): 5452414345202f20485454502f312e310d0a273b6c733e2f746d702f4b495454593b6c733e272f6465762f6e756c6c272031 ...
[2016-11-18 14:20:42,602] [INFO] [base._test_info] -> Current test: 50
[2016-11-18 14:20:42,603] [INFO] [server.transmit] -> request(52): 5452414345202f20485454502f312e310d0a606c733e2f746d702f4b4954545960203132372e302e302e313a383038380d0a ...
[2016-11-18 14:20:43,513] [INFO] [base._test_info] -> Current test: 51
[2016-11-18 14:20:43,514] [INFO] [server.transmit] -> request(53): 5452414345202f20485454502f312e310d0a20606c733e2f746d702f4b4954545960203132372e302e302e313a383038380d ...
[2016-11-18 14:20:44,431] [INFO] [base._test_info] -> Current test: 52
[2016-11-18 14:20:44,433] [INFO] [server.transmit] -> request(45): 5452414345202f20485454502f312e310d0a7c6e6f7465706164203132372e302e302e313a383038380d0a0d0a
[2016-11-18 14:20:45,354] [INFO] [base._test_info] -> Current test: 53
[2016-11-18 14:20:45,357] [INFO] [server.transmit] -> request(46): 5452414345202f20485454502f312e310d0a3b6e6f74657061643b203132372e302e302e313a383038380d0a0d0a
[2016-11-18 14:20:46,269] [INFO] [base._test_info] -> Current test: 54
[2016-11-18 14:20:46,269] [INFO] [server.transmit] -> request(46): 5452414345202f20485454502f312e310d0a0a6e6f74657061640a203132372e302e302e313a383038380d0a0d0a
[2016-11-18 14:20:47,183] [INFO] [base._test_info] -> Current test: 55
[2016-11-18 14:20:47,184] [INFO] [server.transmit] -> request(48): 5452414345202f20485454502f312e310d0a27206f7220313d31202d2d203132372e302e302e313a383038380d0a0d0a
[2016-11-18 14:20:48,104] [INFO] [base._test_info] -> Current test: 56
[2016-11-18 14:20:48,105] [INFO] [server.transmit] -> request(54): 5452414345202f20485454502f312e310d0a273b20646573632075736572733b202d2d203132372e302e302e313a38303838 ...
[2016-11-18 14:20:49,018] [INFO] [base._test_info] -> Current test: 57
[2016-11-18 14:20:49,018] [INFO] [server.transmit] -> request(78): 5452414345202f20485454502f312e310d0a27206f7220757365726e616d65206973206e6f74204e554c4c206f7220757365 ...
[2016-11-18 14:20:49,928] [INFO] [base._test_info] -> Current test: 58
[2016-11-18 14:20:49,929] [INFO] [server.transmit] -> request(109): 5452414345202f20485454502f312e310d0a3120756e696f6e20616c6c2073656c65637420312c322c332c342c352c362c6e ...
[2016-11-18 14:20:50,843] [INFO] [base._test_info] -> Current test: 59
[2016-11-18 14:20:50,845] [INFO] [server.transmit] -> request(48): 5452414345202f20485454502f312e310d0a60206f72206031603d6031203132372e302e302e313a383038380d0a0d0a
[2016-11-18 14:20:51,757] [INFO] [base._test_info] -> Current test: 60
[2016-11-18 14:20:51,757] [INFO] [server.transmit] -> request(48): 5452414345202f20485454502f312e310d0a27206f72202731273d2731203132372e302e302e313a383038380d0a0d0a
[2016-11-18 14:20:52,671] [INFO] [base._test_info] -> Current test: 61
[2016-11-18 14:20:52,673] [INFO] [server.transmit] -> request(39): 5452414345202f20485454502f312e310d0a4141203132372e302e302e313a383038380d0a0d0a
[2016-11-18 14:20:53,593] [INFO] [base._test_info] -> Current test: 62
[2016-11-18 14:20:53,594] [INFO] [server.transmit] -> request(47): 5452414345202f20485454502f312e310d0a41414141414141414141203132372e302e302e313a383038380d0a0d0a
[2016-11-18 14:20:54,516] [INFO] [base._test_info] -> Current test: 63
[2016-11-18 14:20:54,518] [INFO] [server.transmit] -> request(137): 5452414345202f20485454502f312e310d0a4141414141414141414141414141414141414141414141414141414141414141 ...
[2016-11-18 14:20:55,436] [INFO] [base._test_info] -> Current test: 64
[2016-11-18 14:20:55,438] [INFO] [server.transmit] -> request(1037): 5452414345202f20485454502f312e310d0a4141414141414141414141414141414141414141414141414141414141414141 ...
[2016-11-18 14:20:56,358] [INFO] [base._test_info] -> Current test: 65
[2016-11-18 14:20:56,359] [INFO] [server.transmit] -> request(5037): 5452414345202f20485454502f312e310d0a4141414141414141414141414141414141414141414141414141414141414141 ...
[2016-11-18 14:20:57,281] [INFO] [base._test_info] -> Current test: 66
[2016-11-18 14:20:57,283] [INFO] [server.transmit] -> request(10037): 5452414345202f20485454502f312e310d0a4141414141414141414141414141414141414141414141414141414141414141 ...
[2016-11-18 14:20:58,196] [INFO] [base._test_info] -> Current test: 67
[2016-11-18 14:20:58,196] [INFO] [server.transmit] -> request(48): 5452414345202f20485454502f312e310d0a2f6574632f706173737764203132372e302e302e313a383038380d0a0d0a
[2016-11-18 14:20:59,104] [INFO] [base._test_info] -> Current test: 68
[2016-11-18 14:20:59,105] [INFO] [server.transmit] -> request(91): 5452414345202f20485454502f312e310d0a2e2f2e2e2f2e2e2f2e2e2f2e2e2f2e2e2f2e2e2f2e2e2f2e2e2f2e2e2f2e2e2f ...
[2016-11-18 14:21:00,024] [INFO] [base._test_info] -> Current test: 69
[2016-11-18 14:21:00,025] [INFO] [server.transmit] -> request(89): 5452414345202f20485454502f312e310d0a2e2e2f2e2e2f2e2e2f2e2e2f2e2e2f2e2e2f2e2e2f2e2e2f2e2e2f2e2e2f2e2e ...
[2016-11-18 14:21:00,938] [INFO] [base._test_info] -> Current test: 70
[2016-11-18 14:21:00,938] [INFO] [server.transmit] -> request(50): 5452414345202f20485454502f312e310d0a2f70726f632f637075696e666f203132372e302e302e313a383038380d0a0d0a ...
[2016-11-18 14:21:01,848] [INFO] [base._test_info] -> Current test: 71
[2016-11-18 14:21:01,848] [INFO] [server.transmit] -> request(93): 5452414345202f20485454502f312e310d0a2e2f2e2e2f2e2e2f2e2e2f2e2e2f2e2e2f2e2e2f2e2e2f2e2e2f2e2e2f2e2e2f ...
[2016-11-18 14:21:02,767] [INFO] [base._test_info] -> Current test: 72
[2016-11-18 14:21:02,769] [INFO] [server.transmit] -> request(91): 5452414345202f20485454502f312e310d0a2e2e2f2e2e2f2e2e2f2e2e2f2e2e2f2e2e2f2e2e2f2e2e2f2e2e2f2e2e2f2e2e ...
[2016-11-18 14:21:03,688] [INFO] [base._test_info] -> Current test: 73
[2016-11-18 14:21:03,689] [INFO] [server.transmit] -> request(47): 5452414345202f20485454502f312e310d0a7e2f2e70726f66696c65203132372e302e302e313a383038380d0a0d0a
[2016-11-18 14:21:04,607] [INFO] [base._test_info] -> Current test: 74
[2016-11-18 14:21:04,609] [INFO] [server.transmit] -> request(51): 5452414345202f20485454502f312e310d0a24484f4d452f2e70726f66696c65203132372e302e302e313a383038380d0a0d ...
[2016-11-18 14:21:05,527] [INFO] [base._test_info] -> Current test: 75
[2016-11-18 14:21:05,529] [INFO] [server.transmit] -> request(82): 5452414345202f20485454502f312e310d0a2f2e2e2f2e2e2f2e2e2f2e2e2f2e2e2f2e2e2f2e2e2f2e2e2f2e2e2f2e2e2f2e ...
[2016-11-18 14:21:06,449] [INFO] [base._test_info] -> Current test: 76
[2016-11-18 14:21:06,451] [INFO] [server.transmit] -> request(1061): 5452414345202f20485454502f312e310d0a2f5c2f5c2f5c2f5c2f5c2f5c2f5c2f5c2f5c2f5c2f5c2f5c2f5c2f5c2f5c2f5c ...
[2016-11-18 14:21:07,378] [INFO] [base._test_info] -> Current test: 77
[2016-11-18 14:21:07,378] [INFO] [server.transmit] -> request(165): 5452414345202f20485454502f312e310d0a2f5c2f5c2f5c2f5c2f5c2f5c2f5c2f5c2f5c2f5c2f5c2f5c2f5c2f5c2f5c2f5c ...
[2016-11-18 14:21:08,285] [INFO] [base._test_info] -> Current test: 78
[2016-11-18 14:21:08,286] [INFO] [server.transmit] -> request(53): 5452414345202f20485454502f312e310d0a2f5c2f5c2f5c2f5c2f5c2f5c2f5c2f5c203132372e302e302e313a383038380d ...
[2016-11-18 14:21:09,201] [INFO] [base._test_info] -> Current test: 79
[2016-11-18 14:21:09,202] [INFO] [server.transmit] -> request(1061): 5452414345202f20485454502f312e310d0a2f2e2f2e2f2e2f2e2f2e2f2e2f2e2f2e2f2e2f2e2f2e2f2e2f2e2f2e2f2e2f2e ...
[2016-11-18 14:21:10,128] [INFO] [base._test_info] -> Current test: 80
[2016-11-18 14:21:10,129] [INFO] [server.transmit] -> request(165): 5452414345202f20485454502f312e310d0a2f2e2f2e2f2e2f2e2f2e2f2e2f2e2f2e2f2e2f2e2f2e2f2e2f2e2f2e2f2e2f2e ...
[2016-11-18 14:21:11,036] [INFO] [base._test_info] -> Current test: 81
[2016-11-18 14:21:11,037] [INFO] [server.transmit] -> request(53): 5452414345202f20485454502f312e310d0a2f2e2f2e2f2e2f2e2f2e2f2e2f2e2f2e203132372e302e302e313a383038380d ...
[2016-11-18 14:21:11,951] [INFO] [base._test_info] -> Current test: 82
[2016-11-18 14:21:11,953] [INFO] [server.transmit] -> request(66): 5452414345202f20485454502f312e310d0a2140232425255e2324252324402324252424402324255e5e2a2a282829203132 ...
[2016-11-18 14:21:12,875] [INFO] [base._test_info] -> Current test: 83
[2016-11-18 14:21:12,877] [INFO] [server.transmit] -> request(62): 5452414345202f20485454502f312e310d0a25303125303225303325303425306125306425306141445346203132372e302e ...
[2016-11-18 14:21:13,796] [INFO] [base._test_info] -> Current test: 84
[2016-11-18 14:21:13,797] [INFO] [server.transmit] -> request(63): 5452414345202f20485454502f312e310d0a2530312530322530334025303425306125306425306141445346203132372e30 ...
[2016-11-18 14:21:14,716] [INFO] [base._test_info] -> Current test: 85
[2016-11-18 14:21:14,718] [INFO] [server.transmit] -> request(42): 5452414345202f20485454502f312e310d0a2f2530302f203132372e302e302e313a383038380d0a0d0a
[2016-11-18 14:21:15,638] [INFO] [base._test_info] -> Current test: 86
[2016-11-18 14:21:15,639] [INFO] [server.transmit] -> request(41): 5452414345202f20485454502f312e310d0a2530302f203132372e302e302e313a383038380d0a0d0a
[2016-11-18 14:21:16,555] [INFO] [base._test_info] -> Current test: 87
[2016-11-18 14:21:16,556] [INFO] [server.transmit] -> request(40): 5452414345202f20485454502f312e310d0a253030203132372e302e302e313a383038380d0a0d0a
[2016-11-18 14:21:17,464] [INFO] [base._test_info] -> Current test: 88
[2016-11-18 14:21:17,465] [INFO] [server.transmit] -> request(43): 5452414345202f20485454502f312e310d0a257530303030203132372e302e302e313a383038380d0a0d0a
[2016-11-18 14:21:18,380] [INFO] [base._test_info] -> Current test: 89
[2016-11-18 14:21:18,381] [INFO] [server.transmit] -> request(229): 5452414345202f20485454502f312e310d0a25fef02501ff25fef02501ff25fef02501ff25fef02501ff25fef02501ff25fe ...
[2016-11-18 14:21:19,302] [INFO] [base._test_info] -> Current test: 90
[2016-11-18 14:21:19,302] [INFO] [server.transmit] -> request(61): 5452414345202f20485454502f312e310d0a25fef02501ff25fef02501ff25fef02501ff25fef02501ff203132372e302e30 ...
[2016-11-18 14:21:20,209] [INFO] [base._test_info] -> Current test: 91
[2016-11-18 14:21:20,209] [INFO] [server.transmit] -> request(43): 5452414345202f20485454502f312e310d0a486f73743a20203132372e302e302e313a383038380d0a0d0a
[2016-11-18 14:21:21,123] [INFO] [base._test_info] -> Current test: 92
[2016-11-18 14:21:21,125] [INFO] [server.transmit] -> request(51): 5452414345202f20485454502f312e310d0a486f73743a202020202020202020203132372e302e302e313a383038380d0a0d ...
[2016-11-18 14:21:22,038] [INFO] [base._test_info] -> Current test: 93
[2016-11-18 14:21:22,039] [INFO] [server.transmit] -> request(141): 5452414345202f20485454502f312e310d0a486f73743a202020202020202020202020202020202020202020202020202020 ...
[2016-11-18 14:21:22,955] [INFO] [base._test_info] -> Current test: 94
[2016-11-18 14:21:22,956] [INFO] [server.transmit] -> request(43): 5452414345202f20485454502f312e310d0a486f73743a20fe3132372e302e302e313a383038380d0a0d0a
[2016-11-18 14:21:23,876] [INFO] [base._test_info] -> Current test: 97
[2016-11-18 14:21:23,879] [INFO] [server.transmit] -> request(43): 5452414345202f20485454502f312e310d0a486f73743a20003132372e302e302e313a383038380d0a0d0a
[2016-11-18 14:21:24,799] [INFO] [base._test_info] -> Current test: 98
[2016-11-18 14:21:24,800] [INFO] [server.transmit] -> request(45): 5452414345202f20485454502f312e310d0a486f73743a202020203132372e302e302e313a383038380d0a0d0a
[2016-11-18 14:21:25,713] [INFO] [base._test_info] -> Current test: 99
[2016-11-18 14:21:25,714] [INFO] [server.transmit] -> request(45): 5452414345202f20485454502f312e310d0a486f73743a090909093132372e302e302e313a383038380d0a0d0a
[2016-11-18 14:21:26,620] [INFO] [base._test_info] -> Current test: 100
[2016-11-18 14:21:26,621] [INFO] [server.transmit] -> request(45): 5452414345202f20485454502f312e310d0a486f73743a212121213132372e302e302e313a383038380d0a0d0a
[2016-11-18 14:21:27,536] [INFO] [base._test_info] -> Current test: 101
[2016-11-18 14:21:27,538] [INFO] [server.transmit] -> request(45): 5452414345202f20485454502f312e310d0a486f73743a404040403132372e302e302e313a383038380d0a0d0a
[2016-11-18 14:21:28,451] [INFO] [base._test_info] -> Current test: 102
[2016-11-18 14:21:28,451] [INFO] [server.transmit] -> request(45): 5452414345202f20485454502f312e310d0a486f73743a232323233132372e302e302e313a383038380d0a0d0a
[2016-11-18 14:21:29,367] [INFO] [base._test_info] -> Current test: 103
[2016-11-18 14:21:29,371] [INFO] [server.transmit] -> request(45): 5452414345202f20485454502f312e310d0a486f73743a242424243132372e302e302e313a383038380d0a0d0a
[2016-11-18 14:21:30,292] [INFO] [base._test_info] -> Current test: 104
[2016-11-18 14:21:30,293] [INFO] [server.transmit] -> request(45): 5452414345202f20485454502f312e310d0a486f73743a252525253132372e302e302e313a383038380d0a0d0a
[2016-11-18 14:21:31,208] [INFO] [base._test_info] -> Current test: 105
[2016-11-18 14:21:31,208] [INFO] [server.transmit] -> request(45): 5452414345202f20485454502f312e310d0a486f73743a5e5e5e5e3132372e302e302e313a383038380d0a0d0a
[2016-11-18 14:21:32,117] [INFO] [base._test_info] -> Current test: 106
[2016-11-18 14:21:32,117] [INFO] [server.transmit] -> request(45): 5452414345202f20485454502f312e310d0a486f73743a262626263132372e302e302e313a383038380d0a0d0a
[2016-11-18 14:21:33,033] [INFO] [base._test_info] -> Current test: 107
[2016-11-18 14:21:33,035] [INFO] [server.transmit] -> request(45): 5452414345202f20485454502f312e310d0a486f73743a2a2a2a2a3132372e302e302e313a383038380d0a0d0a
[2016-11-18 14:21:33,951] [INFO] [base._test_info] -> Current test: 108
[2016-11-18 14:21:33,952] [INFO] [server.transmit] -> request(45): 5452414345202f20485454502f312e310d0a486f73743a282828283132372e302e302e313a383038380d0a0d0a
[2016-11-18 14:21:34,867] [INFO] [base._test_info] -> Current test: 109
[2016-11-18 14:21:34,869] [INFO] [server.transmit] -> request(45): 5452414345202f20485454502f312e310d0a486f73743a292929293132372e302e302e313a383038380d0a0d0a
[2016-11-18 14:21:35,782] [INFO] [base._test_info] -> Current test: 110
[2016-11-18 14:21:35,782] [INFO] [server.transmit] -> request(45): 5452414345202f20485454502f312e310d0a486f73743a2d2d2d2d3132372e302e302e313a383038380d0a0d0a
[2016-11-18 14:21:36,697] [INFO] [base._test_info] -> Current test: 111
[2016-11-18 14:21:36,699] [INFO] [server.transmit] -> request(45): 5452414345202f20485454502f312e310d0a486f73743a5f5f5f5f3132372e302e302e313a383038380d0a0d0a
[2016-11-18 14:21:37,616] [INFO] [base._test_info] -> Current test: 112
[2016-11-18 14:21:37,617] [INFO] [server.transmit] -> request(45): 5452414345202f20485454502f312e310d0a486f73743a2b2b2b2b3132372e302e302e313a383038380d0a0d0a
[2016-11-18 14:21:38,529] [INFO] [base._test_info] -> Current test: 113
[2016-11-18 14:21:38,530] [INFO] [server.transmit] -> request(45): 5452414345202f20485454502f312e310d0a486f73743a3d3d3d3d3132372e302e302e313a383038380d0a0d0a
[2016-11-18 14:21:39,445] [INFO] [base._test_info] -> Current test: 114
[2016-11-18 14:21:39,446] [INFO] [server.transmit] -> request(45): 5452414345202f20485454502f312e310d0a486f73743a3a3a3a3a3132372e302e302e313a383038380d0a0d0a
[2016-11-18 14:21:40,359] [INFO] [base._test_info] -> Current test: 115
[2016-11-18 14:21:40,359] [INFO] [server.transmit] -> request(45): 5452414345202f20485454502f312e310d0a486f73743a3b3b3b3b3132372e302e302e313a383038380d0a0d0a
[2016-11-18 14:21:41,268] [INFO] [base._test_info] -> Current test: 116
[2016-11-18 14:21:41,268] [INFO] [server.transmit] -> request(45): 5452414345202f20485454502f312e310d0a486f73743a272727273132372e302e302e313a383038380d0a0d0a
[2016-11-18 14:21:42,184] [INFO] [base._test_info] -> Current test: 117
[2016-11-18 14:21:42,186] [INFO] [server.transmit] -> request(45): 5452414345202f20485454502f312e310d0a486f73743a222222223132372e302e302e313a383038380d0a0d0a
[2016-11-18 14:21:43,105] [INFO] [base._test_info] -> Current test: 118
[2016-11-18 14:21:43,106] [INFO] [server.transmit] -> request(45): 5452414345202f20485454502f312e310d0a486f73743a2f2f2f2f3132372e302e302e313a383038380d0a0d0a
[2016-11-18 14:21:44,017] [INFO] [base._test_info] -> Current test: 119
[2016-11-18 14:21:44,017] [INFO] [server.transmit] -> request(45): 5452414345202f20485454502f312e310d0a486f73743a5c5c5c5c3132372e302e302e313a383038380d0a0d0a
[2016-11-18 14:21:44,931] [INFO] [base._test_info] -> Current test: 120
[2016-11-18 14:21:44,933] [INFO] [server.transmit] -> request(45): 5452414345202f20485454502f312e310d0a486f73743a3f3f3f3f3132372e302e302e313a383038380d0a0d0a
[2016-11-18 14:21:45,852] [INFO] [base._test_info] -> Current test: 121
[2016-11-18 14:21:45,854] [INFO] [server.transmit] -> request(45): 5452414345202f20485454502f312e310d0a486f73743a3c3c3c3c3132372e302e302e313a383038380d0a0d0a
[2016-11-18 14:21:46,775] [INFO] [base._test_info] -> Current test: 122
[2016-11-18 14:21:46,776] [INFO] [server.transmit] -> request(45): 5452414345202f20485454502f312e310d0a486f73743a3e3e3e3e3132372e302e302e313a383038380d0a0d0a
[2016-11-18 14:21:47,687] [INFO] [base._test_info] -> Current test: 123
[2016-11-18 14:21:47,688] [INFO] [server.transmit] -> request(45): 5452414345202f20485454502f312e310d0a486f73743a2e2e2e2e3132372e302e302e313a383038380d0a0d0a
[2016-11-18 14:21:48,604] [INFO] [base._test_info] -> Current test: 124
[2016-11-18 14:21:48,606] [INFO] [server.transmit] -> request(45): 5452414345202f20485454502f312e310d0a486f73743a2c2c2c2c3132372e302e302e313a383038380d0a0d0a
[2016-11-18 14:21:49,519] [INFO] [base._test_info] -> Current test: 125
[2016-11-18 14:21:49,519] [INFO] [server.transmit] -> request(45): 5452414345202f20485454502f312e310d0a486f73743a0d0d0d0d3132372e302e302e313a383038380d0a0d0a
[2016-11-18 14:21:50,433] [INFO] [base._test_info] -> Current test: 126
[2016-11-18 14:21:50,434] [INFO] [server.transmit] -> request(45): 5452414345202f20485454502f312e310d0a486f73743a0a0a0a0a3132372e302e302e313a383038380d0a0d0a
[2016-11-18 14:21:51,351] [INFO] [base._test_info] -> Current test: 127
[2016-11-18 14:21:51,353] [INFO] [server.transmit] -> request(57): 5452414345202f20485454502f312e310d0a486f73743a0d0a0d0a0d0a0d0a0d0a0d0a0d0a0d0a3132372e302e302e313a38 ...
[2016-11-18 14:21:52,268] [INFO] [base._test_info] -> Current test: 128
[2016-11-18 14:21:52,268] [INFO] [server.transmit] -> request(65): 5452414345202f20485454502f312e310d0a486f73743a090d0a090d0a090d0a090d0a090d0a090d0a090d0a090d0a313237 ...
[2016-11-18 14:21:53,180] [INFO] [base._test_info] -> Current test: 129
[2016-11-18 14:21:53,181] [INFO] [server.transmit] -> request(41): 5452414345202f20485454502f312e310d0a486f73743a3132372e302e302e313a383038380d0a0d0a
[2016-11-18 14:21:54,097] [INFO] [base._test_info] -> Current test: 130
[2016-11-18 14:21:54,099] [INFO] [server.transmit] -> request(56): 5452414345202f20485454502f312e310d0a486f73743a203132372e302e302e313a383038383132372e302e302e313a3830 ...
[2016-11-18 14:21:55,022] [INFO] [base._test_info] -> Current test: 131
[2016-11-18 14:21:55,024] [INFO] [server.transmit] -> request(168): 5452414345202f20485454502f312e310d0a486f73743a203132372e302e302e313a383038383132372e302e302e313a3830 ...
[2016-11-18 14:21:55,939] [INFO] [base._test_info] -> Current test: 132
[2016-11-18 14:21:55,939] [INFO] [server.transmit] -> request(1428): 5452414345202f20485454502f312e310d0a486f73743a203132372e302e302e313a383038383132372e302e302e313a3830 ...
[2016-11-18 14:21:56,848] [INFO] [base._test_info] -> Current test: 133
[2016-11-18 14:21:56,848] [INFO] [server.transmit] -> request(43): 5452414345202f20485454502f312e310d0a486f73743a203132372e302e302e313a38303838fe0d0a0d0a
[2016-11-18 14:21:57,765] [INFO] [base._test_info] -> Current test: 135
[2016-11-18 14:21:57,766] [INFO] [server.transmit] -> request(43): 5452414345202f20485454502f312e310d0a486f73743a203132372e302e30002e313a383038380d0a0d0a
[2016-11-18 14:21:58,679] [INFO] [base._test_info] -> Current test: 136
[2016-11-18 14:21:58,679] [INFO] [server.transmit] -> request(43): 5452414345202f20485454502f312e310d0a486f73743a203132372e302e302e313a38303838000d0a0d0a
[2016-11-18 14:21:59,591] [INFO] [base._test_info] -> Current test: 137
[2016-11-18 14:21:59,591] [INFO] [server.transmit] -> request(28): 5452414345202f20485454502f312e310d0a486f73743a200d0a0d0a
[2016-11-18 14:22:00,510] [INFO] [base._test_info] -> Current test: 138
[2016-11-18 14:22:00,512] [INFO] [server.transmit] -> request(2076): 5452414345202f20485454502f312e310d0a486f73743a202573257325732573257325732573257325732573257325732573 ...
[2016-11-18 14:22:01,424] [INFO] [base._test_info] -> Current test: 139
[2016-11-18 14:22:01,424] [INFO] [server.transmit] -> request(284): 5452414345202f20485454502f312e310d0a486f73743a202573257325732573257325732573257325732573257325732573 ...
[2016-11-18 14:22:02,338] [INFO] [base._test_info] -> Current test: 140
[2016-11-18 14:22:02,339] [INFO] [server.transmit] -> request(60): 5452414345202f20485454502f312e310d0a486f73743a202573257325732573257325732573257325732573257325732573 ...
[2016-11-18 14:22:03,262] [INFO] [base._test_info] -> Current test: 141
[2016-11-18 14:22:03,264] [INFO] [server.transmit] -> request(32): 5452414345202f20485454502f312e310d0a486f73743a20257325730d0a0d0a
[2016-11-18 14:22:04,185] [INFO] [base._test_info] -> Current test: 142
[2016-11-18 14:22:04,187] [INFO] [server.transmit] -> request(3100): 5452414345202f20485454502f312e310d0a486f73743a202525732525732525732525732525732525732525732525732525 ...
[2016-11-18 14:22:05,109] [INFO] [base._test_info] -> Current test: 143
[2016-11-18 14:22:05,110] [INFO] [server.transmit] -> request(412): 5452414345202f20485454502f312e310d0a486f73743a202525732525732525732525732525732525732525732525732525 ...
[2016-11-18 14:22:06,024] [INFO] [base._test_info] -> Current test: 144
[2016-11-18 14:22:06,024] [INFO] [server.transmit] -> request(76): 5452414345202f20485454502f312e310d0a486f73743a202525732525732525732525732525732525732525732525732525 ...
[2016-11-18 14:22:06,932] [INFO] [base._test_info] -> Current test: 145
[2016-11-18 14:22:06,932] [INFO] [server.transmit] -> request(34): 5452414345202f20485454502f312e310d0a486f73743a202525732525730d0a0d0a
[2016-11-18 14:22:07,841] [INFO] [base._test_info] -> Current test: 146
[2016-11-18 14:22:07,841] [INFO] [server.transmit] -> request(4124): 5452414345202f20485454502f312e310d0a486f73743a202225732222257322222573222225732222257322222573222225 ...
[2016-11-18 14:22:08,757] [INFO] [base._test_info] -> Current test: 147
[2016-11-18 14:22:08,759] [INFO] [server.transmit] -> request(540): 5452414345202f20485454502f312e310d0a486f73743a202225732222257322222573222225732222257322222573222225 ...
[2016-11-18 14:22:09,677] [INFO] [base._test_info] -> Current test: 148
[2016-11-18 14:22:09,678] [INFO] [server.transmit] -> request(92): 5452414345202f20485454502f312e310d0a486f73743a202225732222257322222573222225732222257322222573222225 ...
[2016-11-18 14:22:10,591] [INFO] [base._test_info] -> Current test: 149
[2016-11-18 14:22:10,592] [INFO] [server.transmit] -> request(36): 5452414345202f20485454502f312e310d0a486f73743a2022257322222573220d0a0d0a
[2016-11-18 14:22:11,502] [INFO] [base._test_info] -> Current test: 150
[2016-11-18 14:22:11,502] [INFO] [server.transmit] -> request(2076): 5452414345202f20485454502f312e310d0a486f73743a20256e256e256e256e256e256e256e256e256e256e256e256e256e ...
[2016-11-18 14:22:12,440] [INFO] [base._test_info] -> Current test: 151
[2016-11-18 14:22:12,443] [INFO] [server.transmit] -> request(284): 5452414345202f20485454502f312e310d0a486f73743a20256e256e256e256e256e256e256e256e256e256e256e256e256e ...
[2016-11-18 14:22:13,367] [INFO] [base._test_info] -> Current test: 152
[2016-11-18 14:22:13,371] [INFO] [server.transmit] -> request(60): 5452414345202f20485454502f312e310d0a486f73743a20256e256e256e256e256e256e256e256e256e256e256e256e256e ...
[2016-11-18 14:22:14,293] [INFO] [base._test_info] -> Current test: 153
[2016-11-18 14:22:14,294] [INFO] [server.transmit] -> request(32): 5452414345202f20485454502f312e310d0a486f73743a20256e256e0d0a0d0a
[2016-11-18 14:22:15,208] [INFO] [base._test_info] -> Current test: 154
[2016-11-18 14:22:15,209] [INFO] [server.transmit] -> request(3100): 5452414345202f20485454502f312e310d0a486f73743a2025256e25256e25256e25256e25256e25256e25256e25256e2525 ...
[2016-11-18 14:22:16,131] [INFO] [base._test_info] -> Current test: 155
[2016-11-18 14:22:16,132] [INFO] [server.transmit] -> request(412): 5452414345202f20485454502f312e310d0a486f73743a2025256e25256e25256e25256e25256e25256e25256e25256e2525 ...
[2016-11-18 14:22:17,057] [INFO] [base._test_info] -> Current test: 156
[2016-11-18 14:22:17,058] [INFO] [server.transmit] -> request(76): 5452414345202f20485454502f312e310d0a486f73743a2025256e25256e25256e25256e25256e25256e25256e25256e2525 ...
[2016-11-18 14:22:17,971] [INFO] [base._test_info] -> Current test: 157
[2016-11-18 14:22:17,971] [INFO] [server.transmit] -> request(34): 5452414345202f20485454502f312e310d0a486f73743a2025256e25256e0d0a0d0a
[2016-11-18 14:22:18,889] [INFO] [base._test_info] -> Current test: 158
[2016-11-18 14:22:18,891] [INFO] [server.transmit] -> request(4124): 5452414345202f20485454502f312e310d0a486f73743a2022256e2222256e2222256e2222256e2222256e2222256e222225 ...
[2016-11-18 14:22:19,803] [INFO] [base._test_info] -> Current test: 159
[2016-11-18 14:22:19,804] [INFO] [server.transmit] -> request(540): 5452414345202f20485454502f312e310d0a486f73743a2022256e2222256e2222256e2222256e2222256e2222256e222225 ...
[2016-11-18 14:22:20,714] [INFO] [base._test_info] -> Current test: 160
[2016-11-18 14:22:20,714] [INFO] [server.transmit] -> request(92): 5452414345202f20485454502f312e310d0a486f73743a2022256e2222256e2222256e2222256e2222256e2222256e222225 ...
[2016-11-18 14:22:21,628] [INFO] [base._test_info] -> Current test: 161
[2016-11-18 14:22:21,629] [INFO] [server.transmit] -> request(36): 5452414345202f20485454502f312e310d0a486f73743a2022256e2222256e220d0a0d0a
[2016-11-18 14:22:22,568] [INFO] [base._test_info] -> Current test: 162
[2016-11-18 14:22:22,568] [INFO] [server.transmit] -> request(42): 5452414345202f20485454502f312e310d0a486f73743a20252e31363730357525325c24686e0d0a0d0a
[2016-11-18 14:22:23,483] [INFO] [base._test_info] -> Current test: 163
[2016-11-18 14:22:23,485] [INFO] [server.transmit] -> request(2076): 5452414345202f20485454502f312e310d0a486f73743a200d0a0d0a0d0a0d0a0d0a0d0a0d0a0d0a0d0a0d0a0d0a0d0a0d0a ...
[2016-11-18 14:22:24,399] [INFO] [base._test_info] -> Current test: 164
[2016-11-18 14:22:24,401] [INFO] [server.transmit] -> request(284): 5452414345202f20485454502f312e310d0a486f73743a200d0a0d0a0d0a0d0a0d0a0d0a0d0a0d0a0d0a0d0a0d0a0d0a0d0a ...
[2016-11-18 14:22:25,317] [INFO] [base._test_info] -> Current test: 165
[2016-11-18 14:22:25,319] [INFO] [server.transmit] -> request(60): 5452414345202f20485454502f312e310d0a486f73743a200d0a0d0a0d0a0d0a0d0a0d0a0d0a0d0a0d0a0d0a0d0a0d0a0d0a ...
[2016-11-18 14:22:26,244] [INFO] [base._test_info] -> Current test: 166
[2016-11-18 14:22:26,245] [INFO] [server.transmit] -> request(32): 5452414345202f20485454502f312e310d0a486f73743a200d0a0d0a0d0a0d0a
[2016-11-18 14:22:27,156] [INFO] [base._test_info] -> Current test: 167
[2016-11-18 14:22:27,156] [INFO] [server.transmit] -> request(1052): 5452414345202f20485454502f312e310d0a486f73743a200a0a0a0a0a0a0a0a0a0a0a0a0a0a0a0a0a0a0a0a0a0a0a0a0a0a ...
[2016-11-18 14:22:28,078] [INFO] [base._test_info] -> Current test: 168
[2016-11-18 14:22:28,079] [INFO] [server.transmit] -> request(156): 5452414345202f20485454502f312e310d0a486f73743a200a0a0a0a0a0a0a0a0a0a0a0a0a0a0a0a0a0a0a0a0a0a0a0a0a0a ...
[2016-11-18 14:22:28,994] [INFO] [base._test_info] -> Current test: 169
[2016-11-18 14:22:28,995] [INFO] [server.transmit] -> request(44): 5452414345202f20485454502f312e310d0a486f73743a200a0a0a0a0a0a0a0a0a0a0a0a0a0a0a0a0d0a0d0a
[2016-11-18 14:22:29,913] [INFO] [base._test_info] -> Current test: 170
[2016-11-18 14:22:29,914] [INFO] [server.transmit] -> request(30): 5452414345202f20485454502f312e310d0a486f73743a200a0a0d0a0d0a
[2016-11-18 14:22:30,834] [INFO] [base._test_info] -> Current test: 171
[2016-11-18 14:22:30,835] [INFO] [server.transmit] -> request(4124): 5452414345202f20485454502f312e310d0a486f73743a20deadbeefdeadbeefdeadbeefdeadbeefdeadbeefdeadbeefdead ...
[2016-11-18 14:22:31,746] [INFO] [base._test_info] -> Current test: 172
[2016-11-18 14:22:31,747] [INFO] [server.transmit] -> request(540): 5452414345202f20485454502f312e310d0a486f73743a20deadbeefdeadbeefdeadbeefdeadbeefdeadbeefdeadbeefdead ...
[2016-11-18 14:22:32,661] [INFO] [base._test_info] -> Current test: 173
[2016-11-18 14:22:32,662] [INFO] [server.transmit] -> request(92): 5452414345202f20485454502f312e310d0a486f73743a20deadbeefdeadbeefdeadbeefdeadbeefdeadbeefdeadbeefdead ...
[2016-11-18 14:22:33,583] [INFO] [base._test_info] -> Current test: 174
[2016-11-18 14:22:33,584] [INFO] [server.transmit] -> request(36): 5452414345202f20485454502f312e310d0a486f73743a20deadbeefdeadbeef0d0a0d0a
[2016-11-18 14:22:34,499] [INFO] [base._test_info] -> Current test: 175
[2016-11-18 14:22:34,500] [INFO] [server.transmit] -> request(45): 5452414345202f20485454502f312e310d0a486f73743a207c746f756368202f746d702f4b495454590d0a0d0a
[2016-11-18 14:22:35,414] [INFO] [base._test_info] -> Current test: 176
[2016-11-18 14:22:35,415] [INFO] [server.transmit] -> request(46): 5452414345202f20485454502f312e310d0a486f73743a203b746f756368202f746d702f4b495454593b0d0a0d0a
[2016-11-18 14:22:36,322] [INFO] [base._test_info] -> Current test: 177
[2016-11-18 14:22:36,322] [INFO] [server.transmit] -> request(42): 5452414345202f20485454502f312e310d0a486f73743a203b6c733e2f746d702f4b495454590d0a0d0a
[2016-11-18 14:22:37,238] [INFO] [base._test_info] -> Current test: 178
[2016-11-18 14:22:37,240] [INFO] [server.transmit] -> request(57): 5452414345202f20485454502f312e310d0a486f73743a20223b6c733e2f746d702f4b495454593b6c733e2f6465762f6e75 ...
[2016-11-18 14:22:38,152] [INFO] [base._test_info] -> Current test: 179
[2016-11-18 14:22:38,152] [INFO] [server.transmit] -> request(58): 5452414345202f20485454502f312e310d0a486f73743a20273b6c733e2f746d702f4b495454593b6c733e272f6465762f6e ...
[2016-11-18 14:22:39,070] [INFO] [base._test_info] -> Current test: 180
[2016-11-18 14:22:39,071] [INFO] [server.transmit] -> request(43): 5452414345202f20485454502f312e310d0a486f73743a20606c733e2f746d702f4b49545459600d0a0d0a
[2016-11-18 14:22:39,985] [INFO] [base._test_info] -> Current test: 181
[2016-11-18 14:22:39,986] [INFO] [server.transmit] -> request(44): 5452414345202f20485454502f312e310d0a486f73743a2020606c733e2f746d702f4b49545459600d0a0d0a
[2016-11-18 14:22:40,894] [INFO] [base._test_info] -> Current test: 182
[2016-11-18 14:22:40,895] [INFO] [server.transmit] -> request(36): 5452414345202f20485454502f312e310d0a486f73743a207c6e6f74657061640d0a0d0a
[2016-11-18 14:22:41,811] [INFO] [base._test_info] -> Current test: 183
[2016-11-18 14:22:41,811] [INFO] [server.transmit] -> request(37): 5452414345202f20485454502f312e310d0a486f73743a203b6e6f74657061643b0d0a0d0a
[2016-11-18 14:22:42,729] [INFO] [base._test_info] -> Current test: 184
[2016-11-18 14:22:42,733] [INFO] [server.transmit] -> request(37): 5452414345202f20485454502f312e310d0a486f73743a200a6e6f74657061640a0d0a0d0a
[2016-11-18 14:22:43,652] [INFO] [base._test_info] -> Current test: 185
[2016-11-18 14:22:43,653] [INFO] [server.transmit] -> request(39): 5452414345202f20485454502f312e310d0a486f73743a2027206f7220313d31202d2d0d0a0d0a
[2016-11-18 14:22:44,574] [INFO] [base._test_info] -> Current test: 186
[2016-11-18 14:22:44,578] [INFO] [server.transmit] -> request(45): 5452414345202f20485454502f312e310d0a486f73743a20273b20646573632075736572733b202d2d0d0a0d0a
[2016-11-18 14:22:45,498] [INFO] [base._test_info] -> Current test: 187
[2016-11-18 14:22:45,500] [INFO] [server.transmit] -> request(69): 5452414345202f20485454502f312e310d0a486f73743a2027206f7220757365726e616d65206973206e6f74204e554c4c20 ...
[2016-11-18 14:22:46,427] [INFO] [base._test_info] -> Current test: 188
[2016-11-18 14:22:46,429] [INFO] [server.transmit] -> request(100): 5452414345202f20485454502f312e310d0a486f73743a203120756e696f6e20616c6c2073656c65637420312c322c332c34 ...
[2016-11-18 14:22:47,348] [INFO] [base._test_info] -> Current test: 189
[2016-11-18 14:22:47,349] [INFO] [server.transmit] -> request(39): 5452414345202f20485454502f312e310d0a486f73743a2060206f72206031603d60310d0a0d0a
[2016-11-18 14:22:48,257] [INFO] [base._test_info] -> Current test: 190
[2016-11-18 14:22:48,258] [INFO] [server.transmit] -> request(39): 5452414345202f20485454502f312e310d0a486f73743a2027206f72202731273d27310d0a0d0a
[2016-11-18 14:22:49,165] [INFO] [base._test_info] -> Current test: 191
[2016-11-18 14:22:49,165] [INFO] [server.transmit] -> request(30): 5452414345202f20485454502f312e310d0a486f73743a2041410d0a0d0a
[2016-11-18 14:22:50,075] [INFO] [base._test_info] -> Current test: 192
[2016-11-18 14:22:50,076] [INFO] [server.transmit] -> request(38): 5452414345202f20485454502f312e310d0a486f73743a20414141414141414141410d0a0d0a
[2016-11-18 14:22:50,984] [INFO] [base._test_info] -> Current test: 193
[2016-11-18 14:22:50,984] [INFO] [server.transmit] -> request(128): 5452414345202f20485454502f312e310d0a486f73743a204141414141414141414141414141414141414141414141414141 ...
[2016-11-18 14:22:51,899] [INFO] [base._test_info] -> Current test: 194
[2016-11-18 14:22:51,900] [INFO] [server.transmit] -> request(1028): 5452414345202f20485454502f312e310d0a486f73743a204141414141414141414141414141414141414141414141414141 ...
[2016-11-18 14:22:52,824] [INFO] [base._test_info] -> Current test: 195
[2016-11-18 14:22:52,824] [INFO] [server.transmit] -> request(5028): 5452414345202f20485454502f312e310d0a486f73743a204141414141414141414141414141414141414141414141414141 ...
[2016-11-18 14:22:53,736] [INFO] [base._test_info] -> Current test: 196
[2016-11-18 14:22:53,737] [INFO] [server.transmit] -> request(10028): 5452414345202f20485454502f312e310d0a486f73743a204141414141414141414141414141414141414141414141414141 ...
[2016-11-18 14:22:54,656] [INFO] [base._test_info] -> Current test: 197
[2016-11-18 14:22:54,657] [INFO] [server.transmit] -> request(39): 5452414345202f20485454502f312e310d0a486f73743a202f6574632f7061737377640d0a0d0a
[2016-11-18 14:22:55,581] [INFO] [base._test_info] -> Current test: 198
[2016-11-18 14:22:55,582] [INFO] [server.transmit] -> request(82): 5452414345202f20485454502f312e310d0a486f73743a202e2f2e2e2f2e2e2f2e2e2f2e2e2f2e2e2f2e2e2f2e2e2f2e2e2f ...
[2016-11-18 14:22:56,495] [INFO] [base._test_info] -> Current test: 199
[2016-11-18 14:22:56,495] [INFO] [server.transmit] -> request(80): 5452414345202f20485454502f312e310d0a486f73743a202e2e2f2e2e2f2e2e2f2e2e2f2e2e2f2e2e2f2e2e2f2e2e2f2e2e ...
[2016-11-18 14:22:57,409] [INFO] [base._test_info] -> Current test: 200
[2016-11-18 14:22:57,410] [INFO] [server.transmit] -> request(41): 5452414345202f20485454502f312e310d0a486f73743a202f70726f632f637075696e666f0d0a0d0a
[2016-11-18 14:22:58,324] [INFO] [base._test_info] -> Current test: 201
[2016-11-18 14:22:58,324] [INFO] [server.transmit] -> request(84): 5452414345202f20485454502f312e310d0a486f73743a202e2f2e2e2f2e2e2f2e2e2f2e2e2f2e2e2f2e2e2f2e2e2f2e2e2f ...
[2016-11-18 14:22:59,233] [INFO] [base._test_info] -> Current test: 202
[2016-11-18 14:22:59,233] [INFO] [server.transmit] -> request(82): 5452414345202f20485454502f312e310d0a486f73743a202e2e2f2e2e2f2e2e2f2e2e2f2e2e2f2e2e2f2e2e2f2e2e2f2e2e ...
[2016-11-18 14:22:59,639] [INFO] [base._test_info] -> Current test: 203
[2016-11-18 14:22:59,639] [INFO] [server.transmit] -> request(38): 5452414345202f20485454502f312e310d0a486f73743a207e2f2e70726f66696c650d0a0d0a
[2016-11-18 14:23:00,553] [INFO] [base._test_info] -> Current test: 204
[2016-11-18 14:23:00,555] [INFO] [server.transmit] -> request(42): 5452414345202f20485454502f312e310d0a486f73743a2024484f4d452f2e70726f66696c650d0a0d0a
[2016-11-18 14:23:01,468] [INFO] [base._test_info] -> Current test: 205
[2016-11-18 14:23:01,468] [INFO] [server.transmit] -> request(73): 5452414345202f20485454502f312e310d0a486f73743a202f2e2e2f2e2e2f2e2e2f2e2e2f2e2e2f2e2e2f2e2e2f2e2e2f2e ...
[2016-11-18 14:23:02,378] [INFO] [base._test_info] -> Current test: 206
[2016-11-18 14:23:02,378] [INFO] [server.transmit] -> request(1052): 5452414345202f20485454502f312e310d0a486f73743a202f5c2f5c2f5c2f5c2f5c2f5c2f5c2f5c2f5c2f5c2f5c2f5c2f5c ...
[2016-11-18 14:23:03,291] [INFO] [base._test_info] -> Current test: 207
[2016-11-18 14:23:03,292] [INFO] [server.transmit] -> request(156): 5452414345202f20485454502f312e310d0a486f73743a202f5c2f5c2f5c2f5c2f5c2f5c2f5c2f5c2f5c2f5c2f5c2f5c2f5c ...
[2016-11-18 14:23:04,208] [INFO] [base._test_info] -> Current test: 208
[2016-11-18 14:23:04,209] [INFO] [server.transmit] -> request(44): 5452414345202f20485454502f312e310d0a486f73743a202f5c2f5c2f5c2f5c2f5c2f5c2f5c2f5c0d0a0d0a
[2016-11-18 14:23:05,121] [INFO] [base._test_info] -> Current test: 209
[2016-11-18 14:23:05,122] [INFO] [server.transmit] -> request(1052): 5452414345202f20485454502f312e310d0a486f73743a202f2e2f2e2f2e2f2e2f2e2f2e2f2e2f2e2f2e2f2e2f2e2f2e2f2e ...
[2016-11-18 14:23:06,039] [INFO] [base._test_info] -> Current test: 210
[2016-11-18 14:23:06,041] [INFO] [server.transmit] -> request(156): 5452414345202f20485454502f312e310d0a486f73743a202f2e2f2e2f2e2f2e2f2e2f2e2f2e2f2e2f2e2f2e2f2e2f2e2f2e ...
[2016-11-18 14:23:06,955] [INFO] [base._test_info] -> Current test: 211
[2016-11-18 14:23:06,955] [INFO] [server.transmit] -> request(44): 5452414345202f20485454502f312e310d0a486f73743a202f2e2f2e2f2e2f2e2f2e2f2e2f2e2f2e0d0a0d0a
[2016-11-18 14:23:07,873] [INFO] [base._test_info] -> Current test: 212
[2016-11-18 14:23:07,881] [INFO] [server.transmit] -> request(57): 5452414345202f20485454502f312e310d0a486f73743a202140232425255e2324252324402324252424402324255e5e2a2a ...
[2016-11-18 14:23:08,289] [INFO] [base._test_info] -> Current test: 213
[2016-11-18 14:23:08,289] [INFO] [server.transmit] -> request(53): 5452414345202f20485454502f312e310d0a486f73743a20253031253032253033253034253061253064253061414453460d ...
[2016-11-18 14:23:09,206] [INFO] [base._test_info] -> Current test: 214
[2016-11-18 14:23:09,208] [INFO] [server.transmit] -> request(54): 5452414345202f20485454502f312e310d0a486f73743a202530312530322530334025303425306125306425306141445346 ...
[2016-11-18 14:23:10,129] [INFO] [base._test_info] -> Current test: 215
[2016-11-18 14:23:10,131] [INFO] [server.transmit] -> request(33): 5452414345202f20485454502f312e310d0a486f73743a202f2530302f0d0a0d0a
[2016-11-18 14:23:11,052] [INFO] [base._test_info] -> Current test: 216
[2016-11-18 14:23:11,052] [INFO] [server.transmit] -> request(32): 5452414345202f20485454502f312e310d0a486f73743a202530302f0d0a0d0a
[2016-11-18 14:23:11,970] [INFO] [base._test_info] -> Current test: 217
[2016-11-18 14:23:11,972] [INFO] [server.transmit] -> request(31): 5452414345202f20485454502f312e310d0a486f73743a202530300d0a0d0a
[2016-11-18 14:23:12,889] [INFO] [base._test_info] -> Current test: 218
[2016-11-18 14:23:12,890] [INFO] [server.transmit] -> request(34): 5452414345202f20485454502f312e310d0a486f73743a202575303030300d0a0d0a
[2016-11-18 14:23:13,807] [INFO] [base._test_info] -> Current test: 219
[2016-11-18 14:23:13,808] [INFO] [server.transmit] -> request(220): 5452414345202f20485454502f312e310d0a486f73743a2025fef02501ff25fef02501ff25fef02501ff25fef02501ff25fe ...
[2016-11-18 14:23:14,719] [INFO] [base._test_info] -> Current test: 220
[2016-11-18 14:23:14,719] [INFO] [server.transmit] -> request(52): 5452414345202f20485454502f312e310d0a486f73743a2025fef02501ff25fef02501ff25fef02501ff25fef02501ff0d0a ...
[2016-11-18 14:23:15,627] [INFO] [base._test_info] -> Current test: 221
[2016-11-18 14:23:15,627] [INFO] [server.transmit] -> request(46): 5452414345202f20485454502f312e310d0a486f73743a203132372e302e302e313a383038380d0a0d0a0d0a0d0a
[2016-11-18 14:23:16,544] [INFO] [base._test_info] -> Current test: 222
[2016-11-18 14:23:16,545] [INFO] [server.transmit] -> request(78): 5452414345202f20485454502f312e310d0a486f73743a203132372e302e302e313a383038380d0a0d0a0d0a0d0a0d0a0d0a ...
[2016-11-18 14:23:17,458] [INFO] [base._test_info] -> Current test: 223
[2016-11-18 14:23:17,459] [INFO] [server.transmit] -> request(438): 5452414345202f20485454502f312e310d0a486f73743a203132372e302e302e313a383038380d0a0d0a0d0a0d0a0d0a0d0a ...
[2016-11-18 14:23:18,375] [INFO] [base._test_info] -> Current test: 224
[2016-11-18 14:23:18,376] [INFO] [server.transmit] -> request(43): 5452414345202f20485454502f312e310d0a486f73743a203132372e302e302e313a383038380d0a0d0afe
[2016-11-18 14:23:19,298] [INFO] [base._test_info] -> Current test: 226
[2016-11-18 14:23:19,300] [INFO] [server.transmit] -> request(43): 5452414345202f20485454502f312e310d0a486f73743a203132372e302e302e313a383038380d0a000d0a
[2016-11-18 14:23:20,211] [INFO] [base._test_info] -> Current test: 227
[2016-11-18 14:23:20,212] [INFO] [server.transmit] -> request(43): 5452414345202f20485454502f312e310d0a486f73743a203132372e302e302e313a383038380d0a0d0a00
[2016-11-18 14:23:21,127] [INFO] [base._test_info] -> Current test: 228
[2016-11-18 14:23:21,129] [INFO] [server.transmit] -> request(42): 5452414345202f20485454502f312e310d0a486f73743a203132372e302e302e313a3830383820202020
[2016-11-18 14:23:22,046] [INFO] [base._test_info] -> Current test: 229
[2016-11-18 14:23:22,048] [INFO] [server.transmit] -> request(42): 5452414345202f20485454502f312e310d0a486f73743a203132372e302e302e313a3830383809090909
[2016-11-18 14:23:22,962] [INFO] [base._test_info] -> Current test: 230
[2016-11-18 14:23:22,962] [INFO] [server.transmit] -> request(42): 5452414345202f20485454502f312e310d0a486f73743a203132372e302e302e313a3830383821212121
[2016-11-18 14:23:23,871] [INFO] [base._test_info] -> Current test: 231
[2016-11-18 14:23:23,871] [INFO] [server.transmit] -> request(42): 5452414345202f20485454502f312e310d0a486f73743a203132372e302e302e313a3830383840404040
[2016-11-18 14:23:24,778] [INFO] [base._test_info] -> Current test: 232
[2016-11-18 14:23:24,778] [INFO] [server.transmit] -> request(42): 5452414345202f20485454502f312e310d0a486f73743a203132372e302e302e313a3830383823232323
[2016-11-18 14:23:25,694] [INFO] [base._test_info] -> Current test: 233
[2016-11-18 14:23:25,696] [INFO] [server.transmit] -> request(42): 5452414345202f20485454502f312e310d0a486f73743a203132372e302e302e313a3830383824242424
[2016-11-18 14:23:26,606] [INFO] [base._test_info] -> Current test: 234
[2016-11-18 14:23:26,607] [INFO] [server.transmit] -> request(42): 5452414345202f20485454502f312e310d0a486f73743a203132372e302e302e313a3830383825252525
[2016-11-18 14:23:27,525] [INFO] [base._test_info] -> Current test: 235
[2016-11-18 14:23:27,526] [INFO] [server.transmit] -> request(42): 5452414345202f20485454502f312e310d0a486f73743a203132372e302e302e313a383038385e5e5e5e
[2016-11-18 14:23:28,452] [INFO] [base._test_info] -> Current test: 236
[2016-11-18 14:23:28,453] [INFO] [server.transmit] -> request(42): 5452414345202f20485454502f312e310d0a486f73743a203132372e302e302e313a3830383826262626
[2016-11-18 14:23:29,364] [INFO] [base._test_info] -> Current test: 237
[2016-11-18 14:23:29,364] [INFO] [server.transmit] -> request(42): 5452414345202f20485454502f312e310d0a486f73743a203132372e302e302e313a383038382a2a2a2a
[2016-11-18 14:23:30,278] [INFO] [base._test_info] -> Current test: 238
[2016-11-18 14:23:30,278] [INFO] [server.transmit] -> request(42): 5452414345202f20485454502f312e310d0a486f73743a203132372e302e302e313a3830383828282828
[2016-11-18 14:23:31,193] [INFO] [base._test_info] -> Current test: 239
[2016-11-18 14:23:31,195] [INFO] [server.transmit] -> request(42): 5452414345202f20485454502f312e310d0a486f73743a203132372e302e302e313a3830383829292929
[2016-11-18 14:23:32,115] [INFO] [base._test_info] -> Current test: 240
[2016-11-18 14:23:32,115] [INFO] [server.transmit] -> request(42): 5452414345202f20485454502f312e310d0a486f73743a203132372e302e302e313a383038382d2d2d2d
[2016-11-18 14:23:33,025] [INFO] [base._test_info] -> Current test: 241
[2016-11-18 14:23:33,025] [INFO] [server.transmit] -> request(42): 5452414345202f20485454502f312e310d0a486f73743a203132372e302e302e313a383038385f5f5f5f
[2016-11-18 14:23:33,935] [INFO] [base._test_info] -> Current test: 242
[2016-11-18 14:23:33,936] [INFO] [server.transmit] -> request(42): 5452414345202f20485454502f312e310d0a486f73743a203132372e302e302e313a383038382b2b2b2b
[2016-11-18 14:23:34,855] [INFO] [base._test_info] -> Current test: 243
[2016-11-18 14:23:34,857] [INFO] [server.transmit] -> request(42): 5452414345202f20485454502f312e310d0a486f73743a203132372e302e302e313a383038383d3d3d3d
[2016-11-18 14:23:35,771] [INFO] [base._test_info] -> Current test: 244
[2016-11-18 14:23:35,772] [INFO] [server.transmit] -> request(42): 5452414345202f20485454502f312e310d0a486f73743a203132372e302e302e313a383038383a3a3a3a
[2016-11-18 14:23:36,682] [INFO] [base._test_info] -> Current test: 245
[2016-11-18 14:23:36,682] [INFO] [server.transmit] -> request(42): 5452414345202f20485454502f312e310d0a486f73743a203132372e302e302e313a383038383b3b3b3b
[2016-11-18 14:23:37,596] [INFO] [base._test_info] -> Current test: 246
[2016-11-18 14:23:37,597] [INFO] [server.transmit] -> request(42): 5452414345202f20485454502f312e310d0a486f73743a203132372e302e302e313a3830383827272727
[2016-11-18 14:23:38,510] [INFO] [base._test_info] -> Current test: 247
[2016-11-18 14:23:38,510] [INFO] [server.transmit] -> request(42): 5452414345202f20485454502f312e310d0a486f73743a203132372e302e302e313a3830383822222222
[2016-11-18 14:23:39,419] [INFO] [base._test_info] -> Current test: 248
[2016-11-18 14:23:39,419] [INFO] [server.transmit] -> request(42): 5452414345202f20485454502f312e310d0a486f73743a203132372e302e302e313a383038382f2f2f2f
[2016-11-18 14:23:40,330] [INFO] [base._test_info] -> Current test: 249
[2016-11-18 14:23:40,330] [INFO] [server.transmit] -> request(42): 5452414345202f20485454502f312e310d0a486f73743a203132372e302e302e313a383038385c5c5c5c
[2016-11-18 14:23:41,240] [INFO] [base._test_info] -> Current test: 250
[2016-11-18 14:23:41,240] [INFO] [server.transmit] -> request(42): 5452414345202f20485454502f312e310d0a486f73743a203132372e302e302e313a383038383f3f3f3f
[2016-11-18 14:23:42,153] [INFO] [base._test_info] -> Current test: 251
[2016-11-18 14:23:42,155] [INFO] [server.transmit] -> request(42): 5452414345202f20485454502f312e310d0a486f73743a203132372e302e302e313a383038383c3c3c3c
[2016-11-18 14:23:43,074] [INFO] [base._test_info] -> Current test: 252
[2016-11-18 14:23:43,076] [INFO] [server.transmit] -> request(42): 5452414345202f20485454502f312e310d0a486f73743a203132372e302e302e313a383038383e3e3e3e
[2016-11-18 14:23:43,996] [INFO] [base._test_info] -> Current test: 253
[2016-11-18 14:23:43,997] [INFO] [server.transmit] -> request(42): 5452414345202f20485454502f312e310d0a486f73743a203132372e302e302e313a383038382e2e2e2e
[2016-11-18 14:23:44,919] [INFO] [base._test_info] -> Current test: 254
[2016-11-18 14:23:44,921] [INFO] [server.transmit] -> request(42): 5452414345202f20485454502f312e310d0a486f73743a203132372e302e302e313a383038382c2c2c2c
[2016-11-18 14:23:45,834] [INFO] [base._test_info] -> Current test: 255
[2016-11-18 14:23:45,835] [INFO] [server.transmit] -> request(42): 5452414345202f20485454502f312e310d0a486f73743a203132372e302e302e313a383038380d0d0d0d
[2016-11-18 14:23:46,748] [INFO] [base._test_info] -> Current test: 256
[2016-11-18 14:23:46,750] [INFO] [server.transmit] -> request(42): 5452414345202f20485454502f312e310d0a486f73743a203132372e302e302e313a383038380a0a0a0a
[2016-11-18 14:23:47,665] [INFO] [base._test_info] -> Current test: 257
[2016-11-18 14:23:47,666] [INFO] [server.transmit] -> request(54): 5452414345202f20485454502f312e310d0a486f73743a203132372e302e302e313a383038380d0a0d0a0d0a0d0a0d0a0d0a ...
[2016-11-18 14:23:48,576] [INFO] [base._test_info] -> Current test: 258
[2016-11-18 14:23:48,576] [INFO] [server.transmit] -> request(62): 5452414345202f20485454502f312e310d0a486f73743a203132372e302e302e313a38303838090d0a090d0a090d0a090d0a ...
[2016-11-18 14:23:49,489] [INFO] [base._test_info] -> Current test: 259
[2016-11-18 14:23:49,490] [INFO] [server.transmit] -> request(38): 5452414345202f20485454502f312e310d0a486f73743a203132372e302e302e313a38303838
[2016-11-18 14:23:50,403] [INFO] [base._end_message] -> 
                         --------------------------------------------------
                         Finished fuzzing session
                         Target: TcpTarget

                         Tested 260 mutations
                         Mutation range: 0 to 259
                         Failure count: 0
                         --------------------------------------------------
            
