[2016-11-18 14:05:20,708] [INFO] [base._load_session] -> No session loaded
[2016-11-18 14:05:20,708] [INFO] [graph.hash] -> hash of template HTTP_TRACE_REQUEST_BASIC is 4520065101556087500
[2016-11-18 14:05:20,708] [INFO] [graph.hash] -> hash of model is 4561355050752874697
[2016-11-18 14:05:20,709] [INFO] [base._start_message] -> 
                 --------------------------------------------------
                 Starting fuzzing session
                 Target: TcpTarget
                 UI: WebInterface listening on 0.0.0.0:26000
                 Log: ./kittylogs/kitty_20161118-140520.log

                 Total possible mutation count: 751
                 Fuzzing the mutation range: 0 to 750
                 --------------------------------------------------
                                 Happy hacking
                 --------------------------------------------------
            
[2016-11-18 14:05:20,709] [INFO] [base.start] -> Performing environment test
[2016-11-18 14:05:20,727] [INFO] [base._test_info] -> Current test: -1
[2016-11-18 14:05:20,727] [INFO] [server.transmit] -> request(42): 5452414345202f20485454502f312e310d0a486f73743a207777772e676f6f676c652e636f6d0d0a0d0a
[2016-11-18 14:05:21,230] [INFO] [server._start] -> should keep running? True
[2016-11-18 14:05:21,232] [INFO] [base._test_info] -> Current test: 0
[2016-11-18 14:05:21,233] [INFO] [server.transmit] -> request(47): 54524143455452414345202f20485454502f312e310d0a486f73743a207777772e676f6f676c652e636f6d0d0a0d0a
[2016-11-18 14:05:22,147] [INFO] [base._test_info] -> Current test: 1
[2016-11-18 14:05:22,150] [INFO] [server.transmit] -> request(87): 5452414345545241434554524143455452414345545241434554524143455452414345545241434554524143455452414345 ...
[2016-11-18 14:05:23,074] [INFO] [base._test_info] -> Current test: 2
[2016-11-18 14:05:23,077] [INFO] [server.transmit] -> request(537): 5452414345545241434554524143455452414345545241434554524143455452414345545241434554524143455452414345 ...
[2016-11-18 14:05:24,002] [INFO] [base._test_info] -> Current test: 3
[2016-11-18 14:05:24,005] [INFO] [server.transmit] -> request(43): 5452414345fe202f20485454502f312e310d0a486f73743a207777772e676f6f676c652e636f6d0d0a0d0a
[2016-11-18 14:05:24,924] [INFO] [base._test_info] -> Current test: 4
[2016-11-18 14:05:24,925] [INFO] [server.transmit] -> request(43): 005452414345202f20485454502f312e310d0a486f73743a207777772e676f6f676c652e636f6d0d0a0d0a
[2016-11-18 14:05:25,840] [INFO] [base._test_info] -> Current test: 5
[2016-11-18 14:05:25,847] [INFO] [server.transmit] -> request(43): 545200414345202f20485454502f312e310d0a486f73743a207777772e676f6f676c652e636f6d0d0a0d0a
[2016-11-18 14:05:26,781] [INFO] [base._test_info] -> Current test: 6
[2016-11-18 14:05:26,783] [INFO] [server.transmit] -> request(43): 545241434500202f20485454502f312e310d0a486f73743a207777772e676f6f676c652e636f6d0d0a0d0a
[2016-11-18 14:05:27,702] [INFO] [base._test_info] -> Current test: 7
[2016-11-18 14:05:27,704] [INFO] [server.transmit] -> request(37): 202f20485454502f312e310d0a486f73743a207777772e676f6f676c652e636f6d0d0a0d0a
[2016-11-18 14:05:28,625] [INFO] [base._test_info] -> Current test: 8
[2016-11-18 14:05:28,626] [INFO] [server.transmit] -> request(2085): 2573257325732573257325732573257325732573257325732573257325732573257325732573257325732573257325732573 ...
[2016-11-18 14:05:29,540] [INFO] [base._test_info] -> Current test: 9
[2016-11-18 14:05:29,541] [INFO] [server.transmit] -> request(293): 2573257325732573257325732573257325732573257325732573257325732573257325732573257325732573257325732573 ...
[2016-11-18 14:05:30,465] [INFO] [base._test_info] -> Current test: 10
[2016-11-18 14:05:30,467] [INFO] [server.transmit] -> request(69): 2573257325732573257325732573257325732573257325732573257325732573202f20485454502f312e310d0a486f73743a ...
[2016-11-18 14:05:31,385] [INFO] [base._test_info] -> Current test: 11
[2016-11-18 14:05:31,386] [INFO] [server.transmit] -> request(41): 25732573202f20485454502f312e310d0a486f73743a207777772e676f6f676c652e636f6d0d0a0d0a
[2016-11-18 14:05:32,307] [INFO] [base._test_info] -> Current test: 12
[2016-11-18 14:05:32,309] [INFO] [server.transmit] -> request(3109): 2525732525732525732525732525732525732525732525732525732525732525732525732525732525732525732525732525 ...
[2016-11-18 14:05:33,228] [INFO] [base._test_info] -> Current test: 13
[2016-11-18 14:05:33,230] [INFO] [server.transmit] -> request(421): 2525732525732525732525732525732525732525732525732525732525732525732525732525732525732525732525732525 ...
[2016-11-18 14:05:34,145] [INFO] [base._test_info] -> Current test: 14
[2016-11-18 14:05:34,146] [INFO] [server.transmit] -> request(85): 252573252573252573252573252573252573252573252573252573252573252573252573252573252573252573252573202f ...
[2016-11-18 14:05:35,065] [INFO] [base._test_info] -> Current test: 15
[2016-11-18 14:05:35,067] [INFO] [server.transmit] -> request(43): 252573252573202f20485454502f312e310d0a486f73743a207777772e676f6f676c652e636f6d0d0a0d0a
[2016-11-18 14:05:35,978] [INFO] [base._test_info] -> Current test: 16
[2016-11-18 14:05:35,978] [INFO] [server.transmit] -> request(4133): 2225732222257322222573222225732222257322222573222225732222257322222573222225732222257322222573222225 ...
[2016-11-18 14:05:36,892] [INFO] [base._test_info] -> Current test: 17
[2016-11-18 14:05:36,893] [INFO] [server.transmit] -> request(549): 2225732222257322222573222225732222257322222573222225732222257322222573222225732222257322222573222225 ...
[2016-11-18 14:05:37,812] [INFO] [base._test_info] -> Current test: 18
[2016-11-18 14:05:37,814] [INFO] [server.transmit] -> request(101): 2225732222257322222573222225732222257322222573222225732222257322222573222225732222257322222573222225 ...
[2016-11-18 14:05:38,737] [INFO] [base._test_info] -> Current test: 19
[2016-11-18 14:05:38,739] [INFO] [server.transmit] -> request(45): 2225732222257322202f20485454502f312e310d0a486f73743a207777772e676f6f676c652e636f6d0d0a0d0a
[2016-11-18 14:05:39,665] [INFO] [base._test_info] -> Current test: 20
[2016-11-18 14:05:39,667] [INFO] [server.transmit] -> request(2085): 256e256e256e256e256e256e256e256e256e256e256e256e256e256e256e256e256e256e256e256e256e256e256e256e256e ...
[2016-11-18 14:05:40,581] [INFO] [base._test_info] -> Current test: 21
[2016-11-18 14:05:40,582] [INFO] [server.transmit] -> request(293): 256e256e256e256e256e256e256e256e256e256e256e256e256e256e256e256e256e256e256e256e256e256e256e256e256e ...
[2016-11-18 14:05:41,506] [INFO] [base._test_info] -> Current test: 22
[2016-11-18 14:05:41,508] [INFO] [server.transmit] -> request(69): 256e256e256e256e256e256e256e256e256e256e256e256e256e256e256e256e202f20485454502f312e310d0a486f73743a ...
[2016-11-18 14:05:42,421] [INFO] [base._test_info] -> Current test: 23
[2016-11-18 14:05:42,422] [INFO] [server.transmit] -> request(41): 256e256e202f20485454502f312e310d0a486f73743a207777772e676f6f676c652e636f6d0d0a0d0a
[2016-11-18 14:05:43,343] [INFO] [base._test_info] -> Current test: 24
[2016-11-18 14:05:43,345] [INFO] [server.transmit] -> request(3109): 25256e25256e25256e25256e25256e25256e25256e25256e25256e25256e25256e25256e25256e25256e25256e25256e2525 ...
[2016-11-18 14:05:44,270] [INFO] [base._test_info] -> Current test: 25
[2016-11-18 14:05:44,275] [INFO] [server.transmit] -> request(421): 25256e25256e25256e25256e25256e25256e25256e25256e25256e25256e25256e25256e25256e25256e25256e25256e2525 ...
[2016-11-18 14:05:45,193] [INFO] [base._test_info] -> Current test: 26
[2016-11-18 14:05:45,193] [INFO] [server.transmit] -> request(85): 25256e25256e25256e25256e25256e25256e25256e25256e25256e25256e25256e25256e25256e25256e25256e25256e202f ...
[2016-11-18 14:05:46,101] [INFO] [base._test_info] -> Current test: 27
[2016-11-18 14:05:46,101] [INFO] [server.transmit] -> request(43): 25256e25256e202f20485454502f312e310d0a486f73743a207777772e676f6f676c652e636f6d0d0a0d0a
[2016-11-18 14:05:47,018] [INFO] [base._test_info] -> Current test: 28
[2016-11-18 14:05:47,020] [INFO] [server.transmit] -> request(4133): 22256e2222256e2222256e2222256e2222256e2222256e2222256e2222256e2222256e2222256e2222256e2222256e222225 ...
[2016-11-18 14:05:47,938] [INFO] [base._test_info] -> Current test: 29
[2016-11-18 14:05:47,939] [INFO] [server.transmit] -> request(549): 22256e2222256e2222256e2222256e2222256e2222256e2222256e2222256e2222256e2222256e2222256e2222256e222225 ...
[2016-11-18 14:05:48,851] [INFO] [base._test_info] -> Current test: 30
[2016-11-18 14:05:48,852] [INFO] [server.transmit] -> request(101): 22256e2222256e2222256e2222256e2222256e2222256e2222256e2222256e2222256e2222256e2222256e2222256e222225 ...
[2016-11-18 14:05:49,769] [INFO] [base._test_info] -> Current test: 31
[2016-11-18 14:05:49,771] [INFO] [server.transmit] -> request(45): 22256e2222256e22202f20485454502f312e310d0a486f73743a207777772e676f6f676c652e636f6d0d0a0d0a
[2016-11-18 14:05:50,702] [INFO] [base._test_info] -> Current test: 32
[2016-11-18 14:05:50,703] [INFO] [server.transmit] -> request(51): 252e31363730357525325c24686e202f20485454502f312e310d0a486f73743a207777772e676f6f676c652e636f6d0d0a0d ...
[2016-11-18 14:05:51,625] [INFO] [base._test_info] -> Current test: 33
[2016-11-18 14:05:51,630] [INFO] [server.transmit] -> request(2085): 0d0a0d0a0d0a0d0a0d0a0d0a0d0a0d0a0d0a0d0a0d0a0d0a0d0a0d0a0d0a0d0a0d0a0d0a0d0a0d0a0d0a0d0a0d0a0d0a0d0a ...
[2016-11-18 14:05:52,544] [INFO] [base._test_info] -> Current test: 34
[2016-11-18 14:05:52,545] [INFO] [server.transmit] -> request(293): 0d0a0d0a0d0a0d0a0d0a0d0a0d0a0d0a0d0a0d0a0d0a0d0a0d0a0d0a0d0a0d0a0d0a0d0a0d0a0d0a0d0a0d0a0d0a0d0a0d0a ...
[2016-11-18 14:05:53,460] [INFO] [base._test_info] -> Current test: 35
[2016-11-18 14:05:53,460] [INFO] [server.transmit] -> request(69): 0d0a0d0a0d0a0d0a0d0a0d0a0d0a0d0a0d0a0d0a0d0a0d0a0d0a0d0a0d0a0d0a202f20485454502f312e310d0a486f73743a ...
[2016-11-18 14:05:54,367] [INFO] [base._test_info] -> Current test: 36
[2016-11-18 14:05:54,367] [INFO] [server.transmit] -> request(41): 0d0a0d0a202f20485454502f312e310d0a486f73743a207777772e676f6f676c652e636f6d0d0a0d0a
[2016-11-18 14:05:55,279] [INFO] [base._test_info] -> Current test: 37
[2016-11-18 14:05:55,279] [INFO] [server.transmit] -> request(1061): 0a0a0a0a0a0a0a0a0a0a0a0a0a0a0a0a0a0a0a0a0a0a0a0a0a0a0a0a0a0a0a0a0a0a0a0a0a0a0a0a0a0a0a0a0a0a0a0a0a0a ...
[2016-11-18 14:05:56,194] [INFO] [base._test_info] -> Current test: 38
[2016-11-18 14:05:56,194] [INFO] [server.transmit] -> request(165): 0a0a0a0a0a0a0a0a0a0a0a0a0a0a0a0a0a0a0a0a0a0a0a0a0a0a0a0a0a0a0a0a0a0a0a0a0a0a0a0a0a0a0a0a0a0a0a0a0a0a ...
[2016-11-18 14:05:57,109] [INFO] [base._test_info] -> Current test: 39
[2016-11-18 14:05:57,109] [INFO] [server.transmit] -> request(53): 0a0a0a0a0a0a0a0a0a0a0a0a0a0a0a0a202f20485454502f312e310d0a486f73743a207777772e676f6f676c652e636f6d0d ...
[2016-11-18 14:05:58,020] [INFO] [base._test_info] -> Current test: 40
[2016-11-18 14:05:58,021] [INFO] [server.transmit] -> request(39): 0a0a202f20485454502f312e310d0a486f73743a207777772e676f6f676c652e636f6d0d0a0d0a
[2016-11-18 14:05:58,934] [INFO] [base._test_info] -> Current test: 41
[2016-11-18 14:05:58,935] [INFO] [server.transmit] -> request(4133): deadbeefdeadbeefdeadbeefdeadbeefdeadbeefdeadbeefdeadbeefdeadbeefdeadbeefdeadbeefdeadbeefdeadbeefdead ...
[2016-11-18 14:05:59,853] [INFO] [base._test_info] -> Current test: 42
[2016-11-18 14:05:59,855] [INFO] [server.transmit] -> request(549): deadbeefdeadbeefdeadbeefdeadbeefdeadbeefdeadbeefdeadbeefdeadbeefdeadbeefdeadbeefdeadbeefdeadbeefdead ...
[2016-11-18 14:06:00,791] [INFO] [base._test_info] -> Current test: 43
[2016-11-18 14:06:00,792] [INFO] [server.transmit] -> request(101): deadbeefdeadbeefdeadbeefdeadbeefdeadbeefdeadbeefdeadbeefdeadbeefdeadbeefdeadbeefdeadbeefdeadbeefdead ...
[2016-11-18 14:06:01,708] [INFO] [base._test_info] -> Current test: 44
[2016-11-18 14:06:01,709] [INFO] [server.transmit] -> request(45): deadbeefdeadbeef202f20485454502f312e310d0a486f73743a207777772e676f6f676c652e636f6d0d0a0d0a
[2016-11-18 14:06:02,621] [INFO] [base._test_info] -> Current test: 45
[2016-11-18 14:06:02,621] [INFO] [server.transmit] -> request(54): 7c746f756368202f746d702f4b49545459202f20485454502f312e310d0a486f73743a207777772e676f6f676c652e636f6d ...
[2016-11-18 14:06:03,534] [INFO] [base._test_info] -> Current test: 46
[2016-11-18 14:06:03,538] [INFO] [server.transmit] -> request(55): 3b746f756368202f746d702f4b495454593b202f20485454502f312e310d0a486f73743a207777772e676f6f676c652e636f ...
[2016-11-18 14:06:04,457] [INFO] [base._test_info] -> Current test: 47
[2016-11-18 14:06:04,458] [INFO] [server.transmit] -> request(51): 3b6c733e2f746d702f4b49545459202f20485454502f312e310d0a486f73743a207777772e676f6f676c652e636f6d0d0a0d ...
[2016-11-18 14:06:05,380] [INFO] [base._test_info] -> Current test: 48
[2016-11-18 14:06:05,382] [INFO] [server.transmit] -> request(66): 223b6c733e2f746d702f4b495454593b6c733e2f6465762f6e756c6c22202f20485454502f312e310d0a486f73743a207777 ...
[2016-11-18 14:06:06,298] [INFO] [base._test_info] -> Current test: 49
[2016-11-18 14:06:06,299] [INFO] [server.transmit] -> request(67): 273b6c733e2f746d702f4b495454593b6c733e272f6465762f6e756c6c27202f20485454502f312e310d0a486f73743a2077 ...
[2016-11-18 14:06:07,210] [INFO] [base._test_info] -> Current test: 50
[2016-11-18 14:06:07,210] [INFO] [server.transmit] -> request(52): 606c733e2f746d702f4b4954545960202f20485454502f312e310d0a486f73743a207777772e676f6f676c652e636f6d0d0a ...
[2016-11-18 14:06:08,120] [INFO] [base._test_info] -> Current test: 51
[2016-11-18 14:06:08,121] [INFO] [server.transmit] -> request(53): 20606c733e2f746d702f4b4954545960202f20485454502f312e310d0a486f73743a207777772e676f6f676c652e636f6d0d ...
[2016-11-18 14:06:09,031] [INFO] [base._test_info] -> Current test: 52
[2016-11-18 14:06:09,031] [INFO] [server.transmit] -> request(45): 7c6e6f7465706164202f20485454502f312e310d0a486f73743a207777772e676f6f676c652e636f6d0d0a0d0a
[2016-11-18 14:06:09,949] [INFO] [base._test_info] -> Current test: 53
[2016-11-18 14:06:09,951] [INFO] [server.transmit] -> request(46): 3b6e6f74657061643b202f20485454502f312e310d0a486f73743a207777772e676f6f676c652e636f6d0d0a0d0a
[2016-11-18 14:06:10,873] [INFO] [base._test_info] -> Current test: 54
[2016-11-18 14:06:10,875] [INFO] [server.transmit] -> request(46): 0a6e6f74657061640a202f20485454502f312e310d0a486f73743a207777772e676f6f676c652e636f6d0d0a0d0a
[2016-11-18 14:06:11,795] [INFO] [base._test_info] -> Current test: 55
[2016-11-18 14:06:11,797] [INFO] [server.transmit] -> request(48): 27206f7220313d31202d2d202f20485454502f312e310d0a486f73743a207777772e676f6f676c652e636f6d0d0a0d0a
[2016-11-18 14:06:12,717] [INFO] [base._test_info] -> Current test: 56
[2016-11-18 14:06:12,718] [INFO] [server.transmit] -> request(54): 273b20646573632075736572733b202d2d202f20485454502f312e310d0a486f73743a207777772e676f6f676c652e636f6d ...
[2016-11-18 14:06:13,637] [INFO] [base._test_info] -> Current test: 57
[2016-11-18 14:06:13,639] [INFO] [server.transmit] -> request(78): 27206f7220757365726e616d65206973206e6f74204e554c4c206f7220757365726e616d65203d2027202f20485454502f31 ...
[2016-11-18 14:06:14,561] [INFO] [base._test_info] -> Current test: 58
[2016-11-18 14:06:14,563] [INFO] [server.transmit] -> request(109): 3120756e696f6e20616c6c2073656c65637420312c322c332c342c352c362c6e616d652066726f6d207379736f626a656374 ...
[2016-11-18 14:06:15,476] [INFO] [base._test_info] -> Current test: 59
[2016-11-18 14:06:15,476] [INFO] [server.transmit] -> request(48): 60206f72206031603d6031202f20485454502f312e310d0a486f73743a207777772e676f6f676c652e636f6d0d0a0d0a
[2016-11-18 14:06:16,385] [INFO] [base._test_info] -> Current test: 60
[2016-11-18 14:06:16,386] [INFO] [server.transmit] -> request(48): 27206f72202731273d2731202f20485454502f312e310d0a486f73743a207777772e676f6f676c652e636f6d0d0a0d0a
[2016-11-18 14:06:17,295] [INFO] [base._test_info] -> Current test: 61
[2016-11-18 14:06:17,295] [INFO] [server.transmit] -> request(39): 4141202f20485454502f312e310d0a486f73743a207777772e676f6f676c652e636f6d0d0a0d0a
[2016-11-18 14:06:18,210] [INFO] [base._test_info] -> Current test: 62
[2016-11-18 14:06:18,210] [INFO] [server.transmit] -> request(47): 41414141414141414141202f20485454502f312e310d0a486f73743a207777772e676f6f676c652e636f6d0d0a0d0a
[2016-11-18 14:06:19,127] [INFO] [base._test_info] -> Current test: 63
[2016-11-18 14:06:19,128] [INFO] [server.transmit] -> request(137): 4141414141414141414141414141414141414141414141414141414141414141414141414141414141414141414141414141 ...
[2016-11-18 14:06:20,050] [INFO] [base._test_info] -> Current test: 64
[2016-11-18 14:06:20,052] [INFO] [server.transmit] -> request(1037): 4141414141414141414141414141414141414141414141414141414141414141414141414141414141414141414141414141 ...
[2016-11-18 14:06:20,975] [INFO] [base._test_info] -> Current test: 65
[2016-11-18 14:06:20,978] [INFO] [server.transmit] -> request(5037): 4141414141414141414141414141414141414141414141414141414141414141414141414141414141414141414141414141 ...
[2016-11-18 14:06:21,902] [INFO] [base._test_info] -> Current test: 66
[2016-11-18 14:06:21,905] [INFO] [server.transmit] -> request(10037): 4141414141414141414141414141414141414141414141414141414141414141414141414141414141414141414141414141 ...
[2016-11-18 14:06:22,825] [INFO] [base._test_info] -> Current test: 67
[2016-11-18 14:06:22,827] [INFO] [server.transmit] -> request(48): 2f6574632f706173737764202f20485454502f312e310d0a486f73743a207777772e676f6f676c652e636f6d0d0a0d0a
[2016-11-18 14:06:23,745] [INFO] [base._test_info] -> Current test: 68
[2016-11-18 14:06:23,746] [INFO] [server.transmit] -> request(91): 2e2f2e2e2f2e2e2f2e2e2f2e2e2f2e2e2f2e2e2f2e2e2f2e2e2f2e2e2f2e2e2f2e2e2f2e2e2f2e2e2f2e2e2f6574632f7061 ...
[2016-11-18 14:06:24,664] [INFO] [base._test_info] -> Current test: 69
[2016-11-18 14:06:24,665] [INFO] [server.transmit] -> request(89): 2e2e2f2e2e2f2e2e2f2e2e2f2e2e2f2e2e2f2e2e2f2e2e2f2e2e2f2e2e2f2e2e2f2e2e2f2e2e2f2e2e2f6574632f70617373 ...
[2016-11-18 14:06:25,587] [INFO] [base._test_info] -> Current test: 70
[2016-11-18 14:06:25,588] [INFO] [server.transmit] -> request(50): 2f70726f632f637075696e666f202f20485454502f312e310d0a486f73743a207777772e676f6f676c652e636f6d0d0a0d0a ...
[2016-11-18 14:06:26,515] [INFO] [base._test_info] -> Current test: 71
[2016-11-18 14:06:26,517] [INFO] [server.transmit] -> request(93): 2e2f2e2e2f2e2e2f2e2e2f2e2e2f2e2e2f2e2e2f2e2e2f2e2e2f2e2e2f2e2e2f2e2e2f2e2e2f2e2e2f2e2e2f70726f632f63 ...
[2016-11-18 14:06:27,441] [INFO] [base._test_info] -> Current test: 72
[2016-11-18 14:06:27,442] [INFO] [server.transmit] -> request(91): 2e2e2f2e2e2f2e2e2f2e2e2f2e2e2f2e2e2f2e2e2f2e2e2f2e2e2f2e2e2f2e2e2f2e2e2f2e2e2f2e2e2f70726f632f637075 ...
[2016-11-18 14:06:28,361] [INFO] [base._test_info] -> Current test: 73
[2016-11-18 14:06:28,362] [INFO] [server.transmit] -> request(47): 7e2f2e70726f66696c65202f20485454502f312e310d0a486f73743a207777772e676f6f676c652e636f6d0d0a0d0a
[2016-11-18 14:06:29,288] [INFO] [base._test_info] -> Current test: 74
[2016-11-18 14:06:29,291] [INFO] [server.transmit] -> request(51): 24484f4d452f2e70726f66696c65202f20485454502f312e310d0a486f73743a207777772e676f6f676c652e636f6d0d0a0d ...
[2016-11-18 14:06:30,221] [INFO] [base._test_info] -> Current test: 75
[2016-11-18 14:06:30,223] [INFO] [server.transmit] -> request(82): 2f2e2e2f2e2e2f2e2e2f2e2e2f2e2e2f2e2e2f2e2e2f2e2e2f2e2e2f2e2e2f2e2e2f2e2e2f626f6f742e696e69202f204854 ...
[2016-11-18 14:06:30,641] [INFO] [base._test_info] -> Current test: 76
[2016-11-18 14:06:30,642] [INFO] [server.transmit] -> request(1061): 2f5c2f5c2f5c2f5c2f5c2f5c2f5c2f5c2f5c2f5c2f5c2f5c2f5c2f5c2f5c2f5c2f5c2f5c2f5c2f5c2f5c2f5c2f5c2f5c2f5c ...
[2016-11-18 14:06:31,554] [INFO] [base._test_info] -> Current test: 77
[2016-11-18 14:06:31,554] [INFO] [server.transmit] -> request(165): 2f5c2f5c2f5c2f5c2f5c2f5c2f5c2f5c2f5c2f5c2f5c2f5c2f5c2f5c2f5c2f5c2f5c2f5c2f5c2f5c2f5c2f5c2f5c2f5c2f5c ...
[2016-11-18 14:06:32,467] [INFO] [base._test_info] -> Current test: 78
[2016-11-18 14:06:32,468] [INFO] [server.transmit] -> request(53): 2f5c2f5c2f5c2f5c2f5c2f5c2f5c2f5c202f20485454502f312e310d0a486f73743a207777772e676f6f676c652e636f6d0d ...
[2016-11-18 14:06:33,379] [INFO] [base._test_info] -> Current test: 79
[2016-11-18 14:06:33,379] [INFO] [server.transmit] -> request(1061): 2f2e2f2e2f2e2f2e2f2e2f2e2f2e2f2e2f2e2f2e2f2e2f2e2f2e2f2e2f2e2f2e2f2e2f2e2f2e2f2e2f2e2f2e2f2e2f2e2f2e ...
[2016-11-18 14:06:34,296] [INFO] [base._test_info] -> Current test: 80
[2016-11-18 14:06:34,298] [INFO] [server.transmit] -> request(165): 2f2e2f2e2f2e2f2e2f2e2f2e2f2e2f2e2f2e2f2e2f2e2f2e2f2e2f2e2f2e2f2e2f2e2f2e2f2e2f2e2f2e2f2e2f2e2f2e2f2e ...
[2016-11-18 14:06:35,217] [INFO] [base._test_info] -> Current test: 81
[2016-11-18 14:06:35,218] [INFO] [server.transmit] -> request(53): 2f2e2f2e2f2e2f2e2f2e2f2e2f2e2f2e202f20485454502f312e310d0a486f73743a207777772e676f6f676c652e636f6d0d ...
[2016-11-18 14:06:36,144] [INFO] [base._test_info] -> Current test: 82
[2016-11-18 14:06:36,145] [INFO] [server.transmit] -> request(66): 2140232425255e2324252324402324252424402324255e5e2a2a282829202f20485454502f312e310d0a486f73743a207777 ...
[2016-11-18 14:06:37,065] [INFO] [base._test_info] -> Current test: 83
[2016-11-18 14:06:37,066] [INFO] [server.transmit] -> request(62): 25303125303225303325303425306125306425306141445346202f20485454502f312e310d0a486f73743a207777772e676f ...
[2016-11-18 14:06:37,986] [INFO] [base._test_info] -> Current test: 84
[2016-11-18 14:06:37,987] [INFO] [server.transmit] -> request(63): 2530312530322530334025303425306125306425306141445346202f20485454502f312e310d0a486f73743a207777772e67 ...
[2016-11-18 14:06:38,918] [INFO] [base._test_info] -> Current test: 85
[2016-11-18 14:06:38,919] [INFO] [server.transmit] -> request(42): 2f2530302f202f20485454502f312e310d0a486f73743a207777772e676f6f676c652e636f6d0d0a0d0a
[2016-11-18 14:06:39,831] [INFO] [base._test_info] -> Current test: 86
[2016-11-18 14:06:39,831] [INFO] [server.transmit] -> request(41): 2530302f202f20485454502f312e310d0a486f73743a207777772e676f6f676c652e636f6d0d0a0d0a
[2016-11-18 14:06:40,742] [INFO] [base._test_info] -> Current test: 87
[2016-11-18 14:06:40,742] [INFO] [server.transmit] -> request(40): 253030202f20485454502f312e310d0a486f73743a207777772e676f6f676c652e636f6d0d0a0d0a
[2016-11-18 14:06:41,668] [INFO] [base._test_info] -> Current test: 88
[2016-11-18 14:06:41,673] [INFO] [server.transmit] -> request(43): 257530303030202f20485454502f312e310d0a486f73743a207777772e676f6f676c652e636f6d0d0a0d0a
[2016-11-18 14:06:42,118] [INFO] [base._test_info] -> Current test: 89
[2016-11-18 14:06:42,120] [INFO] [server.transmit] -> request(229): 25fef02501ff25fef02501ff25fef02501ff25fef02501ff25fef02501ff25fef02501ff25fef02501ff25fef02501ff25fe ...
[2016-11-18 14:06:43,033] [INFO] [base._test_info] -> Current test: 90
[2016-11-18 14:06:43,034] [INFO] [server.transmit] -> request(61): 25fef02501ff25fef02501ff25fef02501ff25fef02501ff202f20485454502f312e310d0a486f73743a207777772e676f6f ...
[2016-11-18 14:06:43,942] [INFO] [base._test_info] -> Current test: 91
[2016-11-18 14:06:43,943] [INFO] [server.transmit] -> request(43): 545241434520202f20485454502f312e310d0a486f73743a207777772e676f6f676c652e636f6d0d0a0d0a
[2016-11-18 14:06:44,857] [INFO] [base._test_info] -> Current test: 92
[2016-11-18 14:06:44,859] [INFO] [server.transmit] -> request(51): 5452414345202020202020202020202f20485454502f312e310d0a486f73743a207777772e676f6f676c652e636f6d0d0a0d ...
[2016-11-18 14:06:45,790] [INFO] [base._test_info] -> Current test: 93
[2016-11-18 14:06:45,790] [INFO] [server.transmit] -> request(141): 5452414345202020202020202020202020202020202020202020202020202020202020202020202020202020202020202020 ...
[2016-11-18 14:06:46,701] [INFO] [base._test_info] -> Current test: 94
[2016-11-18 14:06:46,702] [INFO] [server.transmit] -> request(43): 545241434520fe2f20485454502f312e310d0a486f73743a207777772e676f6f676c652e636f6d0d0a0d0a
[2016-11-18 14:06:47,621] [INFO] [base._test_info] -> Current test: 97
[2016-11-18 14:06:47,622] [INFO] [server.transmit] -> request(43): 545241434520002f20485454502f312e310d0a486f73743a207777772e676f6f676c652e636f6d0d0a0d0a
[2016-11-18 14:06:48,535] [INFO] [base._test_info] -> Current test: 98
[2016-11-18 14:06:48,536] [INFO] [server.transmit] -> request(45): 5452414345202020202f20485454502f312e310d0a486f73743a207777772e676f6f676c652e636f6d0d0a0d0a
[2016-11-18 14:06:49,445] [INFO] [base._test_info] -> Current test: 99
[2016-11-18 14:06:49,446] [INFO] [server.transmit] -> request(45): 5452414345090909092f20485454502f312e310d0a486f73743a207777772e676f6f676c652e636f6d0d0a0d0a
[2016-11-18 14:06:50,363] [INFO] [base._test_info] -> Current test: 100
[2016-11-18 14:06:50,365] [INFO] [server.transmit] -> request(45): 5452414345212121212f20485454502f312e310d0a486f73743a207777772e676f6f676c652e636f6d0d0a0d0a
[2016-11-18 14:06:51,278] [INFO] [base._test_info] -> Current test: 101
[2016-11-18 14:06:51,279] [INFO] [server.transmit] -> request(45): 5452414345404040402f20485454502f312e310d0a486f73743a207777772e676f6f676c652e636f6d0d0a0d0a
[2016-11-18 14:06:52,196] [INFO] [base._test_info] -> Current test: 102
[2016-11-18 14:06:52,198] [INFO] [server.transmit] -> request(45): 5452414345232323232f20485454502f312e310d0a486f73743a207777772e676f6f676c652e636f6d0d0a0d0a
[2016-11-18 14:06:53,114] [INFO] [base._test_info] -> Current test: 103
[2016-11-18 14:06:53,115] [INFO] [server.transmit] -> request(45): 5452414345242424242f20485454502f312e310d0a486f73743a207777772e676f6f676c652e636f6d0d0a0d0a
[2016-11-18 14:06:54,029] [INFO] [base._test_info] -> Current test: 104
[2016-11-18 14:06:54,030] [INFO] [server.transmit] -> request(45): 5452414345252525252f20485454502f312e310d0a486f73743a207777772e676f6f676c652e636f6d0d0a0d0a
[2016-11-18 14:06:54,939] [INFO] [base._test_info] -> Current test: 105
[2016-11-18 14:06:54,940] [INFO] [server.transmit] -> request(45): 54524143455e5e5e5e2f20485454502f312e310d0a486f73743a207777772e676f6f676c652e636f6d0d0a0d0a
[2016-11-18 14:06:55,849] [INFO] [base._test_info] -> Current test: 106
[2016-11-18 14:06:55,850] [INFO] [server.transmit] -> request(45): 5452414345262626262f20485454502f312e310d0a486f73743a207777772e676f6f676c652e636f6d0d0a0d0a
[2016-11-18 14:06:56,760] [INFO] [base._test_info] -> Current test: 107
[2016-11-18 14:06:56,761] [INFO] [server.transmit] -> request(45): 54524143452a2a2a2a2f20485454502f312e310d0a486f73743a207777772e676f6f676c652e636f6d0d0a0d0a
[2016-11-18 14:06:57,668] [INFO] [base._test_info] -> Current test: 108
[2016-11-18 14:06:57,668] [INFO] [server.transmit] -> request(45): 5452414345282828282f20485454502f312e310d0a486f73743a207777772e676f6f676c652e636f6d0d0a0d0a
[2016-11-18 14:06:58,583] [INFO] [base._test_info] -> Current test: 109
[2016-11-18 14:06:58,585] [INFO] [server.transmit] -> request(45): 5452414345292929292f20485454502f312e310d0a486f73743a207777772e676f6f676c652e636f6d0d0a0d0a
[2016-11-18 14:06:59,508] [INFO] [base._test_info] -> Current test: 110
[2016-11-18 14:06:59,510] [INFO] [server.transmit] -> request(45): 54524143452d2d2d2d2f20485454502f312e310d0a486f73743a207777772e676f6f676c652e636f6d0d0a0d0a
[2016-11-18 14:07:00,425] [INFO] [base._test_info] -> Current test: 111
[2016-11-18 14:07:00,426] [INFO] [server.transmit] -> request(45): 54524143455f5f5f5f2f20485454502f312e310d0a486f73743a207777772e676f6f676c652e636f6d0d0a0d0a
[2016-11-18 14:07:01,332] [INFO] [base._test_info] -> Current test: 112
[2016-11-18 14:07:01,333] [INFO] [server.transmit] -> request(45): 54524143452b2b2b2b2f20485454502f312e310d0a486f73743a207777772e676f6f676c652e636f6d0d0a0d0a
[2016-11-18 14:07:02,246] [INFO] [base._test_info] -> Current test: 113
[2016-11-18 14:07:02,249] [INFO] [server.transmit] -> request(45): 54524143453d3d3d3d2f20485454502f312e310d0a486f73743a207777772e676f6f676c652e636f6d0d0a0d0a
[2016-11-18 14:07:03,165] [INFO] [base._test_info] -> Current test: 114
[2016-11-18 14:07:03,166] [INFO] [server.transmit] -> request(45): 54524143453a3a3a3a2f20485454502f312e310d0a486f73743a207777772e676f6f676c652e636f6d0d0a0d0a
[2016-11-18 14:07:04,084] [INFO] [base._test_info] -> Current test: 115
[2016-11-18 14:07:04,085] [INFO] [server.transmit] -> request(45): 54524143453b3b3b3b2f20485454502f312e310d0a486f73743a207777772e676f6f676c652e636f6d0d0a0d0a
[2016-11-18 14:07:04,998] [INFO] [base._test_info] -> Current test: 116
[2016-11-18 14:07:04,998] [INFO] [server.transmit] -> request(45): 5452414345272727272f20485454502f312e310d0a486f73743a207777772e676f6f676c652e636f6d0d0a0d0a
[2016-11-18 14:07:05,919] [INFO] [base._test_info] -> Current test: 117
[2016-11-18 14:07:05,921] [INFO] [server.transmit] -> request(45): 5452414345222222222f20485454502f312e310d0a486f73743a207777772e676f6f676c652e636f6d0d0a0d0a
[2016-11-18 14:07:06,832] [INFO] [base._test_info] -> Current test: 118
[2016-11-18 14:07:06,833] [INFO] [server.transmit] -> request(45): 54524143452f2f2f2f2f20485454502f312e310d0a486f73743a207777772e676f6f676c652e636f6d0d0a0d0a
[2016-11-18 14:07:07,750] [INFO] [base._test_info] -> Current test: 119
[2016-11-18 14:07:07,752] [INFO] [server.transmit] -> request(45): 54524143455c5c5c5c2f20485454502f312e310d0a486f73743a207777772e676f6f676c652e636f6d0d0a0d0a
[2016-11-18 14:07:08,667] [INFO] [base._test_info] -> Current test: 120
[2016-11-18 14:07:08,667] [INFO] [server.transmit] -> request(45): 54524143453f3f3f3f2f20485454502f312e310d0a486f73743a207777772e676f6f676c652e636f6d0d0a0d0a
[2016-11-18 14:07:09,590] [INFO] [base._test_info] -> Current test: 121
[2016-11-18 14:07:09,591] [INFO] [server.transmit] -> request(45): 54524143453c3c3c3c2f20485454502f312e310d0a486f73743a207777772e676f6f676c652e636f6d0d0a0d0a
[2016-11-18 14:07:10,516] [INFO] [base._test_info] -> Current test: 122
[2016-11-18 14:07:10,517] [INFO] [server.transmit] -> request(45): 54524143453e3e3e3e2f20485454502f312e310d0a486f73743a207777772e676f6f676c652e636f6d0d0a0d0a
[2016-11-18 14:07:11,433] [INFO] [base._test_info] -> Current test: 123
[2016-11-18 14:07:11,434] [INFO] [server.transmit] -> request(45): 54524143452e2e2e2e2f20485454502f312e310d0a486f73743a207777772e676f6f676c652e636f6d0d0a0d0a
[2016-11-18 14:07:12,346] [INFO] [base._test_info] -> Current test: 124
[2016-11-18 14:07:12,347] [INFO] [server.transmit] -> request(45): 54524143452c2c2c2c2f20485454502f312e310d0a486f73743a207777772e676f6f676c652e636f6d0d0a0d0a
[2016-11-18 14:07:13,254] [INFO] [base._test_info] -> Current test: 125
[2016-11-18 14:07:13,254] [INFO] [server.transmit] -> request(45): 54524143450d0d0d0d2f20485454502f312e310d0a486f73743a207777772e676f6f676c652e636f6d0d0a0d0a
[2016-11-18 14:07:14,166] [INFO] [base._test_info] -> Current test: 126
[2016-11-18 14:07:14,166] [INFO] [server.transmit] -> request(45): 54524143450a0a0a0a2f20485454502f312e310d0a486f73743a207777772e676f6f676c652e636f6d0d0a0d0a
[2016-11-18 14:07:15,085] [INFO] [base._test_info] -> Current test: 127
[2016-11-18 14:07:15,087] [INFO] [server.transmit] -> request(57): 54524143450d0a0d0a0d0a0d0a0d0a0d0a0d0a0d0a2f20485454502f312e310d0a486f73743a207777772e676f6f676c652e ...
[2016-11-18 14:07:16,013] [INFO] [base._test_info] -> Current test: 128
[2016-11-18 14:07:16,014] [INFO] [server.transmit] -> request(65): 5452414345090d0a090d0a090d0a090d0a090d0a090d0a090d0a090d0a2f20485454502f312e310d0a486f73743a20777777 ...
[2016-11-18 14:07:16,933] [INFO] [base._test_info] -> Current test: 129
[2016-11-18 14:07:16,934] [INFO] [server.transmit] -> request(41): 54524143452f20485454502f312e310d0a486f73743a207777772e676f6f676c652e636f6d0d0a0d0a
[2016-11-18 14:07:17,856] [INFO] [base._test_info] -> Current test: 130
[2016-11-18 14:07:17,858] [INFO] [server.transmit] -> request(43): 5452414345202f2f20485454502f312e310d0a486f73743a207777772e676f6f676c652e636f6d0d0a0d0a
[2016-11-18 14:07:18,773] [INFO] [base._test_info] -> Current test: 131
[2016-11-18 14:07:18,774] [INFO] [server.transmit] -> request(51): 5452414345202f2f2f2f2f2f2f2f2f2f20485454502f312e310d0a486f73743a207777772e676f6f676c652e636f6d0d0a0d ...
[2016-11-18 14:07:19,709] [INFO] [base._test_info] -> Current test: 132
[2016-11-18 14:07:19,710] [INFO] [server.transmit] -> request(141): 5452414345202f2f2f2f2f2f2f2f2f2f2f2f2f2f2f2f2f2f2f2f2f2f2f2f2f2f2f2f2f2f2f2f2f2f2f2f2f2f2f2f2f2f2f2f ...
[2016-11-18 14:07:20,628] [INFO] [base._test_info] -> Current test: 133
[2016-11-18 14:07:20,630] [INFO] [server.transmit] -> request(43): 5452414345202ffe20485454502f312e310d0a486f73743a207777772e676f6f676c652e636f6d0d0a0d0a
[2016-11-18 14:07:21,560] [INFO] [base._test_info] -> Current test: 136
[2016-11-18 14:07:21,561] [INFO] [server.transmit] -> request(43): 5452414345202f0020485454502f312e310d0a486f73743a207777772e676f6f676c652e636f6d0d0a0d0a
[2016-11-18 14:07:22,477] [INFO] [base._test_info] -> Current test: 137
[2016-11-18 14:07:22,478] [INFO] [server.transmit] -> request(41): 54524143452020485454502f312e310d0a486f73743a207777772e676f6f676c652e636f6d0d0a0d0a
[2016-11-18 14:07:23,391] [INFO] [base._test_info] -> Current test: 138
[2016-11-18 14:07:23,392] [INFO] [server.transmit] -> request(2089): 5452414345202573257325732573257325732573257325732573257325732573257325732573257325732573257325732573 ...
[2016-11-18 14:07:24,310] [INFO] [base._test_info] -> Current test: 139
[2016-11-18 14:07:24,311] [INFO] [server.transmit] -> request(297): 5452414345202573257325732573257325732573257325732573257325732573257325732573257325732573257325732573 ...
[2016-11-18 14:07:25,219] [INFO] [base._test_info] -> Current test: 140
[2016-11-18 14:07:25,219] [INFO] [server.transmit] -> request(73): 545241434520257325732573257325732573257325732573257325732573257325732573257320485454502f312e310d0a48 ...
[2016-11-18 14:07:26,135] [INFO] [base._test_info] -> Current test: 141
[2016-11-18 14:07:26,137] [INFO] [server.transmit] -> request(45): 5452414345202573257320485454502f312e310d0a486f73743a207777772e676f6f676c652e636f6d0d0a0d0a
[2016-11-18 14:07:27,063] [INFO] [base._test_info] -> Current test: 142
[2016-11-18 14:07:27,064] [INFO] [server.transmit] -> request(3113): 5452414345202525732525732525732525732525732525732525732525732525732525732525732525732525732525732525 ...
[2016-11-18 14:07:27,980] [INFO] [base._test_info] -> Current test: 143
[2016-11-18 14:07:27,980] [INFO] [server.transmit] -> request(425): 5452414345202525732525732525732525732525732525732525732525732525732525732525732525732525732525732525 ...
[2016-11-18 14:07:28,895] [INFO] [base._test_info] -> Current test: 144
[2016-11-18 14:07:28,895] [INFO] [server.transmit] -> request(89): 5452414345202525732525732525732525732525732525732525732525732525732525732525732525732525732525732525 ...
[2016-11-18 14:07:29,857] [INFO] [base._test_info] -> Current test: 145
[2016-11-18 14:07:29,859] [INFO] [server.transmit] -> request(47): 54524143452025257325257320485454502f312e310d0a486f73743a207777772e676f6f676c652e636f6d0d0a0d0a
[2016-11-18 14:07:30,774] [INFO] [base._test_info] -> Current test: 146
[2016-11-18 14:07:30,774] [INFO] [server.transmit] -> request(4137): 5452414345202225732222257322222573222225732222257322222573222225732222257322222573222225732222257322 ...
[2016-11-18 14:07:31,687] [INFO] [base._test_info] -> Current test: 147
[2016-11-18 14:07:31,687] [INFO] [server.transmit] -> request(553): 5452414345202225732222257322222573222225732222257322222573222225732222257322222573222225732222257322 ...
[2016-11-18 14:07:32,597] [INFO] [base._test_info] -> Current test: 148
[2016-11-18 14:07:32,597] [INFO] [server.transmit] -> request(105): 5452414345202225732222257322222573222225732222257322222573222225732222257322222573222225732222257322 ...
[2016-11-18 14:07:33,504] [INFO] [base._test_info] -> Current test: 149
[2016-11-18 14:07:33,505] [INFO] [server.transmit] -> request(49): 545241434520222573222225732220485454502f312e310d0a486f73743a207777772e676f6f676c652e636f6d0d0a0d0a
[2016-11-18 14:07:34,421] [INFO] [base._test_info] -> Current test: 150
[2016-11-18 14:07:34,423] [INFO] [server.transmit] -> request(2089): 545241434520256e256e256e256e256e256e256e256e256e256e256e256e256e256e256e256e256e256e256e256e256e256e ...
[2016-11-18 14:07:35,336] [INFO] [base._test_info] -> Current test: 151
[2016-11-18 14:07:35,337] [INFO] [server.transmit] -> request(297): 545241434520256e256e256e256e256e256e256e256e256e256e256e256e256e256e256e256e256e256e256e256e256e256e ...
[2016-11-18 14:07:36,257] [INFO] [base._test_info] -> Current test: 152
[2016-11-18 14:07:36,262] [INFO] [server.transmit] -> request(73): 545241434520256e256e256e256e256e256e256e256e256e256e256e256e256e256e256e256e20485454502f312e310d0a48 ...
[2016-11-18 14:07:37,176] [INFO] [base._test_info] -> Current test: 153
[2016-11-18 14:07:37,176] [INFO] [server.transmit] -> request(45): 545241434520256e256e20485454502f312e310d0a486f73743a207777772e676f6f676c652e636f6d0d0a0d0a
[2016-11-18 14:07:38,093] [INFO] [base._test_info] -> Current test: 154
[2016-11-18 14:07:38,094] [INFO] [server.transmit] -> request(3113): 54524143452025256e25256e25256e25256e25256e25256e25256e25256e25256e25256e25256e25256e25256e25256e2525 ...
[2016-11-18 14:07:39,012] [INFO] [base._test_info] -> Current test: 155
[2016-11-18 14:07:39,014] [INFO] [server.transmit] -> request(425): 54524143452025256e25256e25256e25256e25256e25256e25256e25256e25256e25256e25256e25256e25256e25256e2525 ...
[2016-11-18 14:07:39,932] [INFO] [base._test_info] -> Current test: 156
[2016-11-18 14:07:39,932] [INFO] [server.transmit] -> request(89): 54524143452025256e25256e25256e25256e25256e25256e25256e25256e25256e25256e25256e25256e25256e25256e2525 ...
[2016-11-18 14:07:40,856] [INFO] [base._test_info] -> Current test: 157
[2016-11-18 14:07:40,857] [INFO] [server.transmit] -> request(47): 54524143452025256e25256e20485454502f312e310d0a486f73743a207777772e676f6f676c652e636f6d0d0a0d0a
[2016-11-18 14:07:41,778] [INFO] [base._test_info] -> Current test: 158
[2016-11-18 14:07:41,779] [INFO] [server.transmit] -> request(4137): 54524143452022256e2222256e2222256e2222256e2222256e2222256e2222256e2222256e2222256e2222256e2222256e22 ...
[2016-11-18 14:07:42,697] [INFO] [base._test_info] -> Current test: 159
[2016-11-18 14:07:42,699] [INFO] [server.transmit] -> request(553): 54524143452022256e2222256e2222256e2222256e2222256e2222256e2222256e2222256e2222256e2222256e2222256e22 ...
