[2016-11-18 14:55:03,439] [INFO] [base._load_session] -> No session loaded
[2016-11-18 14:55:03,441] [INFO] [graph.hash] -> hash of template HTTP_GET_REQUEST_BYTE_RANGE is -3389487266823754318
[2016-11-18 14:55:03,441] [INFO] [graph.hash] -> hash of model is -7253090768596029706
[2016-11-18 14:55:03,442] [INFO] [base._start_message] -> 
                 --------------------------------------------------
                 Starting fuzzing session
                 Target: TcpTarget
                 UI: WebInterface listening on 0.0.0.0:26000
                 Log: ./kittylogs/kitty_20161118-145503.log

                 Total possible mutation count: 338
                 Fuzzing the mutation range: 0 to 337
                 --------------------------------------------------
                                 Happy hacking
                 --------------------------------------------------
            
[2016-11-18 14:55:03,443] [INFO] [base.start] -> Performing environment test
[2016-11-18 14:55:03,446] [INFO] [base._test_info] -> Current test: -1
[2016-11-18 14:55:03,447] [INFO] [server.transmit] -> request(272): 474554202f6170616368655f70622e6769660d0a486f73743a203132372e302e302e313a383038380d0a557365722d416765 ...
[2016-11-18 14:55:03,950] [INFO] [server._start] -> should keep running? True
[2016-11-18 14:55:03,965] [INFO] [base._test_info] -> Current test: 0
[2016-11-18 14:55:03,967] [INFO] [server.transmit] -> request(286): 474554202f6170616368655f70622e6769662f6170616368655f70622e6769660d0a486f73743a203132372e302e302e313a ...
[2016-11-18 14:55:04,885] [INFO] [base._test_info] -> Current test: 1
[2016-11-18 14:55:04,887] [INFO] [server.transmit] -> request(398): 474554202f6170616368655f70622e6769662f6170616368655f70622e6769662f6170616368655f70622e6769662f617061 ...
[2016-11-18 14:55:05,808] [INFO] [base._test_info] -> Current test: 2
[2016-11-18 14:55:05,809] [INFO] [server.transmit] -> request(1658): 474554202f6170616368655f70622e6769662f6170616368655f70622e6769662f6170616368655f70622e6769662f617061 ...
[2016-11-18 14:55:06,718] [INFO] [base._test_info] -> Current test: 3
[2016-11-18 14:55:06,718] [INFO] [server.transmit] -> request(273): 474554202f6170616368655f70622e676966fe0d0a486f73743a203132372e302e302e313a383038380d0a557365722d4167 ...
[2016-11-18 14:55:07,625] [INFO] [base._test_info] -> Current test: 4
[2016-11-18 14:55:07,626] [INFO] [server.transmit] -> request(273): 47455420002f6170616368655f70622e6769660d0a486f73743a203132372e302e302e313a383038380d0a557365722d4167 ...
[2016-11-18 14:55:08,540] [INFO] [base._test_info] -> Current test: 5
[2016-11-18 14:55:08,541] [INFO] [server.transmit] -> request(273): 474554202f617061636865005f70622e6769660d0a486f73743a203132372e302e302e313a383038380d0a557365722d4167 ...
[2016-11-18 14:55:09,454] [INFO] [base._test_info] -> Current test: 6
[2016-11-18 14:55:09,455] [INFO] [server.transmit] -> request(273): 474554202f6170616368655f70622e676966000d0a486f73743a203132372e302e302e313a383038380d0a557365722d4167 ...
[2016-11-18 14:55:10,368] [INFO] [base._test_info] -> Current test: 7
[2016-11-18 14:55:10,368] [INFO] [server.transmit] -> request(258): 474554200d0a486f73743a203132372e302e302e313a383038380d0a557365722d4167656e743a204d6f7a696c6c612f352e ...
[2016-11-18 14:55:11,277] [INFO] [base._test_info] -> Current test: 8
[2016-11-18 14:55:11,278] [INFO] [server.transmit] -> request(2306): 4745542025732573257325732573257325732573257325732573257325732573257325732573257325732573257325732573 ...
[2016-11-18 14:55:12,196] [INFO] [base._test_info] -> Current test: 9
[2016-11-18 14:55:12,200] [INFO] [server.transmit] -> request(514): 4745542025732573257325732573257325732573257325732573257325732573257325732573257325732573257325732573 ...
[2016-11-18 14:55:13,116] [INFO] [base._test_info] -> Current test: 10
[2016-11-18 14:55:13,116] [INFO] [server.transmit] -> request(290): 4745542025732573257325732573257325732573257325732573257325732573257325730d0a486f73743a203132372e302e ...
[2016-11-18 14:55:14,023] [INFO] [base._test_info] -> Current test: 11
[2016-11-18 14:55:14,023] [INFO] [server.transmit] -> request(262): 47455420257325730d0a486f73743a203132372e302e302e313a383038380d0a557365722d4167656e743a204d6f7a696c6c ...
[2016-11-18 14:55:14,934] [INFO] [base._test_info] -> Current test: 12
[2016-11-18 14:55:14,935] [INFO] [server.transmit] -> request(3330): 4745542025257325257325257325257325257325257325257325257325257325257325257325257325257325257325257325 ...
[2016-11-18 14:55:15,842] [INFO] [base._test_info] -> Current test: 13
[2016-11-18 14:55:15,843] [INFO] [server.transmit] -> request(642): 4745542025257325257325257325257325257325257325257325257325257325257325257325257325257325257325257325 ...
[2016-11-18 14:55:16,760] [INFO] [base._test_info] -> Current test: 14
[2016-11-18 14:55:16,762] [INFO] [server.transmit] -> request(306): 4745542025257325257325257325257325257325257325257325257325257325257325257325257325257325257325257325 ...
[2016-11-18 14:55:17,684] [INFO] [base._test_info] -> Current test: 15
[2016-11-18 14:55:17,686] [INFO] [server.transmit] -> request(264): 474554202525732525730d0a486f73743a203132372e302e302e313a383038380d0a557365722d4167656e743a204d6f7a69 ...
[2016-11-18 14:55:18,599] [INFO] [base._test_info] -> Current test: 16
[2016-11-18 14:55:18,600] [INFO] [server.transmit] -> request(4354): 4745542022257322222573222225732222257322222573222225732222257322222573222225732222257322222573222225 ...
[2016-11-18 14:55:19,516] [INFO] [base._test_info] -> Current test: 17
[2016-11-18 14:55:19,517] [INFO] [server.transmit] -> request(770): 4745542022257322222573222225732222257322222573222225732222257322222573222225732222257322222573222225 ...
[2016-11-18 14:55:20,440] [INFO] [base._test_info] -> Current test: 18
[2016-11-18 14:55:20,442] [INFO] [server.transmit] -> request(322): 4745542022257322222573222225732222257322222573222225732222257322222573222225732222257322222573222225 ...
[2016-11-18 14:55:21,366] [INFO] [base._test_info] -> Current test: 19
[2016-11-18 14:55:21,367] [INFO] [server.transmit] -> request(266): 4745542022257322222573220d0a486f73743a203132372e302e302e313a383038380d0a557365722d4167656e743a204d6f ...
[2016-11-18 14:55:22,280] [INFO] [base._test_info] -> Current test: 20
[2016-11-18 14:55:22,281] [INFO] [server.transmit] -> request(2306): 47455420256e256e256e256e256e256e256e256e256e256e256e256e256e256e256e256e256e256e256e256e256e256e256e ...
[2016-11-18 14:55:23,193] [INFO] [base._test_info] -> Current test: 21
[2016-11-18 14:55:23,194] [INFO] [server.transmit] -> request(514): 47455420256e256e256e256e256e256e256e256e256e256e256e256e256e256e256e256e256e256e256e256e256e256e256e ...
[2016-11-18 14:55:24,105] [INFO] [base._test_info] -> Current test: 22
[2016-11-18 14:55:24,105] [INFO] [server.transmit] -> request(290): 47455420256e256e256e256e256e256e256e256e256e256e256e256e256e256e256e256e0d0a486f73743a203132372e302e ...
[2016-11-18 14:55:25,014] [INFO] [base._test_info] -> Current test: 23
[2016-11-18 14:55:25,014] [INFO] [server.transmit] -> request(262): 47455420256e256e0d0a486f73743a203132372e302e302e313a383038380d0a557365722d4167656e743a204d6f7a696c6c ...
[2016-11-18 14:55:25,937] [INFO] [base._test_info] -> Current test: 24
[2016-11-18 14:55:25,939] [INFO] [server.transmit] -> request(3330): 4745542025256e25256e25256e25256e25256e25256e25256e25256e25256e25256e25256e25256e25256e25256e25256e25 ...
[2016-11-18 14:55:26,862] [INFO] [base._test_info] -> Current test: 25
[2016-11-18 14:55:26,864] [INFO] [server.transmit] -> request(642): 4745542025256e25256e25256e25256e25256e25256e25256e25256e25256e25256e25256e25256e25256e25256e25256e25 ...
[2016-11-18 14:55:27,784] [INFO] [base._test_info] -> Current test: 26
[2016-11-18 14:55:27,786] [INFO] [server.transmit] -> request(306): 4745542025256e25256e25256e25256e25256e25256e25256e25256e25256e25256e25256e25256e25256e25256e25256e25 ...
[2016-11-18 14:55:28,697] [INFO] [base._test_info] -> Current test: 27
[2016-11-18 14:55:28,697] [INFO] [server.transmit] -> request(264): 4745542025256e25256e0d0a486f73743a203132372e302e302e313a383038380d0a557365722d4167656e743a204d6f7a69 ...
[2016-11-18 14:55:29,614] [INFO] [base._test_info] -> Current test: 28
[2016-11-18 14:55:29,617] [INFO] [server.transmit] -> request(4354): 4745542022256e2222256e2222256e2222256e2222256e2222256e2222256e2222256e2222256e2222256e2222256e222225 ...
[2016-11-18 14:55:30,538] [INFO] [base._test_info] -> Current test: 29
[2016-11-18 14:55:30,540] [INFO] [server.transmit] -> request(770): 4745542022256e2222256e2222256e2222256e2222256e2222256e2222256e2222256e2222256e2222256e2222256e222225 ...
[2016-11-18 14:55:31,450] [INFO] [base._test_info] -> Current test: 30
[2016-11-18 14:55:31,450] [INFO] [server.transmit] -> request(322): 4745542022256e2222256e2222256e2222256e2222256e2222256e2222256e2222256e2222256e2222256e2222256e222225 ...
[2016-11-18 14:55:32,378] [INFO] [base._test_info] -> Current test: 31
[2016-11-18 14:55:32,380] [INFO] [server.transmit] -> request(266): 4745542022256e2222256e220d0a486f73743a203132372e302e302e313a383038380d0a557365722d4167656e743a204d6f ...
[2016-11-18 14:55:33,295] [INFO] [base._test_info] -> Current test: 32
[2016-11-18 14:55:33,296] [INFO] [server.transmit] -> request(272): 47455420252e31363730357525325c24686e0d0a486f73743a203132372e302e302e313a383038380d0a557365722d416765 ...
[2016-11-18 14:55:35,963] [INFO] [base._test_info] -> Current test: 33
[2016-11-18 14:55:35,964] [INFO] [server.transmit] -> request(2306): 474554200d0a0d0a0d0a0d0a0d0a0d0a0d0a0d0a0d0a0d0a0d0a0d0a0d0a0d0a0d0a0d0a0d0a0d0a0d0a0d0a0d0a0d0a0d0a ...
[2016-11-18 14:55:36,882] [INFO] [base._test_info] -> Current test: 34
[2016-11-18 14:55:36,884] [INFO] [server.transmit] -> request(514): 474554200d0a0d0a0d0a0d0a0d0a0d0a0d0a0d0a0d0a0d0a0d0a0d0a0d0a0d0a0d0a0d0a0d0a0d0a0d0a0d0a0d0a0d0a0d0a ...
[2016-11-18 14:55:37,809] [INFO] [base._test_info] -> Current test: 35
[2016-11-18 14:55:37,813] [INFO] [server.transmit] -> request(290): 474554200d0a0d0a0d0a0d0a0d0a0d0a0d0a0d0a0d0a0d0a0d0a0d0a0d0a0d0a0d0a0d0a0d0a486f73743a203132372e302e ...
[2016-11-18 14:55:38,733] [INFO] [base._test_info] -> Current test: 36
[2016-11-18 14:55:38,734] [INFO] [server.transmit] -> request(262): 474554200d0a0d0a0d0a486f73743a203132372e302e302e313a383038380d0a557365722d4167656e743a204d6f7a696c6c ...
[2016-11-18 14:55:39,651] [INFO] [base._test_info] -> Current test: 37
[2016-11-18 14:55:39,653] [INFO] [server.transmit] -> request(1282): 474554200a0a0a0a0a0a0a0a0a0a0a0a0a0a0a0a0a0a0a0a0a0a0a0a0a0a0a0a0a0a0a0a0a0a0a0a0a0a0a0a0a0a0a0a0a0a ...
[2016-11-18 14:55:40,063] [INFO] [base._test_info] -> Current test: 38
[2016-11-18 14:55:40,064] [INFO] [server.transmit] -> request(386): 474554200a0a0a0a0a0a0a0a0a0a0a0a0a0a0a0a0a0a0a0a0a0a0a0a0a0a0a0a0a0a0a0a0a0a0a0a0a0a0a0a0a0a0a0a0a0a ...
[2016-11-18 14:55:40,980] [INFO] [base._test_info] -> Current test: 39
[2016-11-18 14:55:40,982] [INFO] [server.transmit] -> request(274): 474554200a0a0a0a0a0a0a0a0a0a0a0a0a0a0a0a0d0a486f73743a203132372e302e302e313a383038380d0a557365722d41 ...
[2016-11-18 14:55:41,900] [INFO] [base._test_info] -> Current test: 40
[2016-11-18 14:55:41,900] [INFO] [server.transmit] -> request(260): 474554200a0a0d0a486f73743a203132372e302e302e313a383038380d0a557365722d4167656e743a204d6f7a696c6c612f ...
[2016-11-18 14:55:42,822] [INFO] [base._test_info] -> Current test: 41
[2016-11-18 14:55:42,828] [INFO] [server.transmit] -> request(4354): 47455420deadbeefdeadbeefdeadbeefdeadbeefdeadbeefdeadbeefdeadbeefdeadbeefdeadbeefdeadbeefdeadbeefdead ...
[2016-11-18 14:55:43,755] [INFO] [base._test_info] -> Current test: 42
[2016-11-18 14:55:43,758] [INFO] [server.transmit] -> request(770): 47455420deadbeefdeadbeefdeadbeefdeadbeefdeadbeefdeadbeefdeadbeefdeadbeefdeadbeefdeadbeefdeadbeefdead ...
[2016-11-18 14:55:44,675] [INFO] [base._test_info] -> Current test: 43
[2016-11-18 14:55:44,676] [INFO] [server.transmit] -> request(322): 47455420deadbeefdeadbeefdeadbeefdeadbeefdeadbeefdeadbeefdeadbeefdeadbeefdeadbeefdeadbeefdeadbeefdead ...
[2016-11-18 14:55:45,593] [INFO] [base._test_info] -> Current test: 44
[2016-11-18 14:55:45,595] [INFO] [server.transmit] -> request(266): 47455420deadbeefdeadbeef0d0a486f73743a203132372e302e302e313a383038380d0a557365722d4167656e743a204d6f ...
[2016-11-18 14:55:46,516] [INFO] [base._test_info] -> Current test: 45
[2016-11-18 14:55:46,518] [INFO] [server.transmit] -> request(275): 474554207c746f756368202f746d702f4b495454590d0a486f73743a203132372e302e302e313a383038380d0a557365722d ...
[2016-11-18 14:55:47,441] [INFO] [base._test_info] -> Current test: 46
[2016-11-18 14:55:47,444] [INFO] [server.transmit] -> request(276): 474554203b746f756368202f746d702f4b495454593b0d0a486f73743a203132372e302e302e313a383038380d0a55736572 ...
[2016-11-18 14:55:48,357] [INFO] [base._test_info] -> Current test: 47
[2016-11-18 14:55:48,358] [INFO] [server.transmit] -> request(272): 474554203b6c733e2f746d702f4b495454590d0a486f73743a203132372e302e302e313a383038380d0a557365722d416765 ...
[2016-11-18 14:55:49,266] [INFO] [base._test_info] -> Current test: 48
[2016-11-18 14:55:49,267] [INFO] [server.transmit] -> request(287): 47455420223b6c733e2f746d702f4b495454593b6c733e2f6465762f6e756c6c220d0a486f73743a203132372e302e302e31 ...
[2016-11-18 14:55:50,185] [INFO] [base._test_info] -> Current test: 49
[2016-11-18 14:55:50,187] [INFO] [server.transmit] -> request(288): 47455420273b6c733e2f746d702f4b495454593b6c733e272f6465762f6e756c6c270d0a486f73743a203132372e302e302e ...
[2016-11-18 14:55:51,098] [INFO] [base._test_info] -> Current test: 50
[2016-11-18 14:55:51,099] [INFO] [server.transmit] -> request(273): 47455420606c733e2f746d702f4b49545459600d0a486f73743a203132372e302e302e313a383038380d0a557365722d4167 ...
[2016-11-18 14:55:52,015] [INFO] [base._test_info] -> Current test: 51
[2016-11-18 14:55:52,017] [INFO] [server.transmit] -> request(274): 4745542020606c733e2f746d702f4b49545459600d0a486f73743a203132372e302e302e313a383038380d0a557365722d41 ...
[2016-11-18 14:55:52,932] [INFO] [base._test_info] -> Current test: 52
[2016-11-18 14:55:52,933] [INFO] [server.transmit] -> request(266): 474554207c6e6f74657061640d0a486f73743a203132372e302e302e313a383038380d0a557365722d4167656e743a204d6f ...
[2016-11-18 14:55:53,849] [INFO] [base._test_info] -> Current test: 53
[2016-11-18 14:55:53,850] [INFO] [server.transmit] -> request(267): 474554203b6e6f74657061643b0d0a486f73743a203132372e302e302e313a383038380d0a557365722d4167656e743a204d ...
[2016-11-18 14:55:54,770] [INFO] [base._test_info] -> Current test: 54
[2016-11-18 14:55:54,776] [INFO] [server.transmit] -> request(267): 474554200a6e6f74657061640a0d0a486f73743a203132372e302e302e313a383038380d0a557365722d4167656e743a204d ...
[2016-11-18 14:55:55,197] [INFO] [base._test_info] -> Current test: 55
[2016-11-18 14:55:55,199] [INFO] [server.transmit] -> request(269): 4745542027206f7220313d31202d2d0d0a486f73743a203132372e302e302e313a383038380d0a557365722d4167656e743a ...
[2016-11-18 14:55:56,115] [INFO] [base._test_info] -> Current test: 56
[2016-11-18 14:55:56,115] [INFO] [server.transmit] -> request(275): 47455420273b20646573632075736572733b202d2d0d0a486f73743a203132372e302e302e313a383038380d0a557365722d ...
[2016-11-18 14:55:57,025] [INFO] [base._test_info] -> Current test: 57
[2016-11-18 14:55:57,026] [INFO] [server.transmit] -> request(299): 4745542027206f7220757365726e616d65206973206e6f74204e554c4c206f7220757365726e616d65203d20270d0a486f73 ...
[2016-11-18 14:55:57,949] [INFO] [base._test_info] -> Current test: 58
[2016-11-18 14:55:57,953] [INFO] [server.transmit] -> request(330): 474554203120756e696f6e20616c6c2073656c65637420312c322c332c342c352c362c6e616d652066726f6d207379736f62 ...
[2016-11-18 14:55:58,874] [INFO] [base._test_info] -> Current test: 59
[2016-11-18 14:55:58,876] [INFO] [server.transmit] -> request(269): 4745542060206f72206031603d60310d0a486f73743a203132372e302e302e313a383038380d0a557365722d4167656e743a ...
[2016-11-18 14:55:59,791] [INFO] [base._test_info] -> Current test: 60
[2016-11-18 14:55:59,793] [INFO] [server.transmit] -> request(269): 4745542027206f72202731273d27310d0a486f73743a203132372e302e302e313a383038380d0a557365722d4167656e743a ...
[2016-11-18 14:56:00,710] [INFO] [base._test_info] -> Current test: 61
[2016-11-18 14:56:00,712] [INFO] [server.transmit] -> request(260): 4745542041410d0a486f73743a203132372e302e302e313a383038380d0a557365722d4167656e743a204d6f7a696c6c612f ...
[2016-11-18 14:56:01,631] [INFO] [base._test_info] -> Current test: 62
[2016-11-18 14:56:01,634] [INFO] [server.transmit] -> request(268): 47455420414141414141414141410d0a486f73743a203132372e302e302e313a383038380d0a557365722d4167656e743a20 ...
[2016-11-18 14:56:02,557] [INFO] [base._test_info] -> Current test: 63
[2016-11-18 14:56:02,561] [INFO] [server.transmit] -> request(358): 4745542041414141414141414141414141414141414141414141414141414141414141414141414141414141414141414141 ...
[2016-11-18 14:56:03,477] [INFO] [base._test_info] -> Current test: 64
[2016-11-18 14:56:03,477] [INFO] [server.transmit] -> request(1258): 4745542041414141414141414141414141414141414141414141414141414141414141414141414141414141414141414141 ...
[2016-11-18 14:56:04,397] [INFO] [base._test_info] -> Current test: 65
[2016-11-18 14:56:04,399] [INFO] [server.transmit] -> request(5258): 4745542041414141414141414141414141414141414141414141414141414141414141414141414141414141414141414141 ...
[2016-11-18 14:56:05,323] [INFO] [base._test_info] -> Current test: 66
[2016-11-18 14:56:05,325] [INFO] [server.transmit] -> request(10258): 4745542041414141414141414141414141414141414141414141414141414141414141414141414141414141414141414141 ...
[2016-11-18 14:56:06,238] [INFO] [base._test_info] -> Current test: 67
[2016-11-18 14:56:06,239] [INFO] [server.transmit] -> request(269): 474554202f6574632f7061737377640d0a486f73743a203132372e302e302e313a383038380d0a557365722d4167656e743a ...
[2016-11-18 14:56:07,155] [INFO] [base._test_info] -> Current test: 68
[2016-11-18 14:56:07,157] [INFO] [server.transmit] -> request(312): 474554202e2f2e2e2f2e2e2f2e2e2f2e2e2f2e2e2f2e2e2f2e2e2f2e2e2f2e2e2f2e2e2f2e2e2f2e2e2f2e2e2f2e2e2f6574 ...
[2016-11-18 14:56:09,157] [INFO] [base._test_info] -> Current test: 69
[2016-11-18 14:56:09,158] [INFO] [server.transmit] -> request(310): 474554202e2e2f2e2e2f2e2e2f2e2e2f2e2e2f2e2e2f2e2e2f2e2e2f2e2e2f2e2e2f2e2e2f2e2e2f2e2e2f2e2e2f6574632f ...
[2016-11-18 14:56:10,069] [INFO] [base._test_info] -> Current test: 70
[2016-11-18 14:56:10,069] [INFO] [server.transmit] -> request(271): 474554202f70726f632f637075696e666f0d0a486f73743a203132372e302e302e313a383038380d0a557365722d4167656e ...
[2016-11-18 14:56:10,980] [INFO] [base._test_info] -> Current test: 71
[2016-11-18 14:56:10,981] [INFO] [server.transmit] -> request(314): 474554202e2f2e2e2f2e2e2f2e2e2f2e2e2f2e2e2f2e2e2f2e2e2f2e2e2f2e2e2f2e2e2f2e2e2f2e2e2f2e2e2f2e2e2f7072 ...
[2016-11-18 14:56:11,894] [INFO] [base._test_info] -> Current test: 72
[2016-11-18 14:56:11,895] [INFO] [server.transmit] -> request(312): 474554202e2e2f2e2e2f2e2e2f2e2e2f2e2e2f2e2e2f2e2e2f2e2e2f2e2e2f2e2e2f2e2e2f2e2e2f2e2e2f2e2e2f70726f63 ...
[2016-11-18 14:56:12,817] [INFO] [base._test_info] -> Current test: 73
[2016-11-18 14:56:12,819] [INFO] [server.transmit] -> request(268): 474554207e2f2e70726f66696c650d0a486f73743a203132372e302e302e313a383038380d0a557365722d4167656e743a20 ...
[2016-11-18 14:56:13,729] [INFO] [base._test_info] -> Current test: 74
[2016-11-18 14:56:13,729] [INFO] [server.transmit] -> request(272): 4745542024484f4d452f2e70726f66696c650d0a486f73743a203132372e302e302e313a383038380d0a557365722d416765 ...
[2016-11-18 14:56:14,647] [INFO] [base._test_info] -> Current test: 75
[2016-11-18 14:56:14,651] [INFO] [server.transmit] -> request(303): 474554202f2e2e2f2e2e2f2e2e2f2e2e2f2e2e2f2e2e2f2e2e2f2e2e2f2e2e2f2e2e2f2e2e2f2e2e2f626f6f742e696e690d ...
[2016-11-18 14:56:15,575] [INFO] [base._test_info] -> Current test: 76
[2016-11-18 14:56:15,577] [INFO] [server.transmit] -> request(1282): 474554202f5c2f5c2f5c2f5c2f5c2f5c2f5c2f5c2f5c2f5c2f5c2f5c2f5c2f5c2f5c2f5c2f5c2f5c2f5c2f5c2f5c2f5c2f5c ...
[2016-11-18 14:56:15,985] [INFO] [base._test_info] -> Current test: 77
[2016-11-18 14:56:15,985] [INFO] [server.transmit] -> request(386): 474554202f5c2f5c2f5c2f5c2f5c2f5c2f5c2f5c2f5c2f5c2f5c2f5c2f5c2f5c2f5c2f5c2f5c2f5c2f5c2f5c2f5c2f5c2f5c ...
[2016-11-18 14:56:16,895] [INFO] [base._test_info] -> Current test: 78
[2016-11-18 14:56:16,897] [INFO] [server.transmit] -> request(274): 474554202f5c2f5c2f5c2f5c2f5c2f5c2f5c2f5c0d0a486f73743a203132372e302e302e313a383038380d0a557365722d41 ...
[2016-11-18 14:56:17,808] [INFO] [base._test_info] -> Current test: 79
[2016-11-18 14:56:17,809] [INFO] [server.transmit] -> request(1282): 474554202f2e2f2e2f2e2f2e2f2e2f2e2f2e2f2e2f2e2f2e2f2e2f2e2f2e2f2e2f2e2f2e2f2e2f2e2f2e2f2e2f2e2f2e2f2e ...
[2016-11-18 14:56:18,726] [INFO] [base._test_info] -> Current test: 80
[2016-11-18 14:56:18,729] [INFO] [server.transmit] -> request(386): 474554202f2e2f2e2f2e2f2e2f2e2f2e2f2e2f2e2f2e2f2e2f2e2f2e2f2e2f2e2f2e2f2e2f2e2f2e2f2e2f2e2f2e2f2e2f2e ...
[2016-11-18 14:56:19,144] [INFO] [base._test_info] -> Current test: 81
[2016-11-18 14:56:19,145] [INFO] [server.transmit] -> request(274): 474554202f2e2f2e2f2e2f2e2f2e2f2e2f2e2f2e0d0a486f73743a203132372e302e302e313a383038380d0a557365722d41 ...
[2016-11-18 14:56:20,066] [INFO] [base._test_info] -> Current test: 82
[2016-11-18 14:56:20,070] [INFO] [server.transmit] -> request(287): 474554202140232425255e2324252324402324252424402324255e5e2a2a2828290d0a486f73743a203132372e302e302e31 ...
[2016-11-18 14:56:20,984] [INFO] [base._test_info] -> Current test: 83
[2016-11-18 14:56:20,984] [INFO] [server.transmit] -> request(283): 47455420253031253032253033253034253061253064253061414453460d0a486f73743a203132372e302e302e313a383038 ...
[2016-11-18 14:56:21,894] [INFO] [base._test_info] -> Current test: 84
[2016-11-18 14:56:21,894] [INFO] [server.transmit] -> request(284): 4745542025303125303225303340253034253061253064253061414453460d0a486f73743a203132372e302e302e313a3830 ...
[2016-11-18 14:56:22,804] [INFO] [base._test_info] -> Current test: 85
[2016-11-18 14:56:22,805] [INFO] [server.transmit] -> request(263): 474554202f2530302f0d0a486f73743a203132372e302e302e313a383038380d0a557365722d4167656e743a204d6f7a696c ...
[2016-11-18 14:56:23,730] [INFO] [base._test_info] -> Current test: 86
[2016-11-18 14:56:23,732] [INFO] [server.transmit] -> request(262): 474554202530302f0d0a486f73743a203132372e302e302e313a383038380d0a557365722d4167656e743a204d6f7a696c6c ...
[2016-11-18 14:56:24,655] [INFO] [base._test_info] -> Current test: 87
[2016-11-18 14:56:24,659] [INFO] [server.transmit] -> request(261): 474554202530300d0a486f73743a203132372e302e302e313a383038380d0a557365722d4167656e743a204d6f7a696c6c61 ...
[2016-11-18 14:56:25,576] [INFO] [base._test_info] -> Current test: 88
[2016-11-18 14:56:25,576] [INFO] [server.transmit] -> request(264): 474554202575303030300d0a486f73743a203132372e302e302e313a383038380d0a557365722d4167656e743a204d6f7a69 ...
[2016-11-18 14:56:26,492] [INFO] [base._test_info] -> Current test: 89
[2016-11-18 14:56:26,494] [INFO] [server.transmit] -> request(450): 4745542025fef02501ff25fef02501ff25fef02501ff25fef02501ff25fef02501ff25fef02501ff25fef02501ff25fef025 ...
[2016-11-18 14:56:27,414] [INFO] [base._test_info] -> Current test: 90
[2016-11-18 14:56:27,416] [INFO] [server.transmit] -> request(282): 4745542025fef02501ff25fef02501ff25fef02501ff25fef02501ff0d0a486f73743a203132372e302e302e313a38303838 ...
[2016-11-18 14:56:28,329] [INFO] [base._test_info] -> Current test: 91
[2016-11-18 14:56:28,329] [INFO] [server.transmit] -> request(296): 474554202f6170616368655f70622e6769660d0a486f73743a203132372e302e302e313a383038380d0a557365722d416765 ...
[2016-11-18 14:56:29,236] [INFO] [base._test_info] -> Current test: 92
[2016-11-18 14:56:29,237] [INFO] [server.transmit] -> request(488): 474554202f6170616368655f70622e6769660d0a486f73743a203132372e302e302e313a383038380d0a557365722d416765 ...
[2016-11-18 14:56:30,157] [INFO] [base._test_info] -> Current test: 93
[2016-11-18 14:56:30,159] [INFO] [server.transmit] -> request(2648): 474554202f6170616368655f70622e6769660d0a486f73743a203132372e302e302e313a383038380d0a557365722d416765 ...
[2016-11-18 14:56:31,080] [INFO] [base._test_info] -> Current test: 94
[2016-11-18 14:56:31,082] [INFO] [server.transmit] -> request(273): 474554202f6170616368655f70622e6769660d0a486f73743a203132372e302e302e313a383038380d0a557365722d416765 ...
[2016-11-18 14:56:32,001] [INFO] [base._test_info] -> Current test: 95
[2016-11-18 14:56:32,002] [INFO] [server.transmit] -> request(273): 474554202f6170616368655f70622e6769660d0a486f73743a203132372e302e302e313a383038380d0a557365722d416765 ...
[2016-11-18 14:56:32,915] [INFO] [base._test_info] -> Current test: 96
[2016-11-18 14:56:32,915] [INFO] [server.transmit] -> request(273): 474554202f6170616368655f70622e6769660d0a486f73743a203132372e302e302e313a383038380d0a557365722d416765 ...
[2016-11-18 14:56:33,838] [INFO] [base._test_info] -> Current test: 97
[2016-11-18 14:56:33,840] [INFO] [server.transmit] -> request(273): 474554202f6170616368655f70622e6769660d0a486f73743a203132372e302e302e313a383038380d0a557365722d416765 ...
[2016-11-18 14:56:34,752] [INFO] [base._test_info] -> Current test: 98
[2016-11-18 14:56:34,753] [INFO] [server.transmit] -> request(248): 474554202f6170616368655f70622e6769660d0a486f73743a203132372e302e302e313a383038380d0a557365722d416765 ...
[2016-11-18 14:56:35,687] [INFO] [base._test_info] -> Current test: 99
[2016-11-18 14:56:35,690] [INFO] [server.transmit] -> request(2296): 474554202f6170616368655f70622e6769660d0a486f73743a203132372e302e302e313a383038380d0a557365722d416765 ...
[2016-11-18 14:56:36,098] [INFO] [base._test_info] -> Current test: 100
[2016-11-18 14:56:36,099] [INFO] [server.transmit] -> request(504): 474554202f6170616368655f70622e6769660d0a486f73743a203132372e302e302e313a383038380d0a557365722d416765 ...
[2016-11-18 14:56:37,015] [INFO] [base._test_info] -> Current test: 101
[2016-11-18 14:56:37,018] [INFO] [server.transmit] -> request(280): 474554202f6170616368655f70622e6769660d0a486f73743a203132372e302e302e313a383038380d0a557365722d416765 ...
[2016-11-18 14:56:37,932] [INFO] [base._test_info] -> Current test: 102
[2016-11-18 14:56:37,934] [INFO] [server.transmit] -> request(252): 474554202f6170616368655f70622e6769660d0a486f73743a203132372e302e302e313a383038380d0a557365722d416765 ...
[2016-11-18 14:56:38,859] [INFO] [base._test_info] -> Current test: 103
[2016-11-18 14:56:38,861] [INFO] [server.transmit] -> request(3320): 474554202f6170616368655f70622e6769660d0a486f73743a203132372e302e302e313a383038380d0a557365722d416765 ...
[2016-11-18 14:56:39,782] [INFO] [base._test_info] -> Current test: 104
[2016-11-18 14:56:39,784] [INFO] [server.transmit] -> request(632): 474554202f6170616368655f70622e6769660d0a486f73743a203132372e302e302e313a383038380d0a557365722d416765 ...
[2016-11-18 14:56:41,774] [INFO] [base._test_info] -> Current test: 105
[2016-11-18 14:56:41,774] [INFO] [server.transmit] -> request(296): 474554202f6170616368655f70622e6769660d0a486f73743a203132372e302e302e313a383038380d0a557365722d416765 ...
[2016-11-18 14:56:42,693] [INFO] [base._test_info] -> Current test: 106
[2016-11-18 14:56:42,695] [INFO] [server.transmit] -> request(254): 474554202f6170616368655f70622e6769660d0a486f73743a203132372e302e302e313a383038380d0a557365722d416765 ...
[2016-11-18 14:56:43,617] [INFO] [base._test_info] -> Current test: 107
[2016-11-18 14:56:43,620] [INFO] [server.transmit] -> request(4344): 474554202f6170616368655f70622e6769660d0a486f73743a203132372e302e302e313a383038380d0a557365722d416765 ...
[2016-11-18 14:56:44,534] [INFO] [base._test_info] -> Current test: 108
[2016-11-18 14:56:44,534] [INFO] [server.transmit] -> request(760): 474554202f6170616368655f70622e6769660d0a486f73743a203132372e302e302e313a383038380d0a557365722d416765 ...
[2016-11-18 14:56:45,441] [INFO] [base._test_info] -> Current test: 109
[2016-11-18 14:56:45,441] [INFO] [server.transmit] -> request(312): 474554202f6170616368655f70622e6769660d0a486f73743a203132372e302e302e313a383038380d0a557365722d416765 ...
[2016-11-18 14:56:46,355] [INFO] [base._test_info] -> Current test: 110
[2016-11-18 14:56:46,356] [INFO] [server.transmit] -> request(256): 474554202f6170616368655f70622e6769660d0a486f73743a203132372e302e302e313a383038380d0a557365722d416765 ...
[2016-11-18 14:56:46,764] [INFO] [base._test_info] -> Current test: 111
[2016-11-18 14:56:46,765] [INFO] [server.transmit] -> request(2296): 474554202f6170616368655f70622e6769660d0a486f73743a203132372e302e302e313a383038380d0a557365722d416765 ...
[2016-11-18 14:56:47,674] [INFO] [base._test_info] -> Current test: 112
[2016-11-18 14:56:47,674] [INFO] [server.transmit] -> request(504): 474554202f6170616368655f70622e6769660d0a486f73743a203132372e302e302e313a383038380d0a557365722d416765 ...
[2016-11-18 14:56:48,588] [INFO] [base._test_info] -> Current test: 113
[2016-11-18 14:56:48,589] [INFO] [server.transmit] -> request(280): 474554202f6170616368655f70622e6769660d0a486f73743a203132372e302e302e313a383038380d0a557365722d416765 ...
[2016-11-18 14:56:49,503] [INFO] [base._test_info] -> Current test: 114
[2016-11-18 14:56:49,503] [INFO] [server.transmit] -> request(252): 474554202f6170616368655f70622e6769660d0a486f73743a203132372e302e302e313a383038380d0a557365722d416765 ...
[2016-11-18 14:56:50,426] [INFO] [base._test_info] -> Current test: 115
[2016-11-18 14:56:50,433] [INFO] [server.transmit] -> request(3320): 474554202f6170616368655f70622e6769660d0a486f73743a203132372e302e302e313a383038380d0a557365722d416765 ...
[2016-11-18 14:56:51,377] [INFO] [base._test_info] -> Current test: 116
[2016-11-18 14:56:51,379] [INFO] [server.transmit] -> request(632): 474554202f6170616368655f70622e6769660d0a486f73743a203132372e302e302e313a383038380d0a557365722d416765 ...
[2016-11-18 14:56:52,300] [INFO] [base._test_info] -> Current test: 117
[2016-11-18 14:56:52,303] [INFO] [server.transmit] -> request(296): 474554202f6170616368655f70622e6769660d0a486f73743a203132372e302e302e313a383038380d0a557365722d416765 ...
[2016-11-18 14:56:53,227] [INFO] [base._test_info] -> Current test: 118
[2016-11-18 14:56:53,229] [INFO] [server.transmit] -> request(254): 474554202f6170616368655f70622e6769660d0a486f73743a203132372e302e302e313a383038380d0a557365722d416765 ...
[2016-11-18 14:56:54,147] [INFO] [base._test_info] -> Current test: 119
[2016-11-18 14:56:54,148] [INFO] [server.transmit] -> request(4344): 474554202f6170616368655f70622e6769660d0a486f73743a203132372e302e302e313a383038380d0a557365722d416765 ...
[2016-11-18 14:56:55,062] [INFO] [base._test_info] -> Current test: 120
[2016-11-18 14:56:55,063] [INFO] [server.transmit] -> request(760): 474554202f6170616368655f70622e6769660d0a486f73743a203132372e302e302e313a383038380d0a557365722d416765 ...
[2016-11-18 14:56:55,977] [INFO] [base._test_info] -> Current test: 121
[2016-11-18 14:56:55,978] [INFO] [server.transmit] -> request(312): 474554202f6170616368655f70622e6769660d0a486f73743a203132372e302e302e313a383038380d0a557365722d416765 ...
[2016-11-18 14:56:56,886] [INFO] [base._test_info] -> Current test: 122
[2016-11-18 14:56:56,887] [INFO] [server.transmit] -> request(256): 474554202f6170616368655f70622e6769660d0a486f73743a203132372e302e302e313a383038380d0a557365722d416765 ...
[2016-11-18 14:56:57,810] [INFO] [base._test_info] -> Current test: 123
[2016-11-18 14:56:57,812] [INFO] [server.transmit] -> request(262): 474554202f6170616368655f70622e6769660d0a486f73743a203132372e302e302e313a383038380d0a557365722d416765 ...
[2016-11-18 14:56:58,729] [INFO] [base._test_info] -> Current test: 124
[2016-11-18 14:56:58,731] [INFO] [server.transmit] -> request(2296): 474554202f6170616368655f70622e6769660d0a486f73743a203132372e302e302e313a383038380d0a557365722d416765 ...
[2016-11-18 14:56:59,644] [INFO] [base._test_info] -> Current test: 125
[2016-11-18 14:56:59,645] [INFO] [server.transmit] -> request(504): 474554202f6170616368655f70622e6769660d0a486f73743a203132372e302e302e313a383038380d0a557365722d416765 ...
[2016-11-18 14:57:00,568] [INFO] [base._test_info] -> Current test: 126
[2016-11-18 14:57:00,569] [INFO] [server.transmit] -> request(280): 474554202f6170616368655f70622e6769660d0a486f73743a203132372e302e302e313a383038380d0a557365722d416765 ...
[2016-11-18 14:57:01,492] [INFO] [base._test_info] -> Current test: 127
[2016-11-18 14:57:01,494] [INFO] [server.transmit] -> request(252): 474554202f6170616368655f70622e6769660d0a486f73743a203132372e302e302e313a383038380d0a557365722d416765 ...
[2016-11-18 14:57:02,417] [INFO] [base._test_info] -> Current test: 128
[2016-11-18 14:57:02,419] [INFO] [server.transmit] -> request(1272): 474554202f6170616368655f70622e6769660d0a486f73743a203132372e302e302e313a383038380d0a557365722d416765 ...
[2016-11-18 14:57:03,330] [INFO] [base._test_info] -> Current test: 129
[2016-11-18 14:57:03,331] [INFO] [server.transmit] -> request(376): 474554202f6170616368655f70622e6769660d0a486f73743a203132372e302e302e313a383038380d0a557365722d416765 ...
[2016-11-18 14:57:04,246] [INFO] [base._test_info] -> Current test: 130
[2016-11-18 14:57:04,248] [INFO] [server.transmit] -> request(264): 474554202f6170616368655f70622e6769660d0a486f73743a203132372e302e302e313a383038380d0a557365722d416765 ...
[2016-11-18 14:57:05,171] [INFO] [base._test_info] -> Current test: 131
[2016-11-18 14:57:05,173] [INFO] [server.transmit] -> request(250): 474554202f6170616368655f70622e6769660d0a486f73743a203132372e302e302e313a383038380d0a557365722d416765 ...
[2016-11-18 14:57:06,095] [INFO] [base._test_info] -> Current test: 132
[2016-11-18 14:57:06,096] [INFO] [server.transmit] -> request(4344): 474554202f6170616368655f70622e6769660d0a486f73743a203132372e302e302e313a383038380d0a557365722d416765 ...
[2016-11-18 14:57:06,504] [INFO] [base._test_info] -> Current test: 133
[2016-11-18 14:57:06,505] [INFO] [server.transmit] -> request(760): 474554202f6170616368655f70622e6769660d0a486f73743a203132372e302e302e313a383038380d0a557365722d416765 ...
[2016-11-18 14:57:07,425] [INFO] [base._test_info] -> Current test: 134
[2016-11-18 14:57:07,428] [INFO] [server.transmit] -> request(312): 474554202f6170616368655f70622e6769660d0a486f73743a203132372e302e302e313a383038380d0a557365722d416765 ...
[2016-11-18 14:57:08,353] [INFO] [base._test_info] -> Current test: 135
[2016-11-18 14:57:08,357] [INFO] [server.transmit] -> request(256): 474554202f6170616368655f70622e6769660d0a486f73743a203132372e302e302e313a383038380d0a557365722d416765 ...
[2016-11-18 14:57:09,270] [INFO] [base._test_info] -> Current test: 136
[2016-11-18 14:57:09,271] [INFO] [server.transmit] -> request(265): 474554202f6170616368655f70622e6769660d0a486f73743a203132372e302e302e313a383038380d0a557365722d416765 ...
[2016-11-18 14:57:10,183] [INFO] [base._test_info] -> Current test: 137
[2016-11-18 14:57:10,183] [INFO] [server.transmit] -> request(266): 474554202f6170616368655f70622e6769660d0a486f73743a203132372e302e302e313a383038380d0a557365722d416765 ...
[2016-11-18 14:57:11,101] [INFO] [base._test_info] -> Current test: 138
[2016-11-18 14:57:11,103] [INFO] [server.transmit] -> request(262): 474554202f6170616368655f70622e6769660d0a486f73743a203132372e302e302e313a383038380d0a557365722d416765 ...
[2016-11-18 14:57:12,015] [INFO] [base._test_info] -> Current test: 139
[2016-11-18 14:57:12,016] [INFO] [server.transmit] -> request(277): 474554202f6170616368655f70622e6769660d0a486f73743a203132372e302e302e313a383038380d0a557365722d416765 ...
[2016-11-18 14:57:12,935] [INFO] [base._test_info] -> Current test: 140
[2016-11-18 14:57:12,937] [INFO] [server.transmit] -> request(278): 474554202f6170616368655f70622e6769660d0a486f73743a203132372e302e302e313a383038380d0a557365722d416765 ...
[2016-11-18 14:57:13,860] [INFO] [base._test_info] -> Current test: 141
[2016-11-18 14:57:13,862] [INFO] [server.transmit] -> request(263): 474554202f6170616368655f70622e6769660d0a486f73743a203132372e302e302e313a383038380d0a557365722d416765 ...
[2016-11-18 14:57:15,296] [INFO] [base._test_info] -> Current test: 142
[2016-11-18 14:57:15,298] [INFO] [server.transmit] -> request(264): 474554202f6170616368655f70622e6769660d0a486f73743a203132372e302e302e313a383038380d0a557365722d416765 ...
[2016-11-18 14:57:16,218] [INFO] [base._test_info] -> Current test: 143
[2016-11-18 14:57:16,221] [INFO] [server.transmit] -> request(256): 474554202f6170616368655f70622e6769660d0a486f73743a203132372e302e302e313a383038380d0a557365722d416765 ...
[2016-11-18 14:57:17,144] [INFO] [base._test_info] -> Current test: 144
[2016-11-18 14:57:17,146] [INFO] [server.transmit] -> request(257): 474554202f6170616368655f70622e6769660d0a486f73743a203132372e302e302e313a383038380d0a557365722d416765 ...
[2016-11-18 14:57:18,069] [INFO] [base._test_info] -> Current test: 145
[2016-11-18 14:57:18,071] [INFO] [server.transmit] -> request(257): 474554202f6170616368655f70622e6769660d0a486f73743a203132372e302e302e313a383038380d0a557365722d416765 ...
[2016-11-18 14:57:18,990] [INFO] [base._test_info] -> Current test: 146
[2016-11-18 14:57:18,992] [INFO] [server.transmit] -> request(259): 474554202f6170616368655f70622e6769660d0a486f73743a203132372e302e302e313a383038380d0a557365722d416765 ...
[2016-11-18 14:57:19,913] [INFO] [base._test_info] -> Current test: 147
[2016-11-18 14:57:19,915] [INFO] [server.transmit] -> request(265): 474554202f6170616368655f70622e6769660d0a486f73743a203132372e302e302e313a383038380d0a557365722d416765 ...
[2016-11-18 14:57:20,831] [INFO] [base._test_info] -> Current test: 148
[2016-11-18 14:57:20,833] [INFO] [server.transmit] -> request(289): 474554202f6170616368655f70622e6769660d0a486f73743a203132372e302e302e313a383038380d0a557365722d416765 ...
[2016-11-18 14:57:21,743] [INFO] [base._test_info] -> Current test: 149
[2016-11-18 14:57:21,744] [INFO] [server.transmit] -> request(320): 474554202f6170616368655f70622e6769660d0a486f73743a203132372e302e302e313a383038380d0a557365722d416765 ...
[2016-11-18 14:57:22,663] [INFO] [base._test_info] -> Current test: 150
[2016-11-18 14:57:22,666] [INFO] [server.transmit] -> request(259): 474554202f6170616368655f70622e6769660d0a486f73743a203132372e302e302e313a383038380d0a557365722d416765 ...
[2016-11-18 14:57:23,588] [INFO] [base._test_info] -> Current test: 151
[2016-11-18 14:57:23,590] [INFO] [server.transmit] -> request(259): 474554202f6170616368655f70622e6769660d0a486f73743a203132372e302e302e313a383038380d0a557365722d416765 ...
[2016-11-18 14:57:24,508] [INFO] [base._test_info] -> Current test: 152
[2016-11-18 14:57:24,508] [INFO] [server.transmit] -> request(250): 474554202f6170616368655f70622e6769660d0a486f73743a203132372e302e302e313a383038380d0a557365722d416765 ...
[2016-11-18 14:57:25,425] [INFO] [base._test_info] -> Current test: 153
[2016-11-18 14:57:25,426] [INFO] [server.transmit] -> request(258): 474554202f6170616368655f70622e6769660d0a486f73743a203132372e302e302e313a383038380d0a557365722d416765 ...
[2016-11-18 14:57:26,348] [INFO] [base._test_info] -> Current test: 154
[2016-11-18 14:57:26,351] [INFO] [server.transmit] -> request(348): 474554202f6170616368655f70622e6769660d0a486f73743a203132372e302e302e313a383038380d0a557365722d416765 ...
[2016-11-18 14:57:27,272] [INFO] [base._test_info] -> Current test: 155
[2016-11-18 14:57:27,274] [INFO] [server.transmit] -> request(1248): 474554202f6170616368655f70622e6769660d0a486f73743a203132372e302e302e313a383038380d0a557365722d416765 ...
[2016-11-18 14:57:28,192] [INFO] [base._test_info] -> Current test: 156
[2016-11-18 14:57:28,193] [INFO] [server.transmit] -> request(5248): 474554202f6170616368655f70622e6769660d0a486f73743a203132372e302e302e313a383038380d0a557365722d416765 ...
[2016-11-18 14:57:29,120] [INFO] [base._test_info] -> Current test: 157
[2016-11-18 14:57:29,122] [INFO] [server.transmit] -> request(10248): 474554202f6170616368655f70622e6769660d0a486f73743a203132372e302e302e313a383038380d0a557365722d416765 ...
[2016-11-18 14:57:30,043] [INFO] [base._test_info] -> Current test: 158
[2016-11-18 14:57:30,045] [INFO] [server.transmit] -> request(259): 474554202f6170616368655f70622e6769660d0a486f73743a203132372e302e302e313a383038380d0a557365722d416765 ...
[2016-11-18 14:57:30,958] [INFO] [base._test_info] -> Current test: 159
[2016-11-18 14:57:30,958] [INFO] [server.transmit] -> request(302): 474554202f6170616368655f70622e6769660d0a486f73743a203132372e302e302e313a383038380d0a557365722d416765 ...
[2016-11-18 14:57:31,867] [INFO] [base._test_info] -> Current test: 160
[2016-11-18 14:57:31,868] [INFO] [server.transmit] -> request(300): 474554202f6170616368655f70622e6769660d0a486f73743a203132372e302e302e313a383038380d0a557365722d416765 ...
[2016-11-18 14:57:32,788] [INFO] [base._test_info] -> Current test: 161
[2016-11-18 14:57:32,790] [INFO] [server.transmit] -> request(261): 474554202f6170616368655f70622e6769660d0a486f73743a203132372e302e302e313a383038380d0a557365722d416765 ...
[2016-11-18 14:57:33,704] [INFO] [base._test_info] -> Current test: 162
[2016-11-18 14:57:33,704] [INFO] [server.transmit] -> request(304): 474554202f6170616368655f70622e6769660d0a486f73743a203132372e302e302e313a383038380d0a557365722d416765 ...
[2016-11-18 14:57:34,624] [INFO] [base._test_info] -> Current test: 163
[2016-11-18 14:57:34,626] [INFO] [server.transmit] -> request(302): 474554202f6170616368655f70622e6769660d0a486f73743a203132372e302e302e313a383038380d0a557365722d416765 ...
[2016-11-18 14:57:35,549] [INFO] [base._test_info] -> Current test: 164
[2016-11-18 14:57:35,555] [INFO] [server.transmit] -> request(258): 474554202f6170616368655f70622e6769660d0a486f73743a203132372e302e302e313a383038380d0a557365722d416765 ...
[2016-11-18 14:57:35,962] [INFO] [base._test_info] -> Current test: 165
[2016-11-18 14:57:35,963] [INFO] [server.transmit] -> request(262): 474554202f6170616368655f70622e6769660d0a486f73743a203132372e302e302e313a383038380d0a557365722d416765 ...
[2016-11-18 14:57:36,871] [INFO] [base._test_info] -> Current test: 166
[2016-11-18 14:57:36,872] [INFO] [server.transmit] -> request(293): 474554202f6170616368655f70622e6769660d0a486f73743a203132372e302e302e313a383038380d0a557365722d416765 ...
[2016-11-18 14:57:37,788] [INFO] [base._test_info] -> Current test: 167
[2016-11-18 14:57:37,789] [INFO] [server.transmit] -> request(1272): 474554202f6170616368655f70622e6769660d0a486f73743a203132372e302e302e313a383038380d0a557365722d416765 ...
[2016-11-18 14:57:38,710] [INFO] [base._test_info] -> Current test: 168
[2016-11-18 14:57:38,712] [INFO] [server.transmit] -> request(376): 474554202f6170616368655f70622e6769660d0a486f73743a203132372e302e302e313a383038380d0a557365722d416765 ...
[2016-11-18 14:57:39,630] [INFO] [base._test_info] -> Current test: 169
[2016-11-18 14:57:39,630] [INFO] [server.transmit] -> request(264): 474554202f6170616368655f70622e6769660d0a486f73743a203132372e302e302e313a383038380d0a557365722d416765 ...
[2016-11-18 14:57:40,549] [INFO] [base._test_info] -> Current test: 170
[2016-11-18 14:57:40,551] [INFO] [server.transmit] -> request(1272): 474554202f6170616368655f70622e6769660d0a486f73743a203132372e302e302e313a383038380d0a557365722d416765 ...
[2016-11-18 14:57:41,473] [INFO] [base._test_info] -> Current test: 171
[2016-11-18 14:57:41,475] [INFO] [server.transmit] -> request(376): 474554202f6170616368655f70622e6769660d0a486f73743a203132372e302e302e313a383038380d0a557365722d416765 ...
[2016-11-18 14:57:42,392] [INFO] [base._test_info] -> Current test: 172
[2016-11-18 14:57:42,393] [INFO] [server.transmit] -> request(264): 474554202f6170616368655f70622e6769660d0a486f73743a203132372e302e302e313a383038380d0a557365722d416765 ...
[2016-11-18 14:57:43,312] [INFO] [base._test_info] -> Current test: 173
[2016-11-18 14:57:43,314] [INFO] [server.transmit] -> request(277): 474554202f6170616368655f70622e6769660d0a486f73743a203132372e302e302e313a383038380d0a557365722d416765 ...
[2016-11-18 14:57:44,231] [INFO] [base._test_info] -> Current test: 174
[2016-11-18 14:57:44,232] [INFO] [server.transmit] -> request(273): 474554202f6170616368655f70622e6769660d0a486f73743a203132372e302e302e313a383038380d0a557365722d416765 ...
[2016-11-18 14:57:45,151] [INFO] [base._test_info] -> Current test: 175
[2016-11-18 14:57:45,153] [INFO] [server.transmit] -> request(274): 474554202f6170616368655f70622e6769660d0a486f73743a203132372e302e302e313a383038380d0a557365722d416765 ...
[2016-11-18 14:57:46,070] [INFO] [base._test_info] -> Current test: 176
[2016-11-18 14:57:46,071] [INFO] [server.transmit] -> request(253): 474554202f6170616368655f70622e6769660d0a486f73743a203132372e302e302e313a383038380d0a557365722d416765 ...
[2016-11-18 14:57:48,907] [INFO] [base._test_info] -> Current test: 177
[2016-11-18 14:57:48,909] [INFO] [server.transmit] -> request(252): 474554202f6170616368655f70622e6769660d0a486f73743a203132372e302e302e313a383038380d0a557365722d416765 ...
[2016-11-18 14:57:49,830] [INFO] [base._test_info] -> Current test: 178
[2016-11-18 14:57:49,832] [INFO] [server.transmit] -> request(251): 474554202f6170616368655f70622e6769660d0a486f73743a203132372e302e302e313a383038380d0a557365722d416765 ...
[2016-11-18 14:57:50,743] [INFO] [base._test_info] -> Current test: 179
[2016-11-18 14:57:50,744] [INFO] [server.transmit] -> request(254): 474554202f6170616368655f70622e6769660d0a486f73743a203132372e302e302e313a383038380d0a557365722d416765 ...
[2016-11-18 14:57:51,661] [INFO] [base._test_info] -> Current test: 180
[2016-11-18 14:57:51,663] [INFO] [server.transmit] -> request(440): 474554202f6170616368655f70622e6769660d0a486f73743a203132372e302e302e313a383038380d0a557365722d416765 ...
[2016-11-18 14:57:52,586] [INFO] [base._test_info] -> Current test: 181
[2016-11-18 14:57:52,588] [INFO] [server.transmit] -> request(272): 474554202f6170616368655f70622e6769660d0a486f73743a203132372e302e302e313a383038380d0a557365722d416765 ...
[2016-11-18 14:57:53,503] [INFO] [base._test_info] -> Current test: 182
[2016-11-18 14:57:53,503] [INFO] [server.transmit] -> request(277): 474554202f6170616368655f70622e6769660d0a486f73743a203132372e302e302e313a383038380d0a557365722d416765 ...
[2016-11-18 14:57:54,424] [INFO] [base._test_info] -> Current test: 183
[2016-11-18 14:57:54,427] [INFO] [server.transmit] -> request(317): 474554202f6170616368655f70622e6769660d0a486f73743a203132372e302e302e313a383038380d0a557365722d416765 ...
[2016-11-18 14:57:54,842] [INFO] [base._test_info] -> Current test: 184
[2016-11-18 14:57:54,845] [INFO] [server.transmit] -> request(767): 474554202f6170616368655f70622e6769660d0a486f73743a203132372e302e302e313a383038380d0a557365722d416765 ...
[2016-11-18 14:57:55,768] [INFO] [base._test_info] -> Current test: 185
[2016-11-18 14:57:55,770] [INFO] [server.transmit] -> request(273): 474554202f6170616368655f70622e6769660d0a486f73743a203132372e302e302e313a383038380d0a557365722d416765 ...
[2016-11-18 14:57:56,696] [INFO] [base._test_info] -> Current test: 186
[2016-11-18 14:57:56,696] [INFO] [server.transmit] -> request(273): 474554202f6170616368655f70622e6769660d0a486f73743a203132372e302e302e313a383038380d0a557365722d416765 ...
[2016-11-18 14:57:57,612] [INFO] [base._test_info] -> Current test: 187
[2016-11-18 14:57:57,615] [INFO] [server.transmit] -> request(273): 474554202f6170616368655f70622e6769660d0a486f73743a203132372e302e302e313a383038380d0a557365722d416765 ...
[2016-11-18 14:57:58,539] [INFO] [base._test_info] -> Current test: 188
[2016-11-18 14:57:58,541] [INFO] [server.transmit] -> request(273): 474554202f6170616368655f70622e6769660d0a486f73743a203132372e302e302e313a383038380d0a557365722d416765 ...
[2016-11-18 14:57:59,454] [INFO] [base._test_info] -> Current test: 189
[2016-11-18 14:57:59,455] [INFO] [server.transmit] -> request(267): 474554202f6170616368655f70622e6769660d0a486f73743a203132372e302e302e313a383038380d0a557365722d416765 ...
[2016-11-18 14:58:00,361] [INFO] [base._test_info] -> Current test: 190
[2016-11-18 14:58:00,361] [INFO] [server.transmit] -> request(2315): 474554202f6170616368655f70622e6769660d0a486f73743a203132372e302e302e313a383038380d0a557365722d416765 ...
[2016-11-18 14:58:01,278] [INFO] [base._test_info] -> Current test: 191
[2016-11-18 14:58:01,281] [INFO] [server.transmit] -> request(523): 474554202f6170616368655f70622e6769660d0a486f73743a203132372e302e302e313a383038380d0a557365722d416765 ...
[2016-11-18 14:58:02,204] [INFO] [base._test_info] -> Current test: 192
[2016-11-18 14:58:02,206] [INFO] [server.transmit] -> request(299): 474554202f6170616368655f70622e6769660d0a486f73743a203132372e302e302e313a383038380d0a557365722d416765 ...
[2016-11-18 14:58:03,118] [INFO] [base._test_info] -> Current test: 193
[2016-11-18 14:58:03,118] [INFO] [server.transmit] -> request(271): 474554202f6170616368655f70622e6769660d0a486f73743a203132372e302e302e313a383038380d0a557365722d416765 ...
[2016-11-18 14:58:04,035] [INFO] [base._test_info] -> Current test: 194
[2016-11-18 14:58:04,039] [INFO] [server.transmit] -> request(3339): 474554202f6170616368655f70622e6769660d0a486f73743a203132372e302e302e313a383038380d0a557365722d416765 ...
[2016-11-18 14:58:04,960] [INFO] [base._test_info] -> Current test: 195
[2016-11-18 14:58:04,961] [INFO] [server.transmit] -> request(651): 474554202f6170616368655f70622e6769660d0a486f73743a203132372e302e302e313a383038380d0a557365722d416765 ...
[2016-11-18 14:58:05,877] [INFO] [base._test_info] -> Current test: 196
[2016-11-18 14:58:05,878] [INFO] [server.transmit] -> request(315): 474554202f6170616368655f70622e6769660d0a486f73743a203132372e302e302e313a383038380d0a557365722d416765 ...
[2016-11-18 14:58:06,796] [INFO] [base._test_info] -> Current test: 197
[2016-11-18 14:58:06,798] [INFO] [server.transmit] -> request(273): 474554202f6170616368655f70622e6769660d0a486f73743a203132372e302e302e313a383038380d0a557365722d416765 ...
[2016-11-18 14:58:07,722] [INFO] [base._test_info] -> Current test: 198
[2016-11-18 14:58:07,724] [INFO] [server.transmit] -> request(4363): 474554202f6170616368655f70622e6769660d0a486f73743a203132372e302e302e313a383038380d0a557365722d416765 ...
[2016-11-18 14:58:08,641] [INFO] [base._test_info] -> Current test: 199
[2016-11-18 14:58:08,642] [INFO] [server.transmit] -> request(779): 474554202f6170616368655f70622e6769660d0a486f73743a203132372e302e302e313a383038380d0a557365722d416765 ...
[2016-11-18 14:58:09,556] [INFO] [base._test_info] -> Current test: 200
[2016-11-18 14:58:09,557] [INFO] [server.transmit] -> request(331): 474554202f6170616368655f70622e6769660d0a486f73743a203132372e302e302e313a383038380d0a557365722d416765 ...
[2016-11-18 14:58:10,480] [INFO] [base._test_info] -> Current test: 201
[2016-11-18 14:58:10,482] [INFO] [server.transmit] -> request(275): 474554202f6170616368655f70622e6769660d0a486f73743a203132372e302e302e313a383038380d0a557365722d416765 ...
[2016-11-18 14:58:11,409] [INFO] [base._test_info] -> Current test: 202
[2016-11-18 14:58:11,411] [INFO] [server.transmit] -> request(2315): 474554202f6170616368655f70622e6769660d0a486f73743a203132372e302e302e313a383038380d0a557365722d416765 ...
[2016-11-18 14:58:12,328] [INFO] [base._test_info] -> Current test: 203
[2016-11-18 14:58:12,329] [INFO] [server.transmit] -> request(523): 474554202f6170616368655f70622e6769660d0a486f73743a203132372e302e302e313a383038380d0a557365722d416765 ...
[2016-11-18 14:58:13,247] [INFO] [base._test_info] -> Current test: 204
[2016-11-18 14:58:13,251] [INFO] [server.transmit] -> request(299): 474554202f6170616368655f70622e6769660d0a486f73743a203132372e302e302e313a383038380d0a557365722d416765 ...
[2016-11-18 14:58:14,171] [INFO] [base._test_info] -> Current test: 205
[2016-11-18 14:58:14,175] [INFO] [server.transmit] -> request(271): 474554202f6170616368655f70622e6769660d0a486f73743a203132372e302e302e313a383038380d0a557365722d416765 ...
[2016-11-18 14:58:15,086] [INFO] [base._test_info] -> Current test: 206
[2016-11-18 14:58:15,087] [INFO] [server.transmit] -> request(3339): 474554202f6170616368655f70622e6769660d0a486f73743a203132372e302e302e313a383038380d0a557365722d416765 ...
[2016-11-18 14:58:16,010] [INFO] [base._test_info] -> Current test: 207
[2016-11-18 14:58:16,013] [INFO] [server.transmit] -> request(651): 474554202f6170616368655f70622e6769660d0a486f73743a203132372e302e302e313a383038380d0a557365722d416765 ...
[2016-11-18 14:58:16,426] [INFO] [base._test_info] -> Current test: 208
[2016-11-18 14:58:16,427] [INFO] [server.transmit] -> request(315): 474554202f6170616368655f70622e6769660d0a486f73743a203132372e302e302e313a383038380d0a557365722d416765 ...
[2016-11-18 14:58:17,349] [INFO] [base._test_info] -> Current test: 209
[2016-11-18 14:58:17,354] [INFO] [server.transmit] -> request(273): 474554202f6170616368655f70622e6769660d0a486f73743a203132372e302e302e313a383038380d0a557365722d416765 ...
[2016-11-18 14:58:18,271] [INFO] [base._test_info] -> Current test: 210
[2016-11-18 14:58:18,272] [INFO] [server.transmit] -> request(4363): 474554202f6170616368655f70622e6769660d0a486f73743a203132372e302e302e313a383038380d0a557365722d416765 ...
[2016-11-18 14:58:19,181] [INFO] [base._test_info] -> Current test: 211
[2016-11-18 14:58:19,182] [INFO] [server.transmit] -> request(779): 474554202f6170616368655f70622e6769660d0a486f73743a203132372e302e302e313a383038380d0a557365722d416765 ...
[2016-11-18 14:58:20,126] [INFO] [base._test_info] -> Current test: 212
[2016-11-18 14:58:20,128] [INFO] [server.transmit] -> request(331): 474554202f6170616368655f70622e6769660d0a486f73743a203132372e302e302e313a383038380d0a557365722d416765 ...
[2016-11-18 14:58:20,543] [INFO] [base._test_info] -> Current test: 213
[2016-11-18 14:58:20,545] [INFO] [server.transmit] -> request(275): 474554202f6170616368655f70622e6769660d0a486f73743a203132372e302e302e313a383038380d0a557365722d416765 ...
[2016-11-18 14:58:22,271] [INFO] [base._test_info] -> Current test: 214
[2016-11-18 14:58:22,272] [INFO] [server.transmit] -> request(281): 474554202f6170616368655f70622e6769660d0a486f73743a203132372e302e302e313a383038380d0a557365722d416765 ...
[2016-11-18 14:58:23,186] [INFO] [base._test_info] -> Current test: 215
[2016-11-18 14:58:23,187] [INFO] [server.transmit] -> request(2315): 474554202f6170616368655f70622e6769660d0a486f73743a203132372e302e302e313a383038380d0a557365722d416765 ...
[2016-11-18 14:58:24,103] [INFO] [base._test_info] -> Current test: 216
[2016-11-18 14:58:24,104] [INFO] [server.transmit] -> request(523): 474554202f6170616368655f70622e6769660d0a486f73743a203132372e302e302e313a383038380d0a557365722d416765 ...
[2016-11-18 14:58:25,020] [INFO] [base._test_info] -> Current test: 217
[2016-11-18 14:58:25,021] [INFO] [server.transmit] -> request(299): 474554202f6170616368655f70622e6769660d0a486f73743a203132372e302e302e313a383038380d0a557365722d416765 ...
[2016-11-18 14:58:25,938] [INFO] [base._test_info] -> Current test: 218
[2016-11-18 14:58:25,940] [INFO] [server.transmit] -> request(271): 474554202f6170616368655f70622e6769660d0a486f73743a203132372e302e302e313a383038380d0a557365722d416765 ...
[2016-11-18 14:58:26,863] [INFO] [base._test_info] -> Current test: 219
[2016-11-18 14:58:26,866] [INFO] [server.transmit] -> request(1291): 474554202f6170616368655f70622e6769660d0a486f73743a203132372e302e302e313a383038380d0a557365722d416765 ...
[2016-11-18 14:58:27,788] [INFO] [base._test_info] -> Current test: 220
[2016-11-18 14:58:27,791] [INFO] [server.transmit] -> request(395): 474554202f6170616368655f70622e6769660d0a486f73743a203132372e302e302e313a383038380d0a557365722d416765 ...
[2016-11-18 14:58:28,707] [INFO] [base._test_info] -> Current test: 221
[2016-11-18 14:58:28,708] [INFO] [server.transmit] -> request(283): 474554202f6170616368655f70622e6769660d0a486f73743a203132372e302e302e313a383038380d0a557365722d416765 ...
[2016-11-18 14:58:29,628] [INFO] [base._test_info] -> Current test: 222
[2016-11-18 14:58:29,631] [INFO] [server.transmit] -> request(269): 474554202f6170616368655f70622e6769660d0a486f73743a203132372e302e302e313a383038380d0a557365722d416765 ...
[2016-11-18 14:58:30,558] [INFO] [base._test_info] -> Current test: 223
[2016-11-18 14:58:30,560] [INFO] [server.transmit] -> request(4363): 474554202f6170616368655f70622e6769660d0a486f73743a203132372e302e302e313a383038380d0a557365722d416765 ...
[2016-11-18 14:58:31,472] [INFO] [base._test_info] -> Current test: 224
[2016-11-18 14:58:31,472] [INFO] [server.transmit] -> request(779): 474554202f6170616368655f70622e6769660d0a486f73743a203132372e302e302e313a383038380d0a557365722d416765 ...
[2016-11-18 14:58:32,382] [INFO] [base._test_info] -> Current test: 225
[2016-11-18 14:58:32,382] [INFO] [server.transmit] -> request(331): 474554202f6170616368655f70622e6769660d0a486f73743a203132372e302e302e313a383038380d0a557365722d416765 ...
[2016-11-18 14:58:33,303] [INFO] [base._test_info] -> Current test: 226
[2016-11-18 14:58:33,306] [INFO] [server.transmit] -> request(275): 474554202f6170616368655f70622e6769660d0a486f73743a203132372e302e302e313a383038380d0a557365722d416765 ...
[2016-11-18 14:58:34,220] [INFO] [base._test_info] -> Current test: 227
[2016-11-18 14:58:34,220] [INFO] [server.transmit] -> request(284): 474554202f6170616368655f70622e6769660d0a486f73743a203132372e302e302e313a383038380d0a557365722d416765 ...
[2016-11-18 14:58:35,144] [INFO] [base._test_info] -> Current test: 228
[2016-11-18 14:58:35,146] [INFO] [server.transmit] -> request(285): 474554202f6170616368655f70622e6769660d0a486f73743a203132372e302e302e313a383038380d0a557365722d416765 ...
[2016-11-18 14:58:36,066] [INFO] [base._test_info] -> Current test: 229
[2016-11-18 14:58:36,067] [INFO] [server.transmit] -> request(281): 474554202f6170616368655f70622e6769660d0a486f73743a203132372e302e302e313a383038380d0a557365722d416765 ...
[2016-11-18 14:58:36,988] [INFO] [base._test_info] -> Current test: 230
[2016-11-18 14:58:36,991] [INFO] [server.transmit] -> request(296): 474554202f6170616368655f70622e6769660d0a486f73743a203132372e302e302e313a383038380d0a557365722d416765 ...
[2016-11-18 14:58:37,905] [INFO] [base._test_info] -> Current test: 231
[2016-11-18 14:58:37,905] [INFO] [server.transmit] -> request(297): 474554202f6170616368655f70622e6769660d0a486f73743a203132372e302e302e313a383038380d0a557365722d416765 ...
[2016-11-18 14:58:38,824] [INFO] [base._test_info] -> Current test: 232
[2016-11-18 14:58:38,826] [INFO] [server.transmit] -> request(282): 474554202f6170616368655f70622e6769660d0a486f73743a203132372e302e302e313a383038380d0a557365722d416765 ...
[2016-11-18 14:58:39,747] [INFO] [base._test_info] -> Current test: 233
[2016-11-18 14:58:39,748] [INFO] [server.transmit] -> request(283): 474554202f6170616368655f70622e6769660d0a486f73743a203132372e302e302e313a383038380d0a557365722d416765 ...
[2016-11-18 14:58:40,660] [INFO] [base._test_info] -> Current test: 234
[2016-11-18 14:58:40,660] [INFO] [server.transmit] -> request(275): 474554202f6170616368655f70622e6769660d0a486f73743a203132372e302e302e313a383038380d0a557365722d416765 ...
[2016-11-18 14:58:41,582] [INFO] [base._test_info] -> Current test: 235
[2016-11-18 14:58:41,585] [INFO] [server.transmit] -> request(276): 474554202f6170616368655f70622e6769660d0a486f73743a203132372e302e302e313a383038380d0a557365722d416765 ...
[2016-11-18 14:58:42,003] [INFO] [base._test_info] -> Current test: 236
[2016-11-18 14:58:42,005] [INFO] [server.transmit] -> request(276): 474554202f6170616368655f70622e6769660d0a486f73743a203132372e302e302e313a383038380d0a557365722d416765 ...
[2016-11-18 14:58:42,928] [INFO] [base._test_info] -> Current test: 237
[2016-11-18 14:58:42,932] [INFO] [server.transmit] -> request(278): 474554202f6170616368655f70622e6769660d0a486f73743a203132372e302e302e313a383038380d0a557365722d416765 ...
[2016-11-18 14:58:43,848] [INFO] [base._test_info] -> Current test: 238
[2016-11-18 14:58:43,848] [INFO] [server.transmit] -> request(284): 474554202f6170616368655f70622e6769660d0a486f73743a203132372e302e302e313a383038380d0a557365722d416765 ...
[2016-11-18 14:58:44,764] [INFO] [base._test_info] -> Current test: 239
[2016-11-18 14:58:44,766] [INFO] [server.transmit] -> request(308): 474554202f6170616368655f70622e6769660d0a486f73743a203132372e302e302e313a383038380d0a557365722d416765 ...
[2016-11-18 14:58:45,682] [INFO] [base._test_info] -> Current test: 240
[2016-11-18 14:58:45,683] [INFO] [server.transmit] -> request(339): 474554202f6170616368655f70622e6769660d0a486f73743a203132372e302e302e313a383038380d0a557365722d416765 ...
[2016-11-18 14:58:46,601] [INFO] [base._test_info] -> Current test: 241
[2016-11-18 14:58:46,601] [INFO] [server.transmit] -> request(278): 474554202f6170616368655f70622e6769660d0a486f73743a203132372e302e302e313a383038380d0a557365722d416765 ...
[2016-11-18 14:58:47,518] [INFO] [base._test_info] -> Current test: 242
[2016-11-18 14:58:47,520] [INFO] [server.transmit] -> request(278): 474554202f6170616368655f70622e6769660d0a486f73743a203132372e302e302e313a383038380d0a557365722d416765 ...
[2016-11-18 14:58:48,442] [INFO] [base._test_info] -> Current test: 243
[2016-11-18 14:58:48,446] [INFO] [server.transmit] -> request(269): 474554202f6170616368655f70622e6769660d0a486f73743a203132372e302e302e313a383038380d0a557365722d416765 ...
[2016-11-18 14:58:49,369] [INFO] [base._test_info] -> Current test: 244
[2016-11-18 14:58:49,370] [INFO] [server.transmit] -> request(277): 474554202f6170616368655f70622e6769660d0a486f73743a203132372e302e302e313a383038380d0a557365722d416765 ...
[2016-11-18 14:58:50,292] [INFO] [base._test_info] -> Current test: 245
[2016-11-18 14:58:50,294] [INFO] [server.transmit] -> request(367): 474554202f6170616368655f70622e6769660d0a486f73743a203132372e302e302e313a383038380d0a557365722d416765 ...
[2016-11-18 14:58:51,216] [INFO] [base._test_info] -> Current test: 246
[2016-11-18 14:58:51,223] [INFO] [server.transmit] -> request(1267): 474554202f6170616368655f70622e6769660d0a486f73743a203132372e302e302e313a383038380d0a557365722d416765 ...
[2016-11-18 14:58:52,164] [INFO] [base._test_info] -> Current test: 247
[2016-11-18 14:58:52,166] [INFO] [server.transmit] -> request(5267): 474554202f6170616368655f70622e6769660d0a486f73743a203132372e302e302e313a383038380d0a557365722d416765 ...
[2016-11-18 14:58:53,089] [INFO] [base._test_info] -> Current test: 248
[2016-11-18 14:58:53,092] [INFO] [server.transmit] -> request(10267): 474554202f6170616368655f70622e6769660d0a486f73743a203132372e302e302e313a383038380d0a557365722d416765 ...
[2016-11-18 14:58:54,017] [INFO] [base._test_info] -> Current test: 249
[2016-11-18 14:58:54,019] [INFO] [server.transmit] -> request(278): 474554202f6170616368655f70622e6769660d0a486f73743a203132372e302e302e313a383038380d0a557365722d416765 ...
[2016-11-18 14:58:56,058] [INFO] [base._test_info] -> Current test: 250
[2016-11-18 14:58:56,060] [INFO] [server.transmit] -> request(321): 474554202f6170616368655f70622e6769660d0a486f73743a203132372e302e302e313a383038380d0a557365722d416765 ...
[2016-11-18 14:58:56,974] [INFO] [base._test_info] -> Current test: 251
[2016-11-18 14:58:56,975] [INFO] [server.transmit] -> request(319): 474554202f6170616368655f70622e6769660d0a486f73743a203132372e302e302e313a383038380d0a557365722d416765 ...
[2016-11-18 14:58:57,901] [INFO] [base._test_info] -> Current test: 252
[2016-11-18 14:58:57,903] [INFO] [server.transmit] -> request(280): 474554202f6170616368655f70622e6769660d0a486f73743a203132372e302e302e313a383038380d0a557365722d416765 ...
[2016-11-18 14:58:58,827] [INFO] [base._test_info] -> Current test: 253
[2016-11-18 14:58:58,829] [INFO] [server.transmit] -> request(323): 474554202f6170616368655f70622e6769660d0a486f73743a203132372e302e302e313a383038380d0a557365722d416765 ...
[2016-11-18 14:58:59,741] [INFO] [base._test_info] -> Current test: 254
[2016-11-18 14:58:59,741] [INFO] [server.transmit] -> request(321): 474554202f6170616368655f70622e6769660d0a486f73743a203132372e302e302e313a383038380d0a557365722d416765 ...
[2016-11-18 14:59:00,663] [INFO] [base._test_info] -> Current test: 255
[2016-11-18 14:59:00,667] [INFO] [server.transmit] -> request(277): 474554202f6170616368655f70622e6769660d0a486f73743a203132372e302e302e313a383038380d0a557365722d416765 ...
[2016-11-18 14:59:01,592] [INFO] [base._test_info] -> Current test: 256
[2016-11-18 14:59:01,594] [INFO] [server.transmit] -> request(281): 474554202f6170616368655f70622e6769660d0a486f73743a203132372e302e302e313a383038380d0a557365722d416765 ...
[2016-11-18 14:59:02,514] [INFO] [base._test_info] -> Current test: 257
[2016-11-18 14:59:02,516] [INFO] [server.transmit] -> request(312): 474554202f6170616368655f70622e6769660d0a486f73743a203132372e302e302e313a383038380d0a557365722d416765 ...
[2016-11-18 14:59:03,453] [INFO] [base._test_info] -> Current test: 258
[2016-11-18 14:59:03,455] [INFO] [server.transmit] -> request(1291): 474554202f6170616368655f70622e6769660d0a486f73743a203132372e302e302e313a383038380d0a557365722d416765 ...
[2016-11-18 14:59:04,379] [INFO] [base._test_info] -> Current test: 259
[2016-11-18 14:59:04,382] [INFO] [server.transmit] -> request(395): 474554202f6170616368655f70622e6769660d0a486f73743a203132372e302e302e313a383038380d0a557365722d416765 ...
[2016-11-18 14:59:05,299] [INFO] [base._test_info] -> Current test: 260
[2016-11-18 14:59:05,300] [INFO] [server.transmit] -> request(283): 474554202f6170616368655f70622e6769660d0a486f73743a203132372e302e302e313a383038380d0a557365722d416765 ...
[2016-11-18 14:59:06,208] [INFO] [base._test_info] -> Current test: 261
[2016-11-18 14:59:06,208] [INFO] [server.transmit] -> request(1291): 474554202f6170616368655f70622e6769660d0a486f73743a203132372e302e302e313a383038380d0a557365722d416765 ...
[2016-11-18 14:59:07,129] [INFO] [base._test_info] -> Current test: 262
[2016-11-18 14:59:07,132] [INFO] [server.transmit] -> request(395): 474554202f6170616368655f70622e6769660d0a486f73743a203132372e302e302e313a383038380d0a557365722d416765 ...
[2016-11-18 14:59:08,055] [INFO] [base._test_info] -> Current test: 263
[2016-11-18 14:59:08,058] [INFO] [server.transmit] -> request(283): 474554202f6170616368655f70622e6769660d0a486f73743a203132372e302e302e313a383038380d0a557365722d416765 ...
[2016-11-18 14:59:08,971] [INFO] [base._test_info] -> Current test: 264
[2016-11-18 14:59:08,971] [INFO] [server.transmit] -> request(296): 474554202f6170616368655f70622e6769660d0a486f73743a203132372e302e302e313a383038380d0a557365722d416765 ...
[2016-11-18 14:59:09,890] [INFO] [base._test_info] -> Current test: 265
[2016-11-18 14:59:09,892] [INFO] [server.transmit] -> request(292): 474554202f6170616368655f70622e6769660d0a486f73743a203132372e302e302e313a383038380d0a557365722d416765 ...
[2016-11-18 14:59:10,815] [INFO] [base._test_info] -> Current test: 266
[2016-11-18 14:59:10,817] [INFO] [server.transmit] -> request(293): 474554202f6170616368655f70622e6769660d0a486f73743a203132372e302e302e313a383038380d0a557365722d416765 ...
[2016-11-18 14:59:11,729] [INFO] [base._test_info] -> Current test: 267
[2016-11-18 14:59:11,729] [INFO] [server.transmit] -> request(272): 474554202f6170616368655f70622e6769660d0a486f73743a203132372e302e302e313a383038380d0a557365722d416765 ...
[2016-11-18 14:59:12,645] [INFO] [base._test_info] -> Current test: 268
[2016-11-18 14:59:12,649] [INFO] [server.transmit] -> request(271): 474554202f6170616368655f70622e6769660d0a486f73743a203132372e302e302e313a383038380d0a557365722d416765 ...
[2016-11-18 14:59:13,564] [INFO] [base._test_info] -> Current test: 269
[2016-11-18 14:59:13,565] [INFO] [server.transmit] -> request(270): 474554202f6170616368655f70622e6769660d0a486f73743a203132372e302e302e313a383038380d0a557365722d416765 ...
[2016-11-18 14:59:14,484] [INFO] [base._test_info] -> Current test: 270
[2016-11-18 14:59:14,486] [INFO] [server.transmit] -> request(273): 474554202f6170616368655f70622e6769660d0a486f73743a203132372e302e302e313a383038380d0a557365722d416765 ...
[2016-11-18 14:59:15,406] [INFO] [base._test_info] -> Current test: 271
[2016-11-18 14:59:15,408] [INFO] [server.transmit] -> request(459): 474554202f6170616368655f70622e6769660d0a486f73743a203132372e302e302e313a383038380d0a557365722d416765 ...
[2016-11-18 14:59:16,339] [INFO] [base._test_info] -> Current test: 272
[2016-11-18 14:59:16,341] [INFO] [server.transmit] -> request(291): 474554202f6170616368655f70622e6769660d0a486f73743a203132372e302e302e313a383038380d0a557365722d416765 ...
[2016-11-18 14:59:17,265] [INFO] [base._test_info] -> Current test: 273
[2016-11-18 14:59:17,268] [INFO] [server.transmit] -> request(280): 474554202f6170616368655f70622e6769660d0a486f73743a203132372e302e302e313a383038380d0a557365722d416765 ...
[2016-11-18 14:59:18,180] [INFO] [base._test_info] -> Current test: 274
[2016-11-18 14:59:18,180] [INFO] [server.transmit] -> request(279): 474554202f6170616368655f70622e6769660d0a486f73743a203132372e302e302e313a383038380d0a557365722d416765 ...
[2016-11-18 14:59:19,099] [INFO] [base._test_info] -> Current test: 275
[2016-11-18 14:59:19,100] [INFO] [server.transmit] -> request(278): 474554202f6170616368655f70622e6769660d0a486f73743a203132372e302e302e313a383038380d0a557365722d416765 ...
[2016-11-18 14:59:20,025] [INFO] [base._test_info] -> Current test: 276
[2016-11-18 14:59:20,027] [INFO] [server.transmit] -> request(277): 474554202f6170616368655f70622e6769660d0a486f73743a203132372e302e302e313a383038380d0a557365722d416765 ...
[2016-11-18 14:59:20,939] [INFO] [base._test_info] -> Current test: 277
[2016-11-18 14:59:20,939] [INFO] [server.transmit] -> request(276): 474554202f6170616368655f70622e6769660d0a486f73743a203132372e302e302e313a383038380d0a557365722d416765 ...
[2016-11-18 14:59:21,852] [INFO] [base._test_info] -> Current test: 278
[2016-11-18 14:59:21,853] [INFO] [server.transmit] -> request(275): 474554202f6170616368655f70622e6769660d0a486f73743a203132372e302e302e313a383038380d0a557365722d416765 ...
[2016-11-18 14:59:22,774] [INFO] [base._test_info] -> Current test: 279
[2016-11-18 14:59:22,777] [INFO] [server.transmit] -> request(275): 474554202f6170616368655f70622e6769660d0a486f73743a203132372e302e302e313a383038380d0a557365722d416765 ...
[2016-11-18 14:59:23,691] [INFO] [base._test_info] -> Current test: 280
[2016-11-18 14:59:23,691] [INFO] [server.transmit] -> request(274): 474554202f6170616368655f70622e6769660d0a486f73743a203132372e302e302e313a383038380d0a557365722d416765 ...
[2016-11-18 14:59:24,606] [INFO] [base._test_info] -> Current test: 281
[2016-11-18 14:59:24,608] [INFO] [server.transmit] -> request(273): 474554202f6170616368655f70622e6769660d0a486f73743a203132372e302e302e313a383038380d0a557365722d416765 ...
[2016-11-18 14:59:25,545] [INFO] [base._test_info] -> Current test: 282
[2016-11-18 14:59:25,547] [INFO] [server.transmit] -> request(272): 474554202f6170616368655f70622e6769660d0a486f73743a203132372e302e302e313a383038380d0a557365722d416765 ...
[2016-11-18 14:59:26,469] [INFO] [base._test_info] -> Current test: 283
[2016-11-18 14:59:26,471] [INFO] [server.transmit] -> request(281): 474554202f6170616368655f70622e6769660d0a486f73743a203132372e302e302e313a383038380d0a557365722d416765 ...
[2016-11-18 14:59:27,383] [INFO] [base._test_info] -> Current test: 284
[2016-11-18 14:59:27,384] [INFO] [server.transmit] -> request(281): 474554202f6170616368655f70622e6769660d0a486f73743a203132372e302e302e313a383038380d0a557365722d416765 ...
[2016-11-18 14:59:28,903] [INFO] [base._test_info] -> Current test: 285
[2016-11-18 14:59:28,907] [INFO] [server.transmit] -> request(281): 474554202f6170616368655f70622e6769660d0a486f73743a203132372e302e302e313a383038380d0a557365722d416765 ...
[2016-11-18 14:59:29,830] [INFO] [base._test_info] -> Current test: 286
[2016-11-18 14:59:29,832] [INFO] [server.transmit] -> request(281): 474554202f6170616368655f70622e6769660d0a486f73743a203132372e302e302e313a383038380d0a557365722d416765 ...
[2016-11-18 14:59:30,745] [INFO] [base._test_info] -> Current test: 287
[2016-11-18 14:59:30,746] [INFO] [server.transmit] -> request(281): 474554202f6170616368655f70622e6769660d0a486f73743a203132372e302e302e313a383038380d0a557365722d416765 ...
[2016-11-18 14:59:31,664] [INFO] [base._test_info] -> Current test: 288
[2016-11-18 14:59:31,666] [INFO] [server.transmit] -> request(281): 474554202f6170616368655f70622e6769660d0a486f73743a203132372e302e302e313a383038380d0a557365722d416765 ...
[2016-11-18 14:59:32,583] [INFO] [base._test_info] -> Current test: 289
[2016-11-18 14:59:32,584] [INFO] [server.transmit] -> request(281): 474554202f6170616368655f70622e6769660d0a486f73743a203132372e302e302e313a383038380d0a557365722d416765 ...
[2016-11-18 14:59:33,496] [INFO] [base._test_info] -> Current test: 290
[2016-11-18 14:59:33,496] [INFO] [server.transmit] -> request(281): 474554202f6170616368655f70622e6769660d0a486f73743a203132372e302e302e313a383038380d0a557365722d416765 ...
[2016-11-18 14:59:34,415] [INFO] [base._test_info] -> Current test: 291
[2016-11-18 14:59:34,418] [INFO] [server.transmit] -> request(281): 474554202f6170616368655f70622e6769660d0a486f73743a203132372e302e302e313a383038380d0a557365722d416765 ...
[2016-11-18 14:59:35,340] [INFO] [base._test_info] -> Current test: 292
[2016-11-18 14:59:35,343] [INFO] [server.transmit] -> request(281): 474554202f6170616368655f70622e6769660d0a486f73743a203132372e302e302e313a383038380d0a557365722d416765 ...
[2016-11-18 14:59:36,265] [INFO] [base._test_info] -> Current test: 293
[2016-11-18 14:59:36,267] [INFO] [server.transmit] -> request(281): 474554202f6170616368655f70622e6769660d0a486f73743a203132372e302e302e313a383038380d0a557365722d416765 ...
[2016-11-18 14:59:37,188] [INFO] [base._test_info] -> Current test: 294
[2016-11-18 14:59:37,190] [INFO] [server.transmit] -> request(281): 474554202f6170616368655f70622e6769660d0a486f73743a203132372e302e302e313a383038380d0a557365722d416765 ...
[2016-11-18 14:59:38,113] [INFO] [base._test_info] -> Current test: 295
[2016-11-18 14:59:38,115] [INFO] [server.transmit] -> request(281): 474554202f6170616368655f70622e6769660d0a486f73743a203132372e302e302e313a383038380d0a557365722d416765 ...
[2016-11-18 14:59:39,035] [INFO] [base._test_info] -> Current test: 296
[2016-11-18 14:59:39,038] [INFO] [server.transmit] -> request(281): 474554202f6170616368655f70622e6769660d0a486f73743a203132372e302e302e313a383038380d0a557365722d416765 ...
[2016-11-18 14:59:39,951] [INFO] [base._test_info] -> Current test: 297
[2016-11-18 14:59:39,951] [INFO] [server.transmit] -> request(281): 474554202f6170616368655f70622e6769660d0a486f73743a203132372e302e302e313a383038380d0a557365722d416765 ...
[2016-11-18 14:59:40,869] [INFO] [base._test_info] -> Current test: 298
[2016-11-18 14:59:40,871] [INFO] [server.transmit] -> request(281): 474554202f6170616368655f70622e6769660d0a486f73743a203132372e302e302e313a383038380d0a557365722d416765 ...
[2016-11-18 14:59:41,789] [INFO] [base._test_info] -> Current test: 299
[2016-11-18 14:59:41,790] [INFO] [server.transmit] -> request(281): 474554202f6170616368655f70622e6769660d0a486f73743a203132372e302e302e313a383038380d0a557365722d416765 ...
[2016-11-18 14:59:42,705] [INFO] [base._test_info] -> Current test: 300
[2016-11-18 14:59:42,706] [INFO] [server.transmit] -> request(281): 474554202f6170616368655f70622e6769660d0a486f73743a203132372e302e302e313a383038380d0a557365722d416765 ...
[2016-11-18 14:59:43,619] [INFO] [base._test_info] -> Current test: 301
[2016-11-18 14:59:43,620] [INFO] [server.transmit] -> request(272): 474554202f6170616368655f70622e6769660d0a486f73743a203132372e302e302e313a383038380d0a557365722d416765 ...
[2016-11-18 14:59:44,529] [INFO] [base._test_info] -> Current test: 302
[2016-11-18 14:59:44,530] [INFO] [server.transmit] -> request(272): 474554202f6170616368655f70622e6769660d0a486f73743a203132372e302e302e313a383038380d0a557365722d416765 ...
[2016-11-18 14:59:45,446] [INFO] [base._test_info] -> Current test: 303
[2016-11-18 14:59:45,448] [INFO] [server.transmit] -> request(280): 474554202f6170616368655f70622e6769660d0a486f73743a203132372e302e302e313a383038380d0a557365722d416765 ...
[2016-11-18 14:59:46,372] [INFO] [base._test_info] -> Current test: 304
[2016-11-18 14:59:46,374] [INFO] [server.transmit] -> request(279): 474554202f6170616368655f70622e6769660d0a486f73743a203132372e302e302e313a383038380d0a557365722d416765 ...
[2016-11-18 14:59:47,294] [INFO] [base._test_info] -> Current test: 305
[2016-11-18 14:59:47,298] [INFO] [server.transmit] -> request(278): 474554202f6170616368655f70622e6769660d0a486f73743a203132372e302e302e313a383038380d0a557365722d416765 ...
[2016-11-18 14:59:48,219] [INFO] [base._test_info] -> Current test: 306
[2016-11-18 14:59:48,223] [INFO] [server.transmit] -> request(277): 474554202f6170616368655f70622e6769660d0a486f73743a203132372e302e302e313a383038380d0a557365722d416765 ...
[2016-11-18 14:59:49,136] [INFO] [base._test_info] -> Current test: 307
[2016-11-18 14:59:49,137] [INFO] [server.transmit] -> request(276): 474554202f6170616368655f70622e6769660d0a486f73743a203132372e302e302e313a383038380d0a557365722d416765 ...
[2016-11-18 14:59:50,053] [INFO] [base._test_info] -> Current test: 308
[2016-11-18 14:59:50,055] [INFO] [server.transmit] -> request(275): 474554202f6170616368655f70622e6769660d0a486f73743a203132372e302e302e313a383038380d0a557365722d416765 ...
[2016-11-18 14:59:50,970] [INFO] [base._test_info] -> Current test: 309
[2016-11-18 14:59:50,971] [INFO] [server.transmit] -> request(274): 474554202f6170616368655f70622e6769660d0a486f73743a203132372e302e302e313a383038380d0a557365722d416765 ...
[2016-11-18 14:59:51,887] [INFO] [base._test_info] -> Current test: 310
[2016-11-18 14:59:51,887] [INFO] [server.transmit] -> request(274): 474554202f6170616368655f70622e6769660d0a486f73743a203132372e302e302e313a383038380d0a557365722d416765 ...
[2016-11-18 14:59:52,806] [INFO] [base._test_info] -> Current test: 311
[2016-11-18 14:59:52,807] [INFO] [server.transmit] -> request(273): 474554202f6170616368655f70622e6769660d0a486f73743a203132372e302e302e313a383038380d0a557365722d416765 ...
[2016-11-18 14:59:53,726] [INFO] [base._test_info] -> Current test: 312
[2016-11-18 14:59:53,728] [INFO] [server.transmit] -> request(272): 474554202f6170616368655f70622e6769660d0a486f73743a203132372e302e302e313a383038380d0a557365722d416765 ...
[2016-11-18 14:59:54,649] [INFO] [base._test_info] -> Current test: 313
[2016-11-18 14:59:54,652] [INFO] [server.transmit] -> request(271): 474554202f6170616368655f70622e6769660d0a486f73743a203132372e302e302e313a383038380d0a557365722d416765 ...
[2016-11-18 14:59:55,575] [INFO] [base._test_info] -> Current test: 314
[2016-11-18 14:59:55,578] [INFO] [server.transmit] -> request(280): 474554202f6170616368655f70622e6769660d0a486f73743a203132372e302e302e313a383038380d0a557365722d416765 ...
[2016-11-18 14:59:56,518] [INFO] [base._test_info] -> Current test: 315
[2016-11-18 14:59:56,520] [INFO] [server.transmit] -> request(280): 474554202f6170616368655f70622e6769660d0a486f73743a203132372e302e302e313a383038380d0a557365722d416765 ...
[2016-11-18 14:59:57,433] [INFO] [base._test_info] -> Current test: 316
[2016-11-18 14:59:57,434] [INFO] [server.transmit] -> request(280): 474554202f6170616368655f70622e6769660d0a486f73743a203132372e302e302e313a383038380d0a557365722d416765 ...
[2016-11-18 14:59:58,341] [INFO] [base._test_info] -> Current test: 317
[2016-11-18 14:59:58,342] [INFO] [server.transmit] -> request(280): 474554202f6170616368655f70622e6769660d0a486f73743a203132372e302e302e313a383038380d0a557365722d416765 ...
[2016-11-18 14:59:59,262] [INFO] [base._test_info] -> Current test: 318
[2016-11-18 14:59:59,264] [INFO] [server.transmit] -> request(271): 474554202f6170616368655f70622e6769660d0a486f73743a203132372e302e302e313a383038380d0a557365722d416765 ...
[2016-11-18 15:00:00,187] [INFO] [base._test_info] -> Current test: 319
[2016-11-18 15:00:00,189] [INFO] [server.transmit] -> request(280): 474554202f6170616368655f70622e6769660d0a486f73743a203132372e302e302e313a383038380d0a557365722d416765 ...
[2016-11-18 15:00:01,984] [INFO] [base._test_info] -> Current test: 320
[2016-11-18 15:00:01,985] [INFO] [server.transmit] -> request(280): 474554202f6170616368655f70622e6769660d0a486f73743a203132372e302e302e313a383038380d0a557365722d416765 ...
[2016-11-18 15:00:02,903] [INFO] [base._test_info] -> Current test: 321
[2016-11-18 15:00:02,905] [INFO] [server.transmit] -> request(280): 474554202f6170616368655f70622e6769660d0a486f73743a203132372e302e302e313a383038380d0a557365722d416765 ...
[2016-11-18 15:00:03,833] [INFO] [base._test_info] -> Current test: 322
[2016-11-18 15:00:03,836] [INFO] [server.transmit] -> request(280): 474554202f6170616368655f70622e6769660d0a486f73743a203132372e302e302e313a383038380d0a557365722d416765 ...
[2016-11-18 15:00:04,753] [INFO] [base._test_info] -> Current test: 323
[2016-11-18 15:00:04,753] [INFO] [server.transmit] -> request(280): 474554202f6170616368655f70622e6769660d0a486f73743a203132372e302e302e313a383038380d0a557365722d416765 ...
[2016-11-18 15:00:05,673] [INFO] [base._test_info] -> Current test: 324
[2016-11-18 15:00:05,676] [INFO] [server.transmit] -> request(280): 474554202f6170616368655f70622e6769660d0a486f73743a203132372e302e302e313a383038380d0a557365722d416765 ...
[2016-11-18 15:00:06,597] [INFO] [base._test_info] -> Current test: 325
[2016-11-18 15:00:06,601] [INFO] [server.transmit] -> request(280): 474554202f6170616368655f70622e6769660d0a486f73743a203132372e302e302e313a383038380d0a557365722d416765 ...
[2016-11-18 15:00:07,530] [INFO] [base._test_info] -> Current test: 326
[2016-11-18 15:00:07,532] [INFO] [server.transmit] -> request(271): 474554202f6170616368655f70622e6769660d0a486f73743a203132372e302e302e313a383038380d0a557365722d416765 ...
[2016-11-18 15:00:08,453] [INFO] [base._test_info] -> Current test: 327
[2016-11-18 15:00:08,455] [INFO] [server.transmit] -> request(280): 474554202f6170616368655f70622e6769660d0a486f73743a203132372e302e302e313a383038380d0a557365722d416765 ...
[2016-11-18 15:00:09,377] [INFO] [base._test_info] -> Current test: 328
[2016-11-18 15:00:09,379] [INFO] [server.transmit] -> request(280): 474554202f6170616368655f70622e6769660d0a486f73743a203132372e302e302e313a383038380d0a557365722d416765 ...
[2016-11-18 15:00:10,293] [INFO] [base._test_info] -> Current test: 329
[2016-11-18 15:00:10,293] [INFO] [server.transmit] -> request(280): 474554202f6170616368655f70622e6769660d0a486f73743a203132372e302e302e313a383038380d0a557365722d416765 ...
[2016-11-18 15:00:11,201] [INFO] [base._test_info] -> Current test: 330
[2016-11-18 15:00:11,201] [INFO] [server.transmit] -> request(280): 474554202f6170616368655f70622e6769660d0a486f73743a203132372e302e302e313a383038380d0a557365722d416765 ...
[2016-11-18 15:00:12,119] [INFO] [base._test_info] -> Current test: 331
[2016-11-18 15:00:12,121] [INFO] [server.transmit] -> request(280): 474554202f6170616368655f70622e6769660d0a486f73743a203132372e302e302e313a383038380d0a557365722d416765 ...
[2016-11-18 15:00:13,055] [INFO] [base._test_info] -> Current test: 332
[2016-11-18 15:00:13,057] [INFO] [server.transmit] -> request(280): 474554202f6170616368655f70622e6769660d0a486f73743a203132372e302e302e313a383038380d0a557365722d416765 ...
[2016-11-18 15:00:13,973] [INFO] [base._test_info] -> Current test: 333
[2016-11-18 15:00:13,973] [INFO] [server.transmit] -> request(280): 474554202f6170616368655f70622e6769660d0a486f73743a203132372e302e302e313a383038380d0a557365722d416765 ...
[2016-11-18 15:00:14,897] [INFO] [base._test_info] -> Current test: 334
[2016-11-18 15:00:14,901] [INFO] [server.transmit] -> request(272): 474554202f6170616368655f70622e6769660d0a486f73743a203132372e302e302e313a383038380d0a557365722d416765 ...
[2016-11-18 15:00:15,825] [INFO] [base._test_info] -> Current test: 335
[2016-11-18 15:00:15,827] [INFO] [server.transmit] -> request(272): 474554202f6170616368655f70622e6769660d0a486f73743a203132372e302e302e313a383038380d0a557365722d416765 ...
[2016-11-18 15:00:16,764] [INFO] [base._test_info] -> Current test: 336
[2016-11-18 15:00:16,768] [INFO] [server.transmit] -> request(272): 474554202f6170616368655f70622e6769660d0a486f73743a203132372e302e302e313a383038380d0a557365722d416765 ...
[2016-11-18 15:00:17,698] [INFO] [base._test_info] -> Current test: 337
[2016-11-18 15:00:17,701] [INFO] [server.transmit] -> request(272): 474554202f6170616368655f70622e6769660d0a486f73743a203132372e302e302e313a383038380d0a557365722d416765 ...
[2016-11-18 15:00:18,610] [INFO] [base._end_message] -> 
                         --------------------------------------------------
                         Finished fuzzing session
                         Target: TcpTarget

                         Tested 338 mutations
                         Mutation range: 0 to 337
                         Failure count: 0
                         --------------------------------------------------
            
